[0.567s] Invoking command in '/home/xingyi/ros2_orca_leap/ros2_orca_leap_ws/src/leap_node': CMAKE_PREFIX_PATH=/home/xingyi/ros2_orca_leap/ros2_orca_leap_ws/install/leap_msgs:/home/xingyi/ros2_orca_leap/ros2_orca_leap_ws/install/orcahand_description:/home/xingyi/ros2_orca_leap/ros2_orca_leap_ws/install/leap_to_orcahand PS1=(leapc) PYTHONPATH=/home/xingyi/ros2_orca_leap/ros2_orca_leap_ws/build/leap_node/prefix_override:/usr/lib/python3/dist-packages/colcon_core/task/python/colcon_distutils_commands:/home/xingyi/ros2_orca_leap/ros2_orca_leap_ws/install/leap_node/lib/python3.10/site-packages:/home/xingyi/ros2_orca_leap/ros2_orca_leap_ws/install/leap_msgs/lib/python3.10/site-packages:/home/xingyi/ros2_orca_leap/ros2_orca_leap_ws/install/orcahand_controller/lib/python3.10/site-packages:/home/xingyi/ros2_orca_leap/ros2_orca_leap_ws/install/orca_core/lib/python3.10/site-packages:/home/xingyi/ros2_orca_leap/ros2_orca_leap_ws/install/ohrc_leap/lib/python3.10/site-packages:/home/xingyi/ros2_orca_leap/ros2_orca_leap_ws/install/leap_node/lib/python3.10/site-packages:/opt/ros/humble/lib/python3.10/site-packages:/opt/ros/humble/local/lib/python3.10/dist-packages VIRTUAL_ENV_PROMPT=(leapc) /usr/bin/python3 -W ignore:setup.py install is deprecated -W ignore:easy_install command is deprecated setup.py egg_info --egg-base ../../build/leap_node build --build-base /home/xingyi/ros2_orca_leap/ros2_orca_leap_ws/build/leap_node/build install --record /home/xingyi/ros2_orca_leap/ros2_orca_leap_ws/build/leap_node/install.log --single-version-externally-managed install_data
[0.754s] running egg_info
[0.754s] writing ../../build/leap_node/leap_node.egg-info/PKG-INFO
[0.754s] writing dependency_links to ../../build/leap_node/leap_node.egg-info/dependency_links.txt
[0.754s] writing entry points to ../../build/leap_node/leap_node.egg-info/entry_points.txt
[0.754s] writing requirements to ../../build/leap_node/leap_node.egg-info/requires.txt
[0.754s] writing top-level names to ../../build/leap_node/leap_node.egg-info/top_level.txt
[0.755s] reading manifest file '../../build/leap_node/leap_node.egg-info/SOURCES.txt'
[0.756s] writing manifest file '../../build/leap_node/leap_node.egg-info/SOURCES.txt'
[0.756s] running build
[0.756s] running build_py
[0.756s] running install
[0.757s] running install_lib
[0.758s] running install_data
[0.758s] running install_egg_info
[0.759s] removing '/home/xingyi/ros2_orca_leap/ros2_orca_leap_ws/install/leap_node/lib/python3.10/site-packages/leap_node-0.0.0-py3.10.egg-info' (and everything under it)
[0.759s] Copying ../../build/leap_node/leap_node.egg-info to /home/xingyi/ros2_orca_leap/ros2_orca_leap_ws/install/leap_node/lib/python3.10/site-packages/leap_node-0.0.0-py3.10.egg-info
[0.760s] running install_scripts
[0.776s] Installing all_detector script to /home/xingyi/ros2_orca_leap/ros2_orca_leap_ws/install/leap_node/lib/leap_node
[0.776s] Installing finger_detector script to /home/xingyi/ros2_orca_leap/ros2_orca_leap_ws/install/leap_node/lib/leap_node
[0.776s] Installing gesture_detector script to /home/xingyi/ros2_orca_leap/ros2_orca_leap_ws/install/leap_node/lib/leap_node
[0.776s] Installing hands_publisher script to /home/xingyi/ros2_orca_leap/ros2_orca_leap_ws/install/leap_node/lib/leap_node
[0.776s] Installing position_detector script to /home/xingyi/ros2_orca_leap/ros2_orca_leap_ws/install/leap_node/lib/leap_node
[0.776s] Installing posture_detector script to /home/xingyi/ros2_orca_leap/ros2_orca_leap_ws/install/leap_node/lib/leap_node
[0.776s] Installing rviz_visualizer script to /home/xingyi/ros2_orca_leap/ros2_orca_leap_ws/install/leap_node/lib/leap_node
[0.776s] Installing test_rviz script to /home/xingyi/ros2_orca_leap/ros2_orca_leap_ws/install/leap_node/lib/leap_node
[0.776s] Installing visualizer script to /home/xingyi/ros2_orca_leap/ros2_orca_leap_ws/install/leap_node/lib/leap_node
[0.776s] writing list of installed files to '/home/xingyi/ros2_orca_leap/ros2_orca_leap_ws/build/leap_node/install.log'
[0.791s] Invoked command in '/home/xingyi/ros2_orca_leap/ros2_orca_leap_ws/src/leap_node' returned '0': CMAKE_PREFIX_PATH=/home/xingyi/ros2_orca_leap/ros2_orca_leap_ws/install/leap_msgs:/home/xingyi/ros2_orca_leap/ros2_orca_leap_ws/install/orcahand_description:/home/xingyi/ros2_orca_leap/ros2_orca_leap_ws/install/leap_to_orcahand PS1=(leapc) PYTHONPATH=/home/xingyi/ros2_orca_leap/ros2_orca_leap_ws/build/leap_node/prefix_override:/usr/lib/python3/dist-packages/colcon_core/task/python/colcon_distutils_commands:/home/xingyi/ros2_orca_leap/ros2_orca_leap_ws/install/leap_node/lib/python3.10/site-packages:/home/xingyi/ros2_orca_leap/ros2_orca_leap_ws/install/leap_msgs/lib/python3.10/site-packages:/home/xingyi/ros2_orca_leap/ros2_orca_leap_ws/install/orcahand_controller/lib/python3.10/site-packages:/home/xingyi/ros2_orca_leap/ros2_orca_leap_ws/install/orca_core/lib/python3.10/site-packages:/home/xingyi/ros2_orca_leap/ros2_orca_leap_ws/install/ohrc_leap/lib/python3.10/site-packages:/home/xingyi/ros2_orca_leap/ros2_orca_leap_ws/install/leap_node/lib/python3.10/site-packages:/opt/ros/humble/lib/python3.10/site-packages:/opt/ros/humble/local/lib/python3.10/dist-packages VIRTUAL_ENV_PROMPT=(leapc) /usr/bin/python3 -W ignore:setup.py install is deprecated -W ignore:easy_install command is deprecated setup.py egg_info --egg-base ../../build/leap_node build --build-base /home/xingyi/ros2_orca_leap/ros2_orca_leap_ws/build/leap_node/build install --record /home/xingyi/ros2_orca_leap/ros2_orca_leap_ws/build/leap_node/install.log --single-version-externally-managed install_data
