[1.059s] Invoking command in '/home/xingyi/ros2_orca_leap/ros2_orca_leap_ws/src/orca_core': PS1=(leapc) PYTHONPATH=/home/xingyi/ros2_orca_leap/ros2_orca_leap_ws/build/orca_core/prefix_override:/usr/lib/python3/dist-packages/colcon_core/task/python/colcon_distutils_commands:/home/xingyi/ros2_orca_leap/ros2_orca_leap_ws/install/orca_core/lib/python3.10/site-packages:${PYTHONPATH} VIRTUAL_ENV_PROMPT=(leapc) /usr/bin/python3 -W ignore:setup.py install is deprecated -W ignore:easy_install command is deprecated setup.py egg_info --egg-base ../../build/orca_core build --build-base /home/xingyi/ros2_orca_leap/ros2_orca_leap_ws/build/orca_core/build install --record /home/xingyi/ros2_orca_leap/ros2_orca_leap_ws/build/orca_core/install.log --single-version-externally-managed install_data
[1.302s] running egg_info
[1.303s] writing ../../build/orca_core/orca_core.egg-info/PKG-INFO
[1.303s] writing dependency_links to ../../build/orca_core/orca_core.egg-info/dependency_links.txt
[1.303s] writing entry points to ../../build/orca_core/orca_core.egg-info/entry_points.txt
[1.303s] writing requirements to ../../build/orca_core/orca_core.egg-info/requires.txt
[1.303s] writing top-level names to ../../build/orca_core/orca_core.egg-info/top_level.txt
[1.306s] reading manifest file '../../build/orca_core/orca_core.egg-info/SOURCES.txt'
[1.306s] reading manifest template 'MANIFEST.in'
[1.306s] adding license file 'LICENSE'
[1.307s] writing manifest file '../../build/orca_core/orca_core.egg-info/SOURCES.txt'
[1.307s] running build
[1.308s] running build_py
[1.308s] running install
[1.309s] running install_lib
[1.310s] running install_data
[1.310s] running install_egg_info
[1.312s] removing '/home/xingyi/ros2_orca_leap/ros2_orca_leap_ws/install/orca_core/lib/python3.10/site-packages/orca_core-0.0.0-py3.10.egg-info' (and everything under it)
[1.312s] Copying ../../build/orca_core/orca_core.egg-info to /home/xingyi/ros2_orca_leap/ros2_orca_leap_ws/install/orca_core/lib/python3.10/site-packages/orca_core-0.0.0-py3.10.egg-info
[1.313s] running install_scripts
[1.334s] writing list of installed files to '/home/xingyi/ros2_orca_leap/ros2_orca_leap_ws/build/orca_core/install.log'
[1.357s] Invoked command in '/home/xingyi/ros2_orca_leap/ros2_orca_leap_ws/src/orca_core' returned '0': PS1=(leapc) PYTHONPATH=/home/xingyi/ros2_orca_leap/ros2_orca_leap_ws/build/orca_core/prefix_override:/usr/lib/python3/dist-packages/colcon_core/task/python/colcon_distutils_commands:/home/xingyi/ros2_orca_leap/ros2_orca_leap_ws/install/orca_core/lib/python3.10/site-packages:${PYTHONPATH} VIRTUAL_ENV_PROMPT=(leapc) /usr/bin/python3 -W ignore:setup.py install is deprecated -W ignore:easy_install command is deprecated setup.py egg_info --egg-base ../../build/orca_core build --build-base /home/xingyi/ros2_orca_leap/ros2_orca_leap_ws/build/orca_core/build install --record /home/xingyi/ros2_orca_leap/ros2_orca_leap_ws/build/orca_core/install.log --single-version-externally-managed install_data
