[0.028s] Invoking command in '/home/xingyi/ros2_orca_leap/ros2_orca_leap_ws/build/leap_msgs': CMAKE_PREFIX_PATH=${CMAKE_PREFIX_PATH}:/home/xingyi/ros2_orca_leap/ros2_orca_leap_ws/install/orcahand_controller:/home/xingyi/ros2_orca_leap/ros2_orca_leap_ws/install/orca_core:/home/xingyi/ros2_orca_leap/ros2_orca_leap_ws/install/ohrc_leap:/home/xingyi/ros2_orca_leap/ros2_orca_leap_ws/install/leap_node:/opt/ros/humble PS1=(leapc) VIRTUAL_ENV_PROMPT=(leapc) /usr/bin/cmake --build /home/xingyi/ros2_orca_leap/ros2_orca_leap_ws/build/leap_msgs -- -j32 -l32
[0.719s] [  1%] Built target leap_msgs__cpp
[0.719s] [ 12%] Built target leap_msgs__rosidl_generator_c
[0.719s] [ 12%] Built target ament_cmake_python_copy_leap_msgs
[0.719s] [ 23%] Built target leap_msgs__rosidl_typesupport_cpp
[0.719s] [ 34%] Built target leap_msgs__rosidl_typesupport_fastrtps_cpp
[0.720s] [ 46%] Built target leap_msgs__rosidl_typesupport_introspection_cpp
[0.720s] [ 66%] Built target leap_msgs__rosidl_typesupport_introspection_c
[0.720s] [ 68%] Built target leap_msgs__rosidl_typesupport_fastrtps_c
[0.720s] [ 79%] Built target leap_msgs__rosidl_typesupport_c
[0.720s] [ 79%] Built target leap_msgs
[0.720s] [ 80%] Built target leap_msgs__py
[0.720s] [ 90%] Built target leap_msgs__rosidl_generator_py
[0.720s] [ 95%] Built target leap_msgs__rosidl_typesupport_introspection_c__pyext
[0.720s] [ 96%] Built target leap_msgs__rosidl_typesupport_c__pyext
[0.720s] [100%] Built target leap_msgs__rosidl_typesupport_fastrtps_c__pyext
[0.720s] running egg_info
[0.720s] writing leap_msgs.egg-info/PKG-INFO
[0.721s] writing dependency_links to leap_msgs.egg-info/dependency_links.txt
[0.721s] writing top-level names to leap_msgs.egg-info/top_level.txt
[0.721s] reading manifest file 'leap_msgs.egg-info/SOURCES.txt'
[0.721s] writing manifest file 'leap_msgs.egg-info/SOURCES.txt'
[0.721s] [100%] Built target ament_cmake_python_build_leap_msgs_egg
[0.724s] Invoked command in '/home/xingyi/ros2_orca_leap/ros2_orca_leap_ws/build/leap_msgs' returned '0': CMAKE_PREFIX_PATH=${CMAKE_PREFIX_PATH}:/home/xingyi/ros2_orca_leap/ros2_orca_leap_ws/install/orcahand_controller:/home/xingyi/ros2_orca_leap/ros2_orca_leap_ws/install/orca_core:/home/xingyi/ros2_orca_leap/ros2_orca_leap_ws/install/ohrc_leap:/home/xingyi/ros2_orca_leap/ros2_orca_leap_ws/install/leap_node:/opt/ros/humble PS1=(leapc) VIRTUAL_ENV_PROMPT=(leapc) /usr/bin/cmake --build /home/xingyi/ros2_orca_leap/ros2_orca_leap_ws/build/leap_msgs -- -j32 -l32
[0.732s] Invoking command in '/home/xingyi/ros2_orca_leap/ros2_orca_leap_ws/build/leap_msgs': CMAKE_PREFIX_PATH=${CMAKE_PREFIX_PATH}:/home/xingyi/ros2_orca_leap/ros2_orca_leap_ws/install/orcahand_controller:/home/xingyi/ros2_orca_leap/ros2_orca_leap_ws/install/orca_core:/home/xingyi/ros2_orca_leap/ros2_orca_leap_ws/install/ohrc_leap:/home/xingyi/ros2_orca_leap/ros2_orca_leap_ws/install/leap_node:/opt/ros/humble PS1=(leapc) VIRTUAL_ENV_PROMPT=(leapc) /usr/bin/cmake --install /home/xingyi/ros2_orca_leap/ros2_orca_leap_ws/build/leap_msgs
[0.740s] -- Install configuration: ""
[0.740s] -- Up-to-date: /home/xingyi/ros2_orca_leap/ros2_orca_leap_ws/install/leap_msgs/share/ament_index/resource_index/rosidl_interfaces/leap_msgs
[0.742s] -- Up-to-date: /home/xingyi/ros2_orca_leap/ros2_orca_leap_ws/install/leap_msgs/include/leap_msgs/leap_msgs
[0.743s] -- Up-to-date: /home/xingyi/ros2_orca_leap/ros2_orca_leap_ws/install/leap_msgs/include/leap_msgs/leap_msgs/msg
[0.743s] -- Up-to-date: /home/xingyi/ros2_orca_leap/ros2_orca_leap_ws/install/leap_msgs/include/leap_msgs/leap_msgs/msg/hand.h
[0.744s] -- Up-to-date: /home/xingyi/ros2_orca_leap/ros2_orca_leap_ws/install/leap_msgs/include/leap_msgs/leap_msgs/msg/bone.h
[0.744s] -- Up-to-date: /home/xingyi/ros2_orca_leap/ros2_orca_leap_ws/install/leap_msgs/include/leap_msgs/leap_msgs/msg/rosidl_generator_c__visibility_control.h
[0.744s] -- Up-to-date: /home/xingyi/ros2_orca_leap/ros2_orca_leap_ws/install/leap_msgs/include/leap_msgs/leap_msgs/msg/detail
[0.744s] -- Up-to-date: /home/xingyi/ros2_orca_leap/ros2_orca_leap_ws/install/leap_msgs/include/leap_msgs/leap_msgs/msg/detail/bone__type_support.h
[0.744s] -- Up-to-date: /home/xingyi/ros2_orca_leap/ros2_orca_leap_ws/install/leap_msgs/include/leap_msgs/leap_msgs/msg/detail/arm__functions.h
[0.744s] -- Up-to-date: /home/xingyi/ros2_orca_leap/ros2_orca_leap_ws/install/leap_msgs/include/leap_msgs/leap_msgs/msg/detail/finger__type_support.h
[0.744s] -- Up-to-date: /home/xingyi/ros2_orca_leap/ros2_orca_leap_ws/install/leap_msgs/include/leap_msgs/leap_msgs/msg/detail/hands__functions.c
[0.745s] -- Up-to-date: /home/xingyi/ros2_orca_leap/ros2_orca_leap_ws/install/leap_msgs/include/leap_msgs/leap_msgs/msg/detail/bone__struct.h
[0.745s] -- Up-to-date: /home/xingyi/ros2_orca_leap/ros2_orca_leap_ws/install/leap_msgs/include/leap_msgs/leap_msgs/msg/detail/finger__functions.c
[0.745s] -- Up-to-date: /home/xingyi/ros2_orca_leap/ros2_orca_leap_ws/install/leap_msgs/include/leap_msgs/leap_msgs/msg/detail/hand__functions.c
[0.745s] -- Up-to-date: /home/xingyi/ros2_orca_leap/ros2_orca_leap_ws/install/leap_msgs/include/leap_msgs/leap_msgs/msg/detail/arm__struct.h
[0.746s] -- Up-to-date: /home/xingyi/ros2_orca_leap/ros2_orca_leap_ws/install/leap_msgs/include/leap_msgs/leap_msgs/msg/detail/finger__functions.h
[0.746s] -- Up-to-date: /home/xingyi/ros2_orca_leap/ros2_orca_leap_ws/install/leap_msgs/include/leap_msgs/leap_msgs/msg/detail/arm__type_support.h
[0.746s] -- Up-to-date: /home/xingyi/ros2_orca_leap/ros2_orca_leap_ws/install/leap_msgs/include/leap_msgs/leap_msgs/msg/detail/arm__functions.c
[0.746s] -- Up-to-date: /home/xingyi/ros2_orca_leap/ros2_orca_leap_ws/install/leap_msgs/include/leap_msgs/leap_msgs/msg/detail/hand__struct.h
[0.746s] -- Up-to-date: /home/xingyi/ros2_orca_leap/ros2_orca_leap_ws/install/leap_msgs/include/leap_msgs/leap_msgs/msg/detail/hand__functions.h
[0.746s] -- Up-to-date: /home/xingyi/ros2_orca_leap/ros2_orca_leap_ws/install/leap_msgs/include/leap_msgs/leap_msgs/msg/detail/hands__functions.h
[0.746s] -- Up-to-date: /home/xingyi/ros2_orca_leap/ros2_orca_leap_ws/install/leap_msgs/include/leap_msgs/leap_msgs/msg/detail/bone__functions.h
[0.746s] -- Up-to-date: /home/xingyi/ros2_orca_leap/ros2_orca_leap_ws/install/leap_msgs/include/leap_msgs/leap_msgs/msg/detail/bone__functions.c
[0.747s] -- Up-to-date: /home/xingyi/ros2_orca_leap/ros2_orca_leap_ws/install/leap_msgs/include/leap_msgs/leap_msgs/msg/detail/finger__struct.h
[0.747s] -- Up-to-date: /home/xingyi/ros2_orca_leap/ros2_orca_leap_ws/install/leap_msgs/include/leap_msgs/leap_msgs/msg/detail/hand__type_support.h
[0.747s] -- Up-to-date: /home/xingyi/ros2_orca_leap/ros2_orca_leap_ws/install/leap_msgs/include/leap_msgs/leap_msgs/msg/detail/hands__type_support.h
[0.747s] -- Up-to-date: /home/xingyi/ros2_orca_leap/ros2_orca_leap_ws/install/leap_msgs/include/leap_msgs/leap_msgs/msg/detail/hands__struct.h
[0.747s] -- Up-to-date: /home/xingyi/ros2_orca_leap/ros2_orca_leap_ws/install/leap_msgs/include/leap_msgs/leap_msgs/msg/finger.h
[0.747s] -- Up-to-date: /home/xingyi/ros2_orca_leap/ros2_orca_leap_ws/install/leap_msgs/include/leap_msgs/leap_msgs/msg/hands.h
[0.747s] -- Up-to-date: /home/xingyi/ros2_orca_leap/ros2_orca_leap_ws/install/leap_msgs/include/leap_msgs/leap_msgs/msg/arm.h
[0.747s] -- Up-to-date: /home/xingyi/ros2_orca_leap/ros2_orca_leap_ws/install/leap_msgs/share/leap_msgs/environment/library_path.sh
[0.747s] -- Up-to-date: /home/xingyi/ros2_orca_leap/ros2_orca_leap_ws/install/leap_msgs/share/leap_msgs/environment/library_path.dsv
[0.747s] -- Up-to-date: /home/xingyi/ros2_orca_leap/ros2_orca_leap_ws/install/leap_msgs/lib/libleap_msgs__rosidl_generator_c.so
[0.747s] -- Up-to-date: /home/xingyi/ros2_orca_leap/ros2_orca_leap_ws/install/leap_msgs/include/leap_msgs/leap_msgs
[0.748s] -- Up-to-date: /home/xingyi/ros2_orca_leap/ros2_orca_leap_ws/install/leap_msgs/include/leap_msgs/leap_msgs/msg
[0.748s] -- Up-to-date: /home/xingyi/ros2_orca_leap/ros2_orca_leap_ws/install/leap_msgs/include/leap_msgs/leap_msgs/msg/rosidl_typesupport_fastrtps_c__visibility_control.h
[0.748s] -- Up-to-date: /home/xingyi/ros2_orca_leap/ros2_orca_leap_ws/install/leap_msgs/include/leap_msgs/leap_msgs/msg/detail
[0.748s] -- Up-to-date: /home/xingyi/ros2_orca_leap/ros2_orca_leap_ws/install/leap_msgs/include/leap_msgs/leap_msgs/msg/detail/hands__rosidl_typesupport_fastrtps_c.h
[0.748s] -- Up-to-date: /home/xingyi/ros2_orca_leap/ros2_orca_leap_ws/install/leap_msgs/include/leap_msgs/leap_msgs/msg/detail/finger__rosidl_typesupport_fastrtps_c.h
[0.748s] -- Up-to-date: /home/xingyi/ros2_orca_leap/ros2_orca_leap_ws/install/leap_msgs/include/leap_msgs/leap_msgs/msg/detail/arm__rosidl_typesupport_fastrtps_c.h
[0.748s] -- Up-to-date: /home/xingyi/ros2_orca_leap/ros2_orca_leap_ws/install/leap_msgs/include/leap_msgs/leap_msgs/msg/detail/hand__rosidl_typesupport_fastrtps_c.h
[0.748s] -- Up-to-date: /home/xingyi/ros2_orca_leap/ros2_orca_leap_ws/install/leap_msgs/include/leap_msgs/leap_msgs/msg/detail/bone__rosidl_typesupport_fastrtps_c.h
[0.748s] -- Up-to-date: /home/xingyi/ros2_orca_leap/ros2_orca_leap_ws/install/leap_msgs/lib/libleap_msgs__rosidl_typesupport_fastrtps_c.so
[0.748s] -- Up-to-date: /home/xingyi/ros2_orca_leap/ros2_orca_leap_ws/install/leap_msgs/include/leap_msgs/leap_msgs
[0.749s] -- Up-to-date: /home/xingyi/ros2_orca_leap/ros2_orca_leap_ws/install/leap_msgs/include/leap_msgs/leap_msgs/msg
[0.749s] -- Up-to-date: /home/xingyi/ros2_orca_leap/ros2_orca_leap_ws/install/leap_msgs/include/leap_msgs/leap_msgs/msg/rosidl_typesupport_introspection_c__visibility_control.h
[0.749s] -- Up-to-date: /home/xingyi/ros2_orca_leap/ros2_orca_leap_ws/install/leap_msgs/include/leap_msgs/leap_msgs/msg/detail
[0.749s] -- Up-to-date: /home/xingyi/ros2_orca_leap/ros2_orca_leap_ws/install/leap_msgs/include/leap_msgs/leap_msgs/msg/detail/finger__rosidl_typesupport_introspection_c.h
[0.749s] -- Up-to-date: /home/xingyi/ros2_orca_leap/ros2_orca_leap_ws/install/leap_msgs/include/leap_msgs/leap_msgs/msg/detail/bone__rosidl_typesupport_introspection_c.h
[0.749s] -- Up-to-date: /home/xingyi/ros2_orca_leap/ros2_orca_leap_ws/install/leap_msgs/include/leap_msgs/leap_msgs/msg/detail/hand__rosidl_typesupport_introspection_c.h
[0.749s] -- Up-to-date: /home/xingyi/ros2_orca_leap/ros2_orca_leap_ws/install/leap_msgs/include/leap_msgs/leap_msgs/msg/detail/hands__type_support.c
[0.749s] -- Up-to-date: /home/xingyi/ros2_orca_leap/ros2_orca_leap_ws/install/leap_msgs/include/leap_msgs/leap_msgs/msg/detail/bone__type_support.c
[0.750s] -- Up-to-date: /home/xingyi/ros2_orca_leap/ros2_orca_leap_ws/install/leap_msgs/include/leap_msgs/leap_msgs/msg/detail/hand__type_support.c
[0.750s] -- Up-to-date: /home/xingyi/ros2_orca_leap/ros2_orca_leap_ws/install/leap_msgs/include/leap_msgs/leap_msgs/msg/detail/hands__rosidl_typesupport_introspection_c.h
[0.750s] -- Up-to-date: /home/xingyi/ros2_orca_leap/ros2_orca_leap_ws/install/leap_msgs/include/leap_msgs/leap_msgs/msg/detail/arm__type_support.c
[0.750s] -- Up-to-date: /home/xingyi/ros2_orca_leap/ros2_orca_leap_ws/install/leap_msgs/include/leap_msgs/leap_msgs/msg/detail/finger__type_support.c
[0.750s] -- Up-to-date: /home/xingyi/ros2_orca_leap/ros2_orca_leap_ws/install/leap_msgs/include/leap_msgs/leap_msgs/msg/detail/arm__rosidl_typesupport_introspection_c.h
[0.750s] -- Up-to-date: /home/xingyi/ros2_orca_leap/ros2_orca_leap_ws/install/leap_msgs/lib/libleap_msgs__rosidl_typesupport_introspection_c.so
[0.750s] -- Up-to-date: /home/xingyi/ros2_orca_leap/ros2_orca_leap_ws/install/leap_msgs/lib/libleap_msgs__rosidl_typesupport_c.so
[0.750s] -- Up-to-date: /home/xingyi/ros2_orca_leap/ros2_orca_leap_ws/install/leap_msgs/include/leap_msgs/leap_msgs
[0.750s] -- Up-to-date: /home/xingyi/ros2_orca_leap/ros2_orca_leap_ws/install/leap_msgs/include/leap_msgs/leap_msgs/msg
[0.751s] -- Up-to-date: /home/xingyi/ros2_orca_leap/ros2_orca_leap_ws/install/leap_msgs/include/leap_msgs/leap_msgs/msg/hand.hpp
[0.751s] -- Up-to-date: /home/xingyi/ros2_orca_leap/ros2_orca_leap_ws/install/leap_msgs/include/leap_msgs/leap_msgs/msg/hands.hpp
[0.751s] -- Up-to-date: /home/xingyi/ros2_orca_leap/ros2_orca_leap_ws/install/leap_msgs/include/leap_msgs/leap_msgs/msg/rosidl_generator_cpp__visibility_control.hpp
[0.752s] -- Up-to-date: /home/xingyi/ros2_orca_leap/ros2_orca_leap_ws/install/leap_msgs/include/leap_msgs/leap_msgs/msg/detail
[0.752s] -- Up-to-date: /home/xingyi/ros2_orca_leap/ros2_orca_leap_ws/install/leap_msgs/include/leap_msgs/leap_msgs/msg/detail/arm__builder.hpp
[0.752s] -- Up-to-date: /home/xingyi/ros2_orca_leap/ros2_orca_leap_ws/install/leap_msgs/include/leap_msgs/leap_msgs/msg/detail/finger__struct.hpp
[0.752s] -- Up-to-date: /home/xingyi/ros2_orca_leap/ros2_orca_leap_ws/install/leap_msgs/include/leap_msgs/leap_msgs/msg/detail/hand__type_support.hpp
[0.752s] -- Up-to-date: /home/xingyi/ros2_orca_leap/ros2_orca_leap_ws/install/leap_msgs/include/leap_msgs/leap_msgs/msg/detail/hands__type_support.hpp
[0.752s] -- Up-to-date: /home/xingyi/ros2_orca_leap/ros2_orca_leap_ws/install/leap_msgs/include/leap_msgs/leap_msgs/msg/detail/hands__builder.hpp
[0.752s] -- Up-to-date: /home/xingyi/ros2_orca_leap/ros2_orca_leap_ws/install/leap_msgs/include/leap_msgs/leap_msgs/msg/detail/hands__struct.hpp
[0.752s] -- Up-to-date: /home/xingyi/ros2_orca_leap/ros2_orca_leap_ws/install/leap_msgs/include/leap_msgs/leap_msgs/msg/detail/finger__builder.hpp
[0.753s] -- Up-to-date: /home/xingyi/ros2_orca_leap/ros2_orca_leap_ws/install/leap_msgs/include/leap_msgs/leap_msgs/msg/detail/bone__traits.hpp
[0.753s] -- Up-to-date: /home/xingyi/ros2_orca_leap/ros2_orca_leap_ws/install/leap_msgs/include/leap_msgs/leap_msgs/msg/detail/hands__traits.hpp
[0.753s] -- Up-to-date: /home/xingyi/ros2_orca_leap/ros2_orca_leap_ws/install/leap_msgs/include/leap_msgs/leap_msgs/msg/detail/finger__traits.hpp
[0.753s] -- Up-to-date: /home/xingyi/ros2_orca_leap/ros2_orca_leap_ws/install/leap_msgs/include/leap_msgs/leap_msgs/msg/detail/bone__type_support.hpp
[0.753s] -- Up-to-date: /home/xingyi/ros2_orca_leap/ros2_orca_leap_ws/install/leap_msgs/include/leap_msgs/leap_msgs/msg/detail/finger__type_support.hpp
[0.753s] -- Up-to-date: /home/xingyi/ros2_orca_leap/ros2_orca_leap_ws/install/leap_msgs/include/leap_msgs/leap_msgs/msg/detail/bone__builder.hpp
[0.753s] -- Up-to-date: /home/xingyi/ros2_orca_leap/ros2_orca_leap_ws/install/leap_msgs/include/leap_msgs/leap_msgs/msg/detail/arm__traits.hpp
[0.753s] -- Up-to-date: /home/xingyi/ros2_orca_leap/ros2_orca_leap_ws/install/leap_msgs/include/leap_msgs/leap_msgs/msg/detail/hand__traits.hpp
[0.754s] -- Up-to-date: /home/xingyi/ros2_orca_leap/ros2_orca_leap_ws/install/leap_msgs/include/leap_msgs/leap_msgs/msg/detail/hand__builder.hpp
[0.754s] -- Up-to-date: /home/xingyi/ros2_orca_leap/ros2_orca_leap_ws/install/leap_msgs/include/leap_msgs/leap_msgs/msg/detail/arm__type_support.hpp
[0.754s] -- Up-to-date: /home/xingyi/ros2_orca_leap/ros2_orca_leap_ws/install/leap_msgs/include/leap_msgs/leap_msgs/msg/detail/hand__struct.hpp
[0.754s] -- Up-to-date: /home/xingyi/ros2_orca_leap/ros2_orca_leap_ws/install/leap_msgs/include/leap_msgs/leap_msgs/msg/detail/bone__struct.hpp
[0.754s] -- Up-to-date: /home/xingyi/ros2_orca_leap/ros2_orca_leap_ws/install/leap_msgs/include/leap_msgs/leap_msgs/msg/detail/arm__struct.hpp
[0.754s] -- Up-to-date: /home/xingyi/ros2_orca_leap/ros2_orca_leap_ws/install/leap_msgs/include/leap_msgs/leap_msgs/msg/finger.hpp
[0.754s] -- Up-to-date: /home/xingyi/ros2_orca_leap/ros2_orca_leap_ws/install/leap_msgs/include/leap_msgs/leap_msgs/msg/arm.hpp
[0.754s] -- Up-to-date: /home/xingyi/ros2_orca_leap/ros2_orca_leap_ws/install/leap_msgs/include/leap_msgs/leap_msgs/msg/bone.hpp
[0.754s] -- Up-to-date: /home/xingyi/ros2_orca_leap/ros2_orca_leap_ws/install/leap_msgs/include/leap_msgs/leap_msgs
[0.755s] -- Up-to-date: /home/xingyi/ros2_orca_leap/ros2_orca_leap_ws/install/leap_msgs/include/leap_msgs/leap_msgs/msg
[0.755s] -- Up-to-date: /home/xingyi/ros2_orca_leap/ros2_orca_leap_ws/install/leap_msgs/include/leap_msgs/leap_msgs/msg/rosidl_typesupport_fastrtps_cpp__visibility_control.h
[0.755s] -- Up-to-date: /home/xingyi/ros2_orca_leap/ros2_orca_leap_ws/install/leap_msgs/include/leap_msgs/leap_msgs/msg/detail
[0.756s] -- Up-to-date: /home/xingyi/ros2_orca_leap/ros2_orca_leap_ws/install/leap_msgs/include/leap_msgs/leap_msgs/msg/detail/dds_fastrtps
[0.756s] -- Up-to-date: /home/xingyi/ros2_orca_leap/ros2_orca_leap_ws/install/leap_msgs/include/leap_msgs/leap_msgs/msg/detail/hand__rosidl_typesupport_fastrtps_cpp.hpp
[0.756s] -- Up-to-date: /home/xingyi/ros2_orca_leap/ros2_orca_leap_ws/install/leap_msgs/include/leap_msgs/leap_msgs/msg/detail/bone__rosidl_typesupport_fastrtps_cpp.hpp
[0.756s] -- Up-to-date: /home/xingyi/ros2_orca_leap/ros2_orca_leap_ws/install/leap_msgs/include/leap_msgs/leap_msgs/msg/detail/finger__rosidl_typesupport_fastrtps_cpp.hpp
[0.757s] -- Up-to-date: /home/xingyi/ros2_orca_leap/ros2_orca_leap_ws/install/leap_msgs/include/leap_msgs/leap_msgs/msg/detail/hands__rosidl_typesupport_fastrtps_cpp.hpp
[0.757s] -- Up-to-date: /home/xingyi/ros2_orca_leap/ros2_orca_leap_ws/install/leap_msgs/include/leap_msgs/leap_msgs/msg/detail/arm__rosidl_typesupport_fastrtps_cpp.hpp
[0.757s] -- Up-to-date: /home/xingyi/ros2_orca_leap/ros2_orca_leap_ws/install/leap_msgs/lib/libleap_msgs__rosidl_typesupport_fastrtps_cpp.so
[0.757s] -- Up-to-date: /home/xingyi/ros2_orca_leap/ros2_orca_leap_ws/install/leap_msgs/include/leap_msgs/leap_msgs
[0.758s] -- Up-to-date: /home/xingyi/ros2_orca_leap/ros2_orca_leap_ws/install/leap_msgs/include/leap_msgs/leap_msgs/msg
[0.758s] -- Up-to-date: /home/xingyi/ros2_orca_leap/ros2_orca_leap_ws/install/leap_msgs/include/leap_msgs/leap_msgs/msg/detail
[0.758s] -- Up-to-date: /home/xingyi/ros2_orca_leap/ros2_orca_leap_ws/install/leap_msgs/include/leap_msgs/leap_msgs/msg/detail/bone__rosidl_typesupport_introspection_cpp.hpp
[0.758s] -- Up-to-date: /home/xingyi/ros2_orca_leap/ros2_orca_leap_ws/install/leap_msgs/include/leap_msgs/leap_msgs/msg/detail/finger__rosidl_typesupport_introspection_cpp.hpp
[0.758s] -- Up-to-date: /home/xingyi/ros2_orca_leap/ros2_orca_leap_ws/install/leap_msgs/include/leap_msgs/leap_msgs/msg/detail/finger__type_support.cpp
[0.758s] -- Up-to-date: /home/xingyi/ros2_orca_leap/ros2_orca_leap_ws/install/leap_msgs/include/leap_msgs/leap_msgs/msg/detail/bone__type_support.cpp
[0.759s] -- Up-to-date: /home/xingyi/ros2_orca_leap/ros2_orca_leap_ws/install/leap_msgs/include/leap_msgs/leap_msgs/msg/detail/hand__rosidl_typesupport_introspection_cpp.hpp
[0.759s] -- Up-to-date: /home/xingyi/ros2_orca_leap/ros2_orca_leap_ws/install/leap_msgs/include/leap_msgs/leap_msgs/msg/detail/hands__type_support.cpp
[0.759s] -- Up-to-date: /home/xingyi/ros2_orca_leap/ros2_orca_leap_ws/install/leap_msgs/include/leap_msgs/leap_msgs/msg/detail/arm__rosidl_typesupport_introspection_cpp.hpp
[0.759s] -- Up-to-date: /home/xingyi/ros2_orca_leap/ros2_orca_leap_ws/install/leap_msgs/include/leap_msgs/leap_msgs/msg/detail/arm__type_support.cpp
[0.759s] -- Up-to-date: /home/xingyi/ros2_orca_leap/ros2_orca_leap_ws/install/leap_msgs/include/leap_msgs/leap_msgs/msg/detail/hands__rosidl_typesupport_introspection_cpp.hpp
[0.759s] -- Up-to-date: /home/xingyi/ros2_orca_leap/ros2_orca_leap_ws/install/leap_msgs/include/leap_msgs/leap_msgs/msg/detail/hand__type_support.cpp
[0.759s] -- Up-to-date: /home/xingyi/ros2_orca_leap/ros2_orca_leap_ws/install/leap_msgs/lib/libleap_msgs__rosidl_typesupport_introspection_cpp.so
[0.759s] -- Up-to-date: /home/xingyi/ros2_orca_leap/ros2_orca_leap_ws/install/leap_msgs/lib/libleap_msgs__rosidl_typesupport_cpp.so
[0.759s] -- Up-to-date: /home/xingyi/ros2_orca_leap/ros2_orca_leap_ws/install/leap_msgs/share/leap_msgs/environment/pythonpath.sh
[0.759s] -- Up-to-date: /home/xingyi/ros2_orca_leap/ros2_orca_leap_ws/install/leap_msgs/share/leap_msgs/environment/pythonpath.dsv
[0.759s] -- Up-to-date: /home/xingyi/ros2_orca_leap/ros2_orca_leap_ws/install/leap_msgs/lib/python3.10/site-packages/leap_msgs-0.1.0-py3.10.egg-info
[0.759s] -- Installing: /home/xingyi/ros2_orca_leap/ros2_orca_leap_ws/install/leap_msgs/lib/python3.10/site-packages/leap_msgs-0.1.0-py3.10.egg-info/dependency_links.txt
[0.759s] -- Installing: /home/xingyi/ros2_orca_leap/ros2_orca_leap_ws/install/leap_msgs/lib/python3.10/site-packages/leap_msgs-0.1.0-py3.10.egg-info/top_level.txt
[0.760s] -- Installing: /home/xingyi/ros2_orca_leap/ros2_orca_leap_ws/install/leap_msgs/lib/python3.10/site-packages/leap_msgs-0.1.0-py3.10.egg-info/SOURCES.txt
[0.760s] -- Installing: /home/xingyi/ros2_orca_leap/ros2_orca_leap_ws/install/leap_msgs/lib/python3.10/site-packages/leap_msgs-0.1.0-py3.10.egg-info/PKG-INFO
[0.760s] -- Up-to-date: /home/xingyi/ros2_orca_leap/ros2_orca_leap_ws/install/leap_msgs/lib/python3.10/site-packages/leap_msgs
[0.761s] -- Up-to-date: /home/xingyi/ros2_orca_leap/ros2_orca_leap_ws/install/leap_msgs/lib/python3.10/site-packages/leap_msgs/leap_msgs_s__rosidl_typesupport_fastrtps_c.cpython-310-x86_64-linux-gnu.so
[0.761s] -- Up-to-date: /home/xingyi/ros2_orca_leap/ros2_orca_leap_ws/install/leap_msgs/lib/python3.10/site-packages/leap_msgs/leap_msgs_s__rosidl_typesupport_introspection_c.cpython-310-x86_64-linux-gnu.so
[0.761s] -- Up-to-date: /home/xingyi/ros2_orca_leap/ros2_orca_leap_ws/install/leap_msgs/lib/python3.10/site-packages/leap_msgs/__init__.py
[0.761s] -- Up-to-date: /home/xingyi/ros2_orca_leap/ros2_orca_leap_ws/install/leap_msgs/lib/python3.10/site-packages/leap_msgs/_leap_msgs_s.ep.rosidl_typesupport_c.c
[0.761s] -- Up-to-date: /home/xingyi/ros2_orca_leap/ros2_orca_leap_ws/install/leap_msgs/lib/python3.10/site-packages/leap_msgs/libleap_msgs__rosidl_generator_py.so
[0.761s] -- Up-to-date: /home/xingyi/ros2_orca_leap/ros2_orca_leap_ws/install/leap_msgs/lib/python3.10/site-packages/leap_msgs/msg
[0.761s] -- Up-to-date: /home/xingyi/ros2_orca_leap/ros2_orca_leap_ws/install/leap_msgs/lib/python3.10/site-packages/leap_msgs/msg/_arm.py
[0.761s] -- Up-to-date: /home/xingyi/ros2_orca_leap/ros2_orca_leap_ws/install/leap_msgs/lib/python3.10/site-packages/leap_msgs/msg/_hands_s.c
[0.761s] -- Up-to-date: /home/xingyi/ros2_orca_leap/ros2_orca_leap_ws/install/leap_msgs/lib/python3.10/site-packages/leap_msgs/msg/_bone.py
[0.761s] -- Up-to-date: /home/xingyi/ros2_orca_leap/ros2_orca_leap_ws/install/leap_msgs/lib/python3.10/site-packages/leap_msgs/msg/_finger_s.c
[0.761s] -- Up-to-date: /home/xingyi/ros2_orca_leap/ros2_orca_leap_ws/install/leap_msgs/lib/python3.10/site-packages/leap_msgs/msg/_bone_s.c
[0.761s] -- Up-to-date: /home/xingyi/ros2_orca_leap/ros2_orca_leap_ws/install/leap_msgs/lib/python3.10/site-packages/leap_msgs/msg/_finger.py
[0.761s] -- Up-to-date: /home/xingyi/ros2_orca_leap/ros2_orca_leap_ws/install/leap_msgs/lib/python3.10/site-packages/leap_msgs/msg/__init__.py
[0.761s] -- Up-to-date: /home/xingyi/ros2_orca_leap/ros2_orca_leap_ws/install/leap_msgs/lib/python3.10/site-packages/leap_msgs/msg/_arm_s.c
[0.762s] -- Up-to-date: /home/xingyi/ros2_orca_leap/ros2_orca_leap_ws/install/leap_msgs/lib/python3.10/site-packages/leap_msgs/msg/_hand_s.c
[0.762s] -- Up-to-date: /home/xingyi/ros2_orca_leap/ros2_orca_leap_ws/install/leap_msgs/lib/python3.10/site-packages/leap_msgs/msg/_hand.py
[0.762s] -- Up-to-date: /home/xingyi/ros2_orca_leap/ros2_orca_leap_ws/install/leap_msgs/lib/python3.10/site-packages/leap_msgs/msg/_hands.py
[0.762s] -- Up-to-date: /home/xingyi/ros2_orca_leap/ros2_orca_leap_ws/install/leap_msgs/lib/python3.10/site-packages/leap_msgs/_leap_msgs_s.ep.rosidl_typesupport_fastrtps_c.c
[0.762s] -- Up-to-date: /home/xingyi/ros2_orca_leap/ros2_orca_leap_ws/install/leap_msgs/lib/python3.10/site-packages/leap_msgs/_leap_msgs_s.ep.rosidl_typesupport_introspection_c.c
[0.762s] -- Up-to-date: /home/xingyi/ros2_orca_leap/ros2_orca_leap_ws/install/leap_msgs/lib/python3.10/site-packages/leap_msgs/leap_msgs_s__rosidl_typesupport_c.cpython-310-x86_64-linux-gnu.so
[0.773s] Listing '/home/xingyi/ros2_orca_leap/ros2_orca_leap_ws/install/leap_msgs/lib/python3.10/site-packages/leap_msgs'...
[0.773s] Listing '/home/xingyi/ros2_orca_leap/ros2_orca_leap_ws/install/leap_msgs/lib/python3.10/site-packages/leap_msgs/msg'...
[0.777s] -- Up-to-date: /home/xingyi/ros2_orca_leap/ros2_orca_leap_ws/install/leap_msgs/lib/python3.10/site-packages/leap_msgs/leap_msgs_s__rosidl_typesupport_fastrtps_c.cpython-310-x86_64-linux-gnu.so
[0.777s] -- Up-to-date: /home/xingyi/ros2_orca_leap/ros2_orca_leap_ws/install/leap_msgs/lib/python3.10/site-packages/leap_msgs/leap_msgs_s__rosidl_typesupport_introspection_c.cpython-310-x86_64-linux-gnu.so
[0.778s] -- Up-to-date: /home/xingyi/ros2_orca_leap/ros2_orca_leap_ws/install/leap_msgs/lib/python3.10/site-packages/leap_msgs/leap_msgs_s__rosidl_typesupport_c.cpython-310-x86_64-linux-gnu.so
[0.778s] -- Up-to-date: /home/xingyi/ros2_orca_leap/ros2_orca_leap_ws/install/leap_msgs/lib/libleap_msgs__rosidl_generator_py.so
[0.778s] -- Up-to-date: /home/xingyi/ros2_orca_leap/ros2_orca_leap_ws/install/leap_msgs/share/leap_msgs/msg/Hand.idl
[0.779s] -- Up-to-date: /home/xingyi/ros2_orca_leap/ros2_orca_leap_ws/install/leap_msgs/share/leap_msgs/msg/Hands.idl
[0.780s] -- Up-to-date: /home/xingyi/ros2_orca_leap/ros2_orca_leap_ws/install/leap_msgs/share/leap_msgs/msg/Finger.idl
[0.780s] -- Up-to-date: /home/xingyi/ros2_orca_leap/ros2_orca_leap_ws/install/leap_msgs/share/leap_msgs/msg/Arm.idl
[0.782s] -- Up-to-date: /home/xingyi/ros2_orca_leap/ros2_orca_leap_ws/install/leap_msgs/share/leap_msgs/msg/Bone.idl
[0.783s] -- Up-to-date: /home/xingyi/ros2_orca_leap/ros2_orca_leap_ws/install/leap_msgs/share/leap_msgs/msg/Hand.msg
[0.784s] -- Up-to-date: /home/xingyi/ros2_orca_leap/ros2_orca_leap_ws/install/leap_msgs/share/leap_msgs/msg/Hands.msg
[0.784s] -- Up-to-date: /home/xingyi/ros2_orca_leap/ros2_orca_leap_ws/install/leap_msgs/share/leap_msgs/msg/Finger.msg
[0.785s] -- Up-to-date: /home/xingyi/ros2_orca_leap/ros2_orca_leap_ws/install/leap_msgs/share/leap_msgs/msg/Arm.msg
[0.785s] -- Up-to-date: /home/xingyi/ros2_orca_leap/ros2_orca_leap_ws/install/leap_msgs/share/leap_msgs/msg/Bone.msg
[0.785s] -- Up-to-date: /home/xingyi/ros2_orca_leap/ros2_orca_leap_ws/install/leap_msgs/share/ament_index/resource_index/package_run_dependencies/leap_msgs
[0.785s] -- Up-to-date: /home/xingyi/ros2_orca_leap/ros2_orca_leap_ws/install/leap_msgs/share/ament_index/resource_index/parent_prefix_path/leap_msgs
[0.785s] -- Up-to-date: /home/xingyi/ros2_orca_leap/ros2_orca_leap_ws/install/leap_msgs/share/leap_msgs/environment/ament_prefix_path.sh
[0.785s] -- Up-to-date: /home/xingyi/ros2_orca_leap/ros2_orca_leap_ws/install/leap_msgs/share/leap_msgs/environment/ament_prefix_path.dsv
[0.785s] -- Up-to-date: /home/xingyi/ros2_orca_leap/ros2_orca_leap_ws/install/leap_msgs/share/leap_msgs/environment/path.sh
[0.785s] -- Up-to-date: /home/xingyi/ros2_orca_leap/ros2_orca_leap_ws/install/leap_msgs/share/leap_msgs/environment/path.dsv
[0.786s] -- Up-to-date: /home/xingyi/ros2_orca_leap/ros2_orca_leap_ws/install/leap_msgs/share/leap_msgs/local_setup.bash
[0.786s] -- Up-to-date: /home/xingyi/ros2_orca_leap/ros2_orca_leap_ws/install/leap_msgs/share/leap_msgs/local_setup.sh
[0.786s] -- Up-to-date: /home/xingyi/ros2_orca_leap/ros2_orca_leap_ws/install/leap_msgs/share/leap_msgs/local_setup.zsh
[0.786s] -- Up-to-date: /home/xingyi/ros2_orca_leap/ros2_orca_leap_ws/install/leap_msgs/share/leap_msgs/local_setup.dsv
[0.786s] -- Installing: /home/xingyi/ros2_orca_leap/ros2_orca_leap_ws/install/leap_msgs/share/leap_msgs/package.dsv
[0.787s] -- Up-to-date: /home/xingyi/ros2_orca_leap/ros2_orca_leap_ws/install/leap_msgs/share/ament_index/resource_index/packages/leap_msgs
[0.787s] -- Up-to-date: /home/xingyi/ros2_orca_leap/ros2_orca_leap_ws/install/leap_msgs/share/leap_msgs/cmake/export_leap_msgs__rosidl_generator_cExport.cmake
[0.787s] -- Up-to-date: /home/xingyi/ros2_orca_leap/ros2_orca_leap_ws/install/leap_msgs/share/leap_msgs/cmake/export_leap_msgs__rosidl_generator_cExport-noconfig.cmake
[0.787s] -- Up-to-date: /home/xingyi/ros2_orca_leap/ros2_orca_leap_ws/install/leap_msgs/share/leap_msgs/cmake/export_leap_msgs__rosidl_typesupport_fastrtps_cExport.cmake
[0.787s] -- Up-to-date: /home/xingyi/ros2_orca_leap/ros2_orca_leap_ws/install/leap_msgs/share/leap_msgs/cmake/export_leap_msgs__rosidl_typesupport_fastrtps_cExport-noconfig.cmake
[0.787s] -- Up-to-date: /home/xingyi/ros2_orca_leap/ros2_orca_leap_ws/install/leap_msgs/share/leap_msgs/cmake/leap_msgs__rosidl_typesupport_introspection_cExport.cmake
[0.787s] -- Up-to-date: /home/xingyi/ros2_orca_leap/ros2_orca_leap_ws/install/leap_msgs/share/leap_msgs/cmake/leap_msgs__rosidl_typesupport_introspection_cExport-noconfig.cmake
[0.787s] -- Up-to-date: /home/xingyi/ros2_orca_leap/ros2_orca_leap_ws/install/leap_msgs/share/leap_msgs/cmake/leap_msgs__rosidl_typesupport_cExport.cmake
[0.787s] -- Up-to-date: /home/xingyi/ros2_orca_leap/ros2_orca_leap_ws/install/leap_msgs/share/leap_msgs/cmake/leap_msgs__rosidl_typesupport_cExport-noconfig.cmake
[0.788s] -- Up-to-date: /home/xingyi/ros2_orca_leap/ros2_orca_leap_ws/install/leap_msgs/share/leap_msgs/cmake/export_leap_msgs__rosidl_generator_cppExport.cmake
[0.788s] -- Up-to-date: /home/xingyi/ros2_orca_leap/ros2_orca_leap_ws/install/leap_msgs/share/leap_msgs/cmake/export_leap_msgs__rosidl_typesupport_fastrtps_cppExport.cmake
[0.788s] -- Up-to-date: /home/xingyi/ros2_orca_leap/ros2_orca_leap_ws/install/leap_msgs/share/leap_msgs/cmake/export_leap_msgs__rosidl_typesupport_fastrtps_cppExport-noconfig.cmake
[0.788s] -- Up-to-date: /home/xingyi/ros2_orca_leap/ros2_orca_leap_ws/install/leap_msgs/share/leap_msgs/cmake/leap_msgs__rosidl_typesupport_introspection_cppExport.cmake
[0.788s] -- Up-to-date: /home/xingyi/ros2_orca_leap/ros2_orca_leap_ws/install/leap_msgs/share/leap_msgs/cmake/leap_msgs__rosidl_typesupport_introspection_cppExport-noconfig.cmake
[0.788s] -- Up-to-date: /home/xingyi/ros2_orca_leap/ros2_orca_leap_ws/install/leap_msgs/share/leap_msgs/cmake/leap_msgs__rosidl_typesupport_cppExport.cmake
[0.788s] -- Up-to-date: /home/xingyi/ros2_orca_leap/ros2_orca_leap_ws/install/leap_msgs/share/leap_msgs/cmake/leap_msgs__rosidl_typesupport_cppExport-noconfig.cmake
[0.788s] -- Up-to-date: /home/xingyi/ros2_orca_leap/ros2_orca_leap_ws/install/leap_msgs/share/leap_msgs/cmake/export_leap_msgs__rosidl_generator_pyExport.cmake
[0.788s] -- Up-to-date: /home/xingyi/ros2_orca_leap/ros2_orca_leap_ws/install/leap_msgs/share/leap_msgs/cmake/export_leap_msgs__rosidl_generator_pyExport-noconfig.cmake
[0.788s] -- Up-to-date: /home/xingyi/ros2_orca_leap/ros2_orca_leap_ws/install/leap_msgs/share/leap_msgs/cmake/rosidl_cmake-extras.cmake
[0.788s] -- Up-to-date: /home/xingyi/ros2_orca_leap/ros2_orca_leap_ws/install/leap_msgs/share/leap_msgs/cmake/ament_cmake_export_dependencies-extras.cmake
[0.789s] -- Up-to-date: /home/xingyi/ros2_orca_leap/ros2_orca_leap_ws/install/leap_msgs/share/leap_msgs/cmake/ament_cmake_export_include_directories-extras.cmake
[0.789s] -- Up-to-date: /home/xingyi/ros2_orca_leap/ros2_orca_leap_ws/install/leap_msgs/share/leap_msgs/cmake/ament_cmake_export_libraries-extras.cmake
[0.789s] -- Up-to-date: /home/xingyi/ros2_orca_leap/ros2_orca_leap_ws/install/leap_msgs/share/leap_msgs/cmake/ament_cmake_export_targets-extras.cmake
[0.789s] -- Up-to-date: /home/xingyi/ros2_orca_leap/ros2_orca_leap_ws/install/leap_msgs/share/leap_msgs/cmake/rosidl_cmake_export_typesupport_targets-extras.cmake
[0.789s] -- Up-to-date: /home/xingyi/ros2_orca_leap/ros2_orca_leap_ws/install/leap_msgs/share/leap_msgs/cmake/rosidl_cmake_export_typesupport_libraries-extras.cmake
[0.789s] -- Up-to-date: /home/xingyi/ros2_orca_leap/ros2_orca_leap_ws/install/leap_msgs/share/leap_msgs/cmake/leap_msgsConfig.cmake
[0.789s] -- Up-to-date: /home/xingyi/ros2_orca_leap/ros2_orca_leap_ws/install/leap_msgs/share/leap_msgs/cmake/leap_msgsConfig-version.cmake
[0.789s] -- Up-to-date: /home/xingyi/ros2_orca_leap/ros2_orca_leap_ws/install/leap_msgs/share/leap_msgs/package.xml
[0.789s] Invoked command in '/home/xingyi/ros2_orca_leap/ros2_orca_leap_ws/build/leap_msgs' returned '0': CMAKE_PREFIX_PATH=${CMAKE_PREFIX_PATH}:/home/xingyi/ros2_orca_leap/ros2_orca_leap_ws/install/orcahand_controller:/home/xingyi/ros2_orca_leap/ros2_orca_leap_ws/install/orca_core:/home/xingyi/ros2_orca_leap/ros2_orca_leap_ws/install/ohrc_leap:/home/xingyi/ros2_orca_leap/ros2_orca_leap_ws/install/leap_node:/opt/ros/humble PS1=(leapc) VIRTUAL_ENV_PROMPT=(leapc) /usr/bin/cmake --install /home/xingyi/ros2_orca_leap/ros2_orca_leap_ws/build/leap_msgs
