-- The C compiler identification is GNU 11.4.0
-- The CXX compiler identification is GNU 11.4.0
-- Detecting C compiler ABI info
-- Detecting C compiler ABI info - done
-- Check for working C compiler: /usr/bin/cc - skipped
-- Detecting C compile features
-- Detecting C compile features - done
-- Detecting CXX compiler ABI info
-- Detecting CXX compiler ABI info - done
-- Check for working CXX compiler: /usr/bin/c++ - skipped
-- Detecting CXX compile features
-- Detecting CXX compile features - done
-- Found ament_cmake: 1.3.12 (/opt/ros/humble/share/ament_cmake/cmake)
-- Found Python3: /home/xingyi/.venvs/leapc/bin/python (found version "3.10.12") found components: Interpreter 
-- Found rosidl_default_generators: 1.2.0 (/opt/ros/humble/share/rosidl_default_generators/cmake)
-- Using all available rosidl_typesupport_c: rosidl_typesupport_fastrtps_c;rosidl_typesupport_introspection_c
-- Found rosidl_adapter: 3.1.7 (/opt/ros/humble/share/rosidl_adapter/cmake)
-- Using all available rosidl_typesupport_cpp: rosidl_typesupport_fastrtps_cpp;rosidl_typesupport_introspection_cpp
-- Found geometry_msgs: 4.9.0 (/opt/ros/humble/share/geometry_msgs/cmake)
-- Found ament_cmake_ros: 0.10.0 (/opt/ros/humble/share/ament_cmake_ros/cmake)
-- Using all available rosidl_typesupport_c: rosidl_typesupport_fastrtps_c;rosidl_typesupport_introspection_c
-- Using all available rosidl_typesupport_cpp: rosidl_typesupport_fastrtps_cpp;rosidl_typesupport_introspection_cpp
-- Found PythonInterp: /home/xingyi/.venvs/leapc/bin/python (found suitable version "3.10.12", minimum required is "3.6") 
-- Found python_cmake_module: 0.10.0 (/opt/ros/humble/share/python_cmake_module/cmake)
-- Found PythonLibs: /usr/lib/x86_64-linux-gnu/libpython3.10.so (found suitable version "3.10.12", minimum required is "3.5") 
-- Using PYTHON_EXECUTABLE: /home/xingyi/.venvs/leapc/bin/python
-- Using PYTHON_INCLUDE_DIRS: /usr/include/python3.10
-- Using PYTHON_LIBRARIES: /usr/lib/x86_64-linux-gnu/libpython3.10.so
-- Found PythonExtra: .so  
-- Configuring done
-- Generating done
-- Build files have been written to: /home/xingyi/ros2_orca_leap/ros2_orca_leap_ws/build/leap_msgs
[  1%] [34m[1mGenerating C code for ROS interfaces[0m
[  3%] [34m[1mGenerating C++ code for ROS interfaces[0m
[  3%] Built target ament_cmake_python_copy_leap_msgs
running egg_info
creating leap_msgs.egg-info
writing leap_msgs.egg-info/PKG-INFO
writing dependency_links to leap_msgs.egg-info/dependency_links.txt
writing top-level names to leap_msgs.egg-info/top_level.txt
writing manifest file 'leap_msgs.egg-info/SOURCES.txt'
reading manifest file 'leap_msgs.egg-info/SOURCES.txt'
writing manifest file 'leap_msgs.egg-info/SOURCES.txt'
[  3%] Built target ament_cmake_python_build_leap_msgs_egg
[  3%] Built target leap_msgs__cpp
[  7%] [32mBuilding C object CMakeFiles/leap_msgs__rosidl_generator_c.dir/rosidl_generator_c/leap_msgs/msg/detail/hands__functions.c.o[0m
[  7%] [32mBuilding C object CMakeFiles/leap_msgs__rosidl_generator_c.dir/rosidl_generator_c/leap_msgs/msg/detail/arm__functions.c.o[0m
[  7%] [32mBuilding C object CMakeFiles/leap_msgs__rosidl_generator_c.dir/rosidl_generator_c/leap_msgs/msg/detail/finger__functions.c.o[0m
[  9%] [32mBuilding C object CMakeFiles/leap_msgs__rosidl_generator_c.dir/rosidl_generator_c/leap_msgs/msg/detail/bone__functions.c.o[0m
[ 11%] [32mBuilding C object CMakeFiles/leap_msgs__rosidl_generator_c.dir/rosidl_generator_c/leap_msgs/msg/detail/hand__functions.c.o[0m
[ 14%] [34m[1mGenerating C++ introspection for ROS interfaces[0m
[ 14%] [34m[1mGenerating C++ type support for eProsima Fast-RTPS[0m
[ 15%] [34m[1mGenerating C++ type support dispatch for ROS interfaces[0m
[ 17%] [32m[1mLinking C shared library libleap_msgs__rosidl_generator_c.so[0m
[ 17%] Built target leap_msgs__rosidl_generator_c
[ 19%] [34m[1mGenerating C type support dispatch for ROS interfaces[0m
[ 20%] [34m[1mGenerating C introspection for ROS interfaces[0m
[ 22%] [34m[1mGenerating C type support for eProsima Fast-RTPS[0m
[ 23%] [32mBuilding CXX object CMakeFiles/leap_msgs__rosidl_typesupport_cpp.dir/rosidl_typesupport_cpp/leap_msgs/msg/bone__type_support.cpp.o[0m
[ 25%] [32mBuilding CXX object CMakeFiles/leap_msgs__rosidl_typesupport_cpp.dir/rosidl_typesupport_cpp/leap_msgs/msg/hand__type_support.cpp.o[0m
[ 28%] [32mBuilding CXX object CMakeFiles/leap_msgs__rosidl_typesupport_cpp.dir/rosidl_typesupport_cpp/leap_msgs/msg/hands__type_support.cpp.o[0m
[ 28%] [32mBuilding CXX object CMakeFiles/leap_msgs__rosidl_typesupport_cpp.dir/rosidl_typesupport_cpp/leap_msgs/msg/arm__type_support.cpp.o[0m
[ 30%] [32mBuilding CXX object CMakeFiles/leap_msgs__rosidl_typesupport_cpp.dir/rosidl_typesupport_cpp/leap_msgs/msg/finger__type_support.cpp.o[0m
[ 38%] [32mBuilding CXX object CMakeFiles/leap_msgs__rosidl_typesupport_introspection_cpp.dir/rosidl_typesupport_introspection_cpp/leap_msgs/msg/detail/hands__type_support.cpp.o[0m
[ 38%] [32mBuilding CXX object CMakeFiles/leap_msgs__rosidl_typesupport_introspection_cpp.dir/rosidl_typesupport_introspection_cpp/leap_msgs/msg/detail/arm__type_support.cpp.o[0m
[ 38%] [32mBuilding CXX object CMakeFiles/leap_msgs__rosidl_typesupport_introspection_cpp.dir/rosidl_typesupport_introspection_cpp/leap_msgs/msg/detail/bone__type_support.cpp.o[0m
[ 38%] [32mBuilding CXX object CMakeFiles/leap_msgs__rosidl_typesupport_introspection_cpp.dir/rosidl_typesupport_introspection_cpp/leap_msgs/msg/detail/hand__type_support.cpp.o[0m
[ 38%] [32mBuilding CXX object CMakeFiles/leap_msgs__rosidl_typesupport_introspection_cpp.dir/rosidl_typesupport_introspection_cpp/leap_msgs/msg/detail/finger__type_support.cpp.o[0m
[ 39%] [32mBuilding CXX object CMakeFiles/leap_msgs__rosidl_typesupport_c.dir/rosidl_typesupport_c/leap_msgs/msg/finger__type_support.cpp.o[0m
[ 41%] [32mBuilding CXX object CMakeFiles/leap_msgs__rosidl_typesupport_c.dir/rosidl_typesupport_c/leap_msgs/msg/bone__type_support.cpp.o[0m
[ 42%] [32mBuilding CXX object CMakeFiles/leap_msgs__rosidl_typesupport_c.dir/rosidl_typesupport_c/leap_msgs/msg/hands__type_support.cpp.o[0m
[ 44%] [32mBuilding CXX object CMakeFiles/leap_msgs__rosidl_typesupport_c.dir/rosidl_typesupport_c/leap_msgs/msg/arm__type_support.cpp.o[0m
[ 46%] [32mBuilding CXX object CMakeFiles/leap_msgs__rosidl_typesupport_c.dir/rosidl_typesupport_c/leap_msgs/msg/hand__type_support.cpp.o[0m
[ 47%] [32m[1mLinking CXX shared library libleap_msgs__rosidl_typesupport_c.so[0m
[ 49%] [32mBuilding CXX object CMakeFiles/leap_msgs__rosidl_typesupport_fastrtps_c.dir/rosidl_typesupport_fastrtps_c/leap_msgs/msg/detail/hands__type_support_c.cpp.o[0m
[ 50%] [32mBuilding CXX object CMakeFiles/leap_msgs__rosidl_typesupport_fastrtps_c.dir/rosidl_typesupport_fastrtps_c/leap_msgs/msg/detail/hand__type_support_c.cpp.o[0m
[ 52%] [32mBuilding CXX object CMakeFiles/leap_msgs__rosidl_typesupport_fastrtps_c.dir/rosidl_typesupport_fastrtps_c/leap_msgs/msg/detail/finger__type_support_c.cpp.o[0m
[ 53%] [32mBuilding CXX object CMakeFiles/leap_msgs__rosidl_typesupport_fastrtps_c.dir/rosidl_typesupport_fastrtps_c/leap_msgs/msg/detail/arm__type_support_c.cpp.o[0m
[ 55%] [32mBuilding CXX object CMakeFiles/leap_msgs__rosidl_typesupport_fastrtps_c.dir/rosidl_typesupport_fastrtps_c/leap_msgs/msg/detail/bone__type_support_c.cpp.o[0m
[ 55%] Built target leap_msgs__rosidl_typesupport_c
[ 57%] [32mBuilding C object CMakeFiles/leap_msgs__rosidl_typesupport_introspection_c.dir/rosidl_typesupport_introspection_c/leap_msgs/msg/detail/hand__type_support.c.o[0m
[ 58%] [32mBuilding C object CMakeFiles/leap_msgs__rosidl_typesupport_introspection_c.dir/rosidl_typesupport_introspection_c/leap_msgs/msg/detail/hands__type_support.c.o[0m
[ 61%] [32mBuilding C object CMakeFiles/leap_msgs__rosidl_typesupport_introspection_c.dir/rosidl_typesupport_introspection_c/leap_msgs/msg/detail/finger__type_support.c.o[0m
[ 61%] [32mBuilding C object CMakeFiles/leap_msgs__rosidl_typesupport_introspection_c.dir/rosidl_typesupport_introspection_c/leap_msgs/msg/detail/arm__type_support.c.o[0m
[ 63%] [32mBuilding C object CMakeFiles/leap_msgs__rosidl_typesupport_introspection_c.dir/rosidl_typesupport_introspection_c/leap_msgs/msg/detail/bone__type_support.c.o[0m
[ 65%] [32mBuilding CXX object CMakeFiles/leap_msgs__rosidl_typesupport_fastrtps_cpp.dir/rosidl_typesupport_fastrtps_cpp/leap_msgs/msg/detail/dds_fastrtps/finger__type_support.cpp.o[0m
[ 69%] [32mBuilding CXX object CMakeFiles/leap_msgs__rosidl_typesupport_fastrtps_cpp.dir/rosidl_typesupport_fastrtps_cpp/leap_msgs/msg/detail/dds_fastrtps/hand__type_support.cpp.o[0m
[ 69%] [32mBuilding CXX object CMakeFiles/leap_msgs__rosidl_typesupport_fastrtps_cpp.dir/rosidl_typesupport_fastrtps_cpp/leap_msgs/msg/detail/dds_fastrtps/hands__type_support.cpp.o[0m
[ 69%] [32mBuilding CXX object CMakeFiles/leap_msgs__rosidl_typesupport_fastrtps_cpp.dir/rosidl_typesupport_fastrtps_cpp/leap_msgs/msg/detail/dds_fastrtps/arm__type_support.cpp.o[0m
[ 71%] [32mBuilding CXX object CMakeFiles/leap_msgs__rosidl_typesupport_fastrtps_cpp.dir/rosidl_typesupport_fastrtps_cpp/leap_msgs/msg/detail/dds_fastrtps/bone__type_support.cpp.o[0m
[ 73%] [32m[1mLinking C shared library libleap_msgs__rosidl_typesupport_introspection_c.so[0m
[ 74%] [32m[1mLinking CXX shared library libleap_msgs__rosidl_typesupport_cpp.so[0m
[ 74%] Built target leap_msgs__rosidl_typesupport_introspection_c
[ 74%] Built target leap_msgs__rosidl_typesupport_cpp
[ 76%] [32m[1mLinking CXX shared library libleap_msgs__rosidl_typesupport_fastrtps_c.so[0m
[ 76%] Built target leap_msgs__rosidl_typesupport_fastrtps_c
[ 77%] [32m[1mLinking CXX shared library libleap_msgs__rosidl_typesupport_introspection_cpp.so[0m
[ 77%] Built target leap_msgs__rosidl_typesupport_introspection_cpp
[ 79%] [32m[1mLinking CXX shared library libleap_msgs__rosidl_typesupport_fastrtps_cpp.so[0m
[ 79%] Built target leap_msgs__rosidl_typesupport_fastrtps_cpp
[ 79%] Built target leap_msgs
[ 80%] [34m[1mGenerating Python code for ROS interfaces[0m
[ 80%] Built target leap_msgs__py
[ 82%] [32mBuilding C object CMakeFiles/leap_msgs__rosidl_generator_py.dir/rosidl_generator_py/leap_msgs/msg/_hand_s.c.o[0m
[ 84%] [32mBuilding C object CMakeFiles/leap_msgs__rosidl_generator_py.dir/rosidl_generator_py/leap_msgs/msg/_bone_s.c.o[0m
[ 85%] [32mBuilding C object CMakeFiles/leap_msgs__rosidl_generator_py.dir/rosidl_generator_py/leap_msgs/msg/_hands_s.c.o[0m
[ 87%] [32mBuilding C object CMakeFiles/leap_msgs__rosidl_generator_py.dir/rosidl_generator_py/leap_msgs/msg/_finger_s.c.o[0m
[ 88%] [32mBuilding C object CMakeFiles/leap_msgs__rosidl_generator_py.dir/rosidl_generator_py/leap_msgs/msg/_arm_s.c.o[0m
[ 90%] [32m[1mLinking C shared library rosidl_generator_py/leap_msgs/libleap_msgs__rosidl_generator_py.so[0m
[ 90%] Built target leap_msgs__rosidl_generator_py
[ 95%] [32mBuilding C object CMakeFiles/leap_msgs__rosidl_typesupport_c__pyext.dir/rosidl_generator_py/leap_msgs/_leap_msgs_s.ep.rosidl_typesupport_c.c.o[0m
[ 95%] [32mBuilding C object CMakeFiles/leap_msgs__rosidl_typesupport_fastrtps_c__pyext.dir/rosidl_generator_py/leap_msgs/_leap_msgs_s.ep.rosidl_typesupport_fastrtps_c.c.o[0m
[ 95%] [32mBuilding C object CMakeFiles/leap_msgs__rosidl_typesupport_introspection_c__pyext.dir/rosidl_generator_py/leap_msgs/_leap_msgs_s.ep.rosidl_typesupport_introspection_c.c.o[0m
[ 96%] [32m[1mLinking C shared library rosidl_generator_py/leap_msgs/leap_msgs_s__rosidl_typesupport_c.cpython-310-x86_64-linux-gnu.so[0m
[ 98%] [32m[1mLinking C shared library rosidl_generator_py/leap_msgs/leap_msgs_s__rosidl_typesupport_fastrtps_c.cpython-310-x86_64-linux-gnu.so[0m
[100%] [32m[1mLinking C shared library rosidl_generator_py/leap_msgs/leap_msgs_s__rosidl_typesupport_introspection_c.cpython-310-x86_64-linux-gnu.so[0m
[100%] Built target leap_msgs__rosidl_typesupport_c__pyext
[100%] Built target leap_msgs__rosidl_typesupport_fastrtps_c__pyext
[100%] Built target leap_msgs__rosidl_typesupport_introspection_c__pyext
-- Install configuration: ""
-- Installing: /home/xingyi/ros2_orca_leap/ros2_orca_leap_ws/install/leap_msgs/share/ament_index/resource_index/rosidl_interfaces/leap_msgs
-- Installing: /home/xingyi/ros2_orca_leap/ros2_orca_leap_ws/install/leap_msgs/include/leap_msgs/leap_msgs
-- Installing: /home/xingyi/ros2_orca_leap/ros2_orca_leap_ws/install/leap_msgs/include/leap_msgs/leap_msgs/msg
-- Installing: /home/xingyi/ros2_orca_leap/ros2_orca_leap_ws/install/leap_msgs/include/leap_msgs/leap_msgs/msg/hand.h
-- Installing: /home/xingyi/ros2_orca_leap/ros2_orca_leap_ws/install/leap_msgs/include/leap_msgs/leap_msgs/msg/bone.h
-- Installing: /home/xingyi/ros2_orca_leap/ros2_orca_leap_ws/install/leap_msgs/include/leap_msgs/leap_msgs/msg/rosidl_generator_c__visibility_control.h
-- Installing: /home/xingyi/ros2_orca_leap/ros2_orca_leap_ws/install/leap_msgs/include/leap_msgs/leap_msgs/msg/detail
-- Installing: /home/xingyi/ros2_orca_leap/ros2_orca_leap_ws/install/leap_msgs/include/leap_msgs/leap_msgs/msg/detail/bone__type_support.h
-- Installing: /home/xingyi/ros2_orca_leap/ros2_orca_leap_ws/install/leap_msgs/include/leap_msgs/leap_msgs/msg/detail/arm__functions.h
-- Installing: /home/xingyi/ros2_orca_leap/ros2_orca_leap_ws/install/leap_msgs/include/leap_msgs/leap_msgs/msg/detail/finger__type_support.h
-- Installing: /home/xingyi/ros2_orca_leap/ros2_orca_leap_ws/install/leap_msgs/include/leap_msgs/leap_msgs/msg/detail/hands__functions.c
-- Installing: /home/xingyi/ros2_orca_leap/ros2_orca_leap_ws/install/leap_msgs/include/leap_msgs/leap_msgs/msg/detail/bone__struct.h
-- Installing: /home/xingyi/ros2_orca_leap/ros2_orca_leap_ws/install/leap_msgs/include/leap_msgs/leap_msgs/msg/detail/finger__functions.c
-- Installing: /home/xingyi/ros2_orca_leap/ros2_orca_leap_ws/install/leap_msgs/include/leap_msgs/leap_msgs/msg/detail/hand__functions.c
-- Installing: /home/xingyi/ros2_orca_leap/ros2_orca_leap_ws/install/leap_msgs/include/leap_msgs/leap_msgs/msg/detail/arm__struct.h
-- Installing: /home/xingyi/ros2_orca_leap/ros2_orca_leap_ws/install/leap_msgs/include/leap_msgs/leap_msgs/msg/detail/finger__functions.h
-- Installing: /home/xingyi/ros2_orca_leap/ros2_orca_leap_ws/install/leap_msgs/include/leap_msgs/leap_msgs/msg/detail/arm__type_support.h
-- Installing: /home/xingyi/ros2_orca_leap/ros2_orca_leap_ws/install/leap_msgs/include/leap_msgs/leap_msgs/msg/detail/arm__functions.c
-- Installing: /home/xingyi/ros2_orca_leap/ros2_orca_leap_ws/install/leap_msgs/include/leap_msgs/leap_msgs/msg/detail/hand__struct.h
-- Installing: /home/xingyi/ros2_orca_leap/ros2_orca_leap_ws/install/leap_msgs/include/leap_msgs/leap_msgs/msg/detail/hand__functions.h
-- Installing: /home/xingyi/ros2_orca_leap/ros2_orca_leap_ws/install/leap_msgs/include/leap_msgs/leap_msgs/msg/detail/hands__functions.h
-- Installing: /home/xingyi/ros2_orca_leap/ros2_orca_leap_ws/install/leap_msgs/include/leap_msgs/leap_msgs/msg/detail/bone__functions.h
-- Installing: /home/xingyi/ros2_orca_leap/ros2_orca_leap_ws/install/leap_msgs/include/leap_msgs/leap_msgs/msg/detail/bone__functions.c
-- Installing: /home/xingyi/ros2_orca_leap/ros2_orca_leap_ws/install/leap_msgs/include/leap_msgs/leap_msgs/msg/detail/finger__struct.h
-- Installing: /home/xingyi/ros2_orca_leap/ros2_orca_leap_ws/install/leap_msgs/include/leap_msgs/leap_msgs/msg/detail/hand__type_support.h
-- Installing: /home/xingyi/ros2_orca_leap/ros2_orca_leap_ws/install/leap_msgs/include/leap_msgs/leap_msgs/msg/detail/hands__type_support.h
-- Installing: /home/xingyi/ros2_orca_leap/ros2_orca_leap_ws/install/leap_msgs/include/leap_msgs/leap_msgs/msg/detail/hands__struct.h
-- Installing: /home/xingyi/ros2_orca_leap/ros2_orca_leap_ws/install/leap_msgs/include/leap_msgs/leap_msgs/msg/finger.h
-- Installing: /home/xingyi/ros2_orca_leap/ros2_orca_leap_ws/install/leap_msgs/include/leap_msgs/leap_msgs/msg/hands.h
-- Installing: /home/xingyi/ros2_orca_leap/ros2_orca_leap_ws/install/leap_msgs/include/leap_msgs/leap_msgs/msg/arm.h
-- Installing: /home/xingyi/ros2_orca_leap/ros2_orca_leap_ws/install/leap_msgs/share/leap_msgs/environment/library_path.sh
-- Installing: /home/xingyi/ros2_orca_leap/ros2_orca_leap_ws/install/leap_msgs/share/leap_msgs/environment/library_path.dsv
-- Installing: /home/xingyi/ros2_orca_leap/ros2_orca_leap_ws/install/leap_msgs/lib/libleap_msgs__rosidl_generator_c.so
-- Set runtime path of "/home/xingyi/ros2_orca_leap/ros2_orca_leap_ws/install/leap_msgs/lib/libleap_msgs__rosidl_generator_c.so" to ""
-- Up-to-date: /home/xingyi/ros2_orca_leap/ros2_orca_leap_ws/install/leap_msgs/include/leap_msgs/leap_msgs
-- Up-to-date: /home/xingyi/ros2_orca_leap/ros2_orca_leap_ws/install/leap_msgs/include/leap_msgs/leap_msgs/msg
-- Installing: /home/xingyi/ros2_orca_leap/ros2_orca_leap_ws/install/leap_msgs/include/leap_msgs/leap_msgs/msg/rosidl_typesupport_fastrtps_c__visibility_control.h
-- Up-to-date: /home/xingyi/ros2_orca_leap/ros2_orca_leap_ws/install/leap_msgs/include/leap_msgs/leap_msgs/msg/detail
-- Installing: /home/xingyi/ros2_orca_leap/ros2_orca_leap_ws/install/leap_msgs/include/leap_msgs/leap_msgs/msg/detail/hands__rosidl_typesupport_fastrtps_c.h
-- Installing: /home/xingyi/ros2_orca_leap/ros2_orca_leap_ws/install/leap_msgs/include/leap_msgs/leap_msgs/msg/detail/finger__rosidl_typesupport_fastrtps_c.h
-- Installing: /home/xingyi/ros2_orca_leap/ros2_orca_leap_ws/install/leap_msgs/include/leap_msgs/leap_msgs/msg/detail/arm__rosidl_typesupport_fastrtps_c.h
-- Installing: /home/xingyi/ros2_orca_leap/ros2_orca_leap_ws/install/leap_msgs/include/leap_msgs/leap_msgs/msg/detail/hand__rosidl_typesupport_fastrtps_c.h
-- Installing: /home/xingyi/ros2_orca_leap/ros2_orca_leap_ws/install/leap_msgs/include/leap_msgs/leap_msgs/msg/detail/bone__rosidl_typesupport_fastrtps_c.h
-- Installing: /home/xingyi/ros2_orca_leap/ros2_orca_leap_ws/install/leap_msgs/lib/libleap_msgs__rosidl_typesupport_fastrtps_c.so
-- Set runtime path of "/home/xingyi/ros2_orca_leap/ros2_orca_leap_ws/install/leap_msgs/lib/libleap_msgs__rosidl_typesupport_fastrtps_c.so" to ""
-- Up-to-date: /home/xingyi/ros2_orca_leap/ros2_orca_leap_ws/install/leap_msgs/include/leap_msgs/leap_msgs
-- Up-to-date: /home/xingyi/ros2_orca_leap/ros2_orca_leap_ws/install/leap_msgs/include/leap_msgs/leap_msgs/msg
-- Installing: /home/xingyi/ros2_orca_leap/ros2_orca_leap_ws/install/leap_msgs/include/leap_msgs/leap_msgs/msg/rosidl_typesupport_introspection_c__visibility_control.h
-- Up-to-date: /home/xingyi/ros2_orca_leap/ros2_orca_leap_ws/install/leap_msgs/include/leap_msgs/leap_msgs/msg/detail
-- Installing: /home/xingyi/ros2_orca_leap/ros2_orca_leap_ws/install/leap_msgs/include/leap_msgs/leap_msgs/msg/detail/finger__rosidl_typesupport_introspection_c.h
-- Installing: /home/xingyi/ros2_orca_leap/ros2_orca_leap_ws/install/leap_msgs/include/leap_msgs/leap_msgs/msg/detail/bone__rosidl_typesupport_introspection_c.h
-- Installing: /home/xingyi/ros2_orca_leap/ros2_orca_leap_ws/install/leap_msgs/include/leap_msgs/leap_msgs/msg/detail/hand__rosidl_typesupport_introspection_c.h
-- Installing: /home/xingyi/ros2_orca_leap/ros2_orca_leap_ws/install/leap_msgs/include/leap_msgs/leap_msgs/msg/detail/hands__type_support.c
-- Installing: /home/xingyi/ros2_orca_leap/ros2_orca_leap_ws/install/leap_msgs/include/leap_msgs/leap_msgs/msg/detail/bone__type_support.c
-- Installing: /home/xingyi/ros2_orca_leap/ros2_orca_leap_ws/install/leap_msgs/include/leap_msgs/leap_msgs/msg/detail/hand__type_support.c
-- Installing: /home/xingyi/ros2_orca_leap/ros2_orca_leap_ws/install/leap_msgs/include/leap_msgs/leap_msgs/msg/detail/hands__rosidl_typesupport_introspection_c.h
-- Installing: /home/xingyi/ros2_orca_leap/ros2_orca_leap_ws/install/leap_msgs/include/leap_msgs/leap_msgs/msg/detail/arm__type_support.c
-- Installing: /home/xingyi/ros2_orca_leap/ros2_orca_leap_ws/install/leap_msgs/include/leap_msgs/leap_msgs/msg/detail/finger__type_support.c
-- Installing: /home/xingyi/ros2_orca_leap/ros2_orca_leap_ws/install/leap_msgs/include/leap_msgs/leap_msgs/msg/detail/arm__rosidl_typesupport_introspection_c.h
-- Installing: /home/xingyi/ros2_orca_leap/ros2_orca_leap_ws/install/leap_msgs/lib/libleap_msgs__rosidl_typesupport_introspection_c.so
-- Set runtime path of "/home/xingyi/ros2_orca_leap/ros2_orca_leap_ws/install/leap_msgs/lib/libleap_msgs__rosidl_typesupport_introspection_c.so" to ""
-- Installing: /home/xingyi/ros2_orca_leap/ros2_orca_leap_ws/install/leap_msgs/lib/libleap_msgs__rosidl_typesupport_c.so
-- Set runtime path of "/home/xingyi/ros2_orca_leap/ros2_orca_leap_ws/install/leap_msgs/lib/libleap_msgs__rosidl_typesupport_c.so" to ""
-- Up-to-date: /home/xingyi/ros2_orca_leap/ros2_orca_leap_ws/install/leap_msgs/include/leap_msgs/leap_msgs
-- Up-to-date: /home/xingyi/ros2_orca_leap/ros2_orca_leap_ws/install/leap_msgs/include/leap_msgs/leap_msgs/msg
-- Installing: /home/xingyi/ros2_orca_leap/ros2_orca_leap_ws/install/leap_msgs/include/leap_msgs/leap_msgs/msg/hand.hpp
-- Installing: /home/xingyi/ros2_orca_leap/ros2_orca_leap_ws/install/leap_msgs/include/leap_msgs/leap_msgs/msg/hands.hpp
-- Installing: /home/xingyi/ros2_orca_leap/ros2_orca_leap_ws/install/leap_msgs/include/leap_msgs/leap_msgs/msg/rosidl_generator_cpp__visibility_control.hpp
-- Up-to-date: /home/xingyi/ros2_orca_leap/ros2_orca_leap_ws/install/leap_msgs/include/leap_msgs/leap_msgs/msg/detail
-- Installing: /home/xingyi/ros2_orca_leap/ros2_orca_leap_ws/install/leap_msgs/include/leap_msgs/leap_msgs/msg/detail/arm__builder.hpp
-- Installing: /home/xingyi/ros2_orca_leap/ros2_orca_leap_ws/install/leap_msgs/include/leap_msgs/leap_msgs/msg/detail/finger__struct.hpp
-- Installing: /home/xingyi/ros2_orca_leap/ros2_orca_leap_ws/install/leap_msgs/include/leap_msgs/leap_msgs/msg/detail/hand__type_support.hpp
-- Installing: /home/xingyi/ros2_orca_leap/ros2_orca_leap_ws/install/leap_msgs/include/leap_msgs/leap_msgs/msg/detail/hands__type_support.hpp
-- Installing: /home/xingyi/ros2_orca_leap/ros2_orca_leap_ws/install/leap_msgs/include/leap_msgs/leap_msgs/msg/detail/hands__builder.hpp
-- Installing: /home/xingyi/ros2_orca_leap/ros2_orca_leap_ws/install/leap_msgs/include/leap_msgs/leap_msgs/msg/detail/hands__struct.hpp
-- Installing: /home/xingyi/ros2_orca_leap/ros2_orca_leap_ws/install/leap_msgs/include/leap_msgs/leap_msgs/msg/detail/finger__builder.hpp
-- Installing: /home/xingyi/ros2_orca_leap/ros2_orca_leap_ws/install/leap_msgs/include/leap_msgs/leap_msgs/msg/detail/bone__traits.hpp
-- Installing: /home/xingyi/ros2_orca_leap/ros2_orca_leap_ws/install/leap_msgs/include/leap_msgs/leap_msgs/msg/detail/hands__traits.hpp
-- Installing: /home/xingyi/ros2_orca_leap/ros2_orca_leap_ws/install/leap_msgs/include/leap_msgs/leap_msgs/msg/detail/finger__traits.hpp
-- Installing: /home/xingyi/ros2_orca_leap/ros2_orca_leap_ws/install/leap_msgs/include/leap_msgs/leap_msgs/msg/detail/bone__type_support.hpp
-- Installing: /home/xingyi/ros2_orca_leap/ros2_orca_leap_ws/install/leap_msgs/include/leap_msgs/leap_msgs/msg/detail/finger__type_support.hpp
-- Installing: /home/xingyi/ros2_orca_leap/ros2_orca_leap_ws/install/leap_msgs/include/leap_msgs/leap_msgs/msg/detail/bone__builder.hpp
-- Installing: /home/xingyi/ros2_orca_leap/ros2_orca_leap_ws/install/leap_msgs/include/leap_msgs/leap_msgs/msg/detail/arm__traits.hpp
-- Installing: /home/xingyi/ros2_orca_leap/ros2_orca_leap_ws/install/leap_msgs/include/leap_msgs/leap_msgs/msg/detail/hand__traits.hpp
-- Installing: /home/xingyi/ros2_orca_leap/ros2_orca_leap_ws/install/leap_msgs/include/leap_msgs/leap_msgs/msg/detail/hand__builder.hpp
-- Installing: /home/xingyi/ros2_orca_leap/ros2_orca_leap_ws/install/leap_msgs/include/leap_msgs/leap_msgs/msg/detail/arm__type_support.hpp
-- Installing: /home/xingyi/ros2_orca_leap/ros2_orca_leap_ws/install/leap_msgs/include/leap_msgs/leap_msgs/msg/detail/hand__struct.hpp
-- Installing: /home/xingyi/ros2_orca_leap/ros2_orca_leap_ws/install/leap_msgs/include/leap_msgs/leap_msgs/msg/detail/bone__struct.hpp
-- Installing: /home/xingyi/ros2_orca_leap/ros2_orca_leap_ws/install/leap_msgs/include/leap_msgs/leap_msgs/msg/detail/arm__struct.hpp
-- Installing: /home/xingyi/ros2_orca_leap/ros2_orca_leap_ws/install/leap_msgs/include/leap_msgs/leap_msgs/msg/finger.hpp
-- Installing: /home/xingyi/ros2_orca_leap/ros2_orca_leap_ws/install/leap_msgs/include/leap_msgs/leap_msgs/msg/arm.hpp
-- Installing: /home/xingyi/ros2_orca_leap/ros2_orca_leap_ws/install/leap_msgs/include/leap_msgs/leap_msgs/msg/bone.hpp
-- Up-to-date: /home/xingyi/ros2_orca_leap/ros2_orca_leap_ws/install/leap_msgs/include/leap_msgs/leap_msgs
-- Up-to-date: /home/xingyi/ros2_orca_leap/ros2_orca_leap_ws/install/leap_msgs/include/leap_msgs/leap_msgs/msg
-- Installing: /home/xingyi/ros2_orca_leap/ros2_orca_leap_ws/install/leap_msgs/include/leap_msgs/leap_msgs/msg/rosidl_typesupport_fastrtps_cpp__visibility_control.h
-- Up-to-date: /home/xingyi/ros2_orca_leap/ros2_orca_leap_ws/install/leap_msgs/include/leap_msgs/leap_msgs/msg/detail
-- Installing: /home/xingyi/ros2_orca_leap/ros2_orca_leap_ws/install/leap_msgs/include/leap_msgs/leap_msgs/msg/detail/dds_fastrtps
-- Installing: /home/xingyi/ros2_orca_leap/ros2_orca_leap_ws/install/leap_msgs/include/leap_msgs/leap_msgs/msg/detail/hand__rosidl_typesupport_fastrtps_cpp.hpp
-- Installing: /home/xingyi/ros2_orca_leap/ros2_orca_leap_ws/install/leap_msgs/include/leap_msgs/leap_msgs/msg/detail/bone__rosidl_typesupport_fastrtps_cpp.hpp
-- Installing: /home/xingyi/ros2_orca_leap/ros2_orca_leap_ws/install/leap_msgs/include/leap_msgs/leap_msgs/msg/detail/finger__rosidl_typesupport_fastrtps_cpp.hpp
-- Installing: /home/xingyi/ros2_orca_leap/ros2_orca_leap_ws/install/leap_msgs/include/leap_msgs/leap_msgs/msg/detail/hands__rosidl_typesupport_fastrtps_cpp.hpp
-- Installing: /home/xingyi/ros2_orca_leap/ros2_orca_leap_ws/install/leap_msgs/include/leap_msgs/leap_msgs/msg/detail/arm__rosidl_typesupport_fastrtps_cpp.hpp
-- Installing: /home/xingyi/ros2_orca_leap/ros2_orca_leap_ws/install/leap_msgs/lib/libleap_msgs__rosidl_typesupport_fastrtps_cpp.so
-- Set runtime path of "/home/xingyi/ros2_orca_leap/ros2_orca_leap_ws/install/leap_msgs/lib/libleap_msgs__rosidl_typesupport_fastrtps_cpp.so" to ""
-- Up-to-date: /home/xingyi/ros2_orca_leap/ros2_orca_leap_ws/install/leap_msgs/include/leap_msgs/leap_msgs
-- Up-to-date: /home/xingyi/ros2_orca_leap/ros2_orca_leap_ws/install/leap_msgs/include/leap_msgs/leap_msgs/msg
-- Up-to-date: /home/xingyi/ros2_orca_leap/ros2_orca_leap_ws/install/leap_msgs/include/leap_msgs/leap_msgs/msg/detail
-- Installing: /home/xingyi/ros2_orca_leap/ros2_orca_leap_ws/install/leap_msgs/include/leap_msgs/leap_msgs/msg/detail/bone__rosidl_typesupport_introspection_cpp.hpp
-- Installing: /home/xingyi/ros2_orca_leap/ros2_orca_leap_ws/install/leap_msgs/include/leap_msgs/leap_msgs/msg/detail/finger__rosidl_typesupport_introspection_cpp.hpp
-- Installing: /home/xingyi/ros2_orca_leap/ros2_orca_leap_ws/install/leap_msgs/include/leap_msgs/leap_msgs/msg/detail/finger__type_support.cpp
-- Installing: /home/xingyi/ros2_orca_leap/ros2_orca_leap_ws/install/leap_msgs/include/leap_msgs/leap_msgs/msg/detail/bone__type_support.cpp
-- Installing: /home/xingyi/ros2_orca_leap/ros2_orca_leap_ws/install/leap_msgs/include/leap_msgs/leap_msgs/msg/detail/hand__rosidl_typesupport_introspection_cpp.hpp
-- Installing: /home/xingyi/ros2_orca_leap/ros2_orca_leap_ws/install/leap_msgs/include/leap_msgs/leap_msgs/msg/detail/hands__type_support.cpp
-- Installing: /home/xingyi/ros2_orca_leap/ros2_orca_leap_ws/install/leap_msgs/include/leap_msgs/leap_msgs/msg/detail/arm__rosidl_typesupport_introspection_cpp.hpp
-- Installing: /home/xingyi/ros2_orca_leap/ros2_orca_leap_ws/install/leap_msgs/include/leap_msgs/leap_msgs/msg/detail/arm__type_support.cpp
-- Installing: /home/xingyi/ros2_orca_leap/ros2_orca_leap_ws/install/leap_msgs/include/leap_msgs/leap_msgs/msg/detail/hands__rosidl_typesupport_introspection_cpp.hpp
-- Installing: /home/xingyi/ros2_orca_leap/ros2_orca_leap_ws/install/leap_msgs/include/leap_msgs/leap_msgs/msg/detail/hand__type_support.cpp
-- Installing: /home/xingyi/ros2_orca_leap/ros2_orca_leap_ws/install/leap_msgs/lib/libleap_msgs__rosidl_typesupport_introspection_cpp.so
-- Set runtime path of "/home/xingyi/ros2_orca_leap/ros2_orca_leap_ws/install/leap_msgs/lib/libleap_msgs__rosidl_typesupport_introspection_cpp.so" to ""
-- Installing: /home/xingyi/ros2_orca_leap/ros2_orca_leap_ws/install/leap_msgs/lib/libleap_msgs__rosidl_typesupport_cpp.so
-- Set runtime path of "/home/xingyi/ros2_orca_leap/ros2_orca_leap_ws/install/leap_msgs/lib/libleap_msgs__rosidl_typesupport_cpp.so" to ""
-- Installing: /home/xingyi/ros2_orca_leap/ros2_orca_leap_ws/install/leap_msgs/share/leap_msgs/environment/pythonpath.sh
-- Installing: /home/xingyi/ros2_orca_leap/ros2_orca_leap_ws/install/leap_msgs/share/leap_msgs/environment/pythonpath.dsv
-- Installing: /home/xingyi/ros2_orca_leap/ros2_orca_leap_ws/install/leap_msgs/lib/python3.10/site-packages/leap_msgs-0.1.0-py3.10.egg-info
-- Installing: /home/xingyi/ros2_orca_leap/ros2_orca_leap_ws/install/leap_msgs/lib/python3.10/site-packages/leap_msgs-0.1.0-py3.10.egg-info/dependency_links.txt
-- Installing: /home/xingyi/ros2_orca_leap/ros2_orca_leap_ws/install/leap_msgs/lib/python3.10/site-packages/leap_msgs-0.1.0-py3.10.egg-info/top_level.txt
-- Installing: /home/xingyi/ros2_orca_leap/ros2_orca_leap_ws/install/leap_msgs/lib/python3.10/site-packages/leap_msgs-0.1.0-py3.10.egg-info/SOURCES.txt
-- Installing: /home/xingyi/ros2_orca_leap/ros2_orca_leap_ws/install/leap_msgs/lib/python3.10/site-packages/leap_msgs-0.1.0-py3.10.egg-info/PKG-INFO
-- Installing: /home/xingyi/ros2_orca_leap/ros2_orca_leap_ws/install/leap_msgs/lib/python3.10/site-packages/leap_msgs
-- Installing: /home/xingyi/ros2_orca_leap/ros2_orca_leap_ws/install/leap_msgs/lib/python3.10/site-packages/leap_msgs/leap_msgs_s__rosidl_typesupport_fastrtps_c.cpython-310-x86_64-linux-gnu.so
-- Installing: /home/xingyi/ros2_orca_leap/ros2_orca_leap_ws/install/leap_msgs/lib/python3.10/site-packages/leap_msgs/leap_msgs_s__rosidl_typesupport_introspection_c.cpython-310-x86_64-linux-gnu.so
-- Installing: /home/xingyi/ros2_orca_leap/ros2_orca_leap_ws/install/leap_msgs/lib/python3.10/site-packages/leap_msgs/__init__.py
-- Installing: /home/xingyi/ros2_orca_leap/ros2_orca_leap_ws/install/leap_msgs/lib/python3.10/site-packages/leap_msgs/_leap_msgs_s.ep.rosidl_typesupport_c.c
-- Installing: /home/xingyi/ros2_orca_leap/ros2_orca_leap_ws/install/leap_msgs/lib/python3.10/site-packages/leap_msgs/libleap_msgs__rosidl_generator_py.so
-- Installing: /home/xingyi/ros2_orca_leap/ros2_orca_leap_ws/install/leap_msgs/lib/python3.10/site-packages/leap_msgs/msg
-- Installing: /home/xingyi/ros2_orca_leap/ros2_orca_leap_ws/install/leap_msgs/lib/python3.10/site-packages/leap_msgs/msg/_arm.py
-- Installing: /home/xingyi/ros2_orca_leap/ros2_orca_leap_ws/install/leap_msgs/lib/python3.10/site-packages/leap_msgs/msg/_hands_s.c
-- Installing: /home/xingyi/ros2_orca_leap/ros2_orca_leap_ws/install/leap_msgs/lib/python3.10/site-packages/leap_msgs/msg/_bone.py
-- Installing: /home/xingyi/ros2_orca_leap/ros2_orca_leap_ws/install/leap_msgs/lib/python3.10/site-packages/leap_msgs/msg/_finger_s.c
-- Installing: /home/xingyi/ros2_orca_leap/ros2_orca_leap_ws/install/leap_msgs/lib/python3.10/site-packages/leap_msgs/msg/_bone_s.c
-- Installing: /home/xingyi/ros2_orca_leap/ros2_orca_leap_ws/install/leap_msgs/lib/python3.10/site-packages/leap_msgs/msg/_finger.py
-- Installing: /home/xingyi/ros2_orca_leap/ros2_orca_leap_ws/install/leap_msgs/lib/python3.10/site-packages/leap_msgs/msg/__init__.py
-- Installing: /home/xingyi/ros2_orca_leap/ros2_orca_leap_ws/install/leap_msgs/lib/python3.10/site-packages/leap_msgs/msg/_arm_s.c
-- Installing: /home/xingyi/ros2_orca_leap/ros2_orca_leap_ws/install/leap_msgs/lib/python3.10/site-packages/leap_msgs/msg/_hand_s.c
-- Installing: /home/xingyi/ros2_orca_leap/ros2_orca_leap_ws/install/leap_msgs/lib/python3.10/site-packages/leap_msgs/msg/_hand.py
-- Installing: /home/xingyi/ros2_orca_leap/ros2_orca_leap_ws/install/leap_msgs/lib/python3.10/site-packages/leap_msgs/msg/_hands.py
-- Installing: /home/xingyi/ros2_orca_leap/ros2_orca_leap_ws/install/leap_msgs/lib/python3.10/site-packages/leap_msgs/_leap_msgs_s.ep.rosidl_typesupport_fastrtps_c.c
-- Installing: /home/xingyi/ros2_orca_leap/ros2_orca_leap_ws/install/leap_msgs/lib/python3.10/site-packages/leap_msgs/_leap_msgs_s.ep.rosidl_typesupport_introspection_c.c
-- Installing: /home/xingyi/ros2_orca_leap/ros2_orca_leap_ws/install/leap_msgs/lib/python3.10/site-packages/leap_msgs/leap_msgs_s__rosidl_typesupport_c.cpython-310-x86_64-linux-gnu.so
Listing '/home/xingyi/ros2_orca_leap/ros2_orca_leap_ws/install/leap_msgs/lib/python3.10/site-packages/leap_msgs'...
Compiling '/home/xingyi/ros2_orca_leap/ros2_orca_leap_ws/install/leap_msgs/lib/python3.10/site-packages/leap_msgs/__init__.py'...
Listing '/home/xingyi/ros2_orca_leap/ros2_orca_leap_ws/install/leap_msgs/lib/python3.10/site-packages/leap_msgs/msg'...
Compiling '/home/xingyi/ros2_orca_leap/ros2_orca_leap_ws/install/leap_msgs/lib/python3.10/site-packages/leap_msgs/msg/__init__.py'...
Compiling '/home/xingyi/ros2_orca_leap/ros2_orca_leap_ws/install/leap_msgs/lib/python3.10/site-packages/leap_msgs/msg/_arm.py'...
Compiling '/home/xingyi/ros2_orca_leap/ros2_orca_leap_ws/install/leap_msgs/lib/python3.10/site-packages/leap_msgs/msg/_bone.py'...
Compiling '/home/xingyi/ros2_orca_leap/ros2_orca_leap_ws/install/leap_msgs/lib/python3.10/site-packages/leap_msgs/msg/_finger.py'...
Compiling '/home/xingyi/ros2_orca_leap/ros2_orca_leap_ws/install/leap_msgs/lib/python3.10/site-packages/leap_msgs/msg/_hand.py'...
Compiling '/home/xingyi/ros2_orca_leap/ros2_orca_leap_ws/install/leap_msgs/lib/python3.10/site-packages/leap_msgs/msg/_hands.py'...
-- Installing: /home/xingyi/ros2_orca_leap/ros2_orca_leap_ws/install/leap_msgs/lib/python3.10/site-packages/leap_msgs/leap_msgs_s__rosidl_typesupport_fastrtps_c.cpython-310-x86_64-linux-gnu.so
-- Set runtime path of "/home/xingyi/ros2_orca_leap/ros2_orca_leap_ws/install/leap_msgs/lib/python3.10/site-packages/leap_msgs/leap_msgs_s__rosidl_typesupport_fastrtps_c.cpython-310-x86_64-linux-gnu.so" to ""
-- Installing: /home/xingyi/ros2_orca_leap/ros2_orca_leap_ws/install/leap_msgs/lib/python3.10/site-packages/leap_msgs/leap_msgs_s__rosidl_typesupport_introspection_c.cpython-310-x86_64-linux-gnu.so
-- Set runtime path of "/home/xingyi/ros2_orca_leap/ros2_orca_leap_ws/install/leap_msgs/lib/python3.10/site-packages/leap_msgs/leap_msgs_s__rosidl_typesupport_introspection_c.cpython-310-x86_64-linux-gnu.so" to ""
-- Installing: /home/xingyi/ros2_orca_leap/ros2_orca_leap_ws/install/leap_msgs/lib/python3.10/site-packages/leap_msgs/leap_msgs_s__rosidl_typesupport_c.cpython-310-x86_64-linux-gnu.so
-- Set runtime path of "/home/xingyi/ros2_orca_leap/ros2_orca_leap_ws/install/leap_msgs/lib/python3.10/site-packages/leap_msgs/leap_msgs_s__rosidl_typesupport_c.cpython-310-x86_64-linux-gnu.so" to ""
-- Installing: /home/xingyi/ros2_orca_leap/ros2_orca_leap_ws/install/leap_msgs/lib/libleap_msgs__rosidl_generator_py.so
-- Set runtime path of "/home/xingyi/ros2_orca_leap/ros2_orca_leap_ws/install/leap_msgs/lib/libleap_msgs__rosidl_generator_py.so" to ""
-- Installing: /home/xingyi/ros2_orca_leap/ros2_orca_leap_ws/install/leap_msgs/share/leap_msgs/msg/Hand.idl
-- Installing: /home/xingyi/ros2_orca_leap/ros2_orca_leap_ws/install/leap_msgs/share/leap_msgs/msg/Hands.idl
-- Installing: /home/xingyi/ros2_orca_leap/ros2_orca_leap_ws/install/leap_msgs/share/leap_msgs/msg/Finger.idl
-- Installing: /home/xingyi/ros2_orca_leap/ros2_orca_leap_ws/install/leap_msgs/share/leap_msgs/msg/Arm.idl
-- Installing: /home/xingyi/ros2_orca_leap/ros2_orca_leap_ws/install/leap_msgs/share/leap_msgs/msg/Bone.idl
-- Installing: /home/xingyi/ros2_orca_leap/ros2_orca_leap_ws/install/leap_msgs/share/leap_msgs/msg/Hand.msg
-- Installing: /home/xingyi/ros2_orca_leap/ros2_orca_leap_ws/install/leap_msgs/share/leap_msgs/msg/Hands.msg
-- Installing: /home/xingyi/ros2_orca_leap/ros2_orca_leap_ws/install/leap_msgs/share/leap_msgs/msg/Finger.msg
-- Installing: /home/xingyi/ros2_orca_leap/ros2_orca_leap_ws/install/leap_msgs/share/leap_msgs/msg/Arm.msg
-- Installing: /home/xingyi/ros2_orca_leap/ros2_orca_leap_ws/install/leap_msgs/share/leap_msgs/msg/Bone.msg
-- Installing: /home/xingyi/ros2_orca_leap/ros2_orca_leap_ws/install/leap_msgs/share/ament_index/resource_index/package_run_dependencies/leap_msgs
-- Installing: /home/xingyi/ros2_orca_leap/ros2_orca_leap_ws/install/leap_msgs/share/ament_index/resource_index/parent_prefix_path/leap_msgs
-- Installing: /home/xingyi/ros2_orca_leap/ros2_orca_leap_ws/install/leap_msgs/share/leap_msgs/environment/ament_prefix_path.sh
-- Installing: /home/xingyi/ros2_orca_leap/ros2_orca_leap_ws/install/leap_msgs/share/leap_msgs/environment/ament_prefix_path.dsv
-- Installing: /home/xingyi/ros2_orca_leap/ros2_orca_leap_ws/install/leap_msgs/share/leap_msgs/environment/path.sh
-- Installing: /home/xingyi/ros2_orca_leap/ros2_orca_leap_ws/install/leap_msgs/share/leap_msgs/environment/path.dsv
-- Installing: /home/xingyi/ros2_orca_leap/ros2_orca_leap_ws/install/leap_msgs/share/leap_msgs/local_setup.bash
-- Installing: /home/xingyi/ros2_orca_leap/ros2_orca_leap_ws/install/leap_msgs/share/leap_msgs/local_setup.sh
-- Installing: /home/xingyi/ros2_orca_leap/ros2_orca_leap_ws/install/leap_msgs/share/leap_msgs/local_setup.zsh
-- Installing: /home/xingyi/ros2_orca_leap/ros2_orca_leap_ws/install/leap_msgs/share/leap_msgs/local_setup.dsv
-- Installing: /home/xingyi/ros2_orca_leap/ros2_orca_leap_ws/install/leap_msgs/share/leap_msgs/package.dsv
-- Installing: /home/xingyi/ros2_orca_leap/ros2_orca_leap_ws/install/leap_msgs/share/ament_index/resource_index/packages/leap_msgs
-- Installing: /home/xingyi/ros2_orca_leap/ros2_orca_leap_ws/install/leap_msgs/share/leap_msgs/cmake/export_leap_msgs__rosidl_generator_cExport.cmake
-- Installing: /home/xingyi/ros2_orca_leap/ros2_orca_leap_ws/install/leap_msgs/share/leap_msgs/cmake/export_leap_msgs__rosidl_generator_cExport-noconfig.cmake
-- Installing: /home/xingyi/ros2_orca_leap/ros2_orca_leap_ws/install/leap_msgs/share/leap_msgs/cmake/export_leap_msgs__rosidl_typesupport_fastrtps_cExport.cmake
-- Installing: /home/xingyi/ros2_orca_leap/ros2_orca_leap_ws/install/leap_msgs/share/leap_msgs/cmake/export_leap_msgs__rosidl_typesupport_fastrtps_cExport-noconfig.cmake
-- Installing: /home/xingyi/ros2_orca_leap/ros2_orca_leap_ws/install/leap_msgs/share/leap_msgs/cmake/leap_msgs__rosidl_typesupport_introspection_cExport.cmake
-- Installing: /home/xingyi/ros2_orca_leap/ros2_orca_leap_ws/install/leap_msgs/share/leap_msgs/cmake/leap_msgs__rosidl_typesupport_introspection_cExport-noconfig.cmake
-- Installing: /home/xingyi/ros2_orca_leap/ros2_orca_leap_ws/install/leap_msgs/share/leap_msgs/cmake/leap_msgs__rosidl_typesupport_cExport.cmake
-- Installing: /home/xingyi/ros2_orca_leap/ros2_orca_leap_ws/install/leap_msgs/share/leap_msgs/cmake/leap_msgs__rosidl_typesupport_cExport-noconfig.cmake
-- Installing: /home/xingyi/ros2_orca_leap/ros2_orca_leap_ws/install/leap_msgs/share/leap_msgs/cmake/export_leap_msgs__rosidl_generator_cppExport.cmake
-- Installing: /home/xingyi/ros2_orca_leap/ros2_orca_leap_ws/install/leap_msgs/share/leap_msgs/cmake/export_leap_msgs__rosidl_typesupport_fastrtps_cppExport.cmake
-- Installing: /home/xingyi/ros2_orca_leap/ros2_orca_leap_ws/install/leap_msgs/share/leap_msgs/cmake/export_leap_msgs__rosidl_typesupport_fastrtps_cppExport-noconfig.cmake
-- Installing: /home/xingyi/ros2_orca_leap/ros2_orca_leap_ws/install/leap_msgs/share/leap_msgs/cmake/leap_msgs__rosidl_typesupport_introspection_cppExport.cmake
-- Installing: /home/xingyi/ros2_orca_leap/ros2_orca_leap_ws/install/leap_msgs/share/leap_msgs/cmake/leap_msgs__rosidl_typesupport_introspection_cppExport-noconfig.cmake
-- Installing: /home/xingyi/ros2_orca_leap/ros2_orca_leap_ws/install/leap_msgs/share/leap_msgs/cmake/leap_msgs__rosidl_typesupport_cppExport.cmake
-- Installing: /home/xingyi/ros2_orca_leap/ros2_orca_leap_ws/install/leap_msgs/share/leap_msgs/cmake/leap_msgs__rosidl_typesupport_cppExport-noconfig.cmake
-- Installing: /home/xingyi/ros2_orca_leap/ros2_orca_leap_ws/install/leap_msgs/share/leap_msgs/cmake/export_leap_msgs__rosidl_generator_pyExport.cmake
-- Installing: /home/xingyi/ros2_orca_leap/ros2_orca_leap_ws/install/leap_msgs/share/leap_msgs/cmake/export_leap_msgs__rosidl_generator_pyExport-noconfig.cmake
-- Installing: /home/xingyi/ros2_orca_leap/ros2_orca_leap_ws/install/leap_msgs/share/leap_msgs/cmake/rosidl_cmake-extras.cmake
-- Installing: /home/xingyi/ros2_orca_leap/ros2_orca_leap_ws/install/leap_msgs/share/leap_msgs/cmake/ament_cmake_export_dependencies-extras.cmake
-- Installing: /home/xingyi/ros2_orca_leap/ros2_orca_leap_ws/install/leap_msgs/share/leap_msgs/cmake/ament_cmake_export_include_directories-extras.cmake
-- Installing: /home/xingyi/ros2_orca_leap/ros2_orca_leap_ws/install/leap_msgs/share/leap_msgs/cmake/ament_cmake_export_libraries-extras.cmake
-- Installing: /home/xingyi/ros2_orca_leap/ros2_orca_leap_ws/install/leap_msgs/share/leap_msgs/cmake/ament_cmake_export_targets-extras.cmake
-- Installing: /home/xingyi/ros2_orca_leap/ros2_orca_leap_ws/install/leap_msgs/share/leap_msgs/cmake/rosidl_cmake_export_typesupport_targets-extras.cmake
-- Installing: /home/xingyi/ros2_orca_leap/ros2_orca_leap_ws/install/leap_msgs/share/leap_msgs/cmake/rosidl_cmake_export_typesupport_libraries-extras.cmake
-- Installing: /home/xingyi/ros2_orca_leap/ros2_orca_leap_ws/install/leap_msgs/share/leap_msgs/cmake/leap_msgsConfig.cmake
-- Installing: /home/xingyi/ros2_orca_leap/ros2_orca_leap_ws/install/leap_msgs/share/leap_msgs/cmake/leap_msgsConfig-version.cmake
-- Installing: /home/xingyi/ros2_orca_leap/ros2_orca_leap_ws/install/leap_msgs/share/leap_msgs/package.xml
