[0.016s] Invoking command in '/home/xingyi/ros2_orca_leap/ros2_orca_leap_ws/build/leap_msgs': CMAKE_PREFIX_PATH=${CMAKE_PREFIX_PATH}:/home/xingyi/ros2_orca_leap/ros2_orca_leap_ws/install/orcahand_controller:/home/xingyi/ros2_orca_leap/ros2_orca_leap_ws/install/orca_core:/home/xingyi/ros2_orca_leap/ros2_orca_leap_ws/install/ohrc_leap:/home/xingyi/ros2_orca_leap/ros2_orca_leap_ws/install/leap_node:/opt/ros/humble PS1=(leapc) VIRTUAL_ENV_PROMPT=(leapc) /usr/bin/cmake /home/xingyi/ros2_orca_leap/ros2_orca_leap_ws/src/leap_msgs -DPython3_EXECUTABLE=/home/xingyi/.venvs/leapc/bin/python -DPYTHON_EXECUTABLE=/home/xingyi/.venvs/leapc/bin/python -DCMAKE_INSTALL_PREFIX=/home/xingyi/ros2_orca_leap/ros2_orca_leap_ws/install/leap_msgs
[0.409s] -- The C compiler identification is GNU 11.4.0
[0.409s] -- The CXX compiler identification is GNU 11.4.0
[0.409s] -- Detecting C compiler ABI info
[0.409s] -- Detecting C compiler ABI info - done
[0.409s] -- Check for working C compiler: /usr/bin/cc - skipped
[0.409s] -- Detecting C compile features
[0.409s] -- Detecting C compile features - done
[0.409s] -- Detecting CXX compiler ABI info
[0.409s] -- Detecting CXX compiler ABI info - done
[0.409s] -- Check for working CXX compiler: /usr/bin/c++ - skipped
[0.409s] -- Detecting CXX compile features
[0.410s] -- Detecting CXX compile features - done
[0.410s] -- Found ament_cmake: 1.3.12 (/opt/ros/humble/share/ament_cmake/cmake)
[0.593s] -- Found Python3: /home/xingyi/.venvs/leapc/bin/python (found version "3.10.12") found components: Interpreter 
[0.656s] -- Found rosidl_default_generators: 1.2.0 (/opt/ros/humble/share/rosidl_default_generators/cmake)
[0.659s] -- Using all available rosidl_typesupport_c: rosidl_typesupport_fastrtps_c;rosidl_typesupport_introspection_c
[0.663s] -- Found rosidl_adapter: 3.1.7 (/opt/ros/humble/share/rosidl_adapter/cmake)
[0.684s] -- Using all available rosidl_typesupport_cpp: rosidl_typesupport_fastrtps_cpp;rosidl_typesupport_introspection_cpp
[0.700s] -- Found geometry_msgs: 4.9.0 (/opt/ros/humble/share/geometry_msgs/cmake)
[0.924s] -- Found ament_cmake_ros: 0.10.0 (/opt/ros/humble/share/ament_cmake_ros/cmake)
[1.081s] -- Using all available rosidl_typesupport_c: rosidl_typesupport_fastrtps_c;rosidl_typesupport_introspection_c
[1.284s] -- Using all available rosidl_typesupport_cpp: rosidl_typesupport_fastrtps_cpp;rosidl_typesupport_introspection_cpp
[1.301s] -- Found PythonInterp: /home/xingyi/.venvs/leapc/bin/python (found suitable version "3.10.12", minimum required is "3.6") 
[1.301s] -- Found python_cmake_module: 0.10.0 (/opt/ros/humble/share/python_cmake_module/cmake)
[1.316s] -- Found PythonLibs: /usr/lib/x86_64-linux-gnu/libpython3.10.so (found suitable version "3.10.12", minimum required is "3.5") 
[1.316s] -- Using PYTHON_EXECUTABLE: /home/xingyi/.venvs/leapc/bin/python
[1.316s] -- Using PYTHON_INCLUDE_DIRS: /usr/include/python3.10
[1.316s] -- Using PYTHON_LIBRARIES: /usr/lib/x86_64-linux-gnu/libpython3.10.so
[1.329s] -- Found PythonExtra: .so  
[1.368s] -- Configuring done
[1.389s] -- Generating done
[1.394s] -- Build files have been written to: /home/xingyi/ros2_orca_leap/ros2_orca_leap_ws/build/leap_msgs
[1.399s] Invoked command in '/home/xingyi/ros2_orca_leap/ros2_orca_leap_ws/build/leap_msgs' returned '0': CMAKE_PREFIX_PATH=${CMAKE_PREFIX_PATH}:/home/xingyi/ros2_orca_leap/ros2_orca_leap_ws/install/orcahand_controller:/home/xingyi/ros2_orca_leap/ros2_orca_leap_ws/install/orca_core:/home/xingyi/ros2_orca_leap/ros2_orca_leap_ws/install/ohrc_leap:/home/xingyi/ros2_orca_leap/ros2_orca_leap_ws/install/leap_node:/opt/ros/humble PS1=(leapc) VIRTUAL_ENV_PROMPT=(leapc) /usr/bin/cmake /home/xingyi/ros2_orca_leap/ros2_orca_leap_ws/src/leap_msgs -DPython3_EXECUTABLE=/home/xingyi/.venvs/leapc/bin/python -DPYTHON_EXECUTABLE=/home/xingyi/.venvs/leapc/bin/python -DCMAKE_INSTALL_PREFIX=/home/xingyi/ros2_orca_leap/ros2_orca_leap_ws/install/leap_msgs
[1.400s] Invoking command in '/home/xingyi/ros2_orca_leap/ros2_orca_leap_ws/build/leap_msgs': CMAKE_PREFIX_PATH=${CMAKE_PREFIX_PATH}:/home/xingyi/ros2_orca_leap/ros2_orca_leap_ws/install/orcahand_controller:/home/xingyi/ros2_orca_leap/ros2_orca_leap_ws/install/orca_core:/home/xingyi/ros2_orca_leap/ros2_orca_leap_ws/install/ohrc_leap:/home/xingyi/ros2_orca_leap/ros2_orca_leap_ws/install/leap_node:/opt/ros/humble PS1=(leapc) VIRTUAL_ENV_PROMPT=(leapc) /usr/bin/cmake --build /home/xingyi/ros2_orca_leap/ros2_orca_leap_ws/build/leap_msgs -- -j32 -l32
[1.428s] [  1%] [34m[1mGenerating C code for ROS interfaces[0m
[1.436s] [  3%] [34m[1mGenerating C++ code for ROS interfaces[0m
[1.438s] [  3%] Built target ament_cmake_python_copy_leap_msgs
[1.627s] running egg_info
[1.627s] creating leap_msgs.egg-info
[1.635s] writing leap_msgs.egg-info/PKG-INFO
[1.635s] writing dependency_links to leap_msgs.egg-info/dependency_links.txt
[1.635s] writing top-level names to leap_msgs.egg-info/top_level.txt
[1.635s] writing manifest file 'leap_msgs.egg-info/SOURCES.txt'
[1.658s] reading manifest file 'leap_msgs.egg-info/SOURCES.txt'
[1.658s] writing manifest file 'leap_msgs.egg-info/SOURCES.txt'
[1.681s] [  3%] Built target ament_cmake_python_build_leap_msgs_egg
[1.761s] [  3%] Built target leap_msgs__cpp
[1.764s] [  7%] [32mBuilding C object CMakeFiles/leap_msgs__rosidl_generator_c.dir/rosidl_generator_c/leap_msgs/msg/detail/hands__functions.c.o[0m
[1.764s] [  7%] [32mBuilding C object CMakeFiles/leap_msgs__rosidl_generator_c.dir/rosidl_generator_c/leap_msgs/msg/detail/arm__functions.c.o[0m
[1.764s] [  7%] [32mBuilding C object CMakeFiles/leap_msgs__rosidl_generator_c.dir/rosidl_generator_c/leap_msgs/msg/detail/finger__functions.c.o[0m
[1.764s] [  9%] [32mBuilding C object CMakeFiles/leap_msgs__rosidl_generator_c.dir/rosidl_generator_c/leap_msgs/msg/detail/bone__functions.c.o[0m
[1.764s] [ 11%] [32mBuilding C object CMakeFiles/leap_msgs__rosidl_generator_c.dir/rosidl_generator_c/leap_msgs/msg/detail/hand__functions.c.o[0m
[1.768s] [ 14%] [34m[1mGenerating C++ introspection for ROS interfaces[0m
[1.768s] [ 14%] [34m[1mGenerating C++ type support for eProsima Fast-RTPS[0m
[1.768s] [ 15%] [34m[1mGenerating C++ type support dispatch for ROS interfaces[0m
[1.796s] [ 17%] [32m[1mLinking C shared library libleap_msgs__rosidl_generator_c.so[0m
[1.821s] [ 17%] Built target leap_msgs__rosidl_generator_c
[1.829s] [ 19%] [34m[1mGenerating C type support dispatch for ROS interfaces[0m
[1.830s] [ 20%] [34m[1mGenerating C introspection for ROS interfaces[0m
[1.830s] [ 22%] [34m[1mGenerating C type support for eProsima Fast-RTPS[0m
[2.050s] [ 23%] [32mBuilding CXX object CMakeFiles/leap_msgs__rosidl_typesupport_cpp.dir/rosidl_typesupport_cpp/leap_msgs/msg/bone__type_support.cpp.o[0m
[2.050s] [ 25%] [32mBuilding CXX object CMakeFiles/leap_msgs__rosidl_typesupport_cpp.dir/rosidl_typesupport_cpp/leap_msgs/msg/hand__type_support.cpp.o[0m
[2.050s] [ 28%] [32mBuilding CXX object CMakeFiles/leap_msgs__rosidl_typesupport_cpp.dir/rosidl_typesupport_cpp/leap_msgs/msg/hands__type_support.cpp.o[0m
[2.050s] [ 28%] [32mBuilding CXX object CMakeFiles/leap_msgs__rosidl_typesupport_cpp.dir/rosidl_typesupport_cpp/leap_msgs/msg/arm__type_support.cpp.o[0m
[2.050s] [ 30%] [32mBuilding CXX object CMakeFiles/leap_msgs__rosidl_typesupport_cpp.dir/rosidl_typesupport_cpp/leap_msgs/msg/finger__type_support.cpp.o[0m
[2.098s] [ 38%] [32mBuilding CXX object CMakeFiles/leap_msgs__rosidl_typesupport_introspection_cpp.dir/rosidl_typesupport_introspection_cpp/leap_msgs/msg/detail/hands__type_support.cpp.o[0m
[2.098s] [ 38%] [32mBuilding CXX object CMakeFiles/leap_msgs__rosidl_typesupport_introspection_cpp.dir/rosidl_typesupport_introspection_cpp/leap_msgs/msg/detail/arm__type_support.cpp.o[0m
[2.098s] [ 38%] [32mBuilding CXX object CMakeFiles/leap_msgs__rosidl_typesupport_introspection_cpp.dir/rosidl_typesupport_introspection_cpp/leap_msgs/msg/detail/bone__type_support.cpp.o[0m
[2.098s] [ 38%] [32mBuilding CXX object CMakeFiles/leap_msgs__rosidl_typesupport_introspection_cpp.dir/rosidl_typesupport_introspection_cpp/leap_msgs/msg/detail/hand__type_support.cpp.o[0m
[2.098s] [ 38%] [32mBuilding CXX object CMakeFiles/leap_msgs__rosidl_typesupport_introspection_cpp.dir/rosidl_typesupport_introspection_cpp/leap_msgs/msg/detail/finger__type_support.cpp.o[0m
[2.122s] [ 39%] [32mBuilding CXX object CMakeFiles/leap_msgs__rosidl_typesupport_c.dir/rosidl_typesupport_c/leap_msgs/msg/finger__type_support.cpp.o[0m
[2.123s] [ 41%] [32mBuilding CXX object CMakeFiles/leap_msgs__rosidl_typesupport_c.dir/rosidl_typesupport_c/leap_msgs/msg/bone__type_support.cpp.o[0m
[2.124s] [ 42%] [32mBuilding CXX object CMakeFiles/leap_msgs__rosidl_typesupport_c.dir/rosidl_typesupport_c/leap_msgs/msg/hands__type_support.cpp.o[0m
[2.124s] [ 44%] [32mBuilding CXX object CMakeFiles/leap_msgs__rosidl_typesupport_c.dir/rosidl_typesupport_c/leap_msgs/msg/arm__type_support.cpp.o[0m
[2.124s] [ 46%] [32mBuilding CXX object CMakeFiles/leap_msgs__rosidl_typesupport_c.dir/rosidl_typesupport_c/leap_msgs/msg/hand__type_support.cpp.o[0m
[2.149s] [ 47%] [32m[1mLinking CXX shared library libleap_msgs__rosidl_typesupport_c.so[0m
[2.170s] [ 49%] [32mBuilding CXX object CMakeFiles/leap_msgs__rosidl_typesupport_fastrtps_c.dir/rosidl_typesupport_fastrtps_c/leap_msgs/msg/detail/hands__type_support_c.cpp.o[0m
[2.171s] [ 50%] [32mBuilding CXX object CMakeFiles/leap_msgs__rosidl_typesupport_fastrtps_c.dir/rosidl_typesupport_fastrtps_c/leap_msgs/msg/detail/hand__type_support_c.cpp.o[0m
[2.171s] [ 52%] [32mBuilding CXX object CMakeFiles/leap_msgs__rosidl_typesupport_fastrtps_c.dir/rosidl_typesupport_fastrtps_c/leap_msgs/msg/detail/finger__type_support_c.cpp.o[0m
[2.171s] [ 53%] [32mBuilding CXX object CMakeFiles/leap_msgs__rosidl_typesupport_fastrtps_c.dir/rosidl_typesupport_fastrtps_c/leap_msgs/msg/detail/arm__type_support_c.cpp.o[0m
[2.171s] [ 55%] [32mBuilding CXX object CMakeFiles/leap_msgs__rosidl_typesupport_fastrtps_c.dir/rosidl_typesupport_fastrtps_c/leap_msgs/msg/detail/bone__type_support_c.cpp.o[0m
[2.184s] [ 55%] Built target leap_msgs__rosidl_typesupport_c
[2.223s] [ 57%] [32mBuilding C object CMakeFiles/leap_msgs__rosidl_typesupport_introspection_c.dir/rosidl_typesupport_introspection_c/leap_msgs/msg/detail/hand__type_support.c.o[0m
[2.223s] [ 58%] [32mBuilding C object CMakeFiles/leap_msgs__rosidl_typesupport_introspection_c.dir/rosidl_typesupport_introspection_c/leap_msgs/msg/detail/hands__type_support.c.o[0m
[2.223s] [ 61%] [32mBuilding C object CMakeFiles/leap_msgs__rosidl_typesupport_introspection_c.dir/rosidl_typesupport_introspection_c/leap_msgs/msg/detail/finger__type_support.c.o[0m
[2.223s] [ 61%] [32mBuilding C object CMakeFiles/leap_msgs__rosidl_typesupport_introspection_c.dir/rosidl_typesupport_introspection_c/leap_msgs/msg/detail/arm__type_support.c.o[0m
[2.225s] [ 63%] [32mBuilding C object CMakeFiles/leap_msgs__rosidl_typesupport_introspection_c.dir/rosidl_typesupport_introspection_c/leap_msgs/msg/detail/bone__type_support.c.o[0m
[2.229s] [ 65%] [32mBuilding CXX object CMakeFiles/leap_msgs__rosidl_typesupport_fastrtps_cpp.dir/rosidl_typesupport_fastrtps_cpp/leap_msgs/msg/detail/dds_fastrtps/finger__type_support.cpp.o[0m
[2.230s] [ 69%] [32mBuilding CXX object CMakeFiles/leap_msgs__rosidl_typesupport_fastrtps_cpp.dir/rosidl_typesupport_fastrtps_cpp/leap_msgs/msg/detail/dds_fastrtps/hand__type_support.cpp.o[0m
[2.230s] [ 69%] [32mBuilding CXX object CMakeFiles/leap_msgs__rosidl_typesupport_fastrtps_cpp.dir/rosidl_typesupport_fastrtps_cpp/leap_msgs/msg/detail/dds_fastrtps/hands__type_support.cpp.o[0m
[2.231s] [ 69%] [32mBuilding CXX object CMakeFiles/leap_msgs__rosidl_typesupport_fastrtps_cpp.dir/rosidl_typesupport_fastrtps_cpp/leap_msgs/msg/detail/dds_fastrtps/arm__type_support.cpp.o[0m
[2.231s] [ 71%] [32mBuilding CXX object CMakeFiles/leap_msgs__rosidl_typesupport_fastrtps_cpp.dir/rosidl_typesupport_fastrtps_cpp/leap_msgs/msg/detail/dds_fastrtps/bone__type_support.cpp.o[0m
[2.258s] [ 73%] [32m[1mLinking C shared library libleap_msgs__rosidl_typesupport_introspection_c.so[0m
[2.265s] [ 74%] [32m[1mLinking CXX shared library libleap_msgs__rosidl_typesupport_cpp.so[0m
[2.278s] [ 74%] Built target leap_msgs__rosidl_typesupport_introspection_c
[2.294s] [ 74%] Built target leap_msgs__rosidl_typesupport_cpp
[2.408s] [ 76%] [32m[1mLinking CXX shared library libleap_msgs__rosidl_typesupport_fastrtps_c.so[0m
[2.455s] [ 76%] Built target leap_msgs__rosidl_typesupport_fastrtps_c
[2.495s] [ 77%] [32m[1mLinking CXX shared library libleap_msgs__rosidl_typesupport_introspection_cpp.so[0m
[2.543s] [ 77%] Built target leap_msgs__rosidl_typesupport_introspection_cpp
[2.566s] [ 79%] [32m[1mLinking CXX shared library libleap_msgs__rosidl_typesupport_fastrtps_cpp.so[0m
[2.613s] [ 79%] Built target leap_msgs__rosidl_typesupport_fastrtps_cpp
[2.625s] [ 79%] Built target leap_msgs
[2.639s] [ 80%] [34m[1mGenerating Python code for ROS interfaces[0m
[3.204s] [ 80%] Built target leap_msgs__py
[3.216s] [ 82%] [32mBuilding C object CMakeFiles/leap_msgs__rosidl_generator_py.dir/rosidl_generator_py/leap_msgs/msg/_hand_s.c.o[0m
[3.218s] [ 84%] [32mBuilding C object CMakeFiles/leap_msgs__rosidl_generator_py.dir/rosidl_generator_py/leap_msgs/msg/_bone_s.c.o[0m
[3.218s] [ 85%] [32mBuilding C object CMakeFiles/leap_msgs__rosidl_generator_py.dir/rosidl_generator_py/leap_msgs/msg/_hands_s.c.o[0m
[3.218s] [ 87%] [32mBuilding C object CMakeFiles/leap_msgs__rosidl_generator_py.dir/rosidl_generator_py/leap_msgs/msg/_finger_s.c.o[0m
[3.219s] [ 88%] [32mBuilding C object CMakeFiles/leap_msgs__rosidl_generator_py.dir/rosidl_generator_py/leap_msgs/msg/_arm_s.c.o[0m
[3.295s] [ 90%] [32m[1mLinking C shared library rosidl_generator_py/leap_msgs/libleap_msgs__rosidl_generator_py.so[0m
[3.323s] [ 90%] Built target leap_msgs__rosidl_generator_py
[3.336s] [ 95%] [32mBuilding C object CMakeFiles/leap_msgs__rosidl_typesupport_c__pyext.dir/rosidl_generator_py/leap_msgs/_leap_msgs_s.ep.rosidl_typesupport_c.c.o[0m
[3.336s] [ 95%] [32mBuilding C object CMakeFiles/leap_msgs__rosidl_typesupport_fastrtps_c__pyext.dir/rosidl_generator_py/leap_msgs/_leap_msgs_s.ep.rosidl_typesupport_fastrtps_c.c.o[0m
[3.337s] [ 95%] [32mBuilding C object CMakeFiles/leap_msgs__rosidl_typesupport_introspection_c__pyext.dir/rosidl_generator_py/leap_msgs/_leap_msgs_s.ep.rosidl_typesupport_introspection_c.c.o[0m
[3.393s] [ 96%] [32m[1mLinking C shared library rosidl_generator_py/leap_msgs/leap_msgs_s__rosidl_typesupport_c.cpython-310-x86_64-linux-gnu.so[0m
[3.399s] [ 98%] [32m[1mLinking C shared library rosidl_generator_py/leap_msgs/leap_msgs_s__rosidl_typesupport_fastrtps_c.cpython-310-x86_64-linux-gnu.so[0m
[3.412s] [100%] [32m[1mLinking C shared library rosidl_generator_py/leap_msgs/leap_msgs_s__rosidl_typesupport_introspection_c.cpython-310-x86_64-linux-gnu.so[0m
[3.417s] [100%] Built target leap_msgs__rosidl_typesupport_c__pyext
[3.426s] [100%] Built target leap_msgs__rosidl_typesupport_fastrtps_c__pyext
[3.438s] [100%] Built target leap_msgs__rosidl_typesupport_introspection_c__pyext
[3.448s] Invoked command in '/home/xingyi/ros2_orca_leap/ros2_orca_leap_ws/build/leap_msgs' returned '0': CMAKE_PREFIX_PATH=${CMAKE_PREFIX_PATH}:/home/xingyi/ros2_orca_leap/ros2_orca_leap_ws/install/orcahand_controller:/home/xingyi/ros2_orca_leap/ros2_orca_leap_ws/install/orca_core:/home/xingyi/ros2_orca_leap/ros2_orca_leap_ws/install/ohrc_leap:/home/xingyi/ros2_orca_leap/ros2_orca_leap_ws/install/leap_node:/opt/ros/humble PS1=(leapc) VIRTUAL_ENV_PROMPT=(leapc) /usr/bin/cmake --build /home/xingyi/ros2_orca_leap/ros2_orca_leap_ws/build/leap_msgs -- -j32 -l32
[3.449s] Invoking command in '/home/xingyi/ros2_orca_leap/ros2_orca_leap_ws/build/leap_msgs': CMAKE_PREFIX_PATH=${CMAKE_PREFIX_PATH}:/home/xingyi/ros2_orca_leap/ros2_orca_leap_ws/install/orcahand_controller:/home/xingyi/ros2_orca_leap/ros2_orca_leap_ws/install/orca_core:/home/xingyi/ros2_orca_leap/ros2_orca_leap_ws/install/ohrc_leap:/home/xingyi/ros2_orca_leap/ros2_orca_leap_ws/install/leap_node:/opt/ros/humble PS1=(leapc) VIRTUAL_ENV_PROMPT=(leapc) /usr/bin/cmake --install /home/xingyi/ros2_orca_leap/ros2_orca_leap_ws/build/leap_msgs
[3.452s] -- Install configuration: ""
[3.452s] -- Installing: /home/xingyi/ros2_orca_leap/ros2_orca_leap_ws/install/leap_msgs/share/ament_index/resource_index/rosidl_interfaces/leap_msgs
[3.452s] -- Installing: /home/xingyi/ros2_orca_leap/ros2_orca_leap_ws/install/leap_msgs/include/leap_msgs/leap_msgs
[3.452s] -- Installing: /home/xingyi/ros2_orca_leap/ros2_orca_leap_ws/install/leap_msgs/include/leap_msgs/leap_msgs/msg
[3.452s] -- Installing: /home/xingyi/ros2_orca_leap/ros2_orca_leap_ws/install/leap_msgs/include/leap_msgs/leap_msgs/msg/hand.h
[3.452s] -- Installing: /home/xingyi/ros2_orca_leap/ros2_orca_leap_ws/install/leap_msgs/include/leap_msgs/leap_msgs/msg/bone.h
[3.452s] -- Installing: /home/xingyi/ros2_orca_leap/ros2_orca_leap_ws/install/leap_msgs/include/leap_msgs/leap_msgs/msg/rosidl_generator_c__visibility_control.h
[3.452s] -- Installing: /home/xingyi/ros2_orca_leap/ros2_orca_leap_ws/install/leap_msgs/include/leap_msgs/leap_msgs/msg/detail
[3.452s] -- Installing: /home/xingyi/ros2_orca_leap/ros2_orca_leap_ws/install/leap_msgs/include/leap_msgs/leap_msgs/msg/detail/bone__type_support.h
[3.452s] -- Installing: /home/xingyi/ros2_orca_leap/ros2_orca_leap_ws/install/leap_msgs/include/leap_msgs/leap_msgs/msg/detail/arm__functions.h
[3.452s] -- Installing: /home/xingyi/ros2_orca_leap/ros2_orca_leap_ws/install/leap_msgs/include/leap_msgs/leap_msgs/msg/detail/finger__type_support.h
[3.453s] -- Installing: /home/xingyi/ros2_orca_leap/ros2_orca_leap_ws/install/leap_msgs/include/leap_msgs/leap_msgs/msg/detail/hands__functions.c
[3.453s] -- Installing: /home/xingyi/ros2_orca_leap/ros2_orca_leap_ws/install/leap_msgs/include/leap_msgs/leap_msgs/msg/detail/bone__struct.h
[3.453s] -- Installing: /home/xingyi/ros2_orca_leap/ros2_orca_leap_ws/install/leap_msgs/include/leap_msgs/leap_msgs/msg/detail/finger__functions.c
[3.453s] -- Installing: /home/xingyi/ros2_orca_leap/ros2_orca_leap_ws/install/leap_msgs/include/leap_msgs/leap_msgs/msg/detail/hand__functions.c
[3.453s] -- Installing: /home/xingyi/ros2_orca_leap/ros2_orca_leap_ws/install/leap_msgs/include/leap_msgs/leap_msgs/msg/detail/arm__struct.h
[3.453s] -- Installing: /home/xingyi/ros2_orca_leap/ros2_orca_leap_ws/install/leap_msgs/include/leap_msgs/leap_msgs/msg/detail/finger__functions.h
[3.453s] -- Installing: /home/xingyi/ros2_orca_leap/ros2_orca_leap_ws/install/leap_msgs/include/leap_msgs/leap_msgs/msg/detail/arm__type_support.h
[3.453s] -- Installing: /home/xingyi/ros2_orca_leap/ros2_orca_leap_ws/install/leap_msgs/include/leap_msgs/leap_msgs/msg/detail/arm__functions.c
[3.453s] -- Installing: /home/xingyi/ros2_orca_leap/ros2_orca_leap_ws/install/leap_msgs/include/leap_msgs/leap_msgs/msg/detail/hand__struct.h
[3.453s] -- Installing: /home/xingyi/ros2_orca_leap/ros2_orca_leap_ws/install/leap_msgs/include/leap_msgs/leap_msgs/msg/detail/hand__functions.h
[3.453s] -- Installing: /home/xingyi/ros2_orca_leap/ros2_orca_leap_ws/install/leap_msgs/include/leap_msgs/leap_msgs/msg/detail/hands__functions.h
[3.453s] -- Installing: /home/xingyi/ros2_orca_leap/ros2_orca_leap_ws/install/leap_msgs/include/leap_msgs/leap_msgs/msg/detail/bone__functions.h
[3.453s] -- Installing: /home/xingyi/ros2_orca_leap/ros2_orca_leap_ws/install/leap_msgs/include/leap_msgs/leap_msgs/msg/detail/bone__functions.c
[3.453s] -- Installing: /home/xingyi/ros2_orca_leap/ros2_orca_leap_ws/install/leap_msgs/include/leap_msgs/leap_msgs/msg/detail/finger__struct.h
[3.453s] -- Installing: /home/xingyi/ros2_orca_leap/ros2_orca_leap_ws/install/leap_msgs/include/leap_msgs/leap_msgs/msg/detail/hand__type_support.h
[3.453s] -- Installing: /home/xingyi/ros2_orca_leap/ros2_orca_leap_ws/install/leap_msgs/include/leap_msgs/leap_msgs/msg/detail/hands__type_support.h
[3.453s] -- Installing: /home/xingyi/ros2_orca_leap/ros2_orca_leap_ws/install/leap_msgs/include/leap_msgs/leap_msgs/msg/detail/hands__struct.h
[3.453s] -- Installing: /home/xingyi/ros2_orca_leap/ros2_orca_leap_ws/install/leap_msgs/include/leap_msgs/leap_msgs/msg/finger.h
[3.454s] -- Installing: /home/xingyi/ros2_orca_leap/ros2_orca_leap_ws/install/leap_msgs/include/leap_msgs/leap_msgs/msg/hands.h
[3.454s] -- Installing: /home/xingyi/ros2_orca_leap/ros2_orca_leap_ws/install/leap_msgs/include/leap_msgs/leap_msgs/msg/arm.h
[3.454s] -- Installing: /home/xingyi/ros2_orca_leap/ros2_orca_leap_ws/install/leap_msgs/share/leap_msgs/environment/library_path.sh
[3.454s] -- Installing: /home/xingyi/ros2_orca_leap/ros2_orca_leap_ws/install/leap_msgs/share/leap_msgs/environment/library_path.dsv
[3.454s] -- Installing: /home/xingyi/ros2_orca_leap/ros2_orca_leap_ws/install/leap_msgs/lib/libleap_msgs__rosidl_generator_c.so
[3.454s] -- Set runtime path of "/home/xingyi/ros2_orca_leap/ros2_orca_leap_ws/install/leap_msgs/lib/libleap_msgs__rosidl_generator_c.so" to ""
[3.454s] -- Up-to-date: /home/xingyi/ros2_orca_leap/ros2_orca_leap_ws/install/leap_msgs/include/leap_msgs/leap_msgs
[3.454s] -- Up-to-date: /home/xingyi/ros2_orca_leap/ros2_orca_leap_ws/install/leap_msgs/include/leap_msgs/leap_msgs/msg
[3.454s] -- Installing: /home/xingyi/ros2_orca_leap/ros2_orca_leap_ws/install/leap_msgs/include/leap_msgs/leap_msgs/msg/rosidl_typesupport_fastrtps_c__visibility_control.h
[3.454s] -- Up-to-date: /home/xingyi/ros2_orca_leap/ros2_orca_leap_ws/install/leap_msgs/include/leap_msgs/leap_msgs/msg/detail
[3.454s] -- Installing: /home/xingyi/ros2_orca_leap/ros2_orca_leap_ws/install/leap_msgs/include/leap_msgs/leap_msgs/msg/detail/hands__rosidl_typesupport_fastrtps_c.h
[3.454s] -- Installing: /home/xingyi/ros2_orca_leap/ros2_orca_leap_ws/install/leap_msgs/include/leap_msgs/leap_msgs/msg/detail/finger__rosidl_typesupport_fastrtps_c.h
[3.454s] -- Installing: /home/xingyi/ros2_orca_leap/ros2_orca_leap_ws/install/leap_msgs/include/leap_msgs/leap_msgs/msg/detail/arm__rosidl_typesupport_fastrtps_c.h
[3.454s] -- Installing: /home/xingyi/ros2_orca_leap/ros2_orca_leap_ws/install/leap_msgs/include/leap_msgs/leap_msgs/msg/detail/hand__rosidl_typesupport_fastrtps_c.h
[3.454s] -- Installing: /home/xingyi/ros2_orca_leap/ros2_orca_leap_ws/install/leap_msgs/include/leap_msgs/leap_msgs/msg/detail/bone__rosidl_typesupport_fastrtps_c.h
[3.454s] -- Installing: /home/xingyi/ros2_orca_leap/ros2_orca_leap_ws/install/leap_msgs/lib/libleap_msgs__rosidl_typesupport_fastrtps_c.so
[3.454s] -- Set runtime path of "/home/xingyi/ros2_orca_leap/ros2_orca_leap_ws/install/leap_msgs/lib/libleap_msgs__rosidl_typesupport_fastrtps_c.so" to ""
[3.454s] -- Up-to-date: /home/xingyi/ros2_orca_leap/ros2_orca_leap_ws/install/leap_msgs/include/leap_msgs/leap_msgs
[3.454s] -- Up-to-date: /home/xingyi/ros2_orca_leap/ros2_orca_leap_ws/install/leap_msgs/include/leap_msgs/leap_msgs/msg
[3.455s] -- Installing: /home/xingyi/ros2_orca_leap/ros2_orca_leap_ws/install/leap_msgs/include/leap_msgs/leap_msgs/msg/rosidl_typesupport_introspection_c__visibility_control.h
[3.455s] -- Up-to-date: /home/xingyi/ros2_orca_leap/ros2_orca_leap_ws/install/leap_msgs/include/leap_msgs/leap_msgs/msg/detail
[3.455s] -- Installing: /home/xingyi/ros2_orca_leap/ros2_orca_leap_ws/install/leap_msgs/include/leap_msgs/leap_msgs/msg/detail/finger__rosidl_typesupport_introspection_c.h
[3.455s] -- Installing: /home/xingyi/ros2_orca_leap/ros2_orca_leap_ws/install/leap_msgs/include/leap_msgs/leap_msgs/msg/detail/bone__rosidl_typesupport_introspection_c.h
[3.455s] -- Installing: /home/xingyi/ros2_orca_leap/ros2_orca_leap_ws/install/leap_msgs/include/leap_msgs/leap_msgs/msg/detail/hand__rosidl_typesupport_introspection_c.h
[3.455s] -- Installing: /home/xingyi/ros2_orca_leap/ros2_orca_leap_ws/install/leap_msgs/include/leap_msgs/leap_msgs/msg/detail/hands__type_support.c
[3.455s] -- Installing: /home/xingyi/ros2_orca_leap/ros2_orca_leap_ws/install/leap_msgs/include/leap_msgs/leap_msgs/msg/detail/bone__type_support.c
[3.455s] -- Installing: /home/xingyi/ros2_orca_leap/ros2_orca_leap_ws/install/leap_msgs/include/leap_msgs/leap_msgs/msg/detail/hand__type_support.c
[3.455s] -- Installing: /home/xingyi/ros2_orca_leap/ros2_orca_leap_ws/install/leap_msgs/include/leap_msgs/leap_msgs/msg/detail/hands__rosidl_typesupport_introspection_c.h
[3.455s] -- Installing: /home/xingyi/ros2_orca_leap/ros2_orca_leap_ws/install/leap_msgs/include/leap_msgs/leap_msgs/msg/detail/arm__type_support.c
[3.455s] -- Installing: /home/xingyi/ros2_orca_leap/ros2_orca_leap_ws/install/leap_msgs/include/leap_msgs/leap_msgs/msg/detail/finger__type_support.c
[3.455s] -- Installing: /home/xingyi/ros2_orca_leap/ros2_orca_leap_ws/install/leap_msgs/include/leap_msgs/leap_msgs/msg/detail/arm__rosidl_typesupport_introspection_c.h
[3.455s] -- Installing: /home/xingyi/ros2_orca_leap/ros2_orca_leap_ws/install/leap_msgs/lib/libleap_msgs__rosidl_typesupport_introspection_c.so
[3.455s] -- Set runtime path of "/home/xingyi/ros2_orca_leap/ros2_orca_leap_ws/install/leap_msgs/lib/libleap_msgs__rosidl_typesupport_introspection_c.so" to ""
[3.455s] -- Installing: /home/xingyi/ros2_orca_leap/ros2_orca_leap_ws/install/leap_msgs/lib/libleap_msgs__rosidl_typesupport_c.so
[3.455s] -- Set runtime path of "/home/xingyi/ros2_orca_leap/ros2_orca_leap_ws/install/leap_msgs/lib/libleap_msgs__rosidl_typesupport_c.so" to ""
[3.455s] -- Up-to-date: /home/xingyi/ros2_orca_leap/ros2_orca_leap_ws/install/leap_msgs/include/leap_msgs/leap_msgs
[3.455s] -- Up-to-date: /home/xingyi/ros2_orca_leap/ros2_orca_leap_ws/install/leap_msgs/include/leap_msgs/leap_msgs/msg
[3.455s] -- Installing: /home/xingyi/ros2_orca_leap/ros2_orca_leap_ws/install/leap_msgs/include/leap_msgs/leap_msgs/msg/hand.hpp
[3.455s] -- Installing: /home/xingyi/ros2_orca_leap/ros2_orca_leap_ws/install/leap_msgs/include/leap_msgs/leap_msgs/msg/hands.hpp
[3.455s] -- Installing: /home/xingyi/ros2_orca_leap/ros2_orca_leap_ws/install/leap_msgs/include/leap_msgs/leap_msgs/msg/rosidl_generator_cpp__visibility_control.hpp
[3.455s] -- Up-to-date: /home/xingyi/ros2_orca_leap/ros2_orca_leap_ws/install/leap_msgs/include/leap_msgs/leap_msgs/msg/detail
[3.455s] -- Installing: /home/xingyi/ros2_orca_leap/ros2_orca_leap_ws/install/leap_msgs/include/leap_msgs/leap_msgs/msg/detail/arm__builder.hpp
[3.455s] -- Installing: /home/xingyi/ros2_orca_leap/ros2_orca_leap_ws/install/leap_msgs/include/leap_msgs/leap_msgs/msg/detail/finger__struct.hpp
[3.456s] -- Installing: /home/xingyi/ros2_orca_leap/ros2_orca_leap_ws/install/leap_msgs/include/leap_msgs/leap_msgs/msg/detail/hand__type_support.hpp
[3.456s] -- Installing: /home/xingyi/ros2_orca_leap/ros2_orca_leap_ws/install/leap_msgs/include/leap_msgs/leap_msgs/msg/detail/hands__type_support.hpp
[3.456s] -- Installing: /home/xingyi/ros2_orca_leap/ros2_orca_leap_ws/install/leap_msgs/include/leap_msgs/leap_msgs/msg/detail/hands__builder.hpp
[3.456s] -- Installing: /home/xingyi/ros2_orca_leap/ros2_orca_leap_ws/install/leap_msgs/include/leap_msgs/leap_msgs/msg/detail/hands__struct.hpp
[3.456s] -- Installing: /home/xingyi/ros2_orca_leap/ros2_orca_leap_ws/install/leap_msgs/include/leap_msgs/leap_msgs/msg/detail/finger__builder.hpp
[3.456s] -- Installing: /home/xingyi/ros2_orca_leap/ros2_orca_leap_ws/install/leap_msgs/include/leap_msgs/leap_msgs/msg/detail/bone__traits.hpp
[3.456s] -- Installing: /home/xingyi/ros2_orca_leap/ros2_orca_leap_ws/install/leap_msgs/include/leap_msgs/leap_msgs/msg/detail/hands__traits.hpp
[3.456s] -- Installing: /home/xingyi/ros2_orca_leap/ros2_orca_leap_ws/install/leap_msgs/include/leap_msgs/leap_msgs/msg/detail/finger__traits.hpp
[3.456s] -- Installing: /home/xingyi/ros2_orca_leap/ros2_orca_leap_ws/install/leap_msgs/include/leap_msgs/leap_msgs/msg/detail/bone__type_support.hpp
[3.456s] -- Installing: /home/xingyi/ros2_orca_leap/ros2_orca_leap_ws/install/leap_msgs/include/leap_msgs/leap_msgs/msg/detail/finger__type_support.hpp
[3.456s] -- Installing: /home/xingyi/ros2_orca_leap/ros2_orca_leap_ws/install/leap_msgs/include/leap_msgs/leap_msgs/msg/detail/bone__builder.hpp
[3.456s] -- Installing: /home/xingyi/ros2_orca_leap/ros2_orca_leap_ws/install/leap_msgs/include/leap_msgs/leap_msgs/msg/detail/arm__traits.hpp
[3.456s] -- Installing: /home/xingyi/ros2_orca_leap/ros2_orca_leap_ws/install/leap_msgs/include/leap_msgs/leap_msgs/msg/detail/hand__traits.hpp
[3.456s] -- Installing: /home/xingyi/ros2_orca_leap/ros2_orca_leap_ws/install/leap_msgs/include/leap_msgs/leap_msgs/msg/detail/hand__builder.hpp
[3.456s] -- Installing: /home/xingyi/ros2_orca_leap/ros2_orca_leap_ws/install/leap_msgs/include/leap_msgs/leap_msgs/msg/detail/arm__type_support.hpp
[3.456s] -- Installing: /home/xingyi/ros2_orca_leap/ros2_orca_leap_ws/install/leap_msgs/include/leap_msgs/leap_msgs/msg/detail/hand__struct.hpp
[3.456s] -- Installing: /home/xingyi/ros2_orca_leap/ros2_orca_leap_ws/install/leap_msgs/include/leap_msgs/leap_msgs/msg/detail/bone__struct.hpp
[3.456s] -- Installing: /home/xingyi/ros2_orca_leap/ros2_orca_leap_ws/install/leap_msgs/include/leap_msgs/leap_msgs/msg/detail/arm__struct.hpp
[3.456s] -- Installing: /home/xingyi/ros2_orca_leap/ros2_orca_leap_ws/install/leap_msgs/include/leap_msgs/leap_msgs/msg/finger.hpp
[3.456s] -- Installing: /home/xingyi/ros2_orca_leap/ros2_orca_leap_ws/install/leap_msgs/include/leap_msgs/leap_msgs/msg/arm.hpp
[3.456s] -- Installing: /home/xingyi/ros2_orca_leap/ros2_orca_leap_ws/install/leap_msgs/include/leap_msgs/leap_msgs/msg/bone.hpp
[3.456s] -- Up-to-date: /home/xingyi/ros2_orca_leap/ros2_orca_leap_ws/install/leap_msgs/include/leap_msgs/leap_msgs
[3.456s] -- Up-to-date: /home/xingyi/ros2_orca_leap/ros2_orca_leap_ws/install/leap_msgs/include/leap_msgs/leap_msgs/msg
[3.456s] -- Installing: /home/xingyi/ros2_orca_leap/ros2_orca_leap_ws/install/leap_msgs/include/leap_msgs/leap_msgs/msg/rosidl_typesupport_fastrtps_cpp__visibility_control.h
[3.456s] -- Up-to-date: /home/xingyi/ros2_orca_leap/ros2_orca_leap_ws/install/leap_msgs/include/leap_msgs/leap_msgs/msg/detail
[3.456s] -- Installing: /home/xingyi/ros2_orca_leap/ros2_orca_leap_ws/install/leap_msgs/include/leap_msgs/leap_msgs/msg/detail/dds_fastrtps
[3.456s] -- Installing: /home/xingyi/ros2_orca_leap/ros2_orca_leap_ws/install/leap_msgs/include/leap_msgs/leap_msgs/msg/detail/hand__rosidl_typesupport_fastrtps_cpp.hpp
[3.456s] -- Installing: /home/xingyi/ros2_orca_leap/ros2_orca_leap_ws/install/leap_msgs/include/leap_msgs/leap_msgs/msg/detail/bone__rosidl_typesupport_fastrtps_cpp.hpp
[3.456s] -- Installing: /home/xingyi/ros2_orca_leap/ros2_orca_leap_ws/install/leap_msgs/include/leap_msgs/leap_msgs/msg/detail/finger__rosidl_typesupport_fastrtps_cpp.hpp
[3.456s] -- Installing: /home/xingyi/ros2_orca_leap/ros2_orca_leap_ws/install/leap_msgs/include/leap_msgs/leap_msgs/msg/detail/hands__rosidl_typesupport_fastrtps_cpp.hpp
[3.456s] -- Installing: /home/xingyi/ros2_orca_leap/ros2_orca_leap_ws/install/leap_msgs/include/leap_msgs/leap_msgs/msg/detail/arm__rosidl_typesupport_fastrtps_cpp.hpp
[3.456s] -- Installing: /home/xingyi/ros2_orca_leap/ros2_orca_leap_ws/install/leap_msgs/lib/libleap_msgs__rosidl_typesupport_fastrtps_cpp.so
[3.456s] -- Set runtime path of "/home/xingyi/ros2_orca_leap/ros2_orca_leap_ws/install/leap_msgs/lib/libleap_msgs__rosidl_typesupport_fastrtps_cpp.so" to ""
[3.456s] -- Up-to-date: /home/xingyi/ros2_orca_leap/ros2_orca_leap_ws/install/leap_msgs/include/leap_msgs/leap_msgs
[3.456s] -- Up-to-date: /home/xingyi/ros2_orca_leap/ros2_orca_leap_ws/install/leap_msgs/include/leap_msgs/leap_msgs/msg
[3.456s] -- Up-to-date: /home/xingyi/ros2_orca_leap/ros2_orca_leap_ws/install/leap_msgs/include/leap_msgs/leap_msgs/msg/detail
[3.456s] -- Installing: /home/xingyi/ros2_orca_leap/ros2_orca_leap_ws/install/leap_msgs/include/leap_msgs/leap_msgs/msg/detail/bone__rosidl_typesupport_introspection_cpp.hpp
[3.456s] -- Installing: /home/xingyi/ros2_orca_leap/ros2_orca_leap_ws/install/leap_msgs/include/leap_msgs/leap_msgs/msg/detail/finger__rosidl_typesupport_introspection_cpp.hpp
[3.456s] -- Installing: /home/xingyi/ros2_orca_leap/ros2_orca_leap_ws/install/leap_msgs/include/leap_msgs/leap_msgs/msg/detail/finger__type_support.cpp
[3.456s] -- Installing: /home/xingyi/ros2_orca_leap/ros2_orca_leap_ws/install/leap_msgs/include/leap_msgs/leap_msgs/msg/detail/bone__type_support.cpp
[3.456s] -- Installing: /home/xingyi/ros2_orca_leap/ros2_orca_leap_ws/install/leap_msgs/include/leap_msgs/leap_msgs/msg/detail/hand__rosidl_typesupport_introspection_cpp.hpp
[3.457s] -- Installing: /home/xingyi/ros2_orca_leap/ros2_orca_leap_ws/install/leap_msgs/include/leap_msgs/leap_msgs/msg/detail/hands__type_support.cpp
[3.457s] -- Installing: /home/xingyi/ros2_orca_leap/ros2_orca_leap_ws/install/leap_msgs/include/leap_msgs/leap_msgs/msg/detail/arm__rosidl_typesupport_introspection_cpp.hpp
[3.457s] -- Installing: /home/xingyi/ros2_orca_leap/ros2_orca_leap_ws/install/leap_msgs/include/leap_msgs/leap_msgs/msg/detail/arm__type_support.cpp
[3.457s] -- Installing: /home/xingyi/ros2_orca_leap/ros2_orca_leap_ws/install/leap_msgs/include/leap_msgs/leap_msgs/msg/detail/hands__rosidl_typesupport_introspection_cpp.hpp
[3.457s] -- Installing: /home/xingyi/ros2_orca_leap/ros2_orca_leap_ws/install/leap_msgs/include/leap_msgs/leap_msgs/msg/detail/hand__type_support.cpp
[3.457s] -- Installing: /home/xingyi/ros2_orca_leap/ros2_orca_leap_ws/install/leap_msgs/lib/libleap_msgs__rosidl_typesupport_introspection_cpp.so
[3.457s] -- Set runtime path of "/home/xingyi/ros2_orca_leap/ros2_orca_leap_ws/install/leap_msgs/lib/libleap_msgs__rosidl_typesupport_introspection_cpp.so" to ""
[3.457s] -- Installing: /home/xingyi/ros2_orca_leap/ros2_orca_leap_ws/install/leap_msgs/lib/libleap_msgs__rosidl_typesupport_cpp.so
[3.457s] -- Set runtime path of "/home/xingyi/ros2_orca_leap/ros2_orca_leap_ws/install/leap_msgs/lib/libleap_msgs__rosidl_typesupport_cpp.so" to ""
[3.457s] -- Installing: /home/xingyi/ros2_orca_leap/ros2_orca_leap_ws/install/leap_msgs/share/leap_msgs/environment/pythonpath.sh
[3.457s] -- Installing: /home/xingyi/ros2_orca_leap/ros2_orca_leap_ws/install/leap_msgs/share/leap_msgs/environment/pythonpath.dsv
[3.457s] -- Installing: /home/xingyi/ros2_orca_leap/ros2_orca_leap_ws/install/leap_msgs/lib/python3.10/site-packages/leap_msgs-0.1.0-py3.10.egg-info
[3.457s] -- Installing: /home/xingyi/ros2_orca_leap/ros2_orca_leap_ws/install/leap_msgs/lib/python3.10/site-packages/leap_msgs-0.1.0-py3.10.egg-info/dependency_links.txt
[3.457s] -- Installing: /home/xingyi/ros2_orca_leap/ros2_orca_leap_ws/install/leap_msgs/lib/python3.10/site-packages/leap_msgs-0.1.0-py3.10.egg-info/top_level.txt
[3.457s] -- Installing: /home/xingyi/ros2_orca_leap/ros2_orca_leap_ws/install/leap_msgs/lib/python3.10/site-packages/leap_msgs-0.1.0-py3.10.egg-info/SOURCES.txt
[3.457s] -- Installing: /home/xingyi/ros2_orca_leap/ros2_orca_leap_ws/install/leap_msgs/lib/python3.10/site-packages/leap_msgs-0.1.0-py3.10.egg-info/PKG-INFO
[3.457s] -- Installing: /home/xingyi/ros2_orca_leap/ros2_orca_leap_ws/install/leap_msgs/lib/python3.10/site-packages/leap_msgs
[3.457s] -- Installing: /home/xingyi/ros2_orca_leap/ros2_orca_leap_ws/install/leap_msgs/lib/python3.10/site-packages/leap_msgs/leap_msgs_s__rosidl_typesupport_fastrtps_c.cpython-310-x86_64-linux-gnu.so
[3.457s] -- Installing: /home/xingyi/ros2_orca_leap/ros2_orca_leap_ws/install/leap_msgs/lib/python3.10/site-packages/leap_msgs/leap_msgs_s__rosidl_typesupport_introspection_c.cpython-310-x86_64-linux-gnu.so
[3.457s] -- Installing: /home/xingyi/ros2_orca_leap/ros2_orca_leap_ws/install/leap_msgs/lib/python3.10/site-packages/leap_msgs/__init__.py
[3.457s] -- Installing: /home/xingyi/ros2_orca_leap/ros2_orca_leap_ws/install/leap_msgs/lib/python3.10/site-packages/leap_msgs/_leap_msgs_s.ep.rosidl_typesupport_c.c
[3.457s] -- Installing: /home/xingyi/ros2_orca_leap/ros2_orca_leap_ws/install/leap_msgs/lib/python3.10/site-packages/leap_msgs/libleap_msgs__rosidl_generator_py.so
[3.457s] -- Installing: /home/xingyi/ros2_orca_leap/ros2_orca_leap_ws/install/leap_msgs/lib/python3.10/site-packages/leap_msgs/msg
[3.457s] -- Installing: /home/xingyi/ros2_orca_leap/ros2_orca_leap_ws/install/leap_msgs/lib/python3.10/site-packages/leap_msgs/msg/_arm.py
[3.457s] -- Installing: /home/xingyi/ros2_orca_leap/ros2_orca_leap_ws/install/leap_msgs/lib/python3.10/site-packages/leap_msgs/msg/_hands_s.c
[3.457s] -- Installing: /home/xingyi/ros2_orca_leap/ros2_orca_leap_ws/install/leap_msgs/lib/python3.10/site-packages/leap_msgs/msg/_bone.py
[3.457s] -- Installing: /home/xingyi/ros2_orca_leap/ros2_orca_leap_ws/install/leap_msgs/lib/python3.10/site-packages/leap_msgs/msg/_finger_s.c
[3.457s] -- Installing: /home/xingyi/ros2_orca_leap/ros2_orca_leap_ws/install/leap_msgs/lib/python3.10/site-packages/leap_msgs/msg/_bone_s.c
[3.457s] -- Installing: /home/xingyi/ros2_orca_leap/ros2_orca_leap_ws/install/leap_msgs/lib/python3.10/site-packages/leap_msgs/msg/_finger.py
[3.457s] -- Installing: /home/xingyi/ros2_orca_leap/ros2_orca_leap_ws/install/leap_msgs/lib/python3.10/site-packages/leap_msgs/msg/__init__.py
[3.457s] -- Installing: /home/xingyi/ros2_orca_leap/ros2_orca_leap_ws/install/leap_msgs/lib/python3.10/site-packages/leap_msgs/msg/_arm_s.c
[3.457s] -- Installing: /home/xingyi/ros2_orca_leap/ros2_orca_leap_ws/install/leap_msgs/lib/python3.10/site-packages/leap_msgs/msg/_hand_s.c
[3.457s] -- Installing: /home/xingyi/ros2_orca_leap/ros2_orca_leap_ws/install/leap_msgs/lib/python3.10/site-packages/leap_msgs/msg/_hand.py
[3.457s] -- Installing: /home/xingyi/ros2_orca_leap/ros2_orca_leap_ws/install/leap_msgs/lib/python3.10/site-packages/leap_msgs/msg/_hands.py
[3.457s] -- Installing: /home/xingyi/ros2_orca_leap/ros2_orca_leap_ws/install/leap_msgs/lib/python3.10/site-packages/leap_msgs/_leap_msgs_s.ep.rosidl_typesupport_fastrtps_c.c
[3.457s] -- Installing: /home/xingyi/ros2_orca_leap/ros2_orca_leap_ws/install/leap_msgs/lib/python3.10/site-packages/leap_msgs/_leap_msgs_s.ep.rosidl_typesupport_introspection_c.c
[3.457s] -- Installing: /home/xingyi/ros2_orca_leap/ros2_orca_leap_ws/install/leap_msgs/lib/python3.10/site-packages/leap_msgs/leap_msgs_s__rosidl_typesupport_c.cpython-310-x86_64-linux-gnu.so
[3.484s] Listing '/home/xingyi/ros2_orca_leap/ros2_orca_leap_ws/install/leap_msgs/lib/python3.10/site-packages/leap_msgs'...
[3.484s] Compiling '/home/xingyi/ros2_orca_leap/ros2_orca_leap_ws/install/leap_msgs/lib/python3.10/site-packages/leap_msgs/__init__.py'...
[3.484s] Listing '/home/xingyi/ros2_orca_leap/ros2_orca_leap_ws/install/leap_msgs/lib/python3.10/site-packages/leap_msgs/msg'...
[3.484s] Compiling '/home/xingyi/ros2_orca_leap/ros2_orca_leap_ws/install/leap_msgs/lib/python3.10/site-packages/leap_msgs/msg/__init__.py'...
[3.484s] Compiling '/home/xingyi/ros2_orca_leap/ros2_orca_leap_ws/install/leap_msgs/lib/python3.10/site-packages/leap_msgs/msg/_arm.py'...
[3.484s] Compiling '/home/xingyi/ros2_orca_leap/ros2_orca_leap_ws/install/leap_msgs/lib/python3.10/site-packages/leap_msgs/msg/_bone.py'...
[3.484s] Compiling '/home/xingyi/ros2_orca_leap/ros2_orca_leap_ws/install/leap_msgs/lib/python3.10/site-packages/leap_msgs/msg/_finger.py'...
[3.484s] Compiling '/home/xingyi/ros2_orca_leap/ros2_orca_leap_ws/install/leap_msgs/lib/python3.10/site-packages/leap_msgs/msg/_hand.py'...
[3.484s] Compiling '/home/xingyi/ros2_orca_leap/ros2_orca_leap_ws/install/leap_msgs/lib/python3.10/site-packages/leap_msgs/msg/_hands.py'...
[3.488s] -- Installing: /home/xingyi/ros2_orca_leap/ros2_orca_leap_ws/install/leap_msgs/lib/python3.10/site-packages/leap_msgs/leap_msgs_s__rosidl_typesupport_fastrtps_c.cpython-310-x86_64-linux-gnu.so
[3.488s] -- Set runtime path of "/home/xingyi/ros2_orca_leap/ros2_orca_leap_ws/install/leap_msgs/lib/python3.10/site-packages/leap_msgs/leap_msgs_s__rosidl_typesupport_fastrtps_c.cpython-310-x86_64-linux-gnu.so" to ""
[3.488s] -- Installing: /home/xingyi/ros2_orca_leap/ros2_orca_leap_ws/install/leap_msgs/lib/python3.10/site-packages/leap_msgs/leap_msgs_s__rosidl_typesupport_introspection_c.cpython-310-x86_64-linux-gnu.so
[3.488s] -- Set runtime path of "/home/xingyi/ros2_orca_leap/ros2_orca_leap_ws/install/leap_msgs/lib/python3.10/site-packages/leap_msgs/leap_msgs_s__rosidl_typesupport_introspection_c.cpython-310-x86_64-linux-gnu.so" to ""
[3.489s] -- Installing: /home/xingyi/ros2_orca_leap/ros2_orca_leap_ws/install/leap_msgs/lib/python3.10/site-packages/leap_msgs/leap_msgs_s__rosidl_typesupport_c.cpython-310-x86_64-linux-gnu.so
[3.489s] -- Set runtime path of "/home/xingyi/ros2_orca_leap/ros2_orca_leap_ws/install/leap_msgs/lib/python3.10/site-packages/leap_msgs/leap_msgs_s__rosidl_typesupport_c.cpython-310-x86_64-linux-gnu.so" to ""
[3.489s] -- Installing: /home/xingyi/ros2_orca_leap/ros2_orca_leap_ws/install/leap_msgs/lib/libleap_msgs__rosidl_generator_py.so
[3.489s] -- Set runtime path of "/home/xingyi/ros2_orca_leap/ros2_orca_leap_ws/install/leap_msgs/lib/libleap_msgs__rosidl_generator_py.so" to ""
[3.489s] -- Installing: /home/xingyi/ros2_orca_leap/ros2_orca_leap_ws/install/leap_msgs/share/leap_msgs/msg/Hand.idl
[3.489s] -- Installing: /home/xingyi/ros2_orca_leap/ros2_orca_leap_ws/install/leap_msgs/share/leap_msgs/msg/Hands.idl
[3.489s] -- Installing: /home/xingyi/ros2_orca_leap/ros2_orca_leap_ws/install/leap_msgs/share/leap_msgs/msg/Finger.idl
[3.489s] -- Installing: /home/xingyi/ros2_orca_leap/ros2_orca_leap_ws/install/leap_msgs/share/leap_msgs/msg/Arm.idl
[3.490s] -- Installing: /home/xingyi/ros2_orca_leap/ros2_orca_leap_ws/install/leap_msgs/share/leap_msgs/msg/Bone.idl
[3.490s] -- Installing: /home/xingyi/ros2_orca_leap/ros2_orca_leap_ws/install/leap_msgs/share/leap_msgs/msg/Hand.msg
[3.490s] -- Installing: /home/xingyi/ros2_orca_leap/ros2_orca_leap_ws/install/leap_msgs/share/leap_msgs/msg/Hands.msg
[3.490s] -- Installing: /home/xingyi/ros2_orca_leap/ros2_orca_leap_ws/install/leap_msgs/share/leap_msgs/msg/Finger.msg
[3.490s] -- Installing: /home/xingyi/ros2_orca_leap/ros2_orca_leap_ws/install/leap_msgs/share/leap_msgs/msg/Arm.msg
[3.490s] -- Installing: /home/xingyi/ros2_orca_leap/ros2_orca_leap_ws/install/leap_msgs/share/leap_msgs/msg/Bone.msg
[3.490s] -- Installing: /home/xingyi/ros2_orca_leap/ros2_orca_leap_ws/install/leap_msgs/share/ament_index/resource_index/package_run_dependencies/leap_msgs
[3.490s] -- Installing: /home/xingyi/ros2_orca_leap/ros2_orca_leap_ws/install/leap_msgs/share/ament_index/resource_index/parent_prefix_path/leap_msgs
[3.490s] -- Installing: /home/xingyi/ros2_orca_leap/ros2_orca_leap_ws/install/leap_msgs/share/leap_msgs/environment/ament_prefix_path.sh
[3.490s] -- Installing: /home/xingyi/ros2_orca_leap/ros2_orca_leap_ws/install/leap_msgs/share/leap_msgs/environment/ament_prefix_path.dsv
[3.490s] -- Installing: /home/xingyi/ros2_orca_leap/ros2_orca_leap_ws/install/leap_msgs/share/leap_msgs/environment/path.sh
[3.491s] -- Installing: /home/xingyi/ros2_orca_leap/ros2_orca_leap_ws/install/leap_msgs/share/leap_msgs/environment/path.dsv
[3.491s] -- Installing: /home/xingyi/ros2_orca_leap/ros2_orca_leap_ws/install/leap_msgs/share/leap_msgs/local_setup.bash
[3.491s] -- Installing: /home/xingyi/ros2_orca_leap/ros2_orca_leap_ws/install/leap_msgs/share/leap_msgs/local_setup.sh
[3.491s] -- Installing: /home/xingyi/ros2_orca_leap/ros2_orca_leap_ws/install/leap_msgs/share/leap_msgs/local_setup.zsh
[3.491s] -- Installing: /home/xingyi/ros2_orca_leap/ros2_orca_leap_ws/install/leap_msgs/share/leap_msgs/local_setup.dsv
[3.491s] -- Installing: /home/xingyi/ros2_orca_leap/ros2_orca_leap_ws/install/leap_msgs/share/leap_msgs/package.dsv
[3.491s] -- Installing: /home/xingyi/ros2_orca_leap/ros2_orca_leap_ws/install/leap_msgs/share/ament_index/resource_index/packages/leap_msgs
[3.491s] -- Installing: /home/xingyi/ros2_orca_leap/ros2_orca_leap_ws/install/leap_msgs/share/leap_msgs/cmake/export_leap_msgs__rosidl_generator_cExport.cmake
[3.491s] -- Installing: /home/xingyi/ros2_orca_leap/ros2_orca_leap_ws/install/leap_msgs/share/leap_msgs/cmake/export_leap_msgs__rosidl_generator_cExport-noconfig.cmake
[3.492s] -- Installing: /home/xingyi/ros2_orca_leap/ros2_orca_leap_ws/install/leap_msgs/share/leap_msgs/cmake/export_leap_msgs__rosidl_typesupport_fastrtps_cExport.cmake
[3.492s] -- Installing: /home/xingyi/ros2_orca_leap/ros2_orca_leap_ws/install/leap_msgs/share/leap_msgs/cmake/export_leap_msgs__rosidl_typesupport_fastrtps_cExport-noconfig.cmake
[3.492s] -- Installing: /home/xingyi/ros2_orca_leap/ros2_orca_leap_ws/install/leap_msgs/share/leap_msgs/cmake/leap_msgs__rosidl_typesupport_introspection_cExport.cmake
[3.492s] -- Installing: /home/xingyi/ros2_orca_leap/ros2_orca_leap_ws/install/leap_msgs/share/leap_msgs/cmake/leap_msgs__rosidl_typesupport_introspection_cExport-noconfig.cmake
[3.492s] -- Installing: /home/xingyi/ros2_orca_leap/ros2_orca_leap_ws/install/leap_msgs/share/leap_msgs/cmake/leap_msgs__rosidl_typesupport_cExport.cmake
[3.492s] -- Installing: /home/xingyi/ros2_orca_leap/ros2_orca_leap_ws/install/leap_msgs/share/leap_msgs/cmake/leap_msgs__rosidl_typesupport_cExport-noconfig.cmake
[3.492s] -- Installing: /home/xingyi/ros2_orca_leap/ros2_orca_leap_ws/install/leap_msgs/share/leap_msgs/cmake/export_leap_msgs__rosidl_generator_cppExport.cmake
[3.492s] -- Installing: /home/xingyi/ros2_orca_leap/ros2_orca_leap_ws/install/leap_msgs/share/leap_msgs/cmake/export_leap_msgs__rosidl_typesupport_fastrtps_cppExport.cmake
[3.493s] -- Installing: /home/xingyi/ros2_orca_leap/ros2_orca_leap_ws/install/leap_msgs/share/leap_msgs/cmake/export_leap_msgs__rosidl_typesupport_fastrtps_cppExport-noconfig.cmake
[3.493s] -- Installing: /home/xingyi/ros2_orca_leap/ros2_orca_leap_ws/install/leap_msgs/share/leap_msgs/cmake/leap_msgs__rosidl_typesupport_introspection_cppExport.cmake
[3.493s] -- Installing: /home/xingyi/ros2_orca_leap/ros2_orca_leap_ws/install/leap_msgs/share/leap_msgs/cmake/leap_msgs__rosidl_typesupport_introspection_cppExport-noconfig.cmake
[3.493s] -- Installing: /home/xingyi/ros2_orca_leap/ros2_orca_leap_ws/install/leap_msgs/share/leap_msgs/cmake/leap_msgs__rosidl_typesupport_cppExport.cmake
[3.493s] -- Installing: /home/xingyi/ros2_orca_leap/ros2_orca_leap_ws/install/leap_msgs/share/leap_msgs/cmake/leap_msgs__rosidl_typesupport_cppExport-noconfig.cmake
[3.493s] -- Installing: /home/xingyi/ros2_orca_leap/ros2_orca_leap_ws/install/leap_msgs/share/leap_msgs/cmake/export_leap_msgs__rosidl_generator_pyExport.cmake
[3.493s] -- Installing: /home/xingyi/ros2_orca_leap/ros2_orca_leap_ws/install/leap_msgs/share/leap_msgs/cmake/export_leap_msgs__rosidl_generator_pyExport-noconfig.cmake
[3.493s] -- Installing: /home/xingyi/ros2_orca_leap/ros2_orca_leap_ws/install/leap_msgs/share/leap_msgs/cmake/rosidl_cmake-extras.cmake
[3.493s] -- Installing: /home/xingyi/ros2_orca_leap/ros2_orca_leap_ws/install/leap_msgs/share/leap_msgs/cmake/ament_cmake_export_dependencies-extras.cmake
[3.493s] -- Installing: /home/xingyi/ros2_orca_leap/ros2_orca_leap_ws/install/leap_msgs/share/leap_msgs/cmake/ament_cmake_export_include_directories-extras.cmake
[3.493s] -- Installing: /home/xingyi/ros2_orca_leap/ros2_orca_leap_ws/install/leap_msgs/share/leap_msgs/cmake/ament_cmake_export_libraries-extras.cmake
[3.493s] -- Installing: /home/xingyi/ros2_orca_leap/ros2_orca_leap_ws/install/leap_msgs/share/leap_msgs/cmake/ament_cmake_export_targets-extras.cmake
[3.493s] -- Installing: /home/xingyi/ros2_orca_leap/ros2_orca_leap_ws/install/leap_msgs/share/leap_msgs/cmake/rosidl_cmake_export_typesupport_targets-extras.cmake
[3.493s] -- Installing: /home/xingyi/ros2_orca_leap/ros2_orca_leap_ws/install/leap_msgs/share/leap_msgs/cmake/rosidl_cmake_export_typesupport_libraries-extras.cmake
[3.493s] -- Installing: /home/xingyi/ros2_orca_leap/ros2_orca_leap_ws/install/leap_msgs/share/leap_msgs/cmake/leap_msgsConfig.cmake
[3.493s] -- Installing: /home/xingyi/ros2_orca_leap/ros2_orca_leap_ws/install/leap_msgs/share/leap_msgs/cmake/leap_msgsConfig-version.cmake
[3.494s] -- Installing: /home/xingyi/ros2_orca_leap/ros2_orca_leap_ws/install/leap_msgs/share/leap_msgs/package.xml
[3.496s] Invoked command in '/home/xingyi/ros2_orca_leap/ros2_orca_leap_ws/build/leap_msgs' returned '0': CMAKE_PREFIX_PATH=${CMAKE_PREFIX_PATH}:/home/xingyi/ros2_orca_leap/ros2_orca_leap_ws/install/orcahand_controller:/home/xingyi/ros2_orca_leap/ros2_orca_leap_ws/install/orca_core:/home/xingyi/ros2_orca_leap/ros2_orca_leap_ws/install/ohrc_leap:/home/xingyi/ros2_orca_leap/ros2_orca_leap_ws/install/leap_node:/opt/ros/humble PS1=(leapc) VIRTUAL_ENV_PROMPT=(leapc) /usr/bin/cmake --install /home/xingyi/ros2_orca_leap/ros2_orca_leap_ws/build/leap_msgs
