[0.643s] Invoking command in '/home/xingyi/ros2_orca_leap/ros2_orca_leap_ws/build/orcahand_description': CMAKE_PREFIX_PATH=${CMAKE_PREFIX_PATH}:/home/xingyi/ros2_orca_leap/ros2_orca_leap_ws/install/orcahand_controller:/home/xingyi/ros2_orca_leap/ros2_orca_leap_ws/install/orca_core:/home/xingyi/ros2_orca_leap/ros2_orca_leap_ws/install/ohrc_leap:/home/xingyi/ros2_orca_leap/ros2_orca_leap_ws/install/leap_node:/opt/ros/humble PS1=(leapc) VIRTUAL_ENV_PROMPT=(leapc) /usr/bin/cmake --build /home/xingyi/ros2_orca_leap/ros2_orca_leap_ws/build/orcahand_description -- -j32 -l32
[0.708s] Invoked command in '/home/xingyi/ros2_orca_leap/ros2_orca_leap_ws/build/orcahand_description' returned '0': CMAKE_PREFIX_PATH=${CMAKE_PREFIX_PATH}:/home/xingyi/ros2_orca_leap/ros2_orca_leap_ws/install/orcahand_controller:/home/xingyi/ros2_orca_leap/ros2_orca_leap_ws/install/orca_core:/home/xingyi/ros2_orca_leap/ros2_orca_leap_ws/install/ohrc_leap:/home/xingyi/ros2_orca_leap/ros2_orca_leap_ws/install/leap_node:/opt/ros/humble PS1=(leapc) VIRTUAL_ENV_PROMPT=(leapc) /usr/bin/cmake --build /home/xingyi/ros2_orca_leap/ros2_orca_leap_ws/build/orcahand_description -- -j32 -l32
[0.709s] Invoking command in '/home/xingyi/ros2_orca_leap/ros2_orca_leap_ws/build/orcahand_description': CMAKE_PREFIX_PATH=${CMAKE_PREFIX_PATH}:/home/xingyi/ros2_orca_leap/ros2_orca_leap_ws/install/orcahand_controller:/home/xingyi/ros2_orca_leap/ros2_orca_leap_ws/install/orca_core:/home/xingyi/ros2_orca_leap/ros2_orca_leap_ws/install/ohrc_leap:/home/xingyi/ros2_orca_leap/ros2_orca_leap_ws/install/leap_node:/opt/ros/humble PS1=(leapc) VIRTUAL_ENV_PROMPT=(leapc) /usr/bin/cmake --install /home/xingyi/ros2_orca_leap/ros2_orca_leap_ws/build/orcahand_description
[0.729s] -- Install configuration: ""
[0.729s] -- Up-to-date: /home/xingyi/ros2_orca_leap/ros2_orca_leap_ws/install/orcahand_description/share/orcahand_description/launch
[0.729s] -- Up-to-date: /home/xingyi/ros2_orca_leap/ros2_orca_leap_ws/install/orcahand_description/share/orcahand_description/launch/display_orcahand.launch.py
[0.729s] -- Up-to-date: /home/xingyi/ros2_orca_leap/ros2_orca_leap_ws/install/orcahand_description/share/orcahand_description/urdf
[0.729s] -- Up-to-date: /home/xingyi/ros2_orca_leap/ros2_orca_leap_ws/install/orcahand_description/share/orcahand_description/urdf/orcahand_right.urdf
[0.729s] -- Up-to-date: /home/xingyi/ros2_orca_leap/ros2_orca_leap_ws/install/orcahand_description/share/orcahand_description/meshes
[0.729s] -- Up-to-date: /home/xingyi/ros2_orca_leap/ros2_orca_leap_ws/install/orcahand_description/share/orcahand_description/meshes/collision
[0.729s] -- Up-to-date: /home/xingyi/ros2_orca_leap/ros2_orca_leap_ws/install/orcahand_description/share/orcahand_description/meshes/collision/right_collision_thumb_dp_skin_mesh.stl
[0.730s] -- Up-to-date: /home/xingyi/ros2_orca_leap/ros2_orca_leap_ws/install/orcahand_description/share/orcahand_description/meshes/collision/right_collision_thumb_dp_mesh.stl
[0.730s] -- Up-to-date: /home/xingyi/ros2_orca_leap/ros2_orca_leap_ws/install/orcahand_description/share/orcahand_description/meshes/collision/right_collision_pinky_ip_skin_mesh.stl
[0.730s] -- Up-to-date: /home/xingyi/ros2_orca_leap/ros2_orca_leap_ws/install/orcahand_description/share/orcahand_description/meshes/collision/right_collision_ring_ip_mesh.stl
[0.730s] -- Up-to-date: /home/xingyi/ros2_orca_leap/ros2_orca_leap_ws/install/orcahand_description/share/orcahand_description/meshes/collision/right_collision_thumb_pp_mesh.stl
[0.730s] -- Up-to-date: /home/xingyi/ros2_orca_leap/ros2_orca_leap_ws/install/orcahand_description/share/orcahand_description/meshes/collision/right_collision_palm_mesh.stl
[0.730s] -- Up-to-date: /home/xingyi/ros2_orca_leap/ros2_orca_leap_ws/install/orcahand_description/share/orcahand_description/meshes/collision/right_collision_tower_hull_mesh.stl
[0.730s] -- Up-to-date: /home/xingyi/ros2_orca_leap/ros2_orca_leap_ws/install/orcahand_description/share/orcahand_description/meshes/collision/right_collision_middle_ip_skin_mesh.stl
[0.731s] -- Up-to-date: /home/xingyi/ros2_orca_leap/ros2_orca_leap_ws/install/orcahand_description/share/orcahand_description/meshes/collision/right_collision_pinky_pp_mesh.stl
[0.731s] -- Up-to-date: /home/xingyi/ros2_orca_leap/ros2_orca_leap_ws/install/orcahand_description/share/orcahand_description/meshes/collision/right_collision_index_pp_mesh.stl
[0.732s] -- Up-to-date: /home/xingyi/ros2_orca_leap/ros2_orca_leap_ws/install/orcahand_description/share/orcahand_description/meshes/collision/right_collision_ring_mp_mesh.stl
[0.732s] -- Up-to-date: /home/xingyi/ros2_orca_leap/ros2_orca_leap_ws/install/orcahand_description/share/orcahand_description/meshes/collision/right_collision_pinky_mp_mesh.stl
[0.732s] -- Up-to-date: /home/xingyi/ros2_orca_leap/ros2_orca_leap_ws/install/orcahand_description/share/orcahand_description/meshes/collision/right_collision_pinky_pp_skin_mesh.stl
[0.732s] -- Up-to-date: /home/xingyi/ros2_orca_leap/ros2_orca_leap_ws/install/orcahand_description/share/orcahand_description/meshes/collision/right_collision_thumb_ip_mesh.stl
[0.732s] -- Up-to-date: /home/xingyi/ros2_orca_leap/ros2_orca_leap_ws/install/orcahand_description/share/orcahand_description/meshes/collision/right_collision_ring_pp_mesh.stl
[0.733s] -- Up-to-date: /home/xingyi/ros2_orca_leap/ros2_orca_leap_ws/install/orcahand_description/share/orcahand_description/meshes/collision/right_collision_tower_u2d2_mesh.stl
[0.733s] -- Up-to-date: /home/xingyi/ros2_orca_leap/ros2_orca_leap_ws/install/orcahand_description/share/orcahand_description/meshes/collision/right_collision_palm_skin_mesh.stl
[0.734s] -- Up-to-date: /home/xingyi/ros2_orca_leap/ros2_orca_leap_ws/install/orcahand_description/share/orcahand_description/meshes/collision/right_collision_tower_main_mesh.stl
[0.734s] -- Up-to-date: /home/xingyi/ros2_orca_leap/ros2_orca_leap_ws/install/orcahand_description/share/orcahand_description/meshes/collision/right_collision_middle_pp_skin_mesh.stl
[0.734s] -- Up-to-date: /home/xingyi/ros2_orca_leap/ros2_orca_leap_ws/install/orcahand_description/share/orcahand_description/meshes/collision/right_collision_index_ip_mesh.stl
[0.734s] -- Up-to-date: /home/xingyi/ros2_orca_leap/ros2_orca_leap_ws/install/orcahand_description/share/orcahand_description/meshes/collision/right_collision_tower_camera_mesh.stl
[0.734s] -- Up-to-date: /home/xingyi/ros2_orca_leap/ros2_orca_leap_ws/install/orcahand_description/share/orcahand_description/meshes/collision/right_collision_tower_text_mesh.stl
[0.735s] -- Up-to-date: /home/xingyi/ros2_orca_leap/ros2_orca_leap_ws/install/orcahand_description/share/orcahand_description/meshes/collision/right_collision_thumb_mp_mesh.stl
[0.735s] -- Up-to-date: /home/xingyi/ros2_orca_leap/ros2_orca_leap_ws/install/orcahand_description/share/orcahand_description/meshes/collision/right_collision_middle_pp_mesh.stl
[0.735s] -- Up-to-date: /home/xingyi/ros2_orca_leap/ros2_orca_leap_ws/install/orcahand_description/share/orcahand_description/meshes/collision/right_collision_index_mp_mesh.stl
[0.735s] -- Up-to-date: /home/xingyi/ros2_orca_leap/ros2_orca_leap_ws/install/orcahand_description/share/orcahand_description/meshes/collision/right_collision_pinky_ip_mesh.stl
[0.735s] -- Up-to-date: /home/xingyi/ros2_orca_leap/ros2_orca_leap_ws/install/orcahand_description/share/orcahand_description/meshes/collision/right_collision_middle_ip_mesh.stl
[0.735s] -- Up-to-date: /home/xingyi/ros2_orca_leap/ros2_orca_leap_ws/install/orcahand_description/share/orcahand_description/meshes/collision/right_collision_ring_pp_skin_mesh.stl
[0.735s] -- Up-to-date: /home/xingyi/ros2_orca_leap/ros2_orca_leap_ws/install/orcahand_description/share/orcahand_description/meshes/collision/right_collision_ring_ip_skin_mesh.stl
[0.736s] -- Up-to-date: /home/xingyi/ros2_orca_leap/ros2_orca_leap_ws/install/orcahand_description/share/orcahand_description/meshes/collision/right_collision_tower_fans_mesh.stl
[0.736s] -- Up-to-date: /home/xingyi/ros2_orca_leap/ros2_orca_leap_ws/install/orcahand_description/share/orcahand_description/meshes/collision/right_collision_thumb_ip_skin_mesh.stl
[0.736s] -- Up-to-date: /home/xingyi/ros2_orca_leap/ros2_orca_leap_ws/install/orcahand_description/share/orcahand_description/meshes/collision/right_collision_middle_mp_mesh.stl
[0.736s] -- Up-to-date: /home/xingyi/ros2_orca_leap/ros2_orca_leap_ws/install/orcahand_description/share/orcahand_description/meshes/collision/right_collision_index_ip_skin_mesh.stl
[0.736s] -- Up-to-date: /home/xingyi/ros2_orca_leap/ros2_orca_leap_ws/install/orcahand_description/share/orcahand_description/meshes/collision/right_collision_index_pp_skin_mesh.stl
[0.736s] -- Up-to-date: /home/xingyi/ros2_orca_leap/ros2_orca_leap_ws/install/orcahand_description/share/orcahand_description/meshes/visual
[0.736s] -- Up-to-date: /home/xingyi/ros2_orca_leap/ros2_orca_leap_ws/install/orcahand_description/share/orcahand_description/meshes/visual/right_visual_pinky_ip_mesh.stl
[0.736s] -- Up-to-date: /home/xingyi/ros2_orca_leap/ros2_orca_leap_ws/install/orcahand_description/share/orcahand_description/meshes/visual/right_visual_middle_ip_mesh.stl
[0.737s] -- Up-to-date: /home/xingyi/ros2_orca_leap/ros2_orca_leap_ws/install/orcahand_description/share/orcahand_description/meshes/visual/right_visual_palm_skin_mesh.stl
[0.737s] -- Up-to-date: /home/xingyi/ros2_orca_leap/ros2_orca_leap_ws/install/orcahand_description/share/orcahand_description/meshes/visual/right_visual_ring_pp_skin_mesh.stl
[0.737s] -- Up-to-date: /home/xingyi/ros2_orca_leap/ros2_orca_leap_ws/install/orcahand_description/share/orcahand_description/meshes/visual/right_visual_index_ip_mesh.stl
[0.737s] -- Up-to-date: /home/xingyi/ros2_orca_leap/ros2_orca_leap_ws/install/orcahand_description/share/orcahand_description/meshes/visual/right_visual_tower_hull_mesh.stl
[0.737s] -- Up-to-date: /home/xingyi/ros2_orca_leap/ros2_orca_leap_ws/install/orcahand_description/share/orcahand_description/meshes/visual/right_visual_thumb_ip_skin_mesh.stl
[0.737s] -- Up-to-date: /home/xingyi/ros2_orca_leap/ros2_orca_leap_ws/install/orcahand_description/share/orcahand_description/meshes/visual/right_visual_tower_fans_mesh.stl
[0.737s] -- Up-to-date: /home/xingyi/ros2_orca_leap/ros2_orca_leap_ws/install/orcahand_description/share/orcahand_description/meshes/visual/right_visual_tower_text_mesh.stl
[0.737s] -- Up-to-date: /home/xingyi/ros2_orca_leap/ros2_orca_leap_ws/install/orcahand_description/share/orcahand_description/meshes/visual/right_visual_tower_main_mesh.stl
[0.737s] -- Up-to-date: /home/xingyi/ros2_orca_leap/ros2_orca_leap_ws/install/orcahand_description/share/orcahand_description/meshes/visual/right_visual_ring_pp_mesh.stl
[0.738s] -- Up-to-date: /home/xingyi/ros2_orca_leap/ros2_orca_leap_ws/install/orcahand_description/share/orcahand_description/meshes/visual/right_visual_middle_ip_skin_mesh.stl
[0.738s] -- Up-to-date: /home/xingyi/ros2_orca_leap/ros2_orca_leap_ws/install/orcahand_description/share/orcahand_description/meshes/visual/right_visual_index_mp_mesh.stl
[0.738s] -- Up-to-date: /home/xingyi/ros2_orca_leap/ros2_orca_leap_ws/install/orcahand_description/share/orcahand_description/meshes/visual/right_visual_middle_pp_skin_mesh.stl
[0.738s] -- Up-to-date: /home/xingyi/ros2_orca_leap/ros2_orca_leap_ws/install/orcahand_description/share/orcahand_description/meshes/visual/right_visual_ring_mp_mesh.stl
[0.738s] -- Up-to-date: /home/xingyi/ros2_orca_leap/ros2_orca_leap_ws/install/orcahand_description/share/orcahand_description/meshes/visual/right_visual_ring_ip_skin_mesh.stl
[0.738s] -- Up-to-date: /home/xingyi/ros2_orca_leap/ros2_orca_leap_ws/install/orcahand_description/share/orcahand_description/meshes/visual/right_visual_palm_mesh.stl
[0.738s] -- Up-to-date: /home/xingyi/ros2_orca_leap/ros2_orca_leap_ws/install/orcahand_description/share/orcahand_description/meshes/visual/right_visual_thumb_ip_mesh.stl
[0.738s] -- Up-to-date: /home/xingyi/ros2_orca_leap/ros2_orca_leap_ws/install/orcahand_description/share/orcahand_description/meshes/visual/right_visual_middle_pp_mesh.stl
[0.739s] -- Up-to-date: /home/xingyi/ros2_orca_leap/ros2_orca_leap_ws/install/orcahand_description/share/orcahand_description/meshes/visual/right_visual_tower_u2d2_mesh.stl
[0.739s] -- Up-to-date: /home/xingyi/ros2_orca_leap/ros2_orca_leap_ws/install/orcahand_description/share/orcahand_description/meshes/visual/right_visual_index_pp_mesh.stl
[0.739s] -- Up-to-date: /home/xingyi/ros2_orca_leap/ros2_orca_leap_ws/install/orcahand_description/share/orcahand_description/meshes/visual/right_visual_pinky_ip_skin_mesh.stl
[0.739s] -- Up-to-date: /home/xingyi/ros2_orca_leap/ros2_orca_leap_ws/install/orcahand_description/share/orcahand_description/meshes/visual/right_visual_tower_camera_mesh.stl
[0.739s] -- Up-to-date: /home/xingyi/ros2_orca_leap/ros2_orca_leap_ws/install/orcahand_description/share/orcahand_description/meshes/visual/right_visual_index_ip_skin_mesh.stl
[0.739s] -- Up-to-date: /home/xingyi/ros2_orca_leap/ros2_orca_leap_ws/install/orcahand_description/share/orcahand_description/meshes/visual/right_visual_pinky_mp_mesh.stl
[0.739s] -- Up-to-date: /home/xingyi/ros2_orca_leap/ros2_orca_leap_ws/install/orcahand_description/share/orcahand_description/meshes/visual/right_visual_pinky_pp_mesh.stl
[0.739s] -- Up-to-date: /home/xingyi/ros2_orca_leap/ros2_orca_leap_ws/install/orcahand_description/share/orcahand_description/meshes/visual/right_visual_thumb_mp_mesh.stl
[0.739s] -- Up-to-date: /home/xingyi/ros2_orca_leap/ros2_orca_leap_ws/install/orcahand_description/share/orcahand_description/meshes/visual/right_visual_thumb_pp_mesh.stl
[0.740s] -- Up-to-date: /home/xingyi/ros2_orca_leap/ros2_orca_leap_ws/install/orcahand_description/share/orcahand_description/meshes/visual/right_visual_pinky_pp_skin_mesh.stl
[0.740s] -- Up-to-date: /home/xingyi/ros2_orca_leap/ros2_orca_leap_ws/install/orcahand_description/share/orcahand_description/meshes/visual/right_visual_thumb_dp_mesh.stl
[0.740s] -- Up-to-date: /home/xingyi/ros2_orca_leap/ros2_orca_leap_ws/install/orcahand_description/share/orcahand_description/meshes/visual/right_visual_index_pp_skin_mesh.stl
[0.740s] -- Up-to-date: /home/xingyi/ros2_orca_leap/ros2_orca_leap_ws/install/orcahand_description/share/orcahand_description/meshes/visual/right_visual_ring_ip_mesh.stl
[0.740s] -- Up-to-date: /home/xingyi/ros2_orca_leap/ros2_orca_leap_ws/install/orcahand_description/share/orcahand_description/meshes/visual/right_visual_middle_mp_mesh.stl
[0.740s] -- Up-to-date: /home/xingyi/ros2_orca_leap/ros2_orca_leap_ws/install/orcahand_description/share/orcahand_description/meshes/visual/right_visual_thumb_dp_skin_mesh.stl
[0.740s] -- Up-to-date: /home/xingyi/ros2_orca_leap/ros2_orca_leap_ws/install/orcahand_description/share/orcahand_description/config
[0.740s] -- Up-to-date: /home/xingyi/ros2_orca_leap/ros2_orca_leap_ws/install/orcahand_description/share/orcahand_description/config/display_orcahand.rviz
[0.740s] -- Up-to-date: /home/xingyi/ros2_orca_leap/ros2_orca_leap_ws/install/orcahand_description/share/ament_index/resource_index/package_run_dependencies/orcahand_description
[0.741s] -- Up-to-date: /home/xingyi/ros2_orca_leap/ros2_orca_leap_ws/install/orcahand_description/share/ament_index/resource_index/parent_prefix_path/orcahand_description
[0.741s] -- Up-to-date: /home/xingyi/ros2_orca_leap/ros2_orca_leap_ws/install/orcahand_description/share/orcahand_description/environment/ament_prefix_path.sh
[0.741s] -- Up-to-date: /home/xingyi/ros2_orca_leap/ros2_orca_leap_ws/install/orcahand_description/share/orcahand_description/environment/ament_prefix_path.dsv
[0.741s] -- Up-to-date: /home/xingyi/ros2_orca_leap/ros2_orca_leap_ws/install/orcahand_description/share/orcahand_description/environment/path.sh
[0.741s] -- Up-to-date: /home/xingyi/ros2_orca_leap/ros2_orca_leap_ws/install/orcahand_description/share/orcahand_description/environment/path.dsv
[0.741s] -- Up-to-date: /home/xingyi/ros2_orca_leap/ros2_orca_leap_ws/install/orcahand_description/share/orcahand_description/local_setup.bash
[0.741s] -- Up-to-date: /home/xingyi/ros2_orca_leap/ros2_orca_leap_ws/install/orcahand_description/share/orcahand_description/local_setup.sh
[0.741s] -- Up-to-date: /home/xingyi/ros2_orca_leap/ros2_orca_leap_ws/install/orcahand_description/share/orcahand_description/local_setup.zsh
[0.741s] -- Up-to-date: /home/xingyi/ros2_orca_leap/ros2_orca_leap_ws/install/orcahand_description/share/orcahand_description/local_setup.dsv
[0.742s] -- Installing: /home/xingyi/ros2_orca_leap/ros2_orca_leap_ws/install/orcahand_description/share/orcahand_description/package.dsv
[0.742s] -- Up-to-date: /home/xingyi/ros2_orca_leap/ros2_orca_leap_ws/install/orcahand_description/share/ament_index/resource_index/packages/orcahand_description
[0.742s] -- Up-to-date: /home/xingyi/ros2_orca_leap/ros2_orca_leap_ws/install/orcahand_description/share/orcahand_description/cmake/orcahand_descriptionConfig.cmake
[0.742s] -- Up-to-date: /home/xingyi/ros2_orca_leap/ros2_orca_leap_ws/install/orcahand_description/share/orcahand_description/cmake/orcahand_descriptionConfig-version.cmake
[0.742s] -- Up-to-date: /home/xingyi/ros2_orca_leap/ros2_orca_leap_ws/install/orcahand_description/share/orcahand_description/package.xml
[0.747s] Invoked command in '/home/xingyi/ros2_orca_leap/ros2_orca_leap_ws/build/orcahand_description' returned '0': CMAKE_PREFIX_PATH=${CMAKE_PREFIX_PATH}:/home/xingyi/ros2_orca_leap/ros2_orca_leap_ws/install/orcahand_controller:/home/xingyi/ros2_orca_leap/ros2_orca_leap_ws/install/orca_core:/home/xingyi/ros2_orca_leap/ros2_orca_leap_ws/install/ohrc_leap:/home/xingyi/ros2_orca_leap/ros2_orca_leap_ws/install/leap_node:/opt/ros/humble PS1=(leapc) VIRTUAL_ENV_PROMPT=(leapc) /usr/bin/cmake --install /home/xingyi/ros2_orca_leap/ros2_orca_leap_ws/build/orcahand_description
