[0.401s] Invoking command in '/home/xingyi/ros2_orca_leap/ros2_orca_leap_ws/build/orcahand_description': CMAKE_PREFIX_PATH=${CMAKE_PREFIX_PATH}:/home/xingyi/ros2_orca_leap/ros2_orca_leap_ws/install/orcahand_controller:/home/xingyi/ros2_orca_leap/ros2_orca_leap_ws/install/orca_core:/home/xingyi/ros2_orca_leap/ros2_orca_leap_ws/install/ohrc_leap:/home/xingyi/ros2_orca_leap/ros2_orca_leap_ws/install/leap_node:/opt/ros/humble PS1=(leapc) VIRTUAL_ENV_PROMPT=(leapc) /usr/bin/cmake /home/xingyi/ros2_orca_leap/ros2_orca_leap_ws/src/orcahand_description -DPython3_EXECUTABLE=/home/xingyi/.venvs/leapc/bin/python -DPYTHON_EXECUTABLE=/home/xingyi/.venvs/leapc/bin/python -DCMAKE_INSTALL_PREFIX=/home/xingyi/ros2_orca_leap/ros2_orca_leap_ws/install/orcahand_description
[0.437s] -- The C compiler identification is GNU 11.4.0
[0.476s] -- The CXX compiler identification is GNU 11.4.0
[0.482s] -- Detecting C compiler ABI info
[0.529s] -- Detecting C compiler ABI info - done
[0.533s] -- Check for working C compiler: /usr/bin/cc - skipped
[0.533s] -- Detecting C compile features
[0.533s] -- Detecting C compile features - done
[0.535s] -- Detecting CXX compiler ABI info
[0.586s] -- Detecting CXX compiler ABI info - done
[0.590s] -- Check for working CXX compiler: /usr/bin/c++ - skipped
[0.590s] -- Detecting CXX compile features
[0.591s] -- Detecting CXX compile features - done
[0.592s] -- Found ament_cmake: 1.3.12 (/opt/ros/humble/share/ament_cmake/cmake)
[0.979s] -- Found Python3: /home/xingyi/.venvs/leapc/bin/python (found version "3.10.12") found components: Interpreter 
[1.026s] -- Found ament_lint_auto: 0.12.14 (/opt/ros/humble/share/ament_lint_auto/cmake)
[1.074s] -- Added test 'flake8' to check Python code syntax and style conventions
[1.075s] -- Added test 'lint_cmake' to check CMake code style
[1.075s] -- Added test 'pep257' to check Python code against some of the docstring style conventions in PEP 257
[1.077s] -- Added test 'xmllint' to check XML markup files
[1.077s] -- Configuring done
[1.078s] -- Generating done
[1.079s] [33mCMake Warning:
[1.079s]   Manually-specified variables were not used by the project:
[1.079s] 
[1.079s]     PYTHON_EXECUTABLE
[1.079s] 
[1.079s] [0m
[1.079s] -- Build files have been written to: /home/xingyi/ros2_orca_leap/ros2_orca_leap_ws/build/orcahand_description
[1.082s] Invoked command in '/home/xingyi/ros2_orca_leap/ros2_orca_leap_ws/build/orcahand_description' returned '0': CMAKE_PREFIX_PATH=${CMAKE_PREFIX_PATH}:/home/xingyi/ros2_orca_leap/ros2_orca_leap_ws/install/orcahand_controller:/home/xingyi/ros2_orca_leap/ros2_orca_leap_ws/install/orca_core:/home/xingyi/ros2_orca_leap/ros2_orca_leap_ws/install/ohrc_leap:/home/xingyi/ros2_orca_leap/ros2_orca_leap_ws/install/leap_node:/opt/ros/humble PS1=(leapc) VIRTUAL_ENV_PROMPT=(leapc) /usr/bin/cmake /home/xingyi/ros2_orca_leap/ros2_orca_leap_ws/src/orcahand_description -DPython3_EXECUTABLE=/home/xingyi/.venvs/leapc/bin/python -DPYTHON_EXECUTABLE=/home/xingyi/.venvs/leapc/bin/python -DCMAKE_INSTALL_PREFIX=/home/xingyi/ros2_orca_leap/ros2_orca_leap_ws/install/orcahand_description
[1.084s] Invoking command in '/home/xingyi/ros2_orca_leap/ros2_orca_leap_ws/build/orcahand_description': CMAKE_PREFIX_PATH=${CMAKE_PREFIX_PATH}:/home/xingyi/ros2_orca_leap/ros2_orca_leap_ws/install/orcahand_controller:/home/xingyi/ros2_orca_leap/ros2_orca_leap_ws/install/orca_core:/home/xingyi/ros2_orca_leap/ros2_orca_leap_ws/install/ohrc_leap:/home/xingyi/ros2_orca_leap/ros2_orca_leap_ws/install/leap_node:/opt/ros/humble PS1=(leapc) VIRTUAL_ENV_PROMPT=(leapc) /usr/bin/cmake --build /home/xingyi/ros2_orca_leap/ros2_orca_leap_ws/build/orcahand_description -- -j32 -l32
[1.109s] Invoked command in '/home/xingyi/ros2_orca_leap/ros2_orca_leap_ws/build/orcahand_description' returned '0': CMAKE_PREFIX_PATH=${CMAKE_PREFIX_PATH}:/home/xingyi/ros2_orca_leap/ros2_orca_leap_ws/install/orcahand_controller:/home/xingyi/ros2_orca_leap/ros2_orca_leap_ws/install/orca_core:/home/xingyi/ros2_orca_leap/ros2_orca_leap_ws/install/ohrc_leap:/home/xingyi/ros2_orca_leap/ros2_orca_leap_ws/install/leap_node:/opt/ros/humble PS1=(leapc) VIRTUAL_ENV_PROMPT=(leapc) /usr/bin/cmake --build /home/xingyi/ros2_orca_leap/ros2_orca_leap_ws/build/orcahand_description -- -j32 -l32
[1.115s] Invoking command in '/home/xingyi/ros2_orca_leap/ros2_orca_leap_ws/build/orcahand_description': CMAKE_PREFIX_PATH=${CMAKE_PREFIX_PATH}:/home/xingyi/ros2_orca_leap/ros2_orca_leap_ws/install/orcahand_controller:/home/xingyi/ros2_orca_leap/ros2_orca_leap_ws/install/orca_core:/home/xingyi/ros2_orca_leap/ros2_orca_leap_ws/install/ohrc_leap:/home/xingyi/ros2_orca_leap/ros2_orca_leap_ws/install/leap_node:/opt/ros/humble PS1=(leapc) VIRTUAL_ENV_PROMPT=(leapc) /usr/bin/cmake --install /home/xingyi/ros2_orca_leap/ros2_orca_leap_ws/build/orcahand_description
[1.121s] -- Install configuration: ""
[1.121s] -- Installing: /home/xingyi/ros2_orca_leap/ros2_orca_leap_ws/install/orcahand_description/share/orcahand_description/launch
[1.121s] -- Installing: /home/xingyi/ros2_orca_leap/ros2_orca_leap_ws/install/orcahand_description/share/orcahand_description/launch/display_orcahand.launch.py
[1.121s] -- Installing: /home/xingyi/ros2_orca_leap/ros2_orca_leap_ws/install/orcahand_description/share/orcahand_description/urdf
[1.122s] -- Installing: /home/xingyi/ros2_orca_leap/ros2_orca_leap_ws/install/orcahand_description/share/orcahand_description/urdf/orcahand_right.urdf
[1.122s] -- Installing: /home/xingyi/ros2_orca_leap/ros2_orca_leap_ws/install/orcahand_description/share/orcahand_description/meshes
[1.122s] -- Installing: /home/xingyi/ros2_orca_leap/ros2_orca_leap_ws/install/orcahand_description/share/orcahand_description/meshes/collision
[1.122s] -- Installing: /home/xingyi/ros2_orca_leap/ros2_orca_leap_ws/install/orcahand_description/share/orcahand_description/meshes/collision/right_collision_thumb_dp_skin_mesh.stl
[1.122s] -- Installing: /home/xingyi/ros2_orca_leap/ros2_orca_leap_ws/install/orcahand_description/share/orcahand_description/meshes/collision/right_collision_thumb_dp_mesh.stl
[1.122s] -- Installing: /home/xingyi/ros2_orca_leap/ros2_orca_leap_ws/install/orcahand_description/share/orcahand_description/meshes/collision/right_collision_pinky_ip_skin_mesh.stl
[1.122s] -- Installing: /home/xingyi/ros2_orca_leap/ros2_orca_leap_ws/install/orcahand_description/share/orcahand_description/meshes/collision/right_collision_ring_ip_mesh.stl
[1.122s] -- Installing: /home/xingyi/ros2_orca_leap/ros2_orca_leap_ws/install/orcahand_description/share/orcahand_description/meshes/collision/right_collision_thumb_pp_mesh.stl
[1.122s] -- Installing: /home/xingyi/ros2_orca_leap/ros2_orca_leap_ws/install/orcahand_description/share/orcahand_description/meshes/collision/right_collision_palm_mesh.stl
[1.122s] -- Installing: /home/xingyi/ros2_orca_leap/ros2_orca_leap_ws/install/orcahand_description/share/orcahand_description/meshes/collision/right_collision_tower_hull_mesh.stl
[1.122s] -- Installing: /home/xingyi/ros2_orca_leap/ros2_orca_leap_ws/install/orcahand_description/share/orcahand_description/meshes/collision/right_collision_middle_ip_skin_mesh.stl
[1.123s] -- Installing: /home/xingyi/ros2_orca_leap/ros2_orca_leap_ws/install/orcahand_description/share/orcahand_description/meshes/collision/right_collision_pinky_pp_mesh.stl
[1.123s] -- Installing: /home/xingyi/ros2_orca_leap/ros2_orca_leap_ws/install/orcahand_description/share/orcahand_description/meshes/collision/right_collision_index_pp_mesh.stl
[1.123s] -- Installing: /home/xingyi/ros2_orca_leap/ros2_orca_leap_ws/install/orcahand_description/share/orcahand_description/meshes/collision/right_collision_ring_mp_mesh.stl
[1.123s] -- Installing: /home/xingyi/ros2_orca_leap/ros2_orca_leap_ws/install/orcahand_description/share/orcahand_description/meshes/collision/right_collision_pinky_mp_mesh.stl
[1.123s] -- Installing: /home/xingyi/ros2_orca_leap/ros2_orca_leap_ws/install/orcahand_description/share/orcahand_description/meshes/collision/right_collision_pinky_pp_skin_mesh.stl
[1.123s] -- Installing: /home/xingyi/ros2_orca_leap/ros2_orca_leap_ws/install/orcahand_description/share/orcahand_description/meshes/collision/right_collision_thumb_ip_mesh.stl
[1.123s] -- Installing: /home/xingyi/ros2_orca_leap/ros2_orca_leap_ws/install/orcahand_description/share/orcahand_description/meshes/collision/right_collision_ring_pp_mesh.stl
[1.123s] -- Installing: /home/xingyi/ros2_orca_leap/ros2_orca_leap_ws/install/orcahand_description/share/orcahand_description/meshes/collision/right_collision_tower_u2d2_mesh.stl
[1.123s] -- Installing: /home/xingyi/ros2_orca_leap/ros2_orca_leap_ws/install/orcahand_description/share/orcahand_description/meshes/collision/right_collision_palm_skin_mesh.stl
[1.123s] -- Installing: /home/xingyi/ros2_orca_leap/ros2_orca_leap_ws/install/orcahand_description/share/orcahand_description/meshes/collision/right_collision_tower_main_mesh.stl
[1.124s] -- Installing: /home/xingyi/ros2_orca_leap/ros2_orca_leap_ws/install/orcahand_description/share/orcahand_description/meshes/collision/right_collision_middle_pp_skin_mesh.stl
[1.124s] -- Installing: /home/xingyi/ros2_orca_leap/ros2_orca_leap_ws/install/orcahand_description/share/orcahand_description/meshes/collision/right_collision_index_ip_mesh.stl
[1.124s] -- Installing: /home/xingyi/ros2_orca_leap/ros2_orca_leap_ws/install/orcahand_description/share/orcahand_description/meshes/collision/right_collision_tower_camera_mesh.stl
[1.124s] -- Installing: /home/xingyi/ros2_orca_leap/ros2_orca_leap_ws/install/orcahand_description/share/orcahand_description/meshes/collision/right_collision_tower_text_mesh.stl
[1.124s] -- Installing: /home/xingyi/ros2_orca_leap/ros2_orca_leap_ws/install/orcahand_description/share/orcahand_description/meshes/collision/right_collision_thumb_mp_mesh.stl
[1.124s] -- Installing: /home/xingyi/ros2_orca_leap/ros2_orca_leap_ws/install/orcahand_description/share/orcahand_description/meshes/collision/right_collision_middle_pp_mesh.stl
[1.124s] -- Installing: /home/xingyi/ros2_orca_leap/ros2_orca_leap_ws/install/orcahand_description/share/orcahand_description/meshes/collision/right_collision_index_mp_mesh.stl
[1.124s] -- Installing: /home/xingyi/ros2_orca_leap/ros2_orca_leap_ws/install/orcahand_description/share/orcahand_description/meshes/collision/right_collision_pinky_ip_mesh.stl
[1.125s] -- Installing: /home/xingyi/ros2_orca_leap/ros2_orca_leap_ws/install/orcahand_description/share/orcahand_description/meshes/collision/right_collision_middle_ip_mesh.stl
[1.125s] -- Installing: /home/xingyi/ros2_orca_leap/ros2_orca_leap_ws/install/orcahand_description/share/orcahand_description/meshes/collision/right_collision_ring_pp_skin_mesh.stl
[1.125s] -- Installing: /home/xingyi/ros2_orca_leap/ros2_orca_leap_ws/install/orcahand_description/share/orcahand_description/meshes/collision/right_collision_ring_ip_skin_mesh.stl
[1.125s] -- Installing: /home/xingyi/ros2_orca_leap/ros2_orca_leap_ws/install/orcahand_description/share/orcahand_description/meshes/collision/right_collision_tower_fans_mesh.stl
[1.125s] -- Installing: /home/xingyi/ros2_orca_leap/ros2_orca_leap_ws/install/orcahand_description/share/orcahand_description/meshes/collision/right_collision_thumb_ip_skin_mesh.stl
[1.125s] -- Installing: /home/xingyi/ros2_orca_leap/ros2_orca_leap_ws/install/orcahand_description/share/orcahand_description/meshes/collision/right_collision_middle_mp_mesh.stl
[1.125s] -- Installing: /home/xingyi/ros2_orca_leap/ros2_orca_leap_ws/install/orcahand_description/share/orcahand_description/meshes/collision/right_collision_index_ip_skin_mesh.stl
[1.126s] -- Installing: /home/xingyi/ros2_orca_leap/ros2_orca_leap_ws/install/orcahand_description/share/orcahand_description/meshes/collision/right_collision_index_pp_skin_mesh.stl
[1.126s] -- Installing: /home/xingyi/ros2_orca_leap/ros2_orca_leap_ws/install/orcahand_description/share/orcahand_description/meshes/visual
[1.126s] -- Installing: /home/xingyi/ros2_orca_leap/ros2_orca_leap_ws/install/orcahand_description/share/orcahand_description/meshes/visual/right_visual_pinky_ip_mesh.stl
[1.126s] -- Installing: /home/xingyi/ros2_orca_leap/ros2_orca_leap_ws/install/orcahand_description/share/orcahand_description/meshes/visual/right_visual_middle_ip_mesh.stl
[1.126s] -- Installing: /home/xingyi/ros2_orca_leap/ros2_orca_leap_ws/install/orcahand_description/share/orcahand_description/meshes/visual/right_visual_palm_skin_mesh.stl
[1.126s] -- Installing: /home/xingyi/ros2_orca_leap/ros2_orca_leap_ws/install/orcahand_description/share/orcahand_description/meshes/visual/right_visual_ring_pp_skin_mesh.stl
[1.127s] -- Installing: /home/xingyi/ros2_orca_leap/ros2_orca_leap_ws/install/orcahand_description/share/orcahand_description/meshes/visual/right_visual_index_ip_mesh.stl
[1.127s] -- Installing: /home/xingyi/ros2_orca_leap/ros2_orca_leap_ws/install/orcahand_description/share/orcahand_description/meshes/visual/right_visual_tower_hull_mesh.stl
[1.127s] -- Installing: /home/xingyi/ros2_orca_leap/ros2_orca_leap_ws/install/orcahand_description/share/orcahand_description/meshes/visual/right_visual_thumb_ip_skin_mesh.stl
[1.127s] -- Installing: /home/xingyi/ros2_orca_leap/ros2_orca_leap_ws/install/orcahand_description/share/orcahand_description/meshes/visual/right_visual_tower_fans_mesh.stl
[1.128s] -- Installing: /home/xingyi/ros2_orca_leap/ros2_orca_leap_ws/install/orcahand_description/share/orcahand_description/meshes/visual/right_visual_tower_text_mesh.stl
[1.128s] -- Installing: /home/xingyi/ros2_orca_leap/ros2_orca_leap_ws/install/orcahand_description/share/orcahand_description/meshes/visual/right_visual_tower_main_mesh.stl
[1.128s] -- Installing: /home/xingyi/ros2_orca_leap/ros2_orca_leap_ws/install/orcahand_description/share/orcahand_description/meshes/visual/right_visual_ring_pp_mesh.stl
[1.129s] -- Installing: /home/xingyi/ros2_orca_leap/ros2_orca_leap_ws/install/orcahand_description/share/orcahand_description/meshes/visual/right_visual_middle_ip_skin_mesh.stl
[1.129s] -- Installing: /home/xingyi/ros2_orca_leap/ros2_orca_leap_ws/install/orcahand_description/share/orcahand_description/meshes/visual/right_visual_index_mp_mesh.stl
[1.129s] -- Installing: /home/xingyi/ros2_orca_leap/ros2_orca_leap_ws/install/orcahand_description/share/orcahand_description/meshes/visual/right_visual_middle_pp_skin_mesh.stl
[1.129s] -- Installing: /home/xingyi/ros2_orca_leap/ros2_orca_leap_ws/install/orcahand_description/share/orcahand_description/meshes/visual/right_visual_ring_mp_mesh.stl
[1.129s] -- Installing: /home/xingyi/ros2_orca_leap/ros2_orca_leap_ws/install/orcahand_description/share/orcahand_description/meshes/visual/right_visual_ring_ip_skin_mesh.stl
[1.129s] -- Installing: /home/xingyi/ros2_orca_leap/ros2_orca_leap_ws/install/orcahand_description/share/orcahand_description/meshes/visual/right_visual_palm_mesh.stl
[1.129s] -- Installing: /home/xingyi/ros2_orca_leap/ros2_orca_leap_ws/install/orcahand_description/share/orcahand_description/meshes/visual/right_visual_thumb_ip_mesh.stl
[1.129s] -- Installing: /home/xingyi/ros2_orca_leap/ros2_orca_leap_ws/install/orcahand_description/share/orcahand_description/meshes/visual/right_visual_middle_pp_mesh.stl
[1.129s] -- Installing: /home/xingyi/ros2_orca_leap/ros2_orca_leap_ws/install/orcahand_description/share/orcahand_description/meshes/visual/right_visual_tower_u2d2_mesh.stl
[1.129s] -- Installing: /home/xingyi/ros2_orca_leap/ros2_orca_leap_ws/install/orcahand_description/share/orcahand_description/meshes/visual/right_visual_index_pp_mesh.stl
[1.129s] -- Installing: /home/xingyi/ros2_orca_leap/ros2_orca_leap_ws/install/orcahand_description/share/orcahand_description/meshes/visual/right_visual_pinky_ip_skin_mesh.stl
[1.129s] -- Installing: /home/xingyi/ros2_orca_leap/ros2_orca_leap_ws/install/orcahand_description/share/orcahand_description/meshes/visual/right_visual_tower_camera_mesh.stl
[1.130s] -- Installing: /home/xingyi/ros2_orca_leap/ros2_orca_leap_ws/install/orcahand_description/share/orcahand_description/meshes/visual/right_visual_index_ip_skin_mesh.stl
[1.130s] -- Installing: /home/xingyi/ros2_orca_leap/ros2_orca_leap_ws/install/orcahand_description/share/orcahand_description/meshes/visual/right_visual_pinky_mp_mesh.stl
[1.130s] -- Installing: /home/xingyi/ros2_orca_leap/ros2_orca_leap_ws/install/orcahand_description/share/orcahand_description/meshes/visual/right_visual_pinky_pp_mesh.stl
[1.130s] -- Installing: /home/xingyi/ros2_orca_leap/ros2_orca_leap_ws/install/orcahand_description/share/orcahand_description/meshes/visual/right_visual_thumb_mp_mesh.stl
[1.130s] -- Installing: /home/xingyi/ros2_orca_leap/ros2_orca_leap_ws/install/orcahand_description/share/orcahand_description/meshes/visual/right_visual_thumb_pp_mesh.stl
[1.130s] -- Installing: /home/xingyi/ros2_orca_leap/ros2_orca_leap_ws/install/orcahand_description/share/orcahand_description/meshes/visual/right_visual_pinky_pp_skin_mesh.stl
[1.130s] -- Installing: /home/xingyi/ros2_orca_leap/ros2_orca_leap_ws/install/orcahand_description/share/orcahand_description/meshes/visual/right_visual_thumb_dp_mesh.stl
[1.130s] -- Installing: /home/xingyi/ros2_orca_leap/ros2_orca_leap_ws/install/orcahand_description/share/orcahand_description/meshes/visual/right_visual_index_pp_skin_mesh.stl
[1.130s] -- Installing: /home/xingyi/ros2_orca_leap/ros2_orca_leap_ws/install/orcahand_description/share/orcahand_description/meshes/visual/right_visual_ring_ip_mesh.stl
[1.130s] -- Installing: /home/xingyi/ros2_orca_leap/ros2_orca_leap_ws/install/orcahand_description/share/orcahand_description/meshes/visual/right_visual_middle_mp_mesh.stl
[1.130s] -- Installing: /home/xingyi/ros2_orca_leap/ros2_orca_leap_ws/install/orcahand_description/share/orcahand_description/meshes/visual/right_visual_thumb_dp_skin_mesh.stl
[1.131s] -- Installing: /home/xingyi/ros2_orca_leap/ros2_orca_leap_ws/install/orcahand_description/share/orcahand_description/config
[1.131s] -- Installing: /home/xingyi/ros2_orca_leap/ros2_orca_leap_ws/install/orcahand_description/share/orcahand_description/config/display_orcahand.rviz
[1.131s] -- Installing: /home/xingyi/ros2_orca_leap/ros2_orca_leap_ws/install/orcahand_description/share/ament_index/resource_index/package_run_dependencies/orcahand_description
[1.131s] -- Installing: /home/xingyi/ros2_orca_leap/ros2_orca_leap_ws/install/orcahand_description/share/ament_index/resource_index/parent_prefix_path/orcahand_description
[1.131s] -- Installing: /home/xingyi/ros2_orca_leap/ros2_orca_leap_ws/install/orcahand_description/share/orcahand_description/environment/ament_prefix_path.sh
[1.131s] -- Installing: /home/xingyi/ros2_orca_leap/ros2_orca_leap_ws/install/orcahand_description/share/orcahand_description/environment/ament_prefix_path.dsv
[1.131s] -- Installing: /home/xingyi/ros2_orca_leap/ros2_orca_leap_ws/install/orcahand_description/share/orcahand_description/environment/path.sh
[1.131s] -- Installing: /home/xingyi/ros2_orca_leap/ros2_orca_leap_ws/install/orcahand_description/share/orcahand_description/environment/path.dsv
[1.131s] -- Installing: /home/xingyi/ros2_orca_leap/ros2_orca_leap_ws/install/orcahand_description/share/orcahand_description/local_setup.bash
[1.131s] -- Installing: /home/xingyi/ros2_orca_leap/ros2_orca_leap_ws/install/orcahand_description/share/orcahand_description/local_setup.sh
[1.131s] -- Installing: /home/xingyi/ros2_orca_leap/ros2_orca_leap_ws/install/orcahand_description/share/orcahand_description/local_setup.zsh
[1.131s] -- Installing: /home/xingyi/ros2_orca_leap/ros2_orca_leap_ws/install/orcahand_description/share/orcahand_description/local_setup.dsv
[1.131s] -- Installing: /home/xingyi/ros2_orca_leap/ros2_orca_leap_ws/install/orcahand_description/share/orcahand_description/package.dsv
[1.132s] -- Installing: /home/xingyi/ros2_orca_leap/ros2_orca_leap_ws/install/orcahand_description/share/ament_index/resource_index/packages/orcahand_description
[1.132s] -- Installing: /home/xingyi/ros2_orca_leap/ros2_orca_leap_ws/install/orcahand_description/share/orcahand_description/cmake/orcahand_descriptionConfig.cmake
[1.132s] -- Installing: /home/xingyi/ros2_orca_leap/ros2_orca_leap_ws/install/orcahand_description/share/orcahand_description/cmake/orcahand_descriptionConfig-version.cmake
[1.132s] -- Installing: /home/xingyi/ros2_orca_leap/ros2_orca_leap_ws/install/orcahand_description/share/orcahand_description/package.xml
[1.133s] Invoked command in '/home/xingyi/ros2_orca_leap/ros2_orca_leap_ws/build/orcahand_description' returned '0': CMAKE_PREFIX_PATH=${CMAKE_PREFIX_PATH}:/home/xingyi/ros2_orca_leap/ros2_orca_leap_ws/install/orcahand_controller:/home/xingyi/ros2_orca_leap/ros2_orca_leap_ws/install/orca_core:/home/xingyi/ros2_orca_leap/ros2_orca_leap_ws/install/ohrc_leap:/home/xingyi/ros2_orca_leap/ros2_orca_leap_ws/install/leap_node:/opt/ros/humble PS1=(leapc) VIRTUAL_ENV_PROMPT=(leapc) /usr/bin/cmake --install /home/xingyi/ros2_orca_leap/ros2_orca_leap_ws/build/orcahand_description
