[0.553s] Invoking command in '/home/xingyi/ros2_orca_leap/ros2_orca_leap_ws/src/ohrc_leap': PS1=(leapc) PYTHONPATH=/home/xingyi/ros2_orca_leap/ros2_orca_leap_ws/build/ohrc_leap/prefix_override:/usr/lib/python3/dist-packages/colcon_core/task/python/colcon_distutils_commands:/home/xingyi/ros2_orca_leap/ros2_orca_leap_ws/install/ohrc_leap/lib/python3.10/site-packages:${PYTHONPATH} VIRTUAL_ENV_PROMPT=(leapc) /usr/bin/python3 -W ignore:setup.py install is deprecated -W ignore:easy_install command is deprecated setup.py egg_info --egg-base ../../build/ohrc_leap build --build-base /home/xingyi/ros2_orca_leap/ros2_orca_leap_ws/build/ohrc_leap/build install --record /home/xingyi/ros2_orca_leap/ros2_orca_leap_ws/build/ohrc_leap/install.log --single-version-externally-managed install_data
[0.663s] running egg_info
[0.663s] creating ../../build/ohrc_leap/ohrc_leap.egg-info
[0.664s] writing ../../build/ohrc_leap/ohrc_leap.egg-info/PKG-INFO
[0.664s] writing dependency_links to ../../build/ohrc_leap/ohrc_leap.egg-info/dependency_links.txt
[0.664s] writing entry points to ../../build/ohrc_leap/ohrc_leap.egg-info/entry_points.txt
[0.664s] writing requirements to ../../build/ohrc_leap/ohrc_leap.egg-info/requires.txt
[0.664s] writing top-level names to ../../build/ohrc_leap/ohrc_leap.egg-info/top_level.txt
[0.664s] writing manifest file '../../build/ohrc_leap/ohrc_leap.egg-info/SOURCES.txt'
[0.664s] reading manifest file '../../build/ohrc_leap/ohrc_leap.egg-info/SOURCES.txt'
[0.665s] writing manifest file '../../build/ohrc_leap/ohrc_leap.egg-info/SOURCES.txt'
[0.665s] running build
[0.665s] running build_py
[0.665s] creating /home/xingyi/ros2_orca_leap/ros2_orca_leap_ws/build/ohrc_leap/build
[0.665s] creating /home/xingyi/ros2_orca_leap/ros2_orca_leap_ws/build/ohrc_leap/build/lib
[0.665s] creating /home/xingyi/ros2_orca_leap/ros2_orca_leap_ws/build/ohrc_leap/build/lib/ohrc_leap
[0.665s] copying ohrc_leap/__init__.py -> /home/xingyi/ros2_orca_leap/ros2_orca_leap_ws/build/ohrc_leap/build/lib/ohrc_leap
[0.665s] copying ohrc_leap/state_topic_publisher.py -> /home/xingyi/ros2_orca_leap/ros2_orca_leap_ws/build/ohrc_leap/build/lib/ohrc_leap
[0.665s] running install
[0.665s] running install_lib
[0.666s] creating /home/xingyi/ros2_orca_leap/ros2_orca_leap_ws/install/ohrc_leap/lib/python3.10/site-packages/ohrc_leap
[0.666s] copying /home/xingyi/ros2_orca_leap/ros2_orca_leap_ws/build/ohrc_leap/build/lib/ohrc_leap/__init__.py -> /home/xingyi/ros2_orca_leap/ros2_orca_leap_ws/install/ohrc_leap/lib/python3.10/site-packages/ohrc_leap
[0.666s] copying /home/xingyi/ros2_orca_leap/ros2_orca_leap_ws/build/ohrc_leap/build/lib/ohrc_leap/state_topic_publisher.py -> /home/xingyi/ros2_orca_leap/ros2_orca_leap_ws/install/ohrc_leap/lib/python3.10/site-packages/ohrc_leap
[0.666s] byte-compiling /home/xingyi/ros2_orca_leap/ros2_orca_leap_ws/install/ohrc_leap/lib/python3.10/site-packages/ohrc_leap/__init__.py to __init__.cpython-310.pyc
[0.666s] byte-compiling /home/xingyi/ros2_orca_leap/ros2_orca_leap_ws/install/ohrc_leap/lib/python3.10/site-packages/ohrc_leap/state_topic_publisher.py to state_topic_publisher.cpython-310.pyc
[0.666s] running install_data
[0.666s] creating /home/xingyi/ros2_orca_leap/ros2_orca_leap_ws/install/ohrc_leap/share/ament_index
[0.666s] creating /home/xingyi/ros2_orca_leap/ros2_orca_leap_ws/install/ohrc_leap/share/ament_index/resource_index
[0.666s] creating /home/xingyi/ros2_orca_leap/ros2_orca_leap_ws/install/ohrc_leap/share/ament_index/resource_index/packages
[0.666s] copying resource/ohrc_leap -> /home/xingyi/ros2_orca_leap/ros2_orca_leap_ws/install/ohrc_leap/share/ament_index/resource_index/packages
[0.666s] copying package.xml -> /home/xingyi/ros2_orca_leap/ros2_orca_leap_ws/install/ohrc_leap/share/ohrc_leap
[0.666s] creating /home/xingyi/ros2_orca_leap/ros2_orca_leap_ws/install/ohrc_leap/share/ohrc_leap/launch
[0.666s] copying launch/ohrc_leap_teleoperation.launch.py -> /home/xingyi/ros2_orca_leap/ros2_orca_leap_ws/install/ohrc_leap/share/ohrc_leap/launch
[0.666s] running install_egg_info
[0.667s] Copying ../../build/ohrc_leap/ohrc_leap.egg-info to /home/xingyi/ros2_orca_leap/ros2_orca_leap_ws/install/ohrc_leap/lib/python3.10/site-packages/ohrc_leap-0.0.0-py3.10.egg-info
[0.667s] running install_scripts
[0.677s] Installing state_topic_publisher script to /home/xingyi/ros2_orca_leap/ros2_orca_leap_ws/install/ohrc_leap/lib/ohrc_leap
[0.677s] writing list of installed files to '/home/xingyi/ros2_orca_leap/ros2_orca_leap_ws/build/ohrc_leap/install.log'
[0.688s] Invoked command in '/home/xingyi/ros2_orca_leap/ros2_orca_leap_ws/src/ohrc_leap' returned '0': PS1=(leapc) PYTHONPATH=/home/xingyi/ros2_orca_leap/ros2_orca_leap_ws/build/ohrc_leap/prefix_override:/usr/lib/python3/dist-packages/colcon_core/task/python/colcon_distutils_commands:/home/xingyi/ros2_orca_leap/ros2_orca_leap_ws/install/ohrc_leap/lib/python3.10/site-packages:${PYTHONPATH} VIRTUAL_ENV_PROMPT=(leapc) /usr/bin/python3 -W ignore:setup.py install is deprecated -W ignore:easy_install command is deprecated setup.py egg_info --egg-base ../../build/ohrc_leap build --build-base /home/xingyi/ros2_orca_leap/ros2_orca_leap_ws/build/ohrc_leap/build install --record /home/xingyi/ros2_orca_leap/ros2_orca_leap_ws/build/ohrc_leap/install.log --single-version-externally-managed install_data
