running egg_info
writing ../../build/orcahand_controller/orcahand_controller.egg-info/PKG-INFO
writing dependency_links to ../../build/orcahand_controller/orcahand_controller.egg-info/dependency_links.txt
writing entry points to ../../build/orcahand_controller/orcahand_controller.egg-info/entry_points.txt
writing requirements to ../../build/orcahand_controller/orcahand_controller.egg-info/requires.txt
writing top-level names to ../../build/orcahand_controller/orcahand_controller.egg-info/top_level.txt
reading manifest file '../../build/orcahand_controller/orcahand_controller.egg-info/SOURCES.txt'
writing manifest file '../../build/orcahand_controller/orcahand_controller.egg-info/SOURCES.txt'
running build
running build_py
running install
running install_lib
running install_data
running install_egg_info
removing '/home/xingyi/ros2_orca_leap/ros2_orca_leap_ws/install/orcahand_controller/lib/python3.10/site-packages/orcahand_controller-0.0.0-py3.10.egg-info' (and everything under it)
Copying ../../build/orcahand_controller/orcahand_controller.egg-info to /home/xingyi/ros2_orca_leap/ros2_orca_leap_ws/install/orcahand_controller/lib/python3.10/site-packages/orcahand_controller-0.0.0-py3.10.egg-info
running install_scripts
Installing leap_to_orcahand script to /home/xingyi/ros2_orca_leap/ros2_orca_leap_ws/install/orcahand_controller/lib/orcahand_controller
Installing orcahand_commander script to /home/xingyi/ros2_orca_leap/ros2_orca_leap_ws/install/orcahand_controller/lib/orcahand_controller
Installing orcahand_driver script to /home/xingyi/ros2_orca_leap/ros2_orca_leap_ws/install/orcahand_controller/lib/orcahand_controller
writing list of installed files to '/home/xingyi/ros2_orca_leap/ros2_orca_leap_ws/build/orcahand_controller/install.log'
