[0.605s] Invoking command in '/home/xingyi/ros2_orca_leap/ros2_orca_leap_ws/src/orca_core': PS1=(leapc) PYTHONPATH=/home/xingyi/ros2_orca_leap/ros2_orca_leap_ws/build/orca_core/prefix_override:/usr/lib/python3/dist-packages/colcon_core/task/python/colcon_distutils_commands:/home/xingyi/ros2_orca_leap/ros2_orca_leap_ws/install/orca_core/lib/python3.10/site-packages:${PYTHONPATH} VIRTUAL_ENV_PROMPT=(leapc) /usr/bin/python3 -W ignore:setup.py install is deprecated -W ignore:easy_install command is deprecated setup.py egg_info --egg-base ../../build/orca_core build --build-base /home/xingyi/ros2_orca_leap/ros2_orca_leap_ws/build/orca_core/build install --record /home/xingyi/ros2_orca_leap/ros2_orca_leap_ws/build/orca_core/install.log --single-version-externally-managed install_data
[0.724s] running egg_info
[0.725s] creating ../../build/orca_core/orca_core.egg-info
[0.725s] writing ../../build/orca_core/orca_core.egg-info/PKG-INFO
[0.725s] writing dependency_links to ../../build/orca_core/orca_core.egg-info/dependency_links.txt
[0.725s] writing entry points to ../../build/orca_core/orca_core.egg-info/entry_points.txt
[0.725s] writing requirements to ../../build/orca_core/orca_core.egg-info/requires.txt
[0.725s] writing top-level names to ../../build/orca_core/orca_core.egg-info/top_level.txt
[0.725s] writing manifest file '../../build/orca_core/orca_core.egg-info/SOURCES.txt'
[0.726s] reading manifest file '../../build/orca_core/orca_core.egg-info/SOURCES.txt'
[0.726s] reading manifest template 'MANIFEST.in'
[0.726s] adding license file 'LICENSE'
[0.726s] writing manifest file '../../build/orca_core/orca_core.egg-info/SOURCES.txt'
[0.726s] running build
[0.727s] running build_py
[0.727s] creating /home/xingyi/ros2_orca_leap/ros2_orca_leap_ws/build/orca_core/build
[0.727s] creating /home/xingyi/ros2_orca_leap/ros2_orca_leap_ws/build/orca_core/build/lib
[0.727s] creating /home/xingyi/ros2_orca_leap/ros2_orca_leap_ws/build/orca_core/build/lib/orca_core
[0.727s] copying orca_core/__init__.py -> /home/xingyi/ros2_orca_leap/ros2_orca_leap_ws/build/orca_core/build/lib/orca_core
[0.727s] copying orca_core/core.py -> /home/xingyi/ros2_orca_leap/ros2_orca_leap_ws/build/orca_core/build/lib/orca_core
[0.727s] creating /home/xingyi/ros2_orca_leap/ros2_orca_leap_ws/build/orca_core/build/lib/orca_core/hardware
[0.728s] copying orca_core/hardware/mock_dynamixel_client.py -> /home/xingyi/ros2_orca_leap/ros2_orca_leap_ws/build/orca_core/build/lib/orca_core/hardware
[0.728s] copying orca_core/hardware/__init__.py -> /home/xingyi/ros2_orca_leap/ros2_orca_leap_ws/build/orca_core/build/lib/orca_core/hardware
[0.728s] copying orca_core/hardware/dynamixel_client.py -> /home/xingyi/ros2_orca_leap/ros2_orca_leap_ws/build/orca_core/build/lib/orca_core/hardware
[0.728s] creating /home/xingyi/ros2_orca_leap/ros2_orca_leap_ws/build/orca_core/build/lib/orca_core/api
[0.728s] copying orca_core/api/api.py -> /home/xingyi/ros2_orca_leap/ros2_orca_leap_ws/build/orca_core/build/lib/orca_core/api
[0.728s] copying orca_core/api/__init__.py -> /home/xingyi/ros2_orca_leap/ros2_orca_leap_ws/build/orca_core/build/lib/orca_core/api
[0.728s] creating /home/xingyi/ros2_orca_leap/ros2_orca_leap_ws/build/orca_core/build/lib/orca_core/utils
[0.728s] copying orca_core/utils/__init__.py -> /home/xingyi/ros2_orca_leap/ros2_orca_leap_ws/build/orca_core/build/lib/orca_core/utils
[0.728s] copying orca_core/utils/utils.py -> /home/xingyi/ros2_orca_leap/ros2_orca_leap_ws/build/orca_core/build/lib/orca_core/utils
[0.729s] creating /home/xingyi/ros2_orca_leap/ros2_orca_leap_ws/build/orca_core/build/lib/orca_core/models
[0.729s] creating /home/xingyi/ros2_orca_leap/ros2_orca_leap_ws/build/orca_core/build/lib/orca_core/models/orcahand_v1_right
[0.729s] copying orca_core/models/orcahand_v1_right/calibration.yaml -> /home/xingyi/ros2_orca_leap/ros2_orca_leap_ws/build/orca_core/build/lib/orca_core/models/orcahand_v1_right
[0.729s] copying orca_core/models/orcahand_v1_right/config.yaml -> /home/xingyi/ros2_orca_leap/ros2_orca_leap_ws/build/orca_core/build/lib/orca_core/models/orcahand_v1_right
[0.729s] running install
[0.729s] running install_lib
[0.729s] creating /home/xingyi/ros2_orca_leap/ros2_orca_leap_ws/install/orca_core/lib/python3.10/site-packages/orca_core
[0.729s] creating /home/xingyi/ros2_orca_leap/ros2_orca_leap_ws/install/orca_core/lib/python3.10/site-packages/orca_core/models
[0.729s] creating /home/xingyi/ros2_orca_leap/ros2_orca_leap_ws/install/orca_core/lib/python3.10/site-packages/orca_core/models/orcahand_v1_right
[0.729s] copying /home/xingyi/ros2_orca_leap/ros2_orca_leap_ws/build/orca_core/build/lib/orca_core/models/orcahand_v1_right/config.yaml -> /home/xingyi/ros2_orca_leap/ros2_orca_leap_ws/install/orca_core/lib/python3.10/site-packages/orca_core/models/orcahand_v1_right
[0.729s] copying /home/xingyi/ros2_orca_leap/ros2_orca_leap_ws/build/orca_core/build/lib/orca_core/models/orcahand_v1_right/calibration.yaml -> /home/xingyi/ros2_orca_leap/ros2_orca_leap_ws/install/orca_core/lib/python3.10/site-packages/orca_core/models/orcahand_v1_right
[0.729s] creating /home/xingyi/ros2_orca_leap/ros2_orca_leap_ws/install/orca_core/lib/python3.10/site-packages/orca_core/hardware
[0.729s] copying /home/xingyi/ros2_orca_leap/ros2_orca_leap_ws/build/orca_core/build/lib/orca_core/hardware/mock_dynamixel_client.py -> /home/xingyi/ros2_orca_leap/ros2_orca_leap_ws/install/orca_core/lib/python3.10/site-packages/orca_core/hardware
[0.729s] copying /home/xingyi/ros2_orca_leap/ros2_orca_leap_ws/build/orca_core/build/lib/orca_core/hardware/__init__.py -> /home/xingyi/ros2_orca_leap/ros2_orca_leap_ws/install/orca_core/lib/python3.10/site-packages/orca_core/hardware
[0.729s] copying /home/xingyi/ros2_orca_leap/ros2_orca_leap_ws/build/orca_core/build/lib/orca_core/hardware/dynamixel_client.py -> /home/xingyi/ros2_orca_leap/ros2_orca_leap_ws/install/orca_core/lib/python3.10/site-packages/orca_core/hardware
[0.729s] copying /home/xingyi/ros2_orca_leap/ros2_orca_leap_ws/build/orca_core/build/lib/orca_core/__init__.py -> /home/xingyi/ros2_orca_leap/ros2_orca_leap_ws/install/orca_core/lib/python3.10/site-packages/orca_core
[0.729s] creating /home/xingyi/ros2_orca_leap/ros2_orca_leap_ws/install/orca_core/lib/python3.10/site-packages/orca_core/api
[0.729s] copying /home/xingyi/ros2_orca_leap/ros2_orca_leap_ws/build/orca_core/build/lib/orca_core/api/api.py -> /home/xingyi/ros2_orca_leap/ros2_orca_leap_ws/install/orca_core/lib/python3.10/site-packages/orca_core/api
[0.729s] copying /home/xingyi/ros2_orca_leap/ros2_orca_leap_ws/build/orca_core/build/lib/orca_core/api/__init__.py -> /home/xingyi/ros2_orca_leap/ros2_orca_leap_ws/install/orca_core/lib/python3.10/site-packages/orca_core/api
[0.729s] copying /home/xingyi/ros2_orca_leap/ros2_orca_leap_ws/build/orca_core/build/lib/orca_core/core.py -> /home/xingyi/ros2_orca_leap/ros2_orca_leap_ws/install/orca_core/lib/python3.10/site-packages/orca_core
[0.729s] creating /home/xingyi/ros2_orca_leap/ros2_orca_leap_ws/install/orca_core/lib/python3.10/site-packages/orca_core/utils
[0.729s] copying /home/xingyi/ros2_orca_leap/ros2_orca_leap_ws/build/orca_core/build/lib/orca_core/utils/__init__.py -> /home/xingyi/ros2_orca_leap/ros2_orca_leap_ws/install/orca_core/lib/python3.10/site-packages/orca_core/utils
[0.729s] copying /home/xingyi/ros2_orca_leap/ros2_orca_leap_ws/build/orca_core/build/lib/orca_core/utils/utils.py -> /home/xingyi/ros2_orca_leap/ros2_orca_leap_ws/install/orca_core/lib/python3.10/site-packages/orca_core/utils
[0.729s] byte-compiling /home/xingyi/ros2_orca_leap/ros2_orca_leap_ws/install/orca_core/lib/python3.10/site-packages/orca_core/hardware/mock_dynamixel_client.py to mock_dynamixel_client.cpython-310.pyc
[0.730s] byte-compiling /home/xingyi/ros2_orca_leap/ros2_orca_leap_ws/install/orca_core/lib/python3.10/site-packages/orca_core/hardware/__init__.py to __init__.cpython-310.pyc
[0.731s] byte-compiling /home/xingyi/ros2_orca_leap/ros2_orca_leap_ws/install/orca_core/lib/python3.10/site-packages/orca_core/hardware/dynamixel_client.py to dynamixel_client.cpython-310.pyc
[0.732s] byte-compiling /home/xingyi/ros2_orca_leap/ros2_orca_leap_ws/install/orca_core/lib/python3.10/site-packages/orca_core/__init__.py to __init__.cpython-310.pyc
[0.732s] byte-compiling /home/xingyi/ros2_orca_leap/ros2_orca_leap_ws/install/orca_core/lib/python3.10/site-packages/orca_core/api/api.py to api.cpython-310.pyc
[0.733s] byte-compiling /home/xingyi/ros2_orca_leap/ros2_orca_leap_ws/install/orca_core/lib/python3.10/site-packages/orca_core/api/__init__.py to __init__.cpython-310.pyc
[0.733s] byte-compiling /home/xingyi/ros2_orca_leap/ros2_orca_leap_ws/install/orca_core/lib/python3.10/site-packages/orca_core/core.py to core.cpython-310.pyc
[0.736s] byte-compiling /home/xingyi/ros2_orca_leap/ros2_orca_leap_ws/install/orca_core/lib/python3.10/site-packages/orca_core/utils/__init__.py to __init__.cpython-310.pyc
[0.736s] byte-compiling /home/xingyi/ros2_orca_leap/ros2_orca_leap_ws/install/orca_core/lib/python3.10/site-packages/orca_core/utils/utils.py to utils.cpython-310.pyc
[0.737s] running install_data
[0.737s] creating /home/xingyi/ros2_orca_leap/ros2_orca_leap_ws/install/orca_core/share/ament_index
[0.737s] creating /home/xingyi/ros2_orca_leap/ros2_orca_leap_ws/install/orca_core/share/ament_index/resource_index
[0.737s] creating /home/xingyi/ros2_orca_leap/ros2_orca_leap_ws/install/orca_core/share/ament_index/resource_index/packages
[0.737s] copying resource/orca_core -> /home/xingyi/ros2_orca_leap/ros2_orca_leap_ws/install/orca_core/share/ament_index/resource_index/packages
[0.737s] copying package.xml -> /home/xingyi/ros2_orca_leap/ros2_orca_leap_ws/install/orca_core/share/orca_core
[0.737s] running install_egg_info
[0.738s] Copying ../../build/orca_core/orca_core.egg-info to /home/xingyi/ros2_orca_leap/ros2_orca_leap_ws/install/orca_core/lib/python3.10/site-packages/orca_core-0.1.0-py3.10.egg-info
[0.738s] running install_scripts
[0.749s] writing list of installed files to '/home/xingyi/ros2_orca_leap/ros2_orca_leap_ws/build/orca_core/install.log'
[0.765s] Invoked command in '/home/xingyi/ros2_orca_leap/ros2_orca_leap_ws/src/orca_core' returned '0': PS1=(leapc) PYTHONPATH=/home/xingyi/ros2_orca_leap/ros2_orca_leap_ws/build/orca_core/prefix_override:/usr/lib/python3/dist-packages/colcon_core/task/python/colcon_distutils_commands:/home/xingyi/ros2_orca_leap/ros2_orca_leap_ws/install/orca_core/lib/python3.10/site-packages:${PYTHONPATH} VIRTUAL_ENV_PROMPT=(leapc) /usr/bin/python3 -W ignore:setup.py install is deprecated -W ignore:easy_install command is deprecated setup.py egg_info --egg-base ../../build/orca_core build --build-base /home/xingyi/ros2_orca_leap/ros2_orca_leap_ws/build/orca_core/build install --record /home/xingyi/ros2_orca_leap/ros2_orca_leap_ws/build/orca_core/install.log --single-version-externally-managed install_data
