[0.569s] Invoking command in '/home/xingyi/ros2_orca_leap/ros2_orca_leap_ws/src/orca_core': PS1=(leapc) PYTHONPATH=/home/xingyi/ros2_orca_leap/ros2_orca_leap_ws/build/orca_core/prefix_override:/usr/lib/python3/dist-packages/colcon_core/task/python/colcon_distutils_commands:/home/xingyi/ros2_orca_leap/ros2_orca_leap_ws/install/orca_core/lib/python3.10/site-packages:${PYTHONPATH} VIRTUAL_ENV_PROMPT=(leapc) /usr/bin/python3 -W ignore:setup.py install is deprecated -W ignore:easy_install command is deprecated setup.py egg_info --egg-base ../../build/orca_core build --build-base /home/xingyi/ros2_orca_leap/ros2_orca_leap_ws/build/orca_core/build install --record /home/xingyi/ros2_orca_leap/ros2_orca_leap_ws/build/orca_core/install.log --single-version-externally-managed install_data
[0.680s] running egg_info
[0.680s] writing ../../build/orca_core/orca_core.egg-info/PKG-INFO
[0.680s] writing dependency_links to ../../build/orca_core/orca_core.egg-info/dependency_links.txt
[0.680s] writing entry points to ../../build/orca_core/orca_core.egg-info/entry_points.txt
[0.680s] writing requirements to ../../build/orca_core/orca_core.egg-info/requires.txt
[0.681s] writing top-level names to ../../build/orca_core/orca_core.egg-info/top_level.txt
[0.682s] reading manifest file '../../build/orca_core/orca_core.egg-info/SOURCES.txt'
[0.682s] reading manifest template 'MANIFEST.in'
[0.682s] adding license file 'LICENSE'
[0.683s] writing manifest file '../../build/orca_core/orca_core.egg-info/SOURCES.txt'
[0.683s] running build
[0.683s] running build_py
[0.683s] running install
[0.683s] running install_lib
[0.684s] running install_data
[0.684s] running install_egg_info
[0.685s] removing '/home/xingyi/ros2_orca_leap/ros2_orca_leap_ws/install/orca_core/lib/python3.10/site-packages/orca_core-0.0.0-py3.10.egg-info' (and everything under it)
[0.685s] Copying ../../build/orca_core/orca_core.egg-info to /home/xingyi/ros2_orca_leap/ros2_orca_leap_ws/install/orca_core/lib/python3.10/site-packages/orca_core-0.0.0-py3.10.egg-info
[0.685s] running install_scripts
[0.695s] writing list of installed files to '/home/xingyi/ros2_orca_leap/ros2_orca_leap_ws/build/orca_core/install.log'
[0.713s] Invoked command in '/home/xingyi/ros2_orca_leap/ros2_orca_leap_ws/src/orca_core' returned '0': PS1=(leapc) PYTHONPATH=/home/xingyi/ros2_orca_leap/ros2_orca_leap_ws/build/orca_core/prefix_override:/usr/lib/python3/dist-packages/colcon_core/task/python/colcon_distutils_commands:/home/xingyi/ros2_orca_leap/ros2_orca_leap_ws/install/orca_core/lib/python3.10/site-packages:${PYTHONPATH} VIRTUAL_ENV_PROMPT=(leapc) /usr/bin/python3 -W ignore:setup.py install is deprecated -W ignore:easy_install command is deprecated setup.py egg_info --egg-base ../../build/orca_core build --build-base /home/xingyi/ros2_orca_leap/ros2_orca_leap_ws/build/orca_core/build install --record /home/xingyi/ros2_orca_leap/ros2_orca_leap_ws/build/orca_core/install.log --single-version-externally-managed install_data
