[0.014s] Invoking command in '/home/xingyi/ros2_orca_leap/ros2_orca_leap_ws/build/leap_msgs': CMAKE_PREFIX_PATH=${CMAKE_PREFIX_PATH}:/home/xingyi/ros2_orca_leap/ros2_orca_leap_ws/install/orcahand_controller:/home/xingyi/ros2_orca_leap/ros2_orca_leap_ws/install/orca_core:/home/xingyi/ros2_orca_leap/ros2_orca_leap_ws/install/ohrc_leap:/home/xingyi/ros2_orca_leap/ros2_orca_leap_ws/install/leap_node:/opt/ros/humble PS1=(leapc) VIRTUAL_ENV_PROMPT=(leapc) /usr/bin/cmake /home/xingyi/ros2_orca_leap/ros2_orca_leap_ws/src/leap_msgs -DPython3_EXECUTABLE=/home/xingyi/.venvs/leapc/bin/python -DPYTHON_EXECUTABLE=/home/xingyi/.venvs/leapc/bin/python -DCMAKE_INSTALL_PREFIX=/home/xingyi/ros2_orca_leap/ros2_orca_leap_ws/install/leap_msgs
[0.389s] -- The C compiler identification is GNU 11.4.0
[0.389s] -- The CXX compiler identification is GNU 11.4.0
[0.389s] -- Detecting C compiler ABI info
[0.389s] -- Detecting C compiler ABI info - done
[0.389s] -- Check for working C compiler: /usr/bin/cc - skipped
[0.389s] -- Detecting C compile features
[0.389s] -- Detecting C compile features - done
[0.390s] -- Detecting CXX compiler ABI info
[0.390s] -- Detecting CXX compiler ABI info - done
[0.390s] -- Check for working CXX compiler: /usr/bin/c++ - skipped
[0.390s] -- Detecting CXX compile features
[0.390s] -- Detecting CXX compile features - done
[0.390s] -- Found ament_cmake: 1.3.12 (/opt/ros/humble/share/ament_cmake/cmake)
[0.505s] -- Found Python3: /home/xingyi/.venvs/leapc/bin/python (found version "3.10.12") found components: Interpreter 
[0.551s] -- Found rosidl_default_generators: 1.2.0 (/opt/ros/humble/share/rosidl_default_generators/cmake)
[0.553s] -- Using all available rosidl_typesupport_c: rosidl_typesupport_fastrtps_c;rosidl_typesupport_introspection_c
[0.558s] -- Found rosidl_adapter: 3.1.7 (/opt/ros/humble/share/rosidl_adapter/cmake)
[0.576s] -- Using all available rosidl_typesupport_cpp: rosidl_typesupport_fastrtps_cpp;rosidl_typesupport_introspection_cpp
[0.592s] -- Found geometry_msgs: 4.9.0 (/opt/ros/humble/share/geometry_msgs/cmake)
[0.784s] -- Found ament_cmake_ros: 0.10.0 (/opt/ros/humble/share/ament_cmake_ros/cmake)
[0.921s] -- Using all available rosidl_typesupport_c: rosidl_typesupport_fastrtps_c;rosidl_typesupport_introspection_c
[1.095s] -- Using all available rosidl_typesupport_cpp: rosidl_typesupport_fastrtps_cpp;rosidl_typesupport_introspection_cpp
[1.110s] -- Found PythonInterp: /home/xingyi/.venvs/leapc/bin/python (found suitable version "3.10.12", minimum required is "3.6") 
[1.110s] -- Found python_cmake_module: 0.10.0 (/opt/ros/humble/share/python_cmake_module/cmake)
[1.125s] -- Found PythonLibs: /usr/lib/x86_64-linux-gnu/libpython3.10.so (found suitable version "3.10.12", minimum required is "3.5") 
[1.125s] -- Using PYTHON_EXECUTABLE: /home/xingyi/.venvs/leapc/bin/python
[1.126s] -- Using PYTHON_INCLUDE_DIRS: /usr/include/python3.10
[1.126s] -- Using PYTHON_LIBRARIES: /usr/lib/x86_64-linux-gnu/libpython3.10.so
[1.137s] -- Found PythonExtra: .so  
[1.169s] -- Configuring done
[1.186s] -- Generating done
[1.191s] -- Build files have been written to: /home/xingyi/ros2_orca_leap/ros2_orca_leap_ws/build/leap_msgs
[1.196s] Invoked command in '/home/xingyi/ros2_orca_leap/ros2_orca_leap_ws/build/leap_msgs' returned '0': CMAKE_PREFIX_PATH=${CMAKE_PREFIX_PATH}:/home/xingyi/ros2_orca_leap/ros2_orca_leap_ws/install/orcahand_controller:/home/xingyi/ros2_orca_leap/ros2_orca_leap_ws/install/orca_core:/home/xingyi/ros2_orca_leap/ros2_orca_leap_ws/install/ohrc_leap:/home/xingyi/ros2_orca_leap/ros2_orca_leap_ws/install/leap_node:/opt/ros/humble PS1=(leapc) VIRTUAL_ENV_PROMPT=(leapc) /usr/bin/cmake /home/xingyi/ros2_orca_leap/ros2_orca_leap_ws/src/leap_msgs -DPython3_EXECUTABLE=/home/xingyi/.venvs/leapc/bin/python -DPYTHON_EXECUTABLE=/home/xingyi/.venvs/leapc/bin/python -DCMAKE_INSTALL_PREFIX=/home/xingyi/ros2_orca_leap/ros2_orca_leap_ws/install/leap_msgs
[1.197s] Invoking command in '/home/xingyi/ros2_orca_leap/ros2_orca_leap_ws/build/leap_msgs': CMAKE_PREFIX_PATH=${CMAKE_PREFIX_PATH}:/home/xingyi/ros2_orca_leap/ros2_orca_leap_ws/install/orcahand_controller:/home/xingyi/ros2_orca_leap/ros2_orca_leap_ws/install/orca_core:/home/xingyi/ros2_orca_leap/ros2_orca_leap_ws/install/ohrc_leap:/home/xingyi/ros2_orca_leap/ros2_orca_leap_ws/install/leap_node:/opt/ros/humble PS1=(leapc) VIRTUAL_ENV_PROMPT=(leapc) /usr/bin/cmake --build /home/xingyi/ros2_orca_leap/ros2_orca_leap_ws/build/leap_msgs -- -j32 -l32
[1.222s] [  1%] [34m[1mGenerating C code for ROS interfaces[0m
[1.229s] [  3%] [34m[1mGenerating C++ code for ROS interfaces[0m
[1.233s] [  3%] Built target ament_cmake_python_copy_leap_msgs
[1.391s] running egg_info
[1.391s] creating leap_msgs.egg-info
[1.397s] writing leap_msgs.egg-info/PKG-INFO
[1.398s] writing dependency_links to leap_msgs.egg-info/dependency_links.txt
[1.398s] writing top-level names to leap_msgs.egg-info/top_level.txt
[1.398s] writing manifest file 'leap_msgs.egg-info/SOURCES.txt'
[1.416s] reading manifest file 'leap_msgs.egg-info/SOURCES.txt'
[1.416s] writing manifest file 'leap_msgs.egg-info/SOURCES.txt'
[1.436s] [  3%] Built target ament_cmake_python_build_leap_msgs_egg
[1.518s] [  4%] [32mBuilding C object CMakeFiles/leap_msgs__rosidl_generator_c.dir/rosidl_generator_c/leap_msgs/msg/detail/arm__functions.c.o[0m
[1.518s] [  6%] [32mBuilding C object CMakeFiles/leap_msgs__rosidl_generator_c.dir/rosidl_generator_c/leap_msgs/msg/detail/hands__functions.c.o[0m
[1.518s] [  7%] [32mBuilding C object CMakeFiles/leap_msgs__rosidl_generator_c.dir/rosidl_generator_c/leap_msgs/msg/detail/bone__functions.c.o[0m
[1.518s] [  9%] [32mBuilding C object CMakeFiles/leap_msgs__rosidl_generator_c.dir/rosidl_generator_c/leap_msgs/msg/detail/hand__functions.c.o[0m
[1.518s] [ 11%] [32mBuilding C object CMakeFiles/leap_msgs__rosidl_generator_c.dir/rosidl_generator_c/leap_msgs/msg/detail/finger__functions.c.o[0m
[1.519s] [ 11%] Built target leap_msgs__cpp
[1.525s] [ 12%] [34m[1mGenerating C++ type support dispatch for ROS interfaces[0m
[1.525s] [ 14%] [34m[1mGenerating C++ type support for eProsima Fast-RTPS[0m
[1.526s] [ 15%] [34m[1mGenerating C++ introspection for ROS interfaces[0m
[1.548s] [ 17%] [32m[1mLinking C shared library libleap_msgs__rosidl_generator_c.so[0m
[1.573s] [ 17%] Built target leap_msgs__rosidl_generator_c
[1.580s] [ 19%] [34m[1mGenerating C type support for eProsima Fast-RTPS[0m
[1.580s] [ 22%] [34m[1mGenerating C introspection for ROS interfaces[0m
[1.580s] [ 22%] [34m[1mGenerating C type support dispatch for ROS interfaces[0m
[1.771s] [ 26%] [32mBuilding CXX object CMakeFiles/leap_msgs__rosidl_typesupport_cpp.dir/rosidl_typesupport_cpp/leap_msgs/msg/finger__type_support.cpp.o[0m
[1.771s] [ 26%] [32mBuilding CXX object CMakeFiles/leap_msgs__rosidl_typesupport_cpp.dir/rosidl_typesupport_cpp/leap_msgs/msg/hands__type_support.cpp.o[0m
[1.772s] [ 26%] [32mBuilding CXX object CMakeFiles/leap_msgs__rosidl_typesupport_cpp.dir/rosidl_typesupport_cpp/leap_msgs/msg/hand__type_support.cpp.o[0m
[1.772s] [ 28%] [32mBuilding CXX object CMakeFiles/leap_msgs__rosidl_typesupport_cpp.dir/rosidl_typesupport_cpp/leap_msgs/msg/arm__type_support.cpp.o[0m
[1.772s] [ 30%] [32mBuilding CXX object CMakeFiles/leap_msgs__rosidl_typesupport_cpp.dir/rosidl_typesupport_cpp/leap_msgs/msg/bone__type_support.cpp.o[0m
[1.794s] [ 31%] [32mBuilding CXX object CMakeFiles/leap_msgs__rosidl_typesupport_introspection_cpp.dir/rosidl_typesupport_introspection_cpp/leap_msgs/msg/detail/hands__type_support.cpp.o[0m
[1.794s] [ 33%] [32mBuilding CXX object CMakeFiles/leap_msgs__rosidl_typesupport_introspection_cpp.dir/rosidl_typesupport_introspection_cpp/leap_msgs/msg/detail/hand__type_support.cpp.o[0m
[1.795s] [ 34%] [32mBuilding CXX object CMakeFiles/leap_msgs__rosidl_typesupport_introspection_cpp.dir/rosidl_typesupport_introspection_cpp/leap_msgs/msg/detail/finger__type_support.cpp.o[0m
[1.795s] [ 36%] [32mBuilding CXX object CMakeFiles/leap_msgs__rosidl_typesupport_introspection_cpp.dir/rosidl_typesupport_introspection_cpp/leap_msgs/msg/detail/arm__type_support.cpp.o[0m
[1.795s] [ 38%] [32mBuilding CXX object CMakeFiles/leap_msgs__rosidl_typesupport_introspection_cpp.dir/rosidl_typesupport_introspection_cpp/leap_msgs/msg/detail/bone__type_support.cpp.o[0m
[1.832s] [ 39%] [32mBuilding CXX object CMakeFiles/leap_msgs__rosidl_typesupport_fastrtps_cpp.dir/rosidl_typesupport_fastrtps_cpp/leap_msgs/msg/detail/dds_fastrtps/hands__type_support.cpp.o[0m
[1.833s] [ 41%] [32mBuilding CXX object CMakeFiles/leap_msgs__rosidl_typesupport_fastrtps_cpp.dir/rosidl_typesupport_fastrtps_cpp/leap_msgs/msg/detail/dds_fastrtps/hand__type_support.cpp.o[0m
[1.834s] [ 44%] [32mBuilding CXX object CMakeFiles/leap_msgs__rosidl_typesupport_fastrtps_cpp.dir/rosidl_typesupport_fastrtps_cpp/leap_msgs/msg/detail/dds_fastrtps/arm__type_support.cpp.o[0m
[1.834s] [ 44%] [32mBuilding CXX object CMakeFiles/leap_msgs__rosidl_typesupport_fastrtps_cpp.dir/rosidl_typesupport_fastrtps_cpp/leap_msgs/msg/detail/dds_fastrtps/finger__type_support.cpp.o[0m
[1.834s] [ 46%] [32mBuilding CXX object CMakeFiles/leap_msgs__rosidl_typesupport_fastrtps_cpp.dir/rosidl_typesupport_fastrtps_cpp/leap_msgs/msg/detail/dds_fastrtps/bone__type_support.cpp.o[0m
[1.847s] [ 47%] [32mBuilding CXX object CMakeFiles/leap_msgs__rosidl_typesupport_c.dir/rosidl_typesupport_c/leap_msgs/msg/finger__type_support.cpp.o[0m
[1.847s] [ 53%] [32mBuilding CXX object CMakeFiles/leap_msgs__rosidl_typesupport_c.dir/rosidl_typesupport_c/leap_msgs/msg/arm__type_support.cpp.o[0m
[1.848s] [ 53%] [32mBuilding CXX object CMakeFiles/leap_msgs__rosidl_typesupport_c.dir/rosidl_typesupport_c/leap_msgs/msg/hands__type_support.cpp.o[0m
[1.848s] [ 53%] [32mBuilding CXX object CMakeFiles/leap_msgs__rosidl_typesupport_c.dir/rosidl_typesupport_c/leap_msgs/msg/hand__type_support.cpp.o[0m
[1.848s] [ 53%] [32mBuilding CXX object CMakeFiles/leap_msgs__rosidl_typesupport_c.dir/rosidl_typesupport_c/leap_msgs/msg/bone__type_support.cpp.o[0m
[1.872s] [ 55%] [32mBuilding C object CMakeFiles/leap_msgs__rosidl_typesupport_introspection_c.dir/rosidl_typesupport_introspection_c/leap_msgs/msg/detail/hands__type_support.c.o[0m
[1.872s] [ 57%] [32mBuilding C object CMakeFiles/leap_msgs__rosidl_typesupport_introspection_c.dir/rosidl_typesupport_introspection_c/leap_msgs/msg/detail/arm__type_support.c.o[0m
[1.872s] [ 58%] [32mBuilding C object CMakeFiles/leap_msgs__rosidl_typesupport_introspection_c.dir/rosidl_typesupport_introspection_c/leap_msgs/msg/detail/finger__type_support.c.o[0m
[1.873s] [ 60%] [32m[1mLinking CXX shared library libleap_msgs__rosidl_typesupport_c.so[0m
[1.874s] [ 61%] [32mBuilding C object CMakeFiles/leap_msgs__rosidl_typesupport_introspection_c.dir/rosidl_typesupport_introspection_c/leap_msgs/msg/detail/hand__type_support.c.o[0m
[1.875s] [ 63%] [32mBuilding C object CMakeFiles/leap_msgs__rosidl_typesupport_introspection_c.dir/rosidl_typesupport_introspection_c/leap_msgs/msg/detail/bone__type_support.c.o[0m
[1.879s] [ 65%] [32mBuilding CXX object CMakeFiles/leap_msgs__rosidl_typesupport_fastrtps_c.dir/rosidl_typesupport_fastrtps_c/leap_msgs/msg/detail/arm__type_support_c.cpp.o[0m
[1.879s] [ 66%] [32mBuilding CXX object CMakeFiles/leap_msgs__rosidl_typesupport_fastrtps_c.dir/rosidl_typesupport_fastrtps_c/leap_msgs/msg/detail/hands__type_support_c.cpp.o[0m
[1.880s] [ 68%] [32mBuilding CXX object CMakeFiles/leap_msgs__rosidl_typesupport_fastrtps_c.dir/rosidl_typesupport_fastrtps_c/leap_msgs/msg/detail/hand__type_support_c.cpp.o[0m
[1.880s] [ 69%] [32mBuilding CXX object CMakeFiles/leap_msgs__rosidl_typesupport_fastrtps_c.dir/rosidl_typesupport_fastrtps_c/leap_msgs/msg/detail/finger__type_support_c.cpp.o[0m
[1.881s] [ 71%] [32mBuilding CXX object CMakeFiles/leap_msgs__rosidl_typesupport_fastrtps_c.dir/rosidl_typesupport_fastrtps_c/leap_msgs/msg/detail/bone__type_support_c.cpp.o[0m
[1.902s] [ 71%] Built target leap_msgs__rosidl_typesupport_c
[1.904s] [ 73%] [32m[1mLinking C shared library libleap_msgs__rosidl_typesupport_introspection_c.so[0m
[1.932s] [ 73%] Built target leap_msgs__rosidl_typesupport_introspection_c
[2.006s] [ 74%] [32m[1mLinking CXX shared library libleap_msgs__rosidl_typesupport_cpp.so[0m
[2.040s] [ 74%] Built target leap_msgs__rosidl_typesupport_cpp
[2.114s] [ 76%] [32m[1mLinking CXX shared library libleap_msgs__rosidl_typesupport_fastrtps_c.so[0m
[2.122s] [ 77%] [32m[1mLinking CXX shared library libleap_msgs__rosidl_typesupport_fastrtps_cpp.so[0m
[2.152s] [ 77%] Built target leap_msgs__rosidl_typesupport_fastrtps_c
[2.154s] [ 79%] [32m[1mLinking CXX shared library libleap_msgs__rosidl_typesupport_introspection_cpp.so[0m
[2.164s] [ 79%] Built target leap_msgs__rosidl_typesupport_fastrtps_cpp
[2.195s] [ 79%] Built target leap_msgs__rosidl_typesupport_introspection_cpp
[2.209s] [ 79%] Built target leap_msgs
[2.223s] [ 80%] [34m[1mGenerating Python code for ROS interfaces[0m
[2.678s] [ 80%] Built target leap_msgs__py
[2.691s] [ 84%] [32mBuilding C object CMakeFiles/leap_msgs__rosidl_generator_py.dir/rosidl_generator_py/leap_msgs/msg/_arm_s.c.o[0m
[2.691s] [ 82%] [32mBuilding C object CMakeFiles/leap_msgs__rosidl_generator_py.dir/rosidl_generator_py/leap_msgs/msg/_finger_s.c.o[0m
[2.692s] [ 85%] [32mBuilding C object CMakeFiles/leap_msgs__rosidl_generator_py.dir/rosidl_generator_py/leap_msgs/msg/_hand_s.c.o[0m
[2.692s] [ 87%] [32mBuilding C object CMakeFiles/leap_msgs__rosidl_generator_py.dir/rosidl_generator_py/leap_msgs/msg/_hands_s.c.o[0m
[2.693s] [ 88%] [32mBuilding C object CMakeFiles/leap_msgs__rosidl_generator_py.dir/rosidl_generator_py/leap_msgs/msg/_bone_s.c.o[0m
[2.747s] [ 90%] [32m[1mLinking C shared library rosidl_generator_py/leap_msgs/libleap_msgs__rosidl_generator_py.so[0m
[2.775s] [ 90%] Built target leap_msgs__rosidl_generator_py
[2.788s] [ 92%] [32mBuilding C object CMakeFiles/leap_msgs__rosidl_typesupport_fastrtps_c__pyext.dir/rosidl_generator_py/leap_msgs/_leap_msgs_s.ep.rosidl_typesupport_fastrtps_c.c.o[0m
[2.788s] [ 93%] [32mBuilding C object CMakeFiles/leap_msgs__rosidl_typesupport_introspection_c__pyext.dir/rosidl_generator_py/leap_msgs/_leap_msgs_s.ep.rosidl_typesupport_introspection_c.c.o[0m
[2.789s] [ 95%] [32mBuilding C object CMakeFiles/leap_msgs__rosidl_typesupport_c__pyext.dir/rosidl_generator_py/leap_msgs/_leap_msgs_s.ep.rosidl_typesupport_c.c.o[0m
[2.841s] [ 98%] [32m[1mLinking C shared library rosidl_generator_py/leap_msgs/leap_msgs_s__rosidl_typesupport_introspection_c.cpython-310-x86_64-linux-gnu.so[0m
[2.841s] [ 98%] [32m[1mLinking C shared library rosidl_generator_py/leap_msgs/leap_msgs_s__rosidl_typesupport_c.cpython-310-x86_64-linux-gnu.so[0m
[2.842s] [100%] [32m[1mLinking C shared library rosidl_generator_py/leap_msgs/leap_msgs_s__rosidl_typesupport_fastrtps_c.cpython-310-x86_64-linux-gnu.so[0m
[2.861s] [100%] Built target leap_msgs__rosidl_typesupport_c__pyext
[2.867s] [100%] Built target leap_msgs__rosidl_typesupport_fastrtps_c__pyext
[2.870s] [100%] Built target leap_msgs__rosidl_typesupport_introspection_c__pyext
[2.877s] Invoked command in '/home/xingyi/ros2_orca_leap/ros2_orca_leap_ws/build/leap_msgs' returned '0': CMAKE_PREFIX_PATH=${CMAKE_PREFIX_PATH}:/home/xingyi/ros2_orca_leap/ros2_orca_leap_ws/install/orcahand_controller:/home/xingyi/ros2_orca_leap/ros2_orca_leap_ws/install/orca_core:/home/xingyi/ros2_orca_leap/ros2_orca_leap_ws/install/ohrc_leap:/home/xingyi/ros2_orca_leap/ros2_orca_leap_ws/install/leap_node:/opt/ros/humble PS1=(leapc) VIRTUAL_ENV_PROMPT=(leapc) /usr/bin/cmake --build /home/xingyi/ros2_orca_leap/ros2_orca_leap_ws/build/leap_msgs -- -j32 -l32
[2.879s] Invoking command in '/home/xingyi/ros2_orca_leap/ros2_orca_leap_ws/build/leap_msgs': CMAKE_PREFIX_PATH=${CMAKE_PREFIX_PATH}:/home/xingyi/ros2_orca_leap/ros2_orca_leap_ws/install/orcahand_controller:/home/xingyi/ros2_orca_leap/ros2_orca_leap_ws/install/orca_core:/home/xingyi/ros2_orca_leap/ros2_orca_leap_ws/install/ohrc_leap:/home/xingyi/ros2_orca_leap/ros2_orca_leap_ws/install/leap_node:/opt/ros/humble PS1=(leapc) VIRTUAL_ENV_PROMPT=(leapc) /usr/bin/cmake --install /home/xingyi/ros2_orca_leap/ros2_orca_leap_ws/build/leap_msgs
[2.882s] -- Install configuration: ""
[2.883s] -- Installing: /home/xingyi/ros2_orca_leap/ros2_orca_leap_ws/install/leap_msgs/share/ament_index/resource_index/rosidl_interfaces/leap_msgs
[2.883s] -- Installing: /home/xingyi/ros2_orca_leap/ros2_orca_leap_ws/install/leap_msgs/include/leap_msgs/leap_msgs
[2.883s] -- Installing: /home/xingyi/ros2_orca_leap/ros2_orca_leap_ws/install/leap_msgs/include/leap_msgs/leap_msgs/msg
[2.883s] -- Installing: /home/xingyi/ros2_orca_leap/ros2_orca_leap_ws/install/leap_msgs/include/leap_msgs/leap_msgs/msg/hand.h
[2.883s] -- Installing: /home/xingyi/ros2_orca_leap/ros2_orca_leap_ws/install/leap_msgs/include/leap_msgs/leap_msgs/msg/bone.h
[2.883s] -- Installing: /home/xingyi/ros2_orca_leap/ros2_orca_leap_ws/install/leap_msgs/include/leap_msgs/leap_msgs/msg/rosidl_generator_c__visibility_control.h
[2.883s] -- Installing: /home/xingyi/ros2_orca_leap/ros2_orca_leap_ws/install/leap_msgs/include/leap_msgs/leap_msgs/msg/detail
[2.883s] -- Installing: /home/xingyi/ros2_orca_leap/ros2_orca_leap_ws/install/leap_msgs/include/leap_msgs/leap_msgs/msg/detail/bone__type_support.h
[2.883s] -- Installing: /home/xingyi/ros2_orca_leap/ros2_orca_leap_ws/install/leap_msgs/include/leap_msgs/leap_msgs/msg/detail/arm__functions.h
[2.883s] -- Installing: /home/xingyi/ros2_orca_leap/ros2_orca_leap_ws/install/leap_msgs/include/leap_msgs/leap_msgs/msg/detail/finger__type_support.h
[2.883s] -- Installing: /home/xingyi/ros2_orca_leap/ros2_orca_leap_ws/install/leap_msgs/include/leap_msgs/leap_msgs/msg/detail/hands__functions.c
[2.883s] -- Installing: /home/xingyi/ros2_orca_leap/ros2_orca_leap_ws/install/leap_msgs/include/leap_msgs/leap_msgs/msg/detail/bone__struct.h
[2.883s] -- Installing: /home/xingyi/ros2_orca_leap/ros2_orca_leap_ws/install/leap_msgs/include/leap_msgs/leap_msgs/msg/detail/finger__functions.c
[2.883s] -- Installing: /home/xingyi/ros2_orca_leap/ros2_orca_leap_ws/install/leap_msgs/include/leap_msgs/leap_msgs/msg/detail/hand__functions.c
[2.883s] -- Installing: /home/xingyi/ros2_orca_leap/ros2_orca_leap_ws/install/leap_msgs/include/leap_msgs/leap_msgs/msg/detail/arm__struct.h
[2.883s] -- Installing: /home/xingyi/ros2_orca_leap/ros2_orca_leap_ws/install/leap_msgs/include/leap_msgs/leap_msgs/msg/detail/finger__functions.h
[2.883s] -- Installing: /home/xingyi/ros2_orca_leap/ros2_orca_leap_ws/install/leap_msgs/include/leap_msgs/leap_msgs/msg/detail/arm__type_support.h
[2.884s] -- Installing: /home/xingyi/ros2_orca_leap/ros2_orca_leap_ws/install/leap_msgs/include/leap_msgs/leap_msgs/msg/detail/arm__functions.c
[2.884s] -- Installing: /home/xingyi/ros2_orca_leap/ros2_orca_leap_ws/install/leap_msgs/include/leap_msgs/leap_msgs/msg/detail/hand__struct.h
[2.884s] -- Installing: /home/xingyi/ros2_orca_leap/ros2_orca_leap_ws/install/leap_msgs/include/leap_msgs/leap_msgs/msg/detail/hand__functions.h
[2.884s] -- Installing: /home/xingyi/ros2_orca_leap/ros2_orca_leap_ws/install/leap_msgs/include/leap_msgs/leap_msgs/msg/detail/hands__functions.h
[2.884s] -- Installing: /home/xingyi/ros2_orca_leap/ros2_orca_leap_ws/install/leap_msgs/include/leap_msgs/leap_msgs/msg/detail/bone__functions.h
[2.884s] -- Installing: /home/xingyi/ros2_orca_leap/ros2_orca_leap_ws/install/leap_msgs/include/leap_msgs/leap_msgs/msg/detail/bone__functions.c
[2.884s] -- Installing: /home/xingyi/ros2_orca_leap/ros2_orca_leap_ws/install/leap_msgs/include/leap_msgs/leap_msgs/msg/detail/finger__struct.h
[2.884s] -- Installing: /home/xingyi/ros2_orca_leap/ros2_orca_leap_ws/install/leap_msgs/include/leap_msgs/leap_msgs/msg/detail/hand__type_support.h
[2.884s] -- Installing: /home/xingyi/ros2_orca_leap/ros2_orca_leap_ws/install/leap_msgs/include/leap_msgs/leap_msgs/msg/detail/hands__type_support.h
[2.884s] -- Installing: /home/xingyi/ros2_orca_leap/ros2_orca_leap_ws/install/leap_msgs/include/leap_msgs/leap_msgs/msg/detail/hands__struct.h
[2.884s] -- Installing: /home/xingyi/ros2_orca_leap/ros2_orca_leap_ws/install/leap_msgs/include/leap_msgs/leap_msgs/msg/finger.h
[2.884s] -- Installing: /home/xingyi/ros2_orca_leap/ros2_orca_leap_ws/install/leap_msgs/include/leap_msgs/leap_msgs/msg/hands.h
[2.884s] -- Installing: /home/xingyi/ros2_orca_leap/ros2_orca_leap_ws/install/leap_msgs/include/leap_msgs/leap_msgs/msg/arm.h
[2.884s] -- Installing: /home/xingyi/ros2_orca_leap/ros2_orca_leap_ws/install/leap_msgs/share/leap_msgs/environment/library_path.sh
[2.884s] -- Installing: /home/xingyi/ros2_orca_leap/ros2_orca_leap_ws/install/leap_msgs/share/leap_msgs/environment/library_path.dsv
[2.884s] -- Installing: /home/xingyi/ros2_orca_leap/ros2_orca_leap_ws/install/leap_msgs/lib/libleap_msgs__rosidl_generator_c.so
[2.884s] -- Set runtime path of "/home/xingyi/ros2_orca_leap/ros2_orca_leap_ws/install/leap_msgs/lib/libleap_msgs__rosidl_generator_c.so" to ""
[2.884s] -- Up-to-date: /home/xingyi/ros2_orca_leap/ros2_orca_leap_ws/install/leap_msgs/include/leap_msgs/leap_msgs
[2.884s] -- Up-to-date: /home/xingyi/ros2_orca_leap/ros2_orca_leap_ws/install/leap_msgs/include/leap_msgs/leap_msgs/msg
[2.884s] -- Installing: /home/xingyi/ros2_orca_leap/ros2_orca_leap_ws/install/leap_msgs/include/leap_msgs/leap_msgs/msg/rosidl_typesupport_fastrtps_c__visibility_control.h
[2.885s] -- Up-to-date: /home/xingyi/ros2_orca_leap/ros2_orca_leap_ws/install/leap_msgs/include/leap_msgs/leap_msgs/msg/detail
[2.885s] -- Installing: /home/xingyi/ros2_orca_leap/ros2_orca_leap_ws/install/leap_msgs/include/leap_msgs/leap_msgs/msg/detail/hands__rosidl_typesupport_fastrtps_c.h
[2.885s] -- Installing: /home/xingyi/ros2_orca_leap/ros2_orca_leap_ws/install/leap_msgs/include/leap_msgs/leap_msgs/msg/detail/finger__rosidl_typesupport_fastrtps_c.h
[2.885s] -- Installing: /home/xingyi/ros2_orca_leap/ros2_orca_leap_ws/install/leap_msgs/include/leap_msgs/leap_msgs/msg/detail/arm__rosidl_typesupport_fastrtps_c.h
[2.885s] -- Installing: /home/xingyi/ros2_orca_leap/ros2_orca_leap_ws/install/leap_msgs/include/leap_msgs/leap_msgs/msg/detail/hand__rosidl_typesupport_fastrtps_c.h
[2.885s] -- Installing: /home/xingyi/ros2_orca_leap/ros2_orca_leap_ws/install/leap_msgs/include/leap_msgs/leap_msgs/msg/detail/bone__rosidl_typesupport_fastrtps_c.h
[2.885s] -- Installing: /home/xingyi/ros2_orca_leap/ros2_orca_leap_ws/install/leap_msgs/lib/libleap_msgs__rosidl_typesupport_fastrtps_c.so
[2.885s] -- Set runtime path of "/home/xingyi/ros2_orca_leap/ros2_orca_leap_ws/install/leap_msgs/lib/libleap_msgs__rosidl_typesupport_fastrtps_c.so" to ""
[2.885s] -- Up-to-date: /home/xingyi/ros2_orca_leap/ros2_orca_leap_ws/install/leap_msgs/include/leap_msgs/leap_msgs
[2.885s] -- Up-to-date: /home/xingyi/ros2_orca_leap/ros2_orca_leap_ws/install/leap_msgs/include/leap_msgs/leap_msgs/msg
[2.885s] -- Installing: /home/xingyi/ros2_orca_leap/ros2_orca_leap_ws/install/leap_msgs/include/leap_msgs/leap_msgs/msg/rosidl_typesupport_introspection_c__visibility_control.h
[2.885s] -- Up-to-date: /home/xingyi/ros2_orca_leap/ros2_orca_leap_ws/install/leap_msgs/include/leap_msgs/leap_msgs/msg/detail
[2.885s] -- Installing: /home/xingyi/ros2_orca_leap/ros2_orca_leap_ws/install/leap_msgs/include/leap_msgs/leap_msgs/msg/detail/finger__rosidl_typesupport_introspection_c.h
[2.885s] -- Installing: /home/xingyi/ros2_orca_leap/ros2_orca_leap_ws/install/leap_msgs/include/leap_msgs/leap_msgs/msg/detail/bone__rosidl_typesupport_introspection_c.h
[2.885s] -- Installing: /home/xingyi/ros2_orca_leap/ros2_orca_leap_ws/install/leap_msgs/include/leap_msgs/leap_msgs/msg/detail/hand__rosidl_typesupport_introspection_c.h
[2.885s] -- Installing: /home/xingyi/ros2_orca_leap/ros2_orca_leap_ws/install/leap_msgs/include/leap_msgs/leap_msgs/msg/detail/hands__type_support.c
[2.885s] -- Installing: /home/xingyi/ros2_orca_leap/ros2_orca_leap_ws/install/leap_msgs/include/leap_msgs/leap_msgs/msg/detail/bone__type_support.c
[2.885s] -- Installing: /home/xingyi/ros2_orca_leap/ros2_orca_leap_ws/install/leap_msgs/include/leap_msgs/leap_msgs/msg/detail/hand__type_support.c
[2.885s] -- Installing: /home/xingyi/ros2_orca_leap/ros2_orca_leap_ws/install/leap_msgs/include/leap_msgs/leap_msgs/msg/detail/hands__rosidl_typesupport_introspection_c.h
[2.885s] -- Installing: /home/xingyi/ros2_orca_leap/ros2_orca_leap_ws/install/leap_msgs/include/leap_msgs/leap_msgs/msg/detail/arm__type_support.c
[2.885s] -- Installing: /home/xingyi/ros2_orca_leap/ros2_orca_leap_ws/install/leap_msgs/include/leap_msgs/leap_msgs/msg/detail/finger__type_support.c
[2.885s] -- Installing: /home/xingyi/ros2_orca_leap/ros2_orca_leap_ws/install/leap_msgs/include/leap_msgs/leap_msgs/msg/detail/arm__rosidl_typesupport_introspection_c.h
[2.885s] -- Installing: /home/xingyi/ros2_orca_leap/ros2_orca_leap_ws/install/leap_msgs/lib/libleap_msgs__rosidl_typesupport_introspection_c.so
[2.885s] -- Set runtime path of "/home/xingyi/ros2_orca_leap/ros2_orca_leap_ws/install/leap_msgs/lib/libleap_msgs__rosidl_typesupport_introspection_c.so" to ""
[2.885s] -- Installing: /home/xingyi/ros2_orca_leap/ros2_orca_leap_ws/install/leap_msgs/lib/libleap_msgs__rosidl_typesupport_c.so
[2.885s] -- Set runtime path of "/home/xingyi/ros2_orca_leap/ros2_orca_leap_ws/install/leap_msgs/lib/libleap_msgs__rosidl_typesupport_c.so" to ""
[2.886s] -- Up-to-date: /home/xingyi/ros2_orca_leap/ros2_orca_leap_ws/install/leap_msgs/include/leap_msgs/leap_msgs
[2.886s] -- Up-to-date: /home/xingyi/ros2_orca_leap/ros2_orca_leap_ws/install/leap_msgs/include/leap_msgs/leap_msgs/msg
[2.886s] -- Installing: /home/xingyi/ros2_orca_leap/ros2_orca_leap_ws/install/leap_msgs/include/leap_msgs/leap_msgs/msg/hand.hpp
[2.886s] -- Installing: /home/xingyi/ros2_orca_leap/ros2_orca_leap_ws/install/leap_msgs/include/leap_msgs/leap_msgs/msg/hands.hpp
[2.886s] -- Installing: /home/xingyi/ros2_orca_leap/ros2_orca_leap_ws/install/leap_msgs/include/leap_msgs/leap_msgs/msg/rosidl_generator_cpp__visibility_control.hpp
[2.886s] -- Up-to-date: /home/xingyi/ros2_orca_leap/ros2_orca_leap_ws/install/leap_msgs/include/leap_msgs/leap_msgs/msg/detail
[2.886s] -- Installing: /home/xingyi/ros2_orca_leap/ros2_orca_leap_ws/install/leap_msgs/include/leap_msgs/leap_msgs/msg/detail/arm__builder.hpp
[2.886s] -- Installing: /home/xingyi/ros2_orca_leap/ros2_orca_leap_ws/install/leap_msgs/include/leap_msgs/leap_msgs/msg/detail/finger__struct.hpp
[2.886s] -- Installing: /home/xingyi/ros2_orca_leap/ros2_orca_leap_ws/install/leap_msgs/include/leap_msgs/leap_msgs/msg/detail/hand__type_support.hpp
[2.886s] -- Installing: /home/xingyi/ros2_orca_leap/ros2_orca_leap_ws/install/leap_msgs/include/leap_msgs/leap_msgs/msg/detail/hands__type_support.hpp
[2.886s] -- Installing: /home/xingyi/ros2_orca_leap/ros2_orca_leap_ws/install/leap_msgs/include/leap_msgs/leap_msgs/msg/detail/hands__builder.hpp
[2.886s] -- Installing: /home/xingyi/ros2_orca_leap/ros2_orca_leap_ws/install/leap_msgs/include/leap_msgs/leap_msgs/msg/detail/hands__struct.hpp
[2.886s] -- Installing: /home/xingyi/ros2_orca_leap/ros2_orca_leap_ws/install/leap_msgs/include/leap_msgs/leap_msgs/msg/detail/finger__builder.hpp
[2.886s] -- Installing: /home/xingyi/ros2_orca_leap/ros2_orca_leap_ws/install/leap_msgs/include/leap_msgs/leap_msgs/msg/detail/bone__traits.hpp
[2.886s] -- Installing: /home/xingyi/ros2_orca_leap/ros2_orca_leap_ws/install/leap_msgs/include/leap_msgs/leap_msgs/msg/detail/hands__traits.hpp
[2.886s] -- Installing: /home/xingyi/ros2_orca_leap/ros2_orca_leap_ws/install/leap_msgs/include/leap_msgs/leap_msgs/msg/detail/finger__traits.hpp
[2.886s] -- Installing: /home/xingyi/ros2_orca_leap/ros2_orca_leap_ws/install/leap_msgs/include/leap_msgs/leap_msgs/msg/detail/bone__type_support.hpp
[2.886s] -- Installing: /home/xingyi/ros2_orca_leap/ros2_orca_leap_ws/install/leap_msgs/include/leap_msgs/leap_msgs/msg/detail/finger__type_support.hpp
[2.886s] -- Installing: /home/xingyi/ros2_orca_leap/ros2_orca_leap_ws/install/leap_msgs/include/leap_msgs/leap_msgs/msg/detail/bone__builder.hpp
[2.886s] -- Installing: /home/xingyi/ros2_orca_leap/ros2_orca_leap_ws/install/leap_msgs/include/leap_msgs/leap_msgs/msg/detail/arm__traits.hpp
[2.886s] -- Installing: /home/xingyi/ros2_orca_leap/ros2_orca_leap_ws/install/leap_msgs/include/leap_msgs/leap_msgs/msg/detail/hand__traits.hpp
[2.886s] -- Installing: /home/xingyi/ros2_orca_leap/ros2_orca_leap_ws/install/leap_msgs/include/leap_msgs/leap_msgs/msg/detail/hand__builder.hpp
[2.886s] -- Installing: /home/xingyi/ros2_orca_leap/ros2_orca_leap_ws/install/leap_msgs/include/leap_msgs/leap_msgs/msg/detail/arm__type_support.hpp
[2.886s] -- Installing: /home/xingyi/ros2_orca_leap/ros2_orca_leap_ws/install/leap_msgs/include/leap_msgs/leap_msgs/msg/detail/hand__struct.hpp
[2.886s] -- Installing: /home/xingyi/ros2_orca_leap/ros2_orca_leap_ws/install/leap_msgs/include/leap_msgs/leap_msgs/msg/detail/bone__struct.hpp
[2.886s] -- Installing: /home/xingyi/ros2_orca_leap/ros2_orca_leap_ws/install/leap_msgs/include/leap_msgs/leap_msgs/msg/detail/arm__struct.hpp
[2.886s] -- Installing: /home/xingyi/ros2_orca_leap/ros2_orca_leap_ws/install/leap_msgs/include/leap_msgs/leap_msgs/msg/finger.hpp
[2.886s] -- Installing: /home/xingyi/ros2_orca_leap/ros2_orca_leap_ws/install/leap_msgs/include/leap_msgs/leap_msgs/msg/arm.hpp
[2.886s] -- Installing: /home/xingyi/ros2_orca_leap/ros2_orca_leap_ws/install/leap_msgs/include/leap_msgs/leap_msgs/msg/bone.hpp
[2.886s] -- Up-to-date: /home/xingyi/ros2_orca_leap/ros2_orca_leap_ws/install/leap_msgs/include/leap_msgs/leap_msgs
[2.886s] -- Up-to-date: /home/xingyi/ros2_orca_leap/ros2_orca_leap_ws/install/leap_msgs/include/leap_msgs/leap_msgs/msg
[2.886s] -- Installing: /home/xingyi/ros2_orca_leap/ros2_orca_leap_ws/install/leap_msgs/include/leap_msgs/leap_msgs/msg/rosidl_typesupport_fastrtps_cpp__visibility_control.h
[2.886s] -- Up-to-date: /home/xingyi/ros2_orca_leap/ros2_orca_leap_ws/install/leap_msgs/include/leap_msgs/leap_msgs/msg/detail
[2.886s] -- Installing: /home/xingyi/ros2_orca_leap/ros2_orca_leap_ws/install/leap_msgs/include/leap_msgs/leap_msgs/msg/detail/dds_fastrtps
[2.886s] -- Installing: /home/xingyi/ros2_orca_leap/ros2_orca_leap_ws/install/leap_msgs/include/leap_msgs/leap_msgs/msg/detail/hand__rosidl_typesupport_fastrtps_cpp.hpp
[2.886s] -- Installing: /home/xingyi/ros2_orca_leap/ros2_orca_leap_ws/install/leap_msgs/include/leap_msgs/leap_msgs/msg/detail/bone__rosidl_typesupport_fastrtps_cpp.hpp
[2.886s] -- Installing: /home/xingyi/ros2_orca_leap/ros2_orca_leap_ws/install/leap_msgs/include/leap_msgs/leap_msgs/msg/detail/finger__rosidl_typesupport_fastrtps_cpp.hpp
[2.886s] -- Installing: /home/xingyi/ros2_orca_leap/ros2_orca_leap_ws/install/leap_msgs/include/leap_msgs/leap_msgs/msg/detail/hands__rosidl_typesupport_fastrtps_cpp.hpp
[2.886s] -- Installing: /home/xingyi/ros2_orca_leap/ros2_orca_leap_ws/install/leap_msgs/include/leap_msgs/leap_msgs/msg/detail/arm__rosidl_typesupport_fastrtps_cpp.hpp
[2.886s] -- Installing: /home/xingyi/ros2_orca_leap/ros2_orca_leap_ws/install/leap_msgs/lib/libleap_msgs__rosidl_typesupport_fastrtps_cpp.so
[2.886s] -- Set runtime path of "/home/xingyi/ros2_orca_leap/ros2_orca_leap_ws/install/leap_msgs/lib/libleap_msgs__rosidl_typesupport_fastrtps_cpp.so" to ""
[2.886s] -- Up-to-date: /home/xingyi/ros2_orca_leap/ros2_orca_leap_ws/install/leap_msgs/include/leap_msgs/leap_msgs
[2.886s] -- Up-to-date: /home/xingyi/ros2_orca_leap/ros2_orca_leap_ws/install/leap_msgs/include/leap_msgs/leap_msgs/msg
[2.886s] -- Up-to-date: /home/xingyi/ros2_orca_leap/ros2_orca_leap_ws/install/leap_msgs/include/leap_msgs/leap_msgs/msg/detail
[2.886s] -- Installing: /home/xingyi/ros2_orca_leap/ros2_orca_leap_ws/install/leap_msgs/include/leap_msgs/leap_msgs/msg/detail/bone__rosidl_typesupport_introspection_cpp.hpp
[2.886s] -- Installing: /home/xingyi/ros2_orca_leap/ros2_orca_leap_ws/install/leap_msgs/include/leap_msgs/leap_msgs/msg/detail/finger__rosidl_typesupport_introspection_cpp.hpp
[2.886s] -- Installing: /home/xingyi/ros2_orca_leap/ros2_orca_leap_ws/install/leap_msgs/include/leap_msgs/leap_msgs/msg/detail/finger__type_support.cpp
[2.887s] -- Installing: /home/xingyi/ros2_orca_leap/ros2_orca_leap_ws/install/leap_msgs/include/leap_msgs/leap_msgs/msg/detail/bone__type_support.cpp
[2.887s] -- Installing: /home/xingyi/ros2_orca_leap/ros2_orca_leap_ws/install/leap_msgs/include/leap_msgs/leap_msgs/msg/detail/hand__rosidl_typesupport_introspection_cpp.hpp
[2.887s] -- Installing: /home/xingyi/ros2_orca_leap/ros2_orca_leap_ws/install/leap_msgs/include/leap_msgs/leap_msgs/msg/detail/hands__type_support.cpp
[2.887s] -- Installing: /home/xingyi/ros2_orca_leap/ros2_orca_leap_ws/install/leap_msgs/include/leap_msgs/leap_msgs/msg/detail/arm__rosidl_typesupport_introspection_cpp.hpp
[2.887s] -- Installing: /home/xingyi/ros2_orca_leap/ros2_orca_leap_ws/install/leap_msgs/include/leap_msgs/leap_msgs/msg/detail/arm__type_support.cpp
[2.887s] -- Installing: /home/xingyi/ros2_orca_leap/ros2_orca_leap_ws/install/leap_msgs/include/leap_msgs/leap_msgs/msg/detail/hands__rosidl_typesupport_introspection_cpp.hpp
[2.887s] -- Installing: /home/xingyi/ros2_orca_leap/ros2_orca_leap_ws/install/leap_msgs/include/leap_msgs/leap_msgs/msg/detail/hand__type_support.cpp
[2.887s] -- Installing: /home/xingyi/ros2_orca_leap/ros2_orca_leap_ws/install/leap_msgs/lib/libleap_msgs__rosidl_typesupport_introspection_cpp.so
[2.887s] -- Set runtime path of "/home/xingyi/ros2_orca_leap/ros2_orca_leap_ws/install/leap_msgs/lib/libleap_msgs__rosidl_typesupport_introspection_cpp.so" to ""
[2.887s] -- Installing: /home/xingyi/ros2_orca_leap/ros2_orca_leap_ws/install/leap_msgs/lib/libleap_msgs__rosidl_typesupport_cpp.so
[2.887s] -- Set runtime path of "/home/xingyi/ros2_orca_leap/ros2_orca_leap_ws/install/leap_msgs/lib/libleap_msgs__rosidl_typesupport_cpp.so" to ""
[2.887s] -- Installing: /home/xingyi/ros2_orca_leap/ros2_orca_leap_ws/install/leap_msgs/share/leap_msgs/environment/pythonpath.sh
[2.887s] -- Installing: /home/xingyi/ros2_orca_leap/ros2_orca_leap_ws/install/leap_msgs/share/leap_msgs/environment/pythonpath.dsv
[2.887s] -- Installing: /home/xingyi/ros2_orca_leap/ros2_orca_leap_ws/install/leap_msgs/lib/python3.10/site-packages/leap_msgs-0.1.0-py3.10.egg-info
[2.887s] -- Installing: /home/xingyi/ros2_orca_leap/ros2_orca_leap_ws/install/leap_msgs/lib/python3.10/site-packages/leap_msgs-0.1.0-py3.10.egg-info/dependency_links.txt
[2.887s] -- Installing: /home/xingyi/ros2_orca_leap/ros2_orca_leap_ws/install/leap_msgs/lib/python3.10/site-packages/leap_msgs-0.1.0-py3.10.egg-info/top_level.txt
[2.887s] -- Installing: /home/xingyi/ros2_orca_leap/ros2_orca_leap_ws/install/leap_msgs/lib/python3.10/site-packages/leap_msgs-0.1.0-py3.10.egg-info/SOURCES.txt
[2.887s] -- Installing: /home/xingyi/ros2_orca_leap/ros2_orca_leap_ws/install/leap_msgs/lib/python3.10/site-packages/leap_msgs-0.1.0-py3.10.egg-info/PKG-INFO
[2.887s] -- Installing: /home/xingyi/ros2_orca_leap/ros2_orca_leap_ws/install/leap_msgs/lib/python3.10/site-packages/leap_msgs
[2.887s] -- Installing: /home/xingyi/ros2_orca_leap/ros2_orca_leap_ws/install/leap_msgs/lib/python3.10/site-packages/leap_msgs/leap_msgs_s__rosidl_typesupport_fastrtps_c.cpython-310-x86_64-linux-gnu.so
[2.887s] -- Installing: /home/xingyi/ros2_orca_leap/ros2_orca_leap_ws/install/leap_msgs/lib/python3.10/site-packages/leap_msgs/leap_msgs_s__rosidl_typesupport_introspection_c.cpython-310-x86_64-linux-gnu.so
[2.887s] -- Installing: /home/xingyi/ros2_orca_leap/ros2_orca_leap_ws/install/leap_msgs/lib/python3.10/site-packages/leap_msgs/__init__.py
[2.887s] -- Installing: /home/xingyi/ros2_orca_leap/ros2_orca_leap_ws/install/leap_msgs/lib/python3.10/site-packages/leap_msgs/_leap_msgs_s.ep.rosidl_typesupport_c.c
[2.887s] -- Installing: /home/xingyi/ros2_orca_leap/ros2_orca_leap_ws/install/leap_msgs/lib/python3.10/site-packages/leap_msgs/libleap_msgs__rosidl_generator_py.so
[2.887s] -- Installing: /home/xingyi/ros2_orca_leap/ros2_orca_leap_ws/install/leap_msgs/lib/python3.10/site-packages/leap_msgs/msg
[2.887s] -- Installing: /home/xingyi/ros2_orca_leap/ros2_orca_leap_ws/install/leap_msgs/lib/python3.10/site-packages/leap_msgs/msg/_arm.py
[2.887s] -- Installing: /home/xingyi/ros2_orca_leap/ros2_orca_leap_ws/install/leap_msgs/lib/python3.10/site-packages/leap_msgs/msg/_hands_s.c
[2.887s] -- Installing: /home/xingyi/ros2_orca_leap/ros2_orca_leap_ws/install/leap_msgs/lib/python3.10/site-packages/leap_msgs/msg/_bone.py
[2.887s] -- Installing: /home/xingyi/ros2_orca_leap/ros2_orca_leap_ws/install/leap_msgs/lib/python3.10/site-packages/leap_msgs/msg/_finger_s.c
[2.887s] -- Installing: /home/xingyi/ros2_orca_leap/ros2_orca_leap_ws/install/leap_msgs/lib/python3.10/site-packages/leap_msgs/msg/_bone_s.c
[2.887s] -- Installing: /home/xingyi/ros2_orca_leap/ros2_orca_leap_ws/install/leap_msgs/lib/python3.10/site-packages/leap_msgs/msg/_finger.py
[2.887s] -- Installing: /home/xingyi/ros2_orca_leap/ros2_orca_leap_ws/install/leap_msgs/lib/python3.10/site-packages/leap_msgs/msg/__init__.py
[2.887s] -- Installing: /home/xingyi/ros2_orca_leap/ros2_orca_leap_ws/install/leap_msgs/lib/python3.10/site-packages/leap_msgs/msg/_arm_s.c
[2.887s] -- Installing: /home/xingyi/ros2_orca_leap/ros2_orca_leap_ws/install/leap_msgs/lib/python3.10/site-packages/leap_msgs/msg/_hand_s.c
[2.887s] -- Installing: /home/xingyi/ros2_orca_leap/ros2_orca_leap_ws/install/leap_msgs/lib/python3.10/site-packages/leap_msgs/msg/_hand.py
[2.887s] -- Installing: /home/xingyi/ros2_orca_leap/ros2_orca_leap_ws/install/leap_msgs/lib/python3.10/site-packages/leap_msgs/msg/_hands.py
[2.887s] -- Installing: /home/xingyi/ros2_orca_leap/ros2_orca_leap_ws/install/leap_msgs/lib/python3.10/site-packages/leap_msgs/_leap_msgs_s.ep.rosidl_typesupport_fastrtps_c.c
[2.887s] -- Installing: /home/xingyi/ros2_orca_leap/ros2_orca_leap_ws/install/leap_msgs/lib/python3.10/site-packages/leap_msgs/_leap_msgs_s.ep.rosidl_typesupport_introspection_c.c
[2.887s] -- Installing: /home/xingyi/ros2_orca_leap/ros2_orca_leap_ws/install/leap_msgs/lib/python3.10/site-packages/leap_msgs/leap_msgs_s__rosidl_typesupport_c.cpython-310-x86_64-linux-gnu.so
[2.908s] Listing '/home/xingyi/ros2_orca_leap/ros2_orca_leap_ws/install/leap_msgs/lib/python3.10/site-packages/leap_msgs'...
[2.908s] Compiling '/home/xingyi/ros2_orca_leap/ros2_orca_leap_ws/install/leap_msgs/lib/python3.10/site-packages/leap_msgs/__init__.py'...
[2.908s] Listing '/home/xingyi/ros2_orca_leap/ros2_orca_leap_ws/install/leap_msgs/lib/python3.10/site-packages/leap_msgs/msg'...
[2.908s] Compiling '/home/xingyi/ros2_orca_leap/ros2_orca_leap_ws/install/leap_msgs/lib/python3.10/site-packages/leap_msgs/msg/__init__.py'...
[2.908s] Compiling '/home/xingyi/ros2_orca_leap/ros2_orca_leap_ws/install/leap_msgs/lib/python3.10/site-packages/leap_msgs/msg/_arm.py'...
[2.908s] Compiling '/home/xingyi/ros2_orca_leap/ros2_orca_leap_ws/install/leap_msgs/lib/python3.10/site-packages/leap_msgs/msg/_bone.py'...
[2.908s] Compiling '/home/xingyi/ros2_orca_leap/ros2_orca_leap_ws/install/leap_msgs/lib/python3.10/site-packages/leap_msgs/msg/_finger.py'...
[2.908s] Compiling '/home/xingyi/ros2_orca_leap/ros2_orca_leap_ws/install/leap_msgs/lib/python3.10/site-packages/leap_msgs/msg/_hand.py'...
[2.908s] Compiling '/home/xingyi/ros2_orca_leap/ros2_orca_leap_ws/install/leap_msgs/lib/python3.10/site-packages/leap_msgs/msg/_hands.py'...
[2.910s] -- Installing: /home/xingyi/ros2_orca_leap/ros2_orca_leap_ws/install/leap_msgs/lib/python3.10/site-packages/leap_msgs/leap_msgs_s__rosidl_typesupport_fastrtps_c.cpython-310-x86_64-linux-gnu.so
[2.910s] -- Set runtime path of "/home/xingyi/ros2_orca_leap/ros2_orca_leap_ws/install/leap_msgs/lib/python3.10/site-packages/leap_msgs/leap_msgs_s__rosidl_typesupport_fastrtps_c.cpython-310-x86_64-linux-gnu.so" to ""
[2.910s] -- Installing: /home/xingyi/ros2_orca_leap/ros2_orca_leap_ws/install/leap_msgs/lib/python3.10/site-packages/leap_msgs/leap_msgs_s__rosidl_typesupport_introspection_c.cpython-310-x86_64-linux-gnu.so
[2.910s] -- Set runtime path of "/home/xingyi/ros2_orca_leap/ros2_orca_leap_ws/install/leap_msgs/lib/python3.10/site-packages/leap_msgs/leap_msgs_s__rosidl_typesupport_introspection_c.cpython-310-x86_64-linux-gnu.so" to ""
[2.910s] -- Installing: /home/xingyi/ros2_orca_leap/ros2_orca_leap_ws/install/leap_msgs/lib/python3.10/site-packages/leap_msgs/leap_msgs_s__rosidl_typesupport_c.cpython-310-x86_64-linux-gnu.so
[2.910s] -- Set runtime path of "/home/xingyi/ros2_orca_leap/ros2_orca_leap_ws/install/leap_msgs/lib/python3.10/site-packages/leap_msgs/leap_msgs_s__rosidl_typesupport_c.cpython-310-x86_64-linux-gnu.so" to ""
[2.910s] -- Installing: /home/xingyi/ros2_orca_leap/ros2_orca_leap_ws/install/leap_msgs/lib/libleap_msgs__rosidl_generator_py.so
[2.910s] -- Set runtime path of "/home/xingyi/ros2_orca_leap/ros2_orca_leap_ws/install/leap_msgs/lib/libleap_msgs__rosidl_generator_py.so" to ""
[2.910s] -- Installing: /home/xingyi/ros2_orca_leap/ros2_orca_leap_ws/install/leap_msgs/share/leap_msgs/msg/Hand.idl
[2.910s] -- Installing: /home/xingyi/ros2_orca_leap/ros2_orca_leap_ws/install/leap_msgs/share/leap_msgs/msg/Hands.idl
[2.910s] -- Installing: /home/xingyi/ros2_orca_leap/ros2_orca_leap_ws/install/leap_msgs/share/leap_msgs/msg/Finger.idl
[2.910s] -- Installing: /home/xingyi/ros2_orca_leap/ros2_orca_leap_ws/install/leap_msgs/share/leap_msgs/msg/Arm.idl
[2.910s] -- Installing: /home/xingyi/ros2_orca_leap/ros2_orca_leap_ws/install/leap_msgs/share/leap_msgs/msg/Bone.idl
[2.910s] -- Installing: /home/xingyi/ros2_orca_leap/ros2_orca_leap_ws/install/leap_msgs/share/leap_msgs/msg/Hand.msg
[2.911s] -- Installing: /home/xingyi/ros2_orca_leap/ros2_orca_leap_ws/install/leap_msgs/share/leap_msgs/msg/Hands.msg
[2.911s] -- Installing: /home/xingyi/ros2_orca_leap/ros2_orca_leap_ws/install/leap_msgs/share/leap_msgs/msg/Finger.msg
[2.911s] -- Installing: /home/xingyi/ros2_orca_leap/ros2_orca_leap_ws/install/leap_msgs/share/leap_msgs/msg/Arm.msg
[2.911s] -- Installing: /home/xingyi/ros2_orca_leap/ros2_orca_leap_ws/install/leap_msgs/share/leap_msgs/msg/Bone.msg
[2.911s] -- Installing: /home/xingyi/ros2_orca_leap/ros2_orca_leap_ws/install/leap_msgs/share/ament_index/resource_index/package_run_dependencies/leap_msgs
[2.911s] -- Installing: /home/xingyi/ros2_orca_leap/ros2_orca_leap_ws/install/leap_msgs/share/ament_index/resource_index/parent_prefix_path/leap_msgs
[2.911s] -- Installing: /home/xingyi/ros2_orca_leap/ros2_orca_leap_ws/install/leap_msgs/share/leap_msgs/environment/ament_prefix_path.sh
[2.911s] -- Installing: /home/xingyi/ros2_orca_leap/ros2_orca_leap_ws/install/leap_msgs/share/leap_msgs/environment/ament_prefix_path.dsv
[2.911s] -- Installing: /home/xingyi/ros2_orca_leap/ros2_orca_leap_ws/install/leap_msgs/share/leap_msgs/environment/path.sh
[2.911s] -- Installing: /home/xingyi/ros2_orca_leap/ros2_orca_leap_ws/install/leap_msgs/share/leap_msgs/environment/path.dsv
[2.911s] -- Installing: /home/xingyi/ros2_orca_leap/ros2_orca_leap_ws/install/leap_msgs/share/leap_msgs/local_setup.bash
[2.911s] -- Installing: /home/xingyi/ros2_orca_leap/ros2_orca_leap_ws/install/leap_msgs/share/leap_msgs/local_setup.sh
[2.911s] -- Installing: /home/xingyi/ros2_orca_leap/ros2_orca_leap_ws/install/leap_msgs/share/leap_msgs/local_setup.zsh
[2.911s] -- Installing: /home/xingyi/ros2_orca_leap/ros2_orca_leap_ws/install/leap_msgs/share/leap_msgs/local_setup.dsv
[2.911s] -- Installing: /home/xingyi/ros2_orca_leap/ros2_orca_leap_ws/install/leap_msgs/share/leap_msgs/package.dsv
[2.911s] -- Installing: /home/xingyi/ros2_orca_leap/ros2_orca_leap_ws/install/leap_msgs/share/ament_index/resource_index/packages/leap_msgs
[2.911s] -- Installing: /home/xingyi/ros2_orca_leap/ros2_orca_leap_ws/install/leap_msgs/share/leap_msgs/cmake/export_leap_msgs__rosidl_generator_cExport.cmake
[2.911s] -- Installing: /home/xingyi/ros2_orca_leap/ros2_orca_leap_ws/install/leap_msgs/share/leap_msgs/cmake/export_leap_msgs__rosidl_generator_cExport-noconfig.cmake
[2.911s] -- Installing: /home/xingyi/ros2_orca_leap/ros2_orca_leap_ws/install/leap_msgs/share/leap_msgs/cmake/export_leap_msgs__rosidl_typesupport_fastrtps_cExport.cmake
[2.911s] -- Installing: /home/xingyi/ros2_orca_leap/ros2_orca_leap_ws/install/leap_msgs/share/leap_msgs/cmake/export_leap_msgs__rosidl_typesupport_fastrtps_cExport-noconfig.cmake
[2.911s] -- Installing: /home/xingyi/ros2_orca_leap/ros2_orca_leap_ws/install/leap_msgs/share/leap_msgs/cmake/leap_msgs__rosidl_typesupport_introspection_cExport.cmake
[2.911s] -- Installing: /home/xingyi/ros2_orca_leap/ros2_orca_leap_ws/install/leap_msgs/share/leap_msgs/cmake/leap_msgs__rosidl_typesupport_introspection_cExport-noconfig.cmake
[2.911s] -- Installing: /home/xingyi/ros2_orca_leap/ros2_orca_leap_ws/install/leap_msgs/share/leap_msgs/cmake/leap_msgs__rosidl_typesupport_cExport.cmake
[2.911s] -- Installing: /home/xingyi/ros2_orca_leap/ros2_orca_leap_ws/install/leap_msgs/share/leap_msgs/cmake/leap_msgs__rosidl_typesupport_cExport-noconfig.cmake
[2.911s] -- Installing: /home/xingyi/ros2_orca_leap/ros2_orca_leap_ws/install/leap_msgs/share/leap_msgs/cmake/export_leap_msgs__rosidl_generator_cppExport.cmake
[2.911s] -- Installing: /home/xingyi/ros2_orca_leap/ros2_orca_leap_ws/install/leap_msgs/share/leap_msgs/cmake/export_leap_msgs__rosidl_typesupport_fastrtps_cppExport.cmake
[2.911s] -- Installing: /home/xingyi/ros2_orca_leap/ros2_orca_leap_ws/install/leap_msgs/share/leap_msgs/cmake/export_leap_msgs__rosidl_typesupport_fastrtps_cppExport-noconfig.cmake
[2.912s] -- Installing: /home/xingyi/ros2_orca_leap/ros2_orca_leap_ws/install/leap_msgs/share/leap_msgs/cmake/leap_msgs__rosidl_typesupport_introspection_cppExport.cmake
[2.912s] -- Installing: /home/xingyi/ros2_orca_leap/ros2_orca_leap_ws/install/leap_msgs/share/leap_msgs/cmake/leap_msgs__rosidl_typesupport_introspection_cppExport-noconfig.cmake
[2.912s] -- Installing: /home/xingyi/ros2_orca_leap/ros2_orca_leap_ws/install/leap_msgs/share/leap_msgs/cmake/leap_msgs__rosidl_typesupport_cppExport.cmake
[2.912s] -- Installing: /home/xingyi/ros2_orca_leap/ros2_orca_leap_ws/install/leap_msgs/share/leap_msgs/cmake/leap_msgs__rosidl_typesupport_cppExport-noconfig.cmake
[2.912s] -- Installing: /home/xingyi/ros2_orca_leap/ros2_orca_leap_ws/install/leap_msgs/share/leap_msgs/cmake/export_leap_msgs__rosidl_generator_pyExport.cmake
[2.912s] -- Installing: /home/xingyi/ros2_orca_leap/ros2_orca_leap_ws/install/leap_msgs/share/leap_msgs/cmake/export_leap_msgs__rosidl_generator_pyExport-noconfig.cmake
[2.912s] -- Installing: /home/xingyi/ros2_orca_leap/ros2_orca_leap_ws/install/leap_msgs/share/leap_msgs/cmake/rosidl_cmake-extras.cmake
[2.912s] -- Installing: /home/xingyi/ros2_orca_leap/ros2_orca_leap_ws/install/leap_msgs/share/leap_msgs/cmake/ament_cmake_export_dependencies-extras.cmake
[2.912s] -- Installing: /home/xingyi/ros2_orca_leap/ros2_orca_leap_ws/install/leap_msgs/share/leap_msgs/cmake/ament_cmake_export_include_directories-extras.cmake
[2.912s] -- Installing: /home/xingyi/ros2_orca_leap/ros2_orca_leap_ws/install/leap_msgs/share/leap_msgs/cmake/ament_cmake_export_libraries-extras.cmake
[2.912s] -- Installing: /home/xingyi/ros2_orca_leap/ros2_orca_leap_ws/install/leap_msgs/share/leap_msgs/cmake/ament_cmake_export_targets-extras.cmake
[2.912s] -- Installing: /home/xingyi/ros2_orca_leap/ros2_orca_leap_ws/install/leap_msgs/share/leap_msgs/cmake/rosidl_cmake_export_typesupport_targets-extras.cmake
[2.912s] -- Installing: /home/xingyi/ros2_orca_leap/ros2_orca_leap_ws/install/leap_msgs/share/leap_msgs/cmake/rosidl_cmake_export_typesupport_libraries-extras.cmake
[2.912s] -- Installing: /home/xingyi/ros2_orca_leap/ros2_orca_leap_ws/install/leap_msgs/share/leap_msgs/cmake/leap_msgsConfig.cmake
[2.912s] -- Installing: /home/xingyi/ros2_orca_leap/ros2_orca_leap_ws/install/leap_msgs/share/leap_msgs/cmake/leap_msgsConfig-version.cmake
[2.912s] -- Installing: /home/xingyi/ros2_orca_leap/ros2_orca_leap_ws/install/leap_msgs/share/leap_msgs/package.xml
[2.913s] Invoked command in '/home/xingyi/ros2_orca_leap/ros2_orca_leap_ws/build/leap_msgs' returned '0': CMAKE_PREFIX_PATH=${CMAKE_PREFIX_PATH}:/home/xingyi/ros2_orca_leap/ros2_orca_leap_ws/install/orcahand_controller:/home/xingyi/ros2_orca_leap/ros2_orca_leap_ws/install/orca_core:/home/xingyi/ros2_orca_leap/ros2_orca_leap_ws/install/ohrc_leap:/home/xingyi/ros2_orca_leap/ros2_orca_leap_ws/install/leap_node:/opt/ros/humble PS1=(leapc) VIRTUAL_ENV_PROMPT=(leapc) /usr/bin/cmake --install /home/xingyi/ros2_orca_leap/ros2_orca_leap_ws/build/leap_msgs
