[0.066s] DEBUG:colcon:Command line arguments: ['/usr/bin/colcon', 'build', '--cmake-args', '-DPython3_EXECUTABLE=/home/xingyi/.venvs/leapc/bin/python', '-DPYTHON_EXECUTABLE=/home/xingyi/.venvs/leapc/bin/python']
[0.066s] DEBUG:colcon:Parsed command line arguments: Namespace(log_base=None, log_level=None, verb_name='build', build_base='build', install_base='install', merge_install=False, symlink_install=False, test_result_base=None, continue_on_error=False, executor='parallel', parallel_workers=32, event_handlers=None, ignore_user_meta=False, metas=['./colcon.meta'], base_paths=['.'], packages_ignore=None, packages_ignore_regex=None, paths=None, packages_up_to=None, packages_up_to_regex=None, packages_above=None, packages_above_and_dependencies=None, packages_above_depth=None, packages_select_by_dep=None, packages_skip_by_dep=None, packages_skip_up_to=None, packages_select_build_failed=False, packages_skip_build_finished=False, packages_select_test_failures=False, packages_skip_test_passed=False, packages_select=None, packages_skip=None, packages_select_regex=None, packages_skip_regex=None, packages_start=None, packages_end=None, allow_overriding=[], cmake_args=['-DPython3_EXECUTABLE=/home/xingyi/.venvs/leapc/bin/python', '-DPYTHON_EXECUTABLE=/home/xingyi/.venvs/leapc/bin/python'], cmake_target=None, cmake_target_skip_unavailable=False, cmake_clean_cache=False, cmake_clean_first=False, cmake_force_configure=False, ament_cmake_args=None, catkin_cmake_args=None, catkin_skip_building_tests=False, verb_parser=<colcon_defaults.argument_parser.defaults.DefaultArgumentsDecorator object at 0x718fe7271cf0>, verb_extension=<colcon_core.verb.build.BuildVerb object at 0x718fe7373190>, main=<bound method BuildVerb.main of <colcon_core.verb.build.BuildVerb object at 0x718fe7373190>>)
[0.172s] Level 1:colcon.colcon_core.package_discovery:discover_packages(colcon_meta) check parameters
[0.172s] Level 1:colcon.colcon_core.package_discovery:discover_packages(recursive) check parameters
[0.173s] Level 1:colcon.colcon_core.package_discovery:discover_packages(ignore) check parameters
[0.173s] Level 1:colcon.colcon_core.package_discovery:discover_packages(path) check parameters
[0.173s] Level 1:colcon.colcon_core.package_discovery:discover_packages(colcon_meta) discover
[0.173s] Level 1:colcon.colcon_core.package_discovery:discover_packages(recursive) discover
[0.173s] INFO:colcon.colcon_core.package_discovery:Crawling recursively for packages in '/home/xingyi/ros2_orca_leap/ros2_orca_leap_ws'
[0.173s] Level 1:colcon.colcon_core.package_identification:_identify(.) by extensions ['ignore', 'ignore_ament_install']
[0.173s] Level 1:colcon.colcon_core.package_identification:_identify(.) by extension 'ignore'
[0.173s] Level 1:colcon.colcon_core.package_identification:_identify(.) by extension 'ignore_ament_install'
[0.173s] Level 1:colcon.colcon_core.package_identification:_identify(.) by extensions ['colcon_pkg']
[0.173s] Level 1:colcon.colcon_core.package_identification:_identify(.) by extension 'colcon_pkg'
[0.173s] Level 1:colcon.colcon_core.package_identification:_identify(.) by extensions ['colcon_meta']
[0.173s] Level 1:colcon.colcon_core.package_identification:_identify(.) by extension 'colcon_meta'
[0.173s] Level 1:colcon.colcon_core.package_identification:_identify(.) by extensions ['ros']
[0.173s] Level 1:colcon.colcon_core.package_identification:_identify(.) by extension 'ros'
[0.186s] Level 1:colcon.colcon_core.package_identification:_identify(.) by extensions ['cmake', 'python']
[0.186s] Level 1:colcon.colcon_core.package_identification:_identify(.) by extension 'cmake'
[0.186s] Level 1:colcon.colcon_core.package_identification:_identify(.) by extension 'python'
[0.186s] Level 1:colcon.colcon_core.package_identification:_identify(.) by extensions ['python_setup_py']
[0.186s] Level 1:colcon.colcon_core.package_identification:_identify(.) by extension 'python_setup_py'
[0.186s] Level 1:colcon.colcon_core.package_identification:_identify(build) by extensions ['ignore', 'ignore_ament_install']
[0.186s] Level 1:colcon.colcon_core.package_identification:_identify(build) by extension 'ignore'
[0.186s] Level 1:colcon.colcon_core.package_identification:_identify(build) ignored
[0.186s] Level 1:colcon.colcon_core.package_identification:_identify(install) by extensions ['ignore', 'ignore_ament_install']
[0.186s] Level 1:colcon.colcon_core.package_identification:_identify(install) by extension 'ignore'
[0.186s] Level 1:colcon.colcon_core.package_identification:_identify(install) ignored
[0.186s] Level 1:colcon.colcon_core.package_identification:_identify(log) by extensions ['ignore', 'ignore_ament_install']
[0.186s] Level 1:colcon.colcon_core.package_identification:_identify(log) by extension 'ignore'
[0.186s] Level 1:colcon.colcon_core.package_identification:_identify(log) ignored
[0.186s] Level 1:colcon.colcon_core.package_identification:_identify(src) by extensions ['ignore', 'ignore_ament_install']
[0.186s] Level 1:colcon.colcon_core.package_identification:_identify(src) by extension 'ignore'
[0.186s] Level 1:colcon.colcon_core.package_identification:_identify(src) by extension 'ignore_ament_install'
[0.186s] Level 1:colcon.colcon_core.package_identification:_identify(src) by extensions ['colcon_pkg']
[0.187s] Level 1:colcon.colcon_core.package_identification:_identify(src) by extension 'colcon_pkg'
[0.187s] Level 1:colcon.colcon_core.package_identification:_identify(src) by extensions ['colcon_meta']
[0.187s] Level 1:colcon.colcon_core.package_identification:_identify(src) by extension 'colcon_meta'
[0.187s] Level 1:colcon.colcon_core.package_identification:_identify(src) by extensions ['ros']
[0.187s] Level 1:colcon.colcon_core.package_identification:_identify(src) by extension 'ros'
[0.187s] Level 1:colcon.colcon_core.package_identification:_identify(src) by extensions ['cmake', 'python']
[0.187s] Level 1:colcon.colcon_core.package_identification:_identify(src) by extension 'cmake'
[0.187s] Level 1:colcon.colcon_core.package_identification:_identify(src) by extension 'python'
[0.187s] Level 1:colcon.colcon_core.package_identification:_identify(src) by extensions ['python_setup_py']
[0.187s] Level 1:colcon.colcon_core.package_identification:_identify(src) by extension 'python_setup_py'
[0.187s] Level 1:colcon.colcon_core.package_identification:_identify(src/leap_msgs) by extensions ['ignore', 'ignore_ament_install']
[0.187s] Level 1:colcon.colcon_core.package_identification:_identify(src/leap_msgs) by extension 'ignore'
[0.187s] Level 1:colcon.colcon_core.package_identification:_identify(src/leap_msgs) by extension 'ignore_ament_install'
[0.187s] Level 1:colcon.colcon_core.package_identification:_identify(src/leap_msgs) by extensions ['colcon_pkg']
[0.187s] Level 1:colcon.colcon_core.package_identification:_identify(src/leap_msgs) by extension 'colcon_pkg'
[0.187s] Level 1:colcon.colcon_core.package_identification:_identify(src/leap_msgs) by extensions ['colcon_meta']
[0.187s] Level 1:colcon.colcon_core.package_identification:_identify(src/leap_msgs) by extension 'colcon_meta'
[0.187s] Level 1:colcon.colcon_core.package_identification:_identify(src/leap_msgs) by extensions ['ros']
[0.187s] Level 1:colcon.colcon_core.package_identification:_identify(src/leap_msgs) by extension 'ros'
[0.189s] DEBUG:colcon.colcon_core.package_identification:Package 'src/leap_msgs' with type 'ros.ament_cmake' and name 'leap_msgs'
[0.189s] Level 1:colcon.colcon_core.package_identification:_identify(src/leap_node) by extensions ['ignore', 'ignore_ament_install']
[0.189s] Level 1:colcon.colcon_core.package_identification:_identify(src/leap_node) by extension 'ignore'
[0.189s] Level 1:colcon.colcon_core.package_identification:_identify(src/leap_node) by extension 'ignore_ament_install'
[0.189s] Level 1:colcon.colcon_core.package_identification:_identify(src/leap_node) by extensions ['colcon_pkg']
[0.189s] Level 1:colcon.colcon_core.package_identification:_identify(src/leap_node) by extension 'colcon_pkg'
[0.189s] Level 1:colcon.colcon_core.package_identification:_identify(src/leap_node) by extensions ['colcon_meta']
[0.189s] Level 1:colcon.colcon_core.package_identification:_identify(src/leap_node) by extension 'colcon_meta'
[0.189s] Level 1:colcon.colcon_core.package_identification:_identify(src/leap_node) by extensions ['ros']
[0.189s] Level 1:colcon.colcon_core.package_identification:_identify(src/leap_node) by extension 'ros'
[0.189s] DEBUG:colcon.colcon_core.package_identification:Package 'src/leap_node' with type 'ros.ament_python' and name 'leap_node'
[0.189s] Level 1:colcon.colcon_core.package_identification:_identify(src/leap_to_orcahand) by extensions ['ignore', 'ignore_ament_install']
[0.190s] Level 1:colcon.colcon_core.package_identification:_identify(src/leap_to_orcahand) by extension 'ignore'
[0.190s] Level 1:colcon.colcon_core.package_identification:_identify(src/leap_to_orcahand) by extension 'ignore_ament_install'
[0.190s] Level 1:colcon.colcon_core.package_identification:_identify(src/leap_to_orcahand) by extensions ['colcon_pkg']
[0.190s] Level 1:colcon.colcon_core.package_identification:_identify(src/leap_to_orcahand) by extension 'colcon_pkg'
[0.190s] Level 1:colcon.colcon_core.package_identification:_identify(src/leap_to_orcahand) by extensions ['colcon_meta']
[0.190s] Level 1:colcon.colcon_core.package_identification:_identify(src/leap_to_orcahand) by extension 'colcon_meta'
[0.190s] Level 1:colcon.colcon_core.package_identification:_identify(src/leap_to_orcahand) by extensions ['ros']
[0.190s] Level 1:colcon.colcon_core.package_identification:_identify(src/leap_to_orcahand) by extension 'ros'
[0.190s] DEBUG:colcon.colcon_core.package_identification:Package 'src/leap_to_orcahand' with type 'ros.ament_cmake' and name 'leap_to_orcahand'
[0.190s] Level 1:colcon.colcon_core.package_identification:_identify(src/ohrc_leap) by extensions ['ignore', 'ignore_ament_install']
[0.190s] Level 1:colcon.colcon_core.package_identification:_identify(src/ohrc_leap) by extension 'ignore'
[0.190s] Level 1:colcon.colcon_core.package_identification:_identify(src/ohrc_leap) by extension 'ignore_ament_install'
[0.190s] Level 1:colcon.colcon_core.package_identification:_identify(src/ohrc_leap) by extensions ['colcon_pkg']
[0.190s] Level 1:colcon.colcon_core.package_identification:_identify(src/ohrc_leap) by extension 'colcon_pkg'
[0.190s] Level 1:colcon.colcon_core.package_identification:_identify(src/ohrc_leap) by extensions ['colcon_meta']
[0.190s] Level 1:colcon.colcon_core.package_identification:_identify(src/ohrc_leap) by extension 'colcon_meta'
[0.190s] Level 1:colcon.colcon_core.package_identification:_identify(src/ohrc_leap) by extensions ['ros']
[0.190s] Level 1:colcon.colcon_core.package_identification:_identify(src/ohrc_leap) by extension 'ros'
[0.191s] DEBUG:colcon.colcon_core.package_identification:Package 'src/ohrc_leap' with type 'ros.ament_python' and name 'ohrc_leap'
[0.191s] Level 1:colcon.colcon_core.package_identification:_identify(src/orca_core) by extensions ['ignore', 'ignore_ament_install']
[0.191s] Level 1:colcon.colcon_core.package_identification:_identify(src/orca_core) by extension 'ignore'
[0.191s] Level 1:colcon.colcon_core.package_identification:_identify(src/orca_core) by extension 'ignore_ament_install'
[0.191s] Level 1:colcon.colcon_core.package_identification:_identify(src/orca_core) by extensions ['colcon_pkg']
[0.191s] Level 1:colcon.colcon_core.package_identification:_identify(src/orca_core) by extension 'colcon_pkg'
[0.191s] Level 1:colcon.colcon_core.package_identification:_identify(src/orca_core) by extensions ['colcon_meta']
[0.191s] Level 1:colcon.colcon_core.package_identification:_identify(src/orca_core) by extension 'colcon_meta'
[0.191s] Level 1:colcon.colcon_core.package_identification:_identify(src/orca_core) by extensions ['ros']
[0.191s] Level 1:colcon.colcon_core.package_identification:_identify(src/orca_core) by extension 'ros'
[0.191s] DEBUG:colcon.colcon_core.package_identification:Package 'src/orca_core' with type 'ros.ament_python' and name 'orca_core'
[0.191s] Level 1:colcon.colcon_core.package_identification:_identify(src/orcahand_controller) by extensions ['ignore', 'ignore_ament_install']
[0.191s] Level 1:colcon.colcon_core.package_identification:_identify(src/orcahand_controller) by extension 'ignore'
[0.191s] Level 1:colcon.colcon_core.package_identification:_identify(src/orcahand_controller) by extension 'ignore_ament_install'
[0.191s] Level 1:colcon.colcon_core.package_identification:_identify(src/orcahand_controller) by extensions ['colcon_pkg']
[0.191s] Level 1:colcon.colcon_core.package_identification:_identify(src/orcahand_controller) by extension 'colcon_pkg'
[0.191s] Level 1:colcon.colcon_core.package_identification:_identify(src/orcahand_controller) by extensions ['colcon_meta']
[0.191s] Level 1:colcon.colcon_core.package_identification:_identify(src/orcahand_controller) by extension 'colcon_meta'
[0.191s] Level 1:colcon.colcon_core.package_identification:_identify(src/orcahand_controller) by extensions ['ros']
[0.191s] Level 1:colcon.colcon_core.package_identification:_identify(src/orcahand_controller) by extension 'ros'
[0.192s] DEBUG:colcon.colcon_core.package_identification:Package 'src/orcahand_controller' with type 'ros.ament_python' and name 'orcahand_controller'
[0.192s] Level 1:colcon.colcon_core.package_identification:_identify(src/orcahand_description) by extensions ['ignore', 'ignore_ament_install']
[0.192s] Level 1:colcon.colcon_core.package_identification:_identify(src/orcahand_description) by extension 'ignore'
[0.192s] Level 1:colcon.colcon_core.package_identification:_identify(src/orcahand_description) by extension 'ignore_ament_install'
[0.192s] Level 1:colcon.colcon_core.package_identification:_identify(src/orcahand_description) by extensions ['colcon_pkg']
[0.192s] Level 1:colcon.colcon_core.package_identification:_identify(src/orcahand_description) by extension 'colcon_pkg'
[0.192s] Level 1:colcon.colcon_core.package_identification:_identify(src/orcahand_description) by extensions ['colcon_meta']
[0.192s] Level 1:colcon.colcon_core.package_identification:_identify(src/orcahand_description) by extension 'colcon_meta'
[0.192s] Level 1:colcon.colcon_core.package_identification:_identify(src/orcahand_description) by extensions ['ros']
[0.192s] Level 1:colcon.colcon_core.package_identification:_identify(src/orcahand_description) by extension 'ros'
[0.192s] DEBUG:colcon.colcon_core.package_identification:Package 'src/orcahand_description' with type 'ros.ament_cmake' and name 'orcahand_description'
[0.192s] Level 1:colcon.colcon_core.package_discovery:discover_packages(recursive) using defaults
[0.192s] Level 1:colcon.colcon_core.package_discovery:discover_packages(ignore) discover
[0.192s] Level 1:colcon.colcon_core.package_discovery:discover_packages(ignore) using defaults
[0.192s] Level 1:colcon.colcon_core.package_discovery:discover_packages(path) discover
[0.192s] Level 1:colcon.colcon_core.package_discovery:discover_packages(path) using defaults
[0.208s] Level 1:colcon.colcon_core.package_discovery:discover_packages(prefix_path) check parameters
[0.209s] Level 1:colcon.colcon_core.package_discovery:discover_packages(prefix_path) discover
[0.210s] DEBUG:colcon.colcon_installed_package_information.package_discovery:Found 7 installed packages in /home/xingyi/ros2_orca_leap/ros2_orca_leap_ws/install
[0.210s] DEBUG:colcon.colcon_installed_package_information.package_discovery:Found 276 installed packages in /opt/ros/humble
[0.212s] Level 1:colcon.colcon_core.package_discovery:discover_packages(prefix_path) using defaults
[0.235s] Level 5:colcon.colcon_core.verb:set package 'leap_msgs' build argument 'cmake_args' from command line to '['-DPython3_EXECUTABLE=/home/xingyi/.venvs/leapc/bin/python', '-DPYTHON_EXECUTABLE=/home/xingyi/.venvs/leapc/bin/python']'
[0.235s] Level 5:colcon.colcon_core.verb:set package 'leap_msgs' build argument 'cmake_target' from command line to 'None'
[0.235s] Level 5:colcon.colcon_core.verb:set package 'leap_msgs' build argument 'cmake_target_skip_unavailable' from command line to 'False'
[0.235s] Level 5:colcon.colcon_core.verb:set package 'leap_msgs' build argument 'cmake_clean_cache' from command line to 'False'
[0.235s] Level 5:colcon.colcon_core.verb:set package 'leap_msgs' build argument 'cmake_clean_first' from command line to 'False'
[0.236s] Level 5:colcon.colcon_core.verb:set package 'leap_msgs' build argument 'cmake_force_configure' from command line to 'False'
[0.236s] Level 5:colcon.colcon_core.verb:set package 'leap_msgs' build argument 'ament_cmake_args' from command line to 'None'
[0.236s] Level 5:colcon.colcon_core.verb:set package 'leap_msgs' build argument 'catkin_cmake_args' from command line to 'None'
[0.236s] Level 5:colcon.colcon_core.verb:set package 'leap_msgs' build argument 'catkin_skip_building_tests' from command line to 'False'
[0.236s] DEBUG:colcon.colcon_core.verb:Building package 'leap_msgs' with the following arguments: {'ament_cmake_args': None, 'build_base': '/home/xingyi/ros2_orca_leap/ros2_orca_leap_ws/build/leap_msgs', 'catkin_cmake_args': None, 'catkin_skip_building_tests': False, 'cmake_args': ['-DPython3_EXECUTABLE=/home/xingyi/.venvs/leapc/bin/python', '-DPYTHON_EXECUTABLE=/home/xingyi/.venvs/leapc/bin/python'], 'cmake_clean_cache': False, 'cmake_clean_first': False, 'cmake_force_configure': False, 'cmake_target': None, 'cmake_target_skip_unavailable': False, 'install_base': '/home/xingyi/ros2_orca_leap/ros2_orca_leap_ws/install/leap_msgs', 'merge_install': False, 'path': '/home/xingyi/ros2_orca_leap/ros2_orca_leap_ws/src/leap_msgs', 'symlink_install': False, 'test_result_base': None}
[0.236s] Level 5:colcon.colcon_core.verb:set package 'leap_to_orcahand' build argument 'cmake_args' from command line to '['-DPython3_EXECUTABLE=/home/xingyi/.venvs/leapc/bin/python', '-DPYTHON_EXECUTABLE=/home/xingyi/.venvs/leapc/bin/python']'
[0.236s] Level 5:colcon.colcon_core.verb:set package 'leap_to_orcahand' build argument 'cmake_target' from command line to 'None'
[0.236s] Level 5:colcon.colcon_core.verb:set package 'leap_to_orcahand' build argument 'cmake_target_skip_unavailable' from command line to 'False'
[0.236s] Level 5:colcon.colcon_core.verb:set package 'leap_to_orcahand' build argument 'cmake_clean_cache' from command line to 'False'
[0.236s] Level 5:colcon.colcon_core.verb:set package 'leap_to_orcahand' build argument 'cmake_clean_first' from command line to 'False'
[0.236s] Level 5:colcon.colcon_core.verb:set package 'leap_to_orcahand' build argument 'cmake_force_configure' from command line to 'False'
[0.236s] Level 5:colcon.colcon_core.verb:set package 'leap_to_orcahand' build argument 'ament_cmake_args' from command line to 'None'
[0.236s] Level 5:colcon.colcon_core.verb:set package 'leap_to_orcahand' build argument 'catkin_cmake_args' from command line to 'None'
[0.236s] Level 5:colcon.colcon_core.verb:set package 'leap_to_orcahand' build argument 'catkin_skip_building_tests' from command line to 'False'
[0.236s] DEBUG:colcon.colcon_core.verb:Building package 'leap_to_orcahand' with the following arguments: {'ament_cmake_args': None, 'build_base': '/home/xingyi/ros2_orca_leap/ros2_orca_leap_ws/build/leap_to_orcahand', 'catkin_cmake_args': None, 'catkin_skip_building_tests': False, 'cmake_args': ['-DPython3_EXECUTABLE=/home/xingyi/.venvs/leapc/bin/python', '-DPYTHON_EXECUTABLE=/home/xingyi/.venvs/leapc/bin/python'], 'cmake_clean_cache': False, 'cmake_clean_first': False, 'cmake_force_configure': False, 'cmake_target': None, 'cmake_target_skip_unavailable': False, 'install_base': '/home/xingyi/ros2_orca_leap/ros2_orca_leap_ws/install/leap_to_orcahand', 'merge_install': False, 'path': '/home/xingyi/ros2_orca_leap/ros2_orca_leap_ws/src/leap_to_orcahand', 'symlink_install': False, 'test_result_base': None}
[0.236s] Level 5:colcon.colcon_core.verb:set package 'ohrc_leap' build argument 'cmake_args' from command line to '['-DPython3_EXECUTABLE=/home/xingyi/.venvs/leapc/bin/python', '-DPYTHON_EXECUTABLE=/home/xingyi/.venvs/leapc/bin/python']'
[0.236s] Level 5:colcon.colcon_core.verb:set package 'ohrc_leap' build argument 'cmake_target' from command line to 'None'
[0.236s] Level 5:colcon.colcon_core.verb:set package 'ohrc_leap' build argument 'cmake_target_skip_unavailable' from command line to 'False'
[0.236s] Level 5:colcon.colcon_core.verb:set package 'ohrc_leap' build argument 'cmake_clean_cache' from command line to 'False'
[0.236s] Level 5:colcon.colcon_core.verb:set package 'ohrc_leap' build argument 'cmake_clean_first' from command line to 'False'
[0.236s] Level 5:colcon.colcon_core.verb:set package 'ohrc_leap' build argument 'cmake_force_configure' from command line to 'False'
[0.236s] Level 5:colcon.colcon_core.verb:set package 'ohrc_leap' build argument 'ament_cmake_args' from command line to 'None'
[0.236s] Level 5:colcon.colcon_core.verb:set package 'ohrc_leap' build argument 'catkin_cmake_args' from command line to 'None'
[0.236s] Level 5:colcon.colcon_core.verb:set package 'ohrc_leap' build argument 'catkin_skip_building_tests' from command line to 'False'
[0.236s] DEBUG:colcon.colcon_core.verb:Building package 'ohrc_leap' with the following arguments: {'ament_cmake_args': None, 'build_base': '/home/xingyi/ros2_orca_leap/ros2_orca_leap_ws/build/ohrc_leap', 'catkin_cmake_args': None, 'catkin_skip_building_tests': False, 'cmake_args': ['-DPython3_EXECUTABLE=/home/xingyi/.venvs/leapc/bin/python', '-DPYTHON_EXECUTABLE=/home/xingyi/.venvs/leapc/bin/python'], 'cmake_clean_cache': False, 'cmake_clean_first': False, 'cmake_force_configure': False, 'cmake_target': None, 'cmake_target_skip_unavailable': False, 'install_base': '/home/xingyi/ros2_orca_leap/ros2_orca_leap_ws/install/ohrc_leap', 'merge_install': False, 'path': '/home/xingyi/ros2_orca_leap/ros2_orca_leap_ws/src/ohrc_leap', 'symlink_install': False, 'test_result_base': None}
[0.236s] Level 5:colcon.colcon_core.verb:set package 'orca_core' build argument 'cmake_args' from command line to '['-DPython3_EXECUTABLE=/home/xingyi/.venvs/leapc/bin/python', '-DPYTHON_EXECUTABLE=/home/xingyi/.venvs/leapc/bin/python']'
[0.236s] Level 5:colcon.colcon_core.verb:set package 'orca_core' build argument 'cmake_target' from command line to 'None'
[0.236s] Level 5:colcon.colcon_core.verb:set package 'orca_core' build argument 'cmake_target_skip_unavailable' from command line to 'False'
[0.236s] Level 5:colcon.colcon_core.verb:set package 'orca_core' build argument 'cmake_clean_cache' from command line to 'False'
[0.237s] Level 5:colcon.colcon_core.verb:set package 'orca_core' build argument 'cmake_clean_first' from command line to 'False'
[0.237s] Level 5:colcon.colcon_core.verb:set package 'orca_core' build argument 'cmake_force_configure' from command line to 'False'
[0.237s] Level 5:colcon.colcon_core.verb:set package 'orca_core' build argument 'ament_cmake_args' from command line to 'None'
[0.237s] Level 5:colcon.colcon_core.verb:set package 'orca_core' build argument 'catkin_cmake_args' from command line to 'None'
[0.237s] Level 5:colcon.colcon_core.verb:set package 'orca_core' build argument 'catkin_skip_building_tests' from command line to 'False'
[0.237s] DEBUG:colcon.colcon_core.verb:Building package 'orca_core' with the following arguments: {'ament_cmake_args': None, 'build_base': '/home/xingyi/ros2_orca_leap/ros2_orca_leap_ws/build/orca_core', 'catkin_cmake_args': None, 'catkin_skip_building_tests': False, 'cmake_args': ['-DPython3_EXECUTABLE=/home/xingyi/.venvs/leapc/bin/python', '-DPYTHON_EXECUTABLE=/home/xingyi/.venvs/leapc/bin/python'], 'cmake_clean_cache': False, 'cmake_clean_first': False, 'cmake_force_configure': False, 'cmake_target': None, 'cmake_target_skip_unavailable': False, 'install_base': '/home/xingyi/ros2_orca_leap/ros2_orca_leap_ws/install/orca_core', 'merge_install': False, 'path': '/home/xingyi/ros2_orca_leap/ros2_orca_leap_ws/src/orca_core', 'symlink_install': False, 'test_result_base': None}
[0.237s] Level 5:colcon.colcon_core.verb:set package 'orcahand_controller' build argument 'cmake_args' from command line to '['-DPython3_EXECUTABLE=/home/xingyi/.venvs/leapc/bin/python', '-DPYTHON_EXECUTABLE=/home/xingyi/.venvs/leapc/bin/python']'
[0.237s] Level 5:colcon.colcon_core.verb:set package 'orcahand_controller' build argument 'cmake_target' from command line to 'None'
[0.237s] Level 5:colcon.colcon_core.verb:set package 'orcahand_controller' build argument 'cmake_target_skip_unavailable' from command line to 'False'
[0.237s] Level 5:colcon.colcon_core.verb:set package 'orcahand_controller' build argument 'cmake_clean_cache' from command line to 'False'
[0.237s] Level 5:colcon.colcon_core.verb:set package 'orcahand_controller' build argument 'cmake_clean_first' from command line to 'False'
[0.237s] Level 5:colcon.colcon_core.verb:set package 'orcahand_controller' build argument 'cmake_force_configure' from command line to 'False'
[0.237s] Level 5:colcon.colcon_core.verb:set package 'orcahand_controller' build argument 'ament_cmake_args' from command line to 'None'
[0.237s] Level 5:colcon.colcon_core.verb:set package 'orcahand_controller' build argument 'catkin_cmake_args' from command line to 'None'
[0.237s] Level 5:colcon.colcon_core.verb:set package 'orcahand_controller' build argument 'catkin_skip_building_tests' from command line to 'False'
[0.237s] DEBUG:colcon.colcon_core.verb:Building package 'orcahand_controller' with the following arguments: {'ament_cmake_args': None, 'build_base': '/home/xingyi/ros2_orca_leap/ros2_orca_leap_ws/build/orcahand_controller', 'catkin_cmake_args': None, 'catkin_skip_building_tests': False, 'cmake_args': ['-DPython3_EXECUTABLE=/home/xingyi/.venvs/leapc/bin/python', '-DPYTHON_EXECUTABLE=/home/xingyi/.venvs/leapc/bin/python'], 'cmake_clean_cache': False, 'cmake_clean_first': False, 'cmake_force_configure': False, 'cmake_target': None, 'cmake_target_skip_unavailable': False, 'install_base': '/home/xingyi/ros2_orca_leap/ros2_orca_leap_ws/install/orcahand_controller', 'merge_install': False, 'path': '/home/xingyi/ros2_orca_leap/ros2_orca_leap_ws/src/orcahand_controller', 'symlink_install': False, 'test_result_base': None}
[0.237s] Level 5:colcon.colcon_core.verb:set package 'orcahand_description' build argument 'cmake_args' from command line to '['-DPython3_EXECUTABLE=/home/xingyi/.venvs/leapc/bin/python', '-DPYTHON_EXECUTABLE=/home/xingyi/.venvs/leapc/bin/python']'
[0.237s] Level 5:colcon.colcon_core.verb:set package 'orcahand_description' build argument 'cmake_target' from command line to 'None'
[0.237s] Level 5:colcon.colcon_core.verb:set package 'orcahand_description' build argument 'cmake_target_skip_unavailable' from command line to 'False'
[0.237s] Level 5:colcon.colcon_core.verb:set package 'orcahand_description' build argument 'cmake_clean_cache' from command line to 'False'
[0.237s] Level 5:colcon.colcon_core.verb:set package 'orcahand_description' build argument 'cmake_clean_first' from command line to 'False'
[0.237s] Level 5:colcon.colcon_core.verb:set package 'orcahand_description' build argument 'cmake_force_configure' from command line to 'False'
[0.237s] Level 5:colcon.colcon_core.verb:set package 'orcahand_description' build argument 'ament_cmake_args' from command line to 'None'
[0.237s] Level 5:colcon.colcon_core.verb:set package 'orcahand_description' build argument 'catkin_cmake_args' from command line to 'None'
[0.237s] Level 5:colcon.colcon_core.verb:set package 'orcahand_description' build argument 'catkin_skip_building_tests' from command line to 'False'
[0.237s] DEBUG:colcon.colcon_core.verb:Building package 'orcahand_description' with the following arguments: {'ament_cmake_args': None, 'build_base': '/home/xingyi/ros2_orca_leap/ros2_orca_leap_ws/build/orcahand_description', 'catkin_cmake_args': None, 'catkin_skip_building_tests': False, 'cmake_args': ['-DPython3_EXECUTABLE=/home/xingyi/.venvs/leapc/bin/python', '-DPYTHON_EXECUTABLE=/home/xingyi/.venvs/leapc/bin/python'], 'cmake_clean_cache': False, 'cmake_clean_first': False, 'cmake_force_configure': False, 'cmake_target': None, 'cmake_target_skip_unavailable': False, 'install_base': '/home/xingyi/ros2_orca_leap/ros2_orca_leap_ws/install/orcahand_description', 'merge_install': False, 'path': '/home/xingyi/ros2_orca_leap/ros2_orca_leap_ws/src/orcahand_description', 'symlink_install': False, 'test_result_base': None}
[0.237s] Level 5:colcon.colcon_core.verb:set package 'leap_node' build argument 'cmake_args' from command line to '['-DPython3_EXECUTABLE=/home/xingyi/.venvs/leapc/bin/python', '-DPYTHON_EXECUTABLE=/home/xingyi/.venvs/leapc/bin/python']'
[0.237s] Level 5:colcon.colcon_core.verb:set package 'leap_node' build argument 'cmake_target' from command line to 'None'
[0.237s] Level 5:colcon.colcon_core.verb:set package 'leap_node' build argument 'cmake_target_skip_unavailable' from command line to 'False'
[0.237s] Level 5:colcon.colcon_core.verb:set package 'leap_node' build argument 'cmake_clean_cache' from command line to 'False'
[0.237s] Level 5:colcon.colcon_core.verb:set package 'leap_node' build argument 'cmake_clean_first' from command line to 'False'
[0.238s] Level 5:colcon.colcon_core.verb:set package 'leap_node' build argument 'cmake_force_configure' from command line to 'False'
[0.238s] Level 5:colcon.colcon_core.verb:set package 'leap_node' build argument 'ament_cmake_args' from command line to 'None'
[0.238s] Level 5:colcon.colcon_core.verb:set package 'leap_node' build argument 'catkin_cmake_args' from command line to 'None'
[0.238s] Level 5:colcon.colcon_core.verb:set package 'leap_node' build argument 'catkin_skip_building_tests' from command line to 'False'
[0.238s] DEBUG:colcon.colcon_core.verb:Building package 'leap_node' with the following arguments: {'ament_cmake_args': None, 'build_base': '/home/xingyi/ros2_orca_leap/ros2_orca_leap_ws/build/leap_node', 'catkin_cmake_args': None, 'catkin_skip_building_tests': False, 'cmake_args': ['-DPython3_EXECUTABLE=/home/xingyi/.venvs/leapc/bin/python', '-DPYTHON_EXECUTABLE=/home/xingyi/.venvs/leapc/bin/python'], 'cmake_clean_cache': False, 'cmake_clean_first': False, 'cmake_force_configure': False, 'cmake_target': None, 'cmake_target_skip_unavailable': False, 'install_base': '/home/xingyi/ros2_orca_leap/ros2_orca_leap_ws/install/leap_node', 'merge_install': False, 'path': '/home/xingyi/ros2_orca_leap/ros2_orca_leap_ws/src/leap_node', 'symlink_install': False, 'test_result_base': None}
[0.238s] INFO:colcon.colcon_core.executor:Executing jobs using 'parallel' executor
[0.238s] DEBUG:colcon.colcon_parallel_executor.executor.parallel:run_until_complete
[0.239s] INFO:colcon.colcon_ros.task.ament_cmake.build:Building ROS package in '/home/xingyi/ros2_orca_leap/ros2_orca_leap_ws/src/leap_msgs' with build type 'ament_cmake'
[0.239s] INFO:colcon.colcon_cmake.task.cmake.build:Building CMake package in '/home/xingyi/ros2_orca_leap/ros2_orca_leap_ws/src/leap_msgs'
[0.240s] INFO:colcon.colcon_core.plugin_system:Skipping extension 'colcon_core.shell.bat': Not used on non-Windows systems
[0.241s] INFO:colcon.colcon_core.shell:Skip shell extension 'powershell' for command environment: Not usable outside of PowerShell
[0.241s] DEBUG:colcon.colcon_core.shell:Skip shell extension 'dsv' for command environment
[0.243s] INFO:colcon.colcon_ros.task.ament_cmake.build:Building ROS package in '/home/xingyi/ros2_orca_leap/ros2_orca_leap_ws/src/leap_to_orcahand' with build type 'ament_cmake'
[0.243s] INFO:colcon.colcon_cmake.task.cmake.build:Building CMake package in '/home/xingyi/ros2_orca_leap/ros2_orca_leap_ws/src/leap_to_orcahand'
[0.243s] INFO:colcon.colcon_core.shell:Skip shell extension 'powershell' for command environment: Not usable outside of PowerShell
[0.243s] DEBUG:colcon.colcon_core.shell:Skip shell extension 'dsv' for command environment
[0.245s] INFO:colcon.colcon_ros.task.ament_python.build:Building ROS package in '/home/xingyi/ros2_orca_leap/ros2_orca_leap_ws/src/ohrc_leap' with build type 'ament_python'
[0.245s] Level 1:colcon.colcon_core.shell:create_environment_hook('ohrc_leap', 'ament_prefix_path')
[0.246s] INFO:colcon.colcon_core.shell:Creating environment hook '/home/xingyi/ros2_orca_leap/ros2_orca_leap_ws/install/ohrc_leap/share/ohrc_leap/hook/ament_prefix_path.ps1'
[0.246s] INFO:colcon.colcon_core.shell:Creating environment descriptor '/home/xingyi/ros2_orca_leap/ros2_orca_leap_ws/install/ohrc_leap/share/ohrc_leap/hook/ament_prefix_path.dsv'
[0.246s] INFO:colcon.colcon_core.shell:Creating environment hook '/home/xingyi/ros2_orca_leap/ros2_orca_leap_ws/install/ohrc_leap/share/ohrc_leap/hook/ament_prefix_path.sh'
[0.247s] INFO:colcon.colcon_core.shell:Skip shell extension 'powershell' for command environment: Not usable outside of PowerShell
[0.247s] DEBUG:colcon.colcon_core.shell:Skip shell extension 'dsv' for command environment
[0.249s] INFO:colcon.colcon_ros.task.ament_python.build:Building ROS package in '/home/xingyi/ros2_orca_leap/ros2_orca_leap_ws/src/orca_core' with build type 'ament_python'
[0.249s] Level 1:colcon.colcon_core.shell:create_environment_hook('orca_core', 'ament_prefix_path')
[0.249s] INFO:colcon.colcon_core.shell:Creating environment hook '/home/xingyi/ros2_orca_leap/ros2_orca_leap_ws/install/orca_core/share/orca_core/hook/ament_prefix_path.ps1'
[0.249s] INFO:colcon.colcon_core.shell:Creating environment descriptor '/home/xingyi/ros2_orca_leap/ros2_orca_leap_ws/install/orca_core/share/orca_core/hook/ament_prefix_path.dsv'
[0.250s] INFO:colcon.colcon_core.shell:Creating environment hook '/home/xingyi/ros2_orca_leap/ros2_orca_leap_ws/install/orca_core/share/orca_core/hook/ament_prefix_path.sh'
[0.250s] INFO:colcon.colcon_core.shell:Skip shell extension 'powershell' for command environment: Not usable outside of PowerShell
[0.250s] DEBUG:colcon.colcon_core.shell:Skip shell extension 'dsv' for command environment
[0.254s] INFO:colcon.colcon_ros.task.ament_python.build:Building ROS package in '/home/xingyi/ros2_orca_leap/ros2_orca_leap_ws/src/orcahand_controller' with build type 'ament_python'
[0.254s] Level 1:colcon.colcon_core.shell:create_environment_hook('orcahand_controller', 'ament_prefix_path')
[0.254s] INFO:colcon.colcon_core.shell:Creating environment hook '/home/xingyi/ros2_orca_leap/ros2_orca_leap_ws/install/orcahand_controller/share/orcahand_controller/hook/ament_prefix_path.ps1'
[0.255s] INFO:colcon.colcon_core.shell:Creating environment descriptor '/home/xingyi/ros2_orca_leap/ros2_orca_leap_ws/install/orcahand_controller/share/orcahand_controller/hook/ament_prefix_path.dsv'
[0.255s] INFO:colcon.colcon_core.shell:Creating environment hook '/home/xingyi/ros2_orca_leap/ros2_orca_leap_ws/install/orcahand_controller/share/orcahand_controller/hook/ament_prefix_path.sh'
[0.256s] INFO:colcon.colcon_core.shell:Skip shell extension 'powershell' for command environment: Not usable outside of PowerShell
[0.256s] DEBUG:colcon.colcon_core.shell:Skip shell extension 'dsv' for command environment
[0.259s] INFO:colcon.colcon_ros.task.ament_cmake.build:Building ROS package in '/home/xingyi/ros2_orca_leap/ros2_orca_leap_ws/src/orcahand_description' with build type 'ament_cmake'
[0.259s] INFO:colcon.colcon_cmake.task.cmake.build:Building CMake package in '/home/xingyi/ros2_orca_leap/ros2_orca_leap_ws/src/orcahand_description'
[0.259s] INFO:colcon.colcon_core.shell:Skip shell extension 'powershell' for command environment: Not usable outside of PowerShell
[0.259s] DEBUG:colcon.colcon_core.shell:Skip shell extension 'dsv' for command environment
[0.268s] DEBUG:colcon.colcon_core.event_handler.log_command:Invoking command in '/home/xingyi/ros2_orca_leap/ros2_orca_leap_ws/build/leap_msgs': CMAKE_PREFIX_PATH=${CMAKE_PREFIX_PATH}:/home/xingyi/ros2_orca_leap/ros2_orca_leap_ws/install/orcahand_controller:/home/xingyi/ros2_orca_leap/ros2_orca_leap_ws/install/orca_core:/home/xingyi/ros2_orca_leap/ros2_orca_leap_ws/install/ohrc_leap:/home/xingyi/ros2_orca_leap/ros2_orca_leap_ws/install/leap_node:/opt/ros/humble PS1=(leapc) VIRTUAL_ENV_PROMPT=(leapc) /usr/bin/cmake --build /home/xingyi/ros2_orca_leap/ros2_orca_leap_ws/build/leap_msgs -- -j32 -l32
[0.270s] DEBUG:colcon.colcon_core.event_handler.log_command:Invoking command in '/home/xingyi/ros2_orca_leap/ros2_orca_leap_ws/build/leap_to_orcahand': CMAKE_PREFIX_PATH=${CMAKE_PREFIX_PATH}:/home/xingyi/ros2_orca_leap/ros2_orca_leap_ws/install/orcahand_controller:/home/xingyi/ros2_orca_leap/ros2_orca_leap_ws/install/orca_core:/home/xingyi/ros2_orca_leap/ros2_orca_leap_ws/install/ohrc_leap:/home/xingyi/ros2_orca_leap/ros2_orca_leap_ws/install/leap_node:/opt/ros/humble PS1=(leapc) VIRTUAL_ENV_PROMPT=(leapc) /usr/bin/cmake --build /home/xingyi/ros2_orca_leap/ros2_orca_leap_ws/build/leap_to_orcahand -- -j32 -l32
[0.463s] INFO:colcon.colcon_core.task.python.build:Building Python package in '/home/xingyi/ros2_orca_leap/ros2_orca_leap_ws/src/ohrc_leap'
[0.464s] INFO:colcon.colcon_core.shell:Skip shell extension 'powershell' for command environment: Not usable outside of PowerShell
[0.464s] DEBUG:colcon.colcon_core.shell:Skip shell extension 'dsv' for command environment
[0.665s] INFO:colcon.colcon_core.task.python.build:Building Python package in '/home/xingyi/ros2_orca_leap/ros2_orca_leap_ws/src/orca_core'
[0.665s] INFO:colcon.colcon_core.shell:Skip shell extension 'powershell' for command environment: Not usable outside of PowerShell
[0.665s] DEBUG:colcon.colcon_core.shell:Skip shell extension 'dsv' for command environment
[0.870s] INFO:colcon.colcon_core.task.python.build:Building Python package in '/home/xingyi/ros2_orca_leap/ros2_orca_leap_ws/src/orcahand_controller'
[0.871s] INFO:colcon.colcon_core.shell:Skip shell extension 'powershell' for command environment: Not usable outside of PowerShell
[0.871s] DEBUG:colcon.colcon_core.shell:Skip shell extension 'dsv' for command environment
[0.882s] DEBUG:colcon.colcon_core.event_handler.log_command:Invoking command in '/home/xingyi/ros2_orca_leap/ros2_orca_leap_ws/build/orcahand_description': CMAKE_PREFIX_PATH=${CMAKE_PREFIX_PATH}:/home/xingyi/ros2_orca_leap/ros2_orca_leap_ws/install/orcahand_controller:/home/xingyi/ros2_orca_leap/ros2_orca_leap_ws/install/orca_core:/home/xingyi/ros2_orca_leap/ros2_orca_leap_ws/install/ohrc_leap:/home/xingyi/ros2_orca_leap/ros2_orca_leap_ws/install/leap_node:/opt/ros/humble PS1=(leapc) VIRTUAL_ENV_PROMPT=(leapc) /usr/bin/cmake --build /home/xingyi/ros2_orca_leap/ros2_orca_leap_ws/build/orcahand_description -- -j32 -l32
[0.884s] DEBUG:colcon.colcon_core.event_handler.log_command:Invoked command in '/home/xingyi/ros2_orca_leap/ros2_orca_leap_ws/build/leap_to_orcahand' returned '0': CMAKE_PREFIX_PATH=${CMAKE_PREFIX_PATH}:/home/xingyi/ros2_orca_leap/ros2_orca_leap_ws/install/orcahand_controller:/home/xingyi/ros2_orca_leap/ros2_orca_leap_ws/install/orca_core:/home/xingyi/ros2_orca_leap/ros2_orca_leap_ws/install/ohrc_leap:/home/xingyi/ros2_orca_leap/ros2_orca_leap_ws/install/leap_node:/opt/ros/humble PS1=(leapc) VIRTUAL_ENV_PROMPT=(leapc) /usr/bin/cmake --build /home/xingyi/ros2_orca_leap/ros2_orca_leap_ws/build/leap_to_orcahand -- -j32 -l32
[0.892s] DEBUG:colcon.colcon_core.event_handler.log_command:Invoking command in '/home/xingyi/ros2_orca_leap/ros2_orca_leap_ws/build/leap_to_orcahand': CMAKE_PREFIX_PATH=${CMAKE_PREFIX_PATH}:/home/xingyi/ros2_orca_leap/ros2_orca_leap_ws/install/orcahand_controller:/home/xingyi/ros2_orca_leap/ros2_orca_leap_ws/install/orca_core:/home/xingyi/ros2_orca_leap/ros2_orca_leap_ws/install/ohrc_leap:/home/xingyi/ros2_orca_leap/ros2_orca_leap_ws/install/leap_node:/opt/ros/humble PS1=(leapc) VIRTUAL_ENV_PROMPT=(leapc) /usr/bin/cmake --install /home/xingyi/ros2_orca_leap/ros2_orca_leap_ws/build/leap_to_orcahand
[0.892s] DEBUG:colcon.colcon_core.event_handler.log_command:Invoked command in '/home/xingyi/ros2_orca_leap/ros2_orca_leap_ws/build/leap_msgs' returned '0': CMAKE_PREFIX_PATH=${CMAKE_PREFIX_PATH}:/home/xingyi/ros2_orca_leap/ros2_orca_leap_ws/install/orcahand_controller:/home/xingyi/ros2_orca_leap/ros2_orca_leap_ws/install/orca_core:/home/xingyi/ros2_orca_leap/ros2_orca_leap_ws/install/ohrc_leap:/home/xingyi/ros2_orca_leap/ros2_orca_leap_ws/install/leap_node:/opt/ros/humble PS1=(leapc) VIRTUAL_ENV_PROMPT=(leapc) /usr/bin/cmake --build /home/xingyi/ros2_orca_leap/ros2_orca_leap_ws/build/leap_msgs -- -j32 -l32
[0.893s] DEBUG:colcon.colcon_core.event_handler.log_command:Invoking command in '/home/xingyi/ros2_orca_leap/ros2_orca_leap_ws/build/leap_msgs': CMAKE_PREFIX_PATH=${CMAKE_PREFIX_PATH}:/home/xingyi/ros2_orca_leap/ros2_orca_leap_ws/install/orcahand_controller:/home/xingyi/ros2_orca_leap/ros2_orca_leap_ws/install/orca_core:/home/xingyi/ros2_orca_leap/ros2_orca_leap_ws/install/ohrc_leap:/home/xingyi/ros2_orca_leap/ros2_orca_leap_ws/install/leap_node:/opt/ros/humble PS1=(leapc) VIRTUAL_ENV_PROMPT=(leapc) /usr/bin/cmake --install /home/xingyi/ros2_orca_leap/ros2_orca_leap_ws/build/leap_msgs
[0.910s] Level 1:colcon.colcon_core.environment:create_environment_scripts_only(leap_to_orcahand)
[0.913s] DEBUG:colcon.colcon_core.event_handler.log_command:Invoked command in '/home/xingyi/ros2_orca_leap/ros2_orca_leap_ws/build/leap_to_orcahand' returned '0': CMAKE_PREFIX_PATH=${CMAKE_PREFIX_PATH}:/home/xingyi/ros2_orca_leap/ros2_orca_leap_ws/install/orcahand_controller:/home/xingyi/ros2_orca_leap/ros2_orca_leap_ws/install/orca_core:/home/xingyi/ros2_orca_leap/ros2_orca_leap_ws/install/ohrc_leap:/home/xingyi/ros2_orca_leap/ros2_orca_leap_ws/install/leap_node:/opt/ros/humble PS1=(leapc) VIRTUAL_ENV_PROMPT=(leapc) /usr/bin/cmake --install /home/xingyi/ros2_orca_leap/ros2_orca_leap_ws/build/leap_to_orcahand
[0.914s] Level 1:colcon.colcon_core.environment:checking '/home/xingyi/ros2_orca_leap/ros2_orca_leap_ws/install/leap_to_orcahand' for CMake module files
[0.915s] Level 1:colcon.colcon_core.environment:checking '/home/xingyi/ros2_orca_leap/ros2_orca_leap_ws/install/leap_to_orcahand' for CMake config files
[0.915s] Level 1:colcon.colcon_core.shell:create_environment_hook('leap_to_orcahand', 'cmake_prefix_path')
[0.915s] INFO:colcon.colcon_core.shell:Creating environment hook '/home/xingyi/ros2_orca_leap/ros2_orca_leap_ws/install/leap_to_orcahand/share/leap_to_orcahand/hook/cmake_prefix_path.ps1'
[0.915s] INFO:colcon.colcon_core.shell:Creating environment descriptor '/home/xingyi/ros2_orca_leap/ros2_orca_leap_ws/install/leap_to_orcahand/share/leap_to_orcahand/hook/cmake_prefix_path.dsv'
[0.916s] INFO:colcon.colcon_core.shell:Creating environment hook '/home/xingyi/ros2_orca_leap/ros2_orca_leap_ws/install/leap_to_orcahand/share/leap_to_orcahand/hook/cmake_prefix_path.sh'
[0.916s] Level 1:colcon.colcon_core.environment:checking '/home/xingyi/ros2_orca_leap/ros2_orca_leap_ws/install/leap_to_orcahand/bin'
[0.916s] Level 1:colcon.colcon_core.environment:checking '/home/xingyi/ros2_orca_leap/ros2_orca_leap_ws/install/leap_to_orcahand/lib/pkgconfig/leap_to_orcahand.pc'
[0.916s] Level 1:colcon.colcon_core.environment:checking '/home/xingyi/ros2_orca_leap/ros2_orca_leap_ws/install/leap_to_orcahand/lib/python3.10/site-packages'
[0.917s] Level 1:colcon.colcon_core.environment:checking '/home/xingyi/ros2_orca_leap/ros2_orca_leap_ws/install/leap_to_orcahand/bin'
[0.917s] INFO:colcon.colcon_core.shell:Creating package script '/home/xingyi/ros2_orca_leap/ros2_orca_leap_ws/install/leap_to_orcahand/share/leap_to_orcahand/package.ps1'
[0.917s] INFO:colcon.colcon_core.shell:Creating package descriptor '/home/xingyi/ros2_orca_leap/ros2_orca_leap_ws/install/leap_to_orcahand/share/leap_to_orcahand/package.dsv'
[0.918s] INFO:colcon.colcon_core.shell:Creating package script '/home/xingyi/ros2_orca_leap/ros2_orca_leap_ws/install/leap_to_orcahand/share/leap_to_orcahand/package.sh'
[0.918s] INFO:colcon.colcon_core.shell:Creating package script '/home/xingyi/ros2_orca_leap/ros2_orca_leap_ws/install/leap_to_orcahand/share/leap_to_orcahand/package.bash'
[0.919s] INFO:colcon.colcon_core.shell:Creating package script '/home/xingyi/ros2_orca_leap/ros2_orca_leap_ws/install/leap_to_orcahand/share/leap_to_orcahand/package.zsh'
[0.920s] Level 1:colcon.colcon_core.environment:create_file_with_runtime_dependencies(/home/xingyi/ros2_orca_leap/ros2_orca_leap_ws/install/leap_to_orcahand/share/colcon-core/packages/leap_to_orcahand)
[0.920s] Level 1:colcon.colcon_core.environment:create_environment_scripts_only(leap_to_orcahand)
[0.921s] Level 1:colcon.colcon_core.environment:checking '/home/xingyi/ros2_orca_leap/ros2_orca_leap_ws/install/leap_to_orcahand' for CMake module files
[0.921s] Level 1:colcon.colcon_core.environment:checking '/home/xingyi/ros2_orca_leap/ros2_orca_leap_ws/install/leap_to_orcahand' for CMake config files
[0.921s] Level 1:colcon.colcon_core.shell:create_environment_hook('leap_to_orcahand', 'cmake_prefix_path')
[0.921s] INFO:colcon.colcon_core.shell:Creating environment hook '/home/xingyi/ros2_orca_leap/ros2_orca_leap_ws/install/leap_to_orcahand/share/leap_to_orcahand/hook/cmake_prefix_path.ps1'
[0.922s] INFO:colcon.colcon_core.shell:Creating environment descriptor '/home/xingyi/ros2_orca_leap/ros2_orca_leap_ws/install/leap_to_orcahand/share/leap_to_orcahand/hook/cmake_prefix_path.dsv'
[0.922s] INFO:colcon.colcon_core.shell:Creating environment hook '/home/xingyi/ros2_orca_leap/ros2_orca_leap_ws/install/leap_to_orcahand/share/leap_to_orcahand/hook/cmake_prefix_path.sh'
[0.922s] Level 1:colcon.colcon_core.environment:checking '/home/xingyi/ros2_orca_leap/ros2_orca_leap_ws/install/leap_to_orcahand/bin'
[0.922s] Level 1:colcon.colcon_core.environment:checking '/home/xingyi/ros2_orca_leap/ros2_orca_leap_ws/install/leap_to_orcahand/lib/pkgconfig/leap_to_orcahand.pc'
[0.922s] Level 1:colcon.colcon_core.environment:checking '/home/xingyi/ros2_orca_leap/ros2_orca_leap_ws/install/leap_to_orcahand/lib/python3.10/site-packages'
[0.923s] Level 1:colcon.colcon_core.environment:checking '/home/xingyi/ros2_orca_leap/ros2_orca_leap_ws/install/leap_to_orcahand/bin'
[0.923s] INFO:colcon.colcon_core.shell:Creating package script '/home/xingyi/ros2_orca_leap/ros2_orca_leap_ws/install/leap_to_orcahand/share/leap_to_orcahand/package.ps1'
[0.923s] INFO:colcon.colcon_core.shell:Creating package descriptor '/home/xingyi/ros2_orca_leap/ros2_orca_leap_ws/install/leap_to_orcahand/share/leap_to_orcahand/package.dsv'
[0.924s] INFO:colcon.colcon_core.shell:Creating package script '/home/xingyi/ros2_orca_leap/ros2_orca_leap_ws/install/leap_to_orcahand/share/leap_to_orcahand/package.sh'
[0.924s] INFO:colcon.colcon_core.shell:Creating package script '/home/xingyi/ros2_orca_leap/ros2_orca_leap_ws/install/leap_to_orcahand/share/leap_to_orcahand/package.bash'
[0.924s] INFO:colcon.colcon_core.shell:Creating package script '/home/xingyi/ros2_orca_leap/ros2_orca_leap_ws/install/leap_to_orcahand/share/leap_to_orcahand/package.zsh'
[0.925s] Level 1:colcon.colcon_core.environment:create_file_with_runtime_dependencies(/home/xingyi/ros2_orca_leap/ros2_orca_leap_ws/install/leap_to_orcahand/share/colcon-core/packages/leap_to_orcahand)
[0.926s] DEBUG:colcon.colcon_core.event_handler.log_command:Invoked command in '/home/xingyi/ros2_orca_leap/ros2_orca_leap_ws/build/orcahand_description' returned '0': CMAKE_PREFIX_PATH=${CMAKE_PREFIX_PATH}:/home/xingyi/ros2_orca_leap/ros2_orca_leap_ws/install/orcahand_controller:/home/xingyi/ros2_orca_leap/ros2_orca_leap_ws/install/orca_core:/home/xingyi/ros2_orca_leap/ros2_orca_leap_ws/install/ohrc_leap:/home/xingyi/ros2_orca_leap/ros2_orca_leap_ws/install/leap_node:/opt/ros/humble PS1=(leapc) VIRTUAL_ENV_PROMPT=(leapc) /usr/bin/cmake --build /home/xingyi/ros2_orca_leap/ros2_orca_leap_ws/build/orcahand_description -- -j32 -l32
[0.927s] DEBUG:colcon.colcon_core.event_handler.log_command:Invoking command in '/home/xingyi/ros2_orca_leap/ros2_orca_leap_ws/build/orcahand_description': CMAKE_PREFIX_PATH=${CMAKE_PREFIX_PATH}:/home/xingyi/ros2_orca_leap/ros2_orca_leap_ws/install/orcahand_controller:/home/xingyi/ros2_orca_leap/ros2_orca_leap_ws/install/orca_core:/home/xingyi/ros2_orca_leap/ros2_orca_leap_ws/install/ohrc_leap:/home/xingyi/ros2_orca_leap/ros2_orca_leap_ws/install/leap_node:/opt/ros/humble PS1=(leapc) VIRTUAL_ENV_PROMPT=(leapc) /usr/bin/cmake --install /home/xingyi/ros2_orca_leap/ros2_orca_leap_ws/build/orcahand_description
[0.942s] Level 1:colcon.colcon_core.environment:create_environment_scripts_only(orcahand_description)
[0.943s] Level 1:colcon.colcon_core.environment:checking '/home/xingyi/ros2_orca_leap/ros2_orca_leap_ws/install/orcahand_description' for CMake module files
[0.945s] Level 1:colcon.colcon_core.environment:checking '/home/xingyi/ros2_orca_leap/ros2_orca_leap_ws/install/orcahand_description' for CMake config files
[0.951s] Level 1:colcon.colcon_core.shell:create_environment_hook('orcahand_description', 'cmake_prefix_path')
[0.952s] INFO:colcon.colcon_core.shell:Creating environment hook '/home/xingyi/ros2_orca_leap/ros2_orca_leap_ws/install/orcahand_description/share/orcahand_description/hook/cmake_prefix_path.ps1'
[0.953s] INFO:colcon.colcon_core.shell:Creating environment descriptor '/home/xingyi/ros2_orca_leap/ros2_orca_leap_ws/install/orcahand_description/share/orcahand_description/hook/cmake_prefix_path.dsv'
[0.955s] DEBUG:colcon.colcon_core.event_handler.log_command:Invoked command in '/home/xingyi/ros2_orca_leap/ros2_orca_leap_ws/build/orcahand_description' returned '0': CMAKE_PREFIX_PATH=${CMAKE_PREFIX_PATH}:/home/xingyi/ros2_orca_leap/ros2_orca_leap_ws/install/orcahand_controller:/home/xingyi/ros2_orca_leap/ros2_orca_leap_ws/install/orca_core:/home/xingyi/ros2_orca_leap/ros2_orca_leap_ws/install/ohrc_leap:/home/xingyi/ros2_orca_leap/ros2_orca_leap_ws/install/leap_node:/opt/ros/humble PS1=(leapc) VIRTUAL_ENV_PROMPT=(leapc) /usr/bin/cmake --install /home/xingyi/ros2_orca_leap/ros2_orca_leap_ws/build/orcahand_description
[0.955s] INFO:colcon.colcon_core.shell:Creating environment hook '/home/xingyi/ros2_orca_leap/ros2_orca_leap_ws/install/orcahand_description/share/orcahand_description/hook/cmake_prefix_path.sh'
[0.958s] Level 1:colcon.colcon_core.environment:checking '/home/xingyi/ros2_orca_leap/ros2_orca_leap_ws/install/orcahand_description/bin'
[0.958s] Level 1:colcon.colcon_core.environment:checking '/home/xingyi/ros2_orca_leap/ros2_orca_leap_ws/install/orcahand_description/lib/pkgconfig/orcahand_description.pc'
[0.959s] Level 1:colcon.colcon_core.environment:checking '/home/xingyi/ros2_orca_leap/ros2_orca_leap_ws/install/orcahand_description/lib/python3.10/site-packages'
[0.959s] Level 1:colcon.colcon_core.environment:checking '/home/xingyi/ros2_orca_leap/ros2_orca_leap_ws/install/orcahand_description/bin'
[0.959s] INFO:colcon.colcon_core.shell:Creating package script '/home/xingyi/ros2_orca_leap/ros2_orca_leap_ws/install/orcahand_description/share/orcahand_description/package.ps1'
[0.959s] INFO:colcon.colcon_core.shell:Creating package descriptor '/home/xingyi/ros2_orca_leap/ros2_orca_leap_ws/install/orcahand_description/share/orcahand_description/package.dsv'
[0.960s] INFO:colcon.colcon_core.shell:Creating package script '/home/xingyi/ros2_orca_leap/ros2_orca_leap_ws/install/orcahand_description/share/orcahand_description/package.sh'
[0.960s] INFO:colcon.colcon_core.shell:Creating package script '/home/xingyi/ros2_orca_leap/ros2_orca_leap_ws/install/orcahand_description/share/orcahand_description/package.bash'
[0.960s] INFO:colcon.colcon_core.shell:Creating package script '/home/xingyi/ros2_orca_leap/ros2_orca_leap_ws/install/orcahand_description/share/orcahand_description/package.zsh'
[0.961s] Level 1:colcon.colcon_core.environment:create_file_with_runtime_dependencies(/home/xingyi/ros2_orca_leap/ros2_orca_leap_ws/install/orcahand_description/share/colcon-core/packages/orcahand_description)
[0.961s] Level 1:colcon.colcon_core.environment:create_environment_scripts_only(orcahand_description)
[0.961s] Level 1:colcon.colcon_core.environment:checking '/home/xingyi/ros2_orca_leap/ros2_orca_leap_ws/install/orcahand_description' for CMake module files
[0.962s] Level 1:colcon.colcon_core.environment:checking '/home/xingyi/ros2_orca_leap/ros2_orca_leap_ws/install/orcahand_description' for CMake config files
[0.962s] Level 1:colcon.colcon_core.shell:create_environment_hook('orcahand_description', 'cmake_prefix_path')
[0.962s] INFO:colcon.colcon_core.shell:Creating environment hook '/home/xingyi/ros2_orca_leap/ros2_orca_leap_ws/install/orcahand_description/share/orcahand_description/hook/cmake_prefix_path.ps1'
[0.962s] INFO:colcon.colcon_core.shell:Creating environment descriptor '/home/xingyi/ros2_orca_leap/ros2_orca_leap_ws/install/orcahand_description/share/orcahand_description/hook/cmake_prefix_path.dsv'
[0.963s] INFO:colcon.colcon_core.shell:Creating environment hook '/home/xingyi/ros2_orca_leap/ros2_orca_leap_ws/install/orcahand_description/share/orcahand_description/hook/cmake_prefix_path.sh'
[0.963s] Level 1:colcon.colcon_core.environment:checking '/home/xingyi/ros2_orca_leap/ros2_orca_leap_ws/install/orcahand_description/bin'
[0.963s] Level 1:colcon.colcon_core.environment:checking '/home/xingyi/ros2_orca_leap/ros2_orca_leap_ws/install/orcahand_description/lib/pkgconfig/orcahand_description.pc'
[0.964s] Level 1:colcon.colcon_core.environment:checking '/home/xingyi/ros2_orca_leap/ros2_orca_leap_ws/install/orcahand_description/lib/python3.10/site-packages'
[0.964s] Level 1:colcon.colcon_core.environment:checking '/home/xingyi/ros2_orca_leap/ros2_orca_leap_ws/install/orcahand_description/bin'
[0.964s] INFO:colcon.colcon_core.shell:Creating package script '/home/xingyi/ros2_orca_leap/ros2_orca_leap_ws/install/orcahand_description/share/orcahand_description/package.ps1'
[0.965s] INFO:colcon.colcon_core.shell:Creating package descriptor '/home/xingyi/ros2_orca_leap/ros2_orca_leap_ws/install/orcahand_description/share/orcahand_description/package.dsv'
[0.966s] INFO:colcon.colcon_core.shell:Creating package script '/home/xingyi/ros2_orca_leap/ros2_orca_leap_ws/install/orcahand_description/share/orcahand_description/package.sh'
[0.967s] INFO:colcon.colcon_core.shell:Creating package script '/home/xingyi/ros2_orca_leap/ros2_orca_leap_ws/install/orcahand_description/share/orcahand_description/package.bash'
[0.967s] INFO:colcon.colcon_core.shell:Creating package script '/home/xingyi/ros2_orca_leap/ros2_orca_leap_ws/install/orcahand_description/share/orcahand_description/package.zsh'
[0.968s] Level 1:colcon.colcon_core.environment:create_file_with_runtime_dependencies(/home/xingyi/ros2_orca_leap/ros2_orca_leap_ws/install/orcahand_description/share/colcon-core/packages/orcahand_description)
[0.969s] Level 1:colcon.colcon_core.environment:create_environment_scripts_only(leap_msgs)
[0.970s] Level 1:colcon.colcon_core.environment:checking '/home/xingyi/ros2_orca_leap/ros2_orca_leap_ws/install/leap_msgs' for CMake module files
[0.970s] DEBUG:colcon.colcon_core.event_handler.log_command:Invoked command in '/home/xingyi/ros2_orca_leap/ros2_orca_leap_ws/build/leap_msgs' returned '0': CMAKE_PREFIX_PATH=${CMAKE_PREFIX_PATH}:/home/xingyi/ros2_orca_leap/ros2_orca_leap_ws/install/orcahand_controller:/home/xingyi/ros2_orca_leap/ros2_orca_leap_ws/install/orca_core:/home/xingyi/ros2_orca_leap/ros2_orca_leap_ws/install/ohrc_leap:/home/xingyi/ros2_orca_leap/ros2_orca_leap_ws/install/leap_node:/opt/ros/humble PS1=(leapc) VIRTUAL_ENV_PROMPT=(leapc) /usr/bin/cmake --install /home/xingyi/ros2_orca_leap/ros2_orca_leap_ws/build/leap_msgs
[0.971s] Level 1:colcon.colcon_core.environment:checking '/home/xingyi/ros2_orca_leap/ros2_orca_leap_ws/install/leap_msgs' for CMake config files
[0.972s] Level 1:colcon.colcon_core.shell:create_environment_hook('leap_msgs', 'cmake_prefix_path')
[0.972s] INFO:colcon.colcon_core.shell:Creating environment hook '/home/xingyi/ros2_orca_leap/ros2_orca_leap_ws/install/leap_msgs/share/leap_msgs/hook/cmake_prefix_path.ps1'
[0.973s] INFO:colcon.colcon_core.shell:Creating environment descriptor '/home/xingyi/ros2_orca_leap/ros2_orca_leap_ws/install/leap_msgs/share/leap_msgs/hook/cmake_prefix_path.dsv'
[0.973s] INFO:colcon.colcon_core.shell:Creating environment hook '/home/xingyi/ros2_orca_leap/ros2_orca_leap_ws/install/leap_msgs/share/leap_msgs/hook/cmake_prefix_path.sh'
[0.974s] Level 1:colcon.colcon_core.environment:checking '/home/xingyi/ros2_orca_leap/ros2_orca_leap_ws/install/leap_msgs/lib'
[0.974s] Level 1:colcon.colcon_core.shell:create_environment_hook('leap_msgs', 'ld_library_path_lib')
[0.975s] INFO:colcon.colcon_core.shell:Creating environment hook '/home/xingyi/ros2_orca_leap/ros2_orca_leap_ws/install/leap_msgs/share/leap_msgs/hook/ld_library_path_lib.ps1'
[0.975s] INFO:colcon.colcon_core.shell:Creating environment descriptor '/home/xingyi/ros2_orca_leap/ros2_orca_leap_ws/install/leap_msgs/share/leap_msgs/hook/ld_library_path_lib.dsv'
[0.976s] INFO:colcon.colcon_core.shell:Creating environment hook '/home/xingyi/ros2_orca_leap/ros2_orca_leap_ws/install/leap_msgs/share/leap_msgs/hook/ld_library_path_lib.sh'
[0.976s] Level 1:colcon.colcon_core.environment:checking '/home/xingyi/ros2_orca_leap/ros2_orca_leap_ws/install/leap_msgs/bin'
[0.976s] Level 1:colcon.colcon_core.environment:checking '/home/xingyi/ros2_orca_leap/ros2_orca_leap_ws/install/leap_msgs/lib/pkgconfig/leap_msgs.pc'
[0.976s] Level 1:colcon.colcon_core.environment:checking '/home/xingyi/ros2_orca_leap/ros2_orca_leap_ws/install/leap_msgs/lib/python3.10/site-packages'
[0.977s] Level 1:colcon.colcon_core.shell:create_environment_hook('leap_msgs', 'pythonpath')
[0.977s] INFO:colcon.colcon_core.shell:Creating environment hook '/home/xingyi/ros2_orca_leap/ros2_orca_leap_ws/install/leap_msgs/share/leap_msgs/hook/pythonpath.ps1'
[0.977s] INFO:colcon.colcon_core.shell:Creating environment descriptor '/home/xingyi/ros2_orca_leap/ros2_orca_leap_ws/install/leap_msgs/share/leap_msgs/hook/pythonpath.dsv'
[0.978s] INFO:colcon.colcon_core.shell:Creating environment hook '/home/xingyi/ros2_orca_leap/ros2_orca_leap_ws/install/leap_msgs/share/leap_msgs/hook/pythonpath.sh'
[0.978s] Level 1:colcon.colcon_core.environment:checking '/home/xingyi/ros2_orca_leap/ros2_orca_leap_ws/install/leap_msgs/bin'
[0.978s] INFO:colcon.colcon_core.shell:Creating package script '/home/xingyi/ros2_orca_leap/ros2_orca_leap_ws/install/leap_msgs/share/leap_msgs/package.ps1'
[0.979s] INFO:colcon.colcon_core.shell:Creating package descriptor '/home/xingyi/ros2_orca_leap/ros2_orca_leap_ws/install/leap_msgs/share/leap_msgs/package.dsv'
[0.979s] INFO:colcon.colcon_core.shell:Creating package script '/home/xingyi/ros2_orca_leap/ros2_orca_leap_ws/install/leap_msgs/share/leap_msgs/package.sh'
[0.980s] INFO:colcon.colcon_core.shell:Creating package script '/home/xingyi/ros2_orca_leap/ros2_orca_leap_ws/install/leap_msgs/share/leap_msgs/package.bash'
[0.980s] INFO:colcon.colcon_core.shell:Creating package script '/home/xingyi/ros2_orca_leap/ros2_orca_leap_ws/install/leap_msgs/share/leap_msgs/package.zsh'
[0.980s] Level 1:colcon.colcon_core.environment:create_file_with_runtime_dependencies(/home/xingyi/ros2_orca_leap/ros2_orca_leap_ws/install/leap_msgs/share/colcon-core/packages/leap_msgs)
[0.981s] Level 1:colcon.colcon_core.environment:create_environment_scripts_only(leap_msgs)
[0.981s] Level 1:colcon.colcon_core.environment:checking '/home/xingyi/ros2_orca_leap/ros2_orca_leap_ws/install/leap_msgs' for CMake module files
[0.982s] Level 1:colcon.colcon_core.environment:checking '/home/xingyi/ros2_orca_leap/ros2_orca_leap_ws/install/leap_msgs' for CMake config files
[0.982s] Level 1:colcon.colcon_core.shell:create_environment_hook('leap_msgs', 'cmake_prefix_path')
[0.982s] INFO:colcon.colcon_core.shell:Creating environment hook '/home/xingyi/ros2_orca_leap/ros2_orca_leap_ws/install/leap_msgs/share/leap_msgs/hook/cmake_prefix_path.ps1'
[0.982s] INFO:colcon.colcon_core.shell:Creating environment descriptor '/home/xingyi/ros2_orca_leap/ros2_orca_leap_ws/install/leap_msgs/share/leap_msgs/hook/cmake_prefix_path.dsv'
[0.983s] INFO:colcon.colcon_core.shell:Creating environment hook '/home/xingyi/ros2_orca_leap/ros2_orca_leap_ws/install/leap_msgs/share/leap_msgs/hook/cmake_prefix_path.sh'
[0.983s] Level 1:colcon.colcon_core.environment:checking '/home/xingyi/ros2_orca_leap/ros2_orca_leap_ws/install/leap_msgs/lib'
[0.983s] Level 1:colcon.colcon_core.shell:create_environment_hook('leap_msgs', 'ld_library_path_lib')
[0.983s] INFO:colcon.colcon_core.shell:Creating environment hook '/home/xingyi/ros2_orca_leap/ros2_orca_leap_ws/install/leap_msgs/share/leap_msgs/hook/ld_library_path_lib.ps1'
[0.984s] INFO:colcon.colcon_core.shell:Creating environment descriptor '/home/xingyi/ros2_orca_leap/ros2_orca_leap_ws/install/leap_msgs/share/leap_msgs/hook/ld_library_path_lib.dsv'
[0.984s] INFO:colcon.colcon_core.shell:Creating environment hook '/home/xingyi/ros2_orca_leap/ros2_orca_leap_ws/install/leap_msgs/share/leap_msgs/hook/ld_library_path_lib.sh'
[0.984s] Level 1:colcon.colcon_core.environment:checking '/home/xingyi/ros2_orca_leap/ros2_orca_leap_ws/install/leap_msgs/bin'
[0.984s] Level 1:colcon.colcon_core.environment:checking '/home/xingyi/ros2_orca_leap/ros2_orca_leap_ws/install/leap_msgs/lib/pkgconfig/leap_msgs.pc'
[0.985s] Level 1:colcon.colcon_core.environment:checking '/home/xingyi/ros2_orca_leap/ros2_orca_leap_ws/install/leap_msgs/lib/python3.10/site-packages'
[0.985s] Level 1:colcon.colcon_core.shell:create_environment_hook('leap_msgs', 'pythonpath')
[0.985s] INFO:colcon.colcon_core.shell:Creating environment hook '/home/xingyi/ros2_orca_leap/ros2_orca_leap_ws/install/leap_msgs/share/leap_msgs/hook/pythonpath.ps1'
[0.985s] INFO:colcon.colcon_core.shell:Creating environment descriptor '/home/xingyi/ros2_orca_leap/ros2_orca_leap_ws/install/leap_msgs/share/leap_msgs/hook/pythonpath.dsv'
[0.986s] INFO:colcon.colcon_core.shell:Creating environment hook '/home/xingyi/ros2_orca_leap/ros2_orca_leap_ws/install/leap_msgs/share/leap_msgs/hook/pythonpath.sh'
[0.986s] Level 1:colcon.colcon_core.environment:checking '/home/xingyi/ros2_orca_leap/ros2_orca_leap_ws/install/leap_msgs/bin'
[0.986s] INFO:colcon.colcon_core.shell:Creating package script '/home/xingyi/ros2_orca_leap/ros2_orca_leap_ws/install/leap_msgs/share/leap_msgs/package.ps1'
[0.987s] INFO:colcon.colcon_core.shell:Creating package descriptor '/home/xingyi/ros2_orca_leap/ros2_orca_leap_ws/install/leap_msgs/share/leap_msgs/package.dsv'
[0.987s] INFO:colcon.colcon_core.shell:Creating package script '/home/xingyi/ros2_orca_leap/ros2_orca_leap_ws/install/leap_msgs/share/leap_msgs/package.sh'
[0.988s] INFO:colcon.colcon_core.shell:Creating package script '/home/xingyi/ros2_orca_leap/ros2_orca_leap_ws/install/leap_msgs/share/leap_msgs/package.bash'
[0.988s] INFO:colcon.colcon_core.shell:Creating package script '/home/xingyi/ros2_orca_leap/ros2_orca_leap_ws/install/leap_msgs/share/leap_msgs/package.zsh'
[0.988s] Level 1:colcon.colcon_core.environment:create_file_with_runtime_dependencies(/home/xingyi/ros2_orca_leap/ros2_orca_leap_ws/install/leap_msgs/share/colcon-core/packages/leap_msgs)
[0.989s] INFO:colcon.colcon_ros.task.ament_python.build:Building ROS package in '/home/xingyi/ros2_orca_leap/ros2_orca_leap_ws/src/leap_node' with build type 'ament_python'
[0.989s] Level 1:colcon.colcon_core.shell:create_environment_hook('leap_node', 'ament_prefix_path')
[0.989s] INFO:colcon.colcon_core.shell:Creating environment hook '/home/xingyi/ros2_orca_leap/ros2_orca_leap_ws/install/leap_node/share/leap_node/hook/ament_prefix_path.ps1'
[0.990s] INFO:colcon.colcon_core.shell:Creating environment descriptor '/home/xingyi/ros2_orca_leap/ros2_orca_leap_ws/install/leap_node/share/leap_node/hook/ament_prefix_path.dsv'
[0.990s] INFO:colcon.colcon_core.shell:Creating environment hook '/home/xingyi/ros2_orca_leap/ros2_orca_leap_ws/install/leap_node/share/leap_node/hook/ament_prefix_path.sh'
[0.990s] INFO:colcon.colcon_core.shell:Skip shell extension 'powershell' for command environment: Not usable outside of PowerShell
[0.990s] DEBUG:colcon.colcon_core.shell:Skip shell extension 'dsv' for command environment
[1.244s] INFO:colcon.colcon_core.task.python.build:Building Python package in '/home/xingyi/ros2_orca_leap/ros2_orca_leap_ws/src/leap_node'
[1.244s] INFO:colcon.colcon_core.shell:Skip shell extension 'powershell' for command environment: Not usable outside of PowerShell
[1.244s] DEBUG:colcon.colcon_core.shell:Skip shell extension 'dsv' for command environment
[1.251s] DEBUG:colcon.colcon_core.event_handler.log_command:Invoking command in '/home/xingyi/ros2_orca_leap/ros2_orca_leap_ws/src/orca_core': PS1=(leapc) PYTHONPATH=/home/xingyi/ros2_orca_leap/ros2_orca_leap_ws/build/orca_core/prefix_override:/usr/lib/python3/dist-packages/colcon_core/task/python/colcon_distutils_commands:/home/xingyi/ros2_orca_leap/ros2_orca_leap_ws/install/orca_core/lib/python3.10/site-packages:${PYTHONPATH} VIRTUAL_ENV_PROMPT=(leapc) /usr/bin/python3 -W ignore:setup.py install is deprecated -W ignore:easy_install command is deprecated setup.py egg_info --egg-base ../../build/orca_core build --build-base /home/xingyi/ros2_orca_leap/ros2_orca_leap_ws/build/orca_core/build install --record /home/xingyi/ros2_orca_leap/ros2_orca_leap_ws/build/orca_core/install.log --single-version-externally-managed install_data
[1.252s] DEBUG:colcon.colcon_core.event_handler.log_command:Invoking command in '/home/xingyi/ros2_orca_leap/ros2_orca_leap_ws/src/ohrc_leap': PS1=(leapc) PYTHONPATH=/home/xingyi/ros2_orca_leap/ros2_orca_leap_ws/build/ohrc_leap/prefix_override:/usr/lib/python3/dist-packages/colcon_core/task/python/colcon_distutils_commands:/home/xingyi/ros2_orca_leap/ros2_orca_leap_ws/install/ohrc_leap/lib/python3.10/site-packages:${PYTHONPATH} VIRTUAL_ENV_PROMPT=(leapc) /usr/bin/python3 -W ignore:setup.py install is deprecated -W ignore:easy_install command is deprecated setup.py egg_info --egg-base ../../build/ohrc_leap build --build-base /home/xingyi/ros2_orca_leap/ros2_orca_leap_ws/build/ohrc_leap/build install --record /home/xingyi/ros2_orca_leap/ros2_orca_leap_ws/build/ohrc_leap/install.log --single-version-externally-managed install_data
[1.288s] DEBUG:colcon.colcon_core.event_handler.log_command:Invoking command in '/home/xingyi/ros2_orca_leap/ros2_orca_leap_ws/src/orcahand_controller': PS1=(leapc) PYTHONPATH=/home/xingyi/ros2_orca_leap/ros2_orca_leap_ws/build/orcahand_controller/prefix_override:/usr/lib/python3/dist-packages/colcon_core/task/python/colcon_distutils_commands:/home/xingyi/ros2_orca_leap/ros2_orca_leap_ws/install/orcahand_controller/lib/python3.10/site-packages:${PYTHONPATH} VIRTUAL_ENV_PROMPT=(leapc) /usr/bin/python3 -W ignore:setup.py install is deprecated -W ignore:easy_install command is deprecated setup.py egg_info --egg-base ../../build/orcahand_controller build --build-base /home/xingyi/ros2_orca_leap/ros2_orca_leap_ws/build/orcahand_controller/build install --record /home/xingyi/ros2_orca_leap/ros2_orca_leap_ws/build/orcahand_controller/install.log --single-version-externally-managed install_data
[1.531s] Level 1:colcon.colcon_core.environment:checking '/home/xingyi/ros2_orca_leap/ros2_orca_leap_ws/install/orca_core' for CMake module files
[1.532s] Level 1:colcon.colcon_core.environment:checking '/home/xingyi/ros2_orca_leap/ros2_orca_leap_ws/install/orca_core' for CMake config files
[1.533s] DEBUG:colcon.colcon_core.event_handler.log_command:Invoked command in '/home/xingyi/ros2_orca_leap/ros2_orca_leap_ws/src/orca_core' returned '0': PS1=(leapc) PYTHONPATH=/home/xingyi/ros2_orca_leap/ros2_orca_leap_ws/build/orca_core/prefix_override:/usr/lib/python3/dist-packages/colcon_core/task/python/colcon_distutils_commands:/home/xingyi/ros2_orca_leap/ros2_orca_leap_ws/install/orca_core/lib/python3.10/site-packages:${PYTHONPATH} VIRTUAL_ENV_PROMPT=(leapc) /usr/bin/python3 -W ignore:setup.py install is deprecated -W ignore:easy_install command is deprecated setup.py egg_info --egg-base ../../build/orca_core build --build-base /home/xingyi/ros2_orca_leap/ros2_orca_leap_ws/build/orca_core/build install --record /home/xingyi/ros2_orca_leap/ros2_orca_leap_ws/build/orca_core/install.log --single-version-externally-managed install_data
[1.534s] Level 1:colcon.colcon_core.environment:checking '/home/xingyi/ros2_orca_leap/ros2_orca_leap_ws/install/orca_core/lib'
[1.534s] Level 1:colcon.colcon_core.environment:checking '/home/xingyi/ros2_orca_leap/ros2_orca_leap_ws/install/orca_core/bin'
[1.535s] Level 1:colcon.colcon_core.environment:checking '/home/xingyi/ros2_orca_leap/ros2_orca_leap_ws/install/orca_core/lib/pkgconfig/orca_core.pc'
[1.535s] Level 1:colcon.colcon_core.environment:checking '/home/xingyi/ros2_orca_leap/ros2_orca_leap_ws/install/orca_core/lib/python3.10/site-packages'
[1.535s] Level 1:colcon.colcon_core.shell:create_environment_hook('orca_core', 'pythonpath')
[1.535s] INFO:colcon.colcon_core.shell:Creating environment hook '/home/xingyi/ros2_orca_leap/ros2_orca_leap_ws/install/orca_core/share/orca_core/hook/pythonpath.ps1'
[1.536s] INFO:colcon.colcon_core.shell:Creating environment descriptor '/home/xingyi/ros2_orca_leap/ros2_orca_leap_ws/install/orca_core/share/orca_core/hook/pythonpath.dsv'
[1.537s] INFO:colcon.colcon_core.shell:Creating environment hook '/home/xingyi/ros2_orca_leap/ros2_orca_leap_ws/install/orca_core/share/orca_core/hook/pythonpath.sh'
[1.538s] Level 1:colcon.colcon_core.environment:checking '/home/xingyi/ros2_orca_leap/ros2_orca_leap_ws/install/orca_core/bin'
[1.538s] Level 1:colcon.colcon_core.environment:create_environment_scripts_only(orca_core)
[1.538s] INFO:colcon.colcon_core.shell:Creating package script '/home/xingyi/ros2_orca_leap/ros2_orca_leap_ws/install/orca_core/share/orca_core/package.ps1'
[1.539s] INFO:colcon.colcon_core.shell:Creating package descriptor '/home/xingyi/ros2_orca_leap/ros2_orca_leap_ws/install/orca_core/share/orca_core/package.dsv'
[1.540s] INFO:colcon.colcon_core.shell:Creating package script '/home/xingyi/ros2_orca_leap/ros2_orca_leap_ws/install/orca_core/share/orca_core/package.sh'
[1.540s] INFO:colcon.colcon_core.shell:Creating package script '/home/xingyi/ros2_orca_leap/ros2_orca_leap_ws/install/orca_core/share/orca_core/package.bash'
[1.541s] INFO:colcon.colcon_core.shell:Creating package script '/home/xingyi/ros2_orca_leap/ros2_orca_leap_ws/install/orca_core/share/orca_core/package.zsh'
[1.541s] Level 1:colcon.colcon_core.environment:create_file_with_runtime_dependencies(/home/xingyi/ros2_orca_leap/ros2_orca_leap_ws/install/orca_core/share/colcon-core/packages/orca_core)
[1.556s] Level 1:colcon.colcon_core.environment:checking '/home/xingyi/ros2_orca_leap/ros2_orca_leap_ws/install/ohrc_leap' for CMake module files
[1.557s] DEBUG:colcon.colcon_core.event_handler.log_command:Invoked command in '/home/xingyi/ros2_orca_leap/ros2_orca_leap_ws/src/ohrc_leap' returned '0': PS1=(leapc) PYTHONPATH=/home/xingyi/ros2_orca_leap/ros2_orca_leap_ws/build/ohrc_leap/prefix_override:/usr/lib/python3/dist-packages/colcon_core/task/python/colcon_distutils_commands:/home/xingyi/ros2_orca_leap/ros2_orca_leap_ws/install/ohrc_leap/lib/python3.10/site-packages:${PYTHONPATH} VIRTUAL_ENV_PROMPT=(leapc) /usr/bin/python3 -W ignore:setup.py install is deprecated -W ignore:easy_install command is deprecated setup.py egg_info --egg-base ../../build/ohrc_leap build --build-base /home/xingyi/ros2_orca_leap/ros2_orca_leap_ws/build/ohrc_leap/build install --record /home/xingyi/ros2_orca_leap/ros2_orca_leap_ws/build/ohrc_leap/install.log --single-version-externally-managed install_data
[1.557s] Level 1:colcon.colcon_core.environment:checking '/home/xingyi/ros2_orca_leap/ros2_orca_leap_ws/install/ohrc_leap' for CMake config files
[1.558s] Level 1:colcon.colcon_core.environment:checking '/home/xingyi/ros2_orca_leap/ros2_orca_leap_ws/install/ohrc_leap/lib'
[1.558s] Level 1:colcon.colcon_core.environment:checking '/home/xingyi/ros2_orca_leap/ros2_orca_leap_ws/install/ohrc_leap/bin'
[1.559s] Level 1:colcon.colcon_core.environment:checking '/home/xingyi/ros2_orca_leap/ros2_orca_leap_ws/install/ohrc_leap/lib/pkgconfig/ohrc_leap.pc'
[1.559s] Level 1:colcon.colcon_core.environment:checking '/home/xingyi/ros2_orca_leap/ros2_orca_leap_ws/install/ohrc_leap/lib/python3.10/site-packages'
[1.559s] Level 1:colcon.colcon_core.shell:create_environment_hook('ohrc_leap', 'pythonpath')
[1.559s] INFO:colcon.colcon_core.shell:Creating environment hook '/home/xingyi/ros2_orca_leap/ros2_orca_leap_ws/install/ohrc_leap/share/ohrc_leap/hook/pythonpath.ps1'
[1.560s] INFO:colcon.colcon_core.shell:Creating environment descriptor '/home/xingyi/ros2_orca_leap/ros2_orca_leap_ws/install/ohrc_leap/share/ohrc_leap/hook/pythonpath.dsv'
[1.560s] INFO:colcon.colcon_core.shell:Creating environment hook '/home/xingyi/ros2_orca_leap/ros2_orca_leap_ws/install/ohrc_leap/share/ohrc_leap/hook/pythonpath.sh'
[1.561s] Level 1:colcon.colcon_core.environment:checking '/home/xingyi/ros2_orca_leap/ros2_orca_leap_ws/install/ohrc_leap/bin'
[1.561s] Level 1:colcon.colcon_core.environment:create_environment_scripts_only(ohrc_leap)
[1.561s] INFO:colcon.colcon_core.shell:Creating package script '/home/xingyi/ros2_orca_leap/ros2_orca_leap_ws/install/ohrc_leap/share/ohrc_leap/package.ps1'
[1.561s] INFO:colcon.colcon_core.shell:Creating package descriptor '/home/xingyi/ros2_orca_leap/ros2_orca_leap_ws/install/ohrc_leap/share/ohrc_leap/package.dsv'
[1.562s] INFO:colcon.colcon_core.shell:Creating package script '/home/xingyi/ros2_orca_leap/ros2_orca_leap_ws/install/ohrc_leap/share/ohrc_leap/package.sh'
[1.562s] INFO:colcon.colcon_core.shell:Creating package script '/home/xingyi/ros2_orca_leap/ros2_orca_leap_ws/install/ohrc_leap/share/ohrc_leap/package.bash'
[1.562s] INFO:colcon.colcon_core.shell:Creating package script '/home/xingyi/ros2_orca_leap/ros2_orca_leap_ws/install/ohrc_leap/share/ohrc_leap/package.zsh'
[1.563s] Level 1:colcon.colcon_core.environment:create_file_with_runtime_dependencies(/home/xingyi/ros2_orca_leap/ros2_orca_leap_ws/install/ohrc_leap/share/colcon-core/packages/ohrc_leap)
[1.583s] Level 1:colcon.colcon_core.environment:checking '/home/xingyi/ros2_orca_leap/ros2_orca_leap_ws/install/orcahand_controller' for CMake module files
[1.584s] DEBUG:colcon.colcon_core.event_handler.log_command:Invoked command in '/home/xingyi/ros2_orca_leap/ros2_orca_leap_ws/src/orcahand_controller' returned '0': PS1=(leapc) PYTHONPATH=/home/xingyi/ros2_orca_leap/ros2_orca_leap_ws/build/orcahand_controller/prefix_override:/usr/lib/python3/dist-packages/colcon_core/task/python/colcon_distutils_commands:/home/xingyi/ros2_orca_leap/ros2_orca_leap_ws/install/orcahand_controller/lib/python3.10/site-packages:${PYTHONPATH} VIRTUAL_ENV_PROMPT=(leapc) /usr/bin/python3 -W ignore:setup.py install is deprecated -W ignore:easy_install command is deprecated setup.py egg_info --egg-base ../../build/orcahand_controller build --build-base /home/xingyi/ros2_orca_leap/ros2_orca_leap_ws/build/orcahand_controller/build install --record /home/xingyi/ros2_orca_leap/ros2_orca_leap_ws/build/orcahand_controller/install.log --single-version-externally-managed install_data
[1.585s] Level 1:colcon.colcon_core.environment:checking '/home/xingyi/ros2_orca_leap/ros2_orca_leap_ws/install/orcahand_controller' for CMake config files
[1.585s] Level 1:colcon.colcon_core.environment:checking '/home/xingyi/ros2_orca_leap/ros2_orca_leap_ws/install/orcahand_controller/lib'
[1.585s] Level 1:colcon.colcon_core.environment:checking '/home/xingyi/ros2_orca_leap/ros2_orca_leap_ws/install/orcahand_controller/bin'
[1.585s] Level 1:colcon.colcon_core.environment:checking '/home/xingyi/ros2_orca_leap/ros2_orca_leap_ws/install/orcahand_controller/lib/pkgconfig/orcahand_controller.pc'
[1.586s] Level 1:colcon.colcon_core.environment:checking '/home/xingyi/ros2_orca_leap/ros2_orca_leap_ws/install/orcahand_controller/lib/python3.10/site-packages'
[1.586s] Level 1:colcon.colcon_core.shell:create_environment_hook('orcahand_controller', 'pythonpath')
[1.586s] INFO:colcon.colcon_core.shell:Creating environment hook '/home/xingyi/ros2_orca_leap/ros2_orca_leap_ws/install/orcahand_controller/share/orcahand_controller/hook/pythonpath.ps1'
[1.586s] INFO:colcon.colcon_core.shell:Creating environment descriptor '/home/xingyi/ros2_orca_leap/ros2_orca_leap_ws/install/orcahand_controller/share/orcahand_controller/hook/pythonpath.dsv'
[1.587s] INFO:colcon.colcon_core.shell:Creating environment hook '/home/xingyi/ros2_orca_leap/ros2_orca_leap_ws/install/orcahand_controller/share/orcahand_controller/hook/pythonpath.sh'
[1.587s] Level 1:colcon.colcon_core.environment:checking '/home/xingyi/ros2_orca_leap/ros2_orca_leap_ws/install/orcahand_controller/bin'
[1.587s] Level 1:colcon.colcon_core.environment:create_environment_scripts_only(orcahand_controller)
[1.588s] INFO:colcon.colcon_core.shell:Creating package script '/home/xingyi/ros2_orca_leap/ros2_orca_leap_ws/install/orcahand_controller/share/orcahand_controller/package.ps1'
[1.588s] INFO:colcon.colcon_core.shell:Creating package descriptor '/home/xingyi/ros2_orca_leap/ros2_orca_leap_ws/install/orcahand_controller/share/orcahand_controller/package.dsv'
[1.589s] INFO:colcon.colcon_core.shell:Creating package script '/home/xingyi/ros2_orca_leap/ros2_orca_leap_ws/install/orcahand_controller/share/orcahand_controller/package.sh'
[1.589s] INFO:colcon.colcon_core.shell:Creating package script '/home/xingyi/ros2_orca_leap/ros2_orca_leap_ws/install/orcahand_controller/share/orcahand_controller/package.bash'
[1.590s] INFO:colcon.colcon_core.shell:Creating package script '/home/xingyi/ros2_orca_leap/ros2_orca_leap_ws/install/orcahand_controller/share/orcahand_controller/package.zsh'
[1.590s] Level 1:colcon.colcon_core.environment:create_file_with_runtime_dependencies(/home/xingyi/ros2_orca_leap/ros2_orca_leap_ws/install/orcahand_controller/share/colcon-core/packages/orcahand_controller)
[1.610s] DEBUG:colcon.colcon_core.event_handler.log_command:Invoking command in '/home/xingyi/ros2_orca_leap/ros2_orca_leap_ws/src/leap_node': CMAKE_PREFIX_PATH=/home/xingyi/ros2_orca_leap/ros2_orca_leap_ws/install/leap_msgs:/home/xingyi/ros2_orca_leap/ros2_orca_leap_ws/install/orcahand_description:/home/xingyi/ros2_orca_leap/ros2_orca_leap_ws/install/leap_to_orcahand PS1=(leapc) PYTHONPATH=/home/xingyi/ros2_orca_leap/ros2_orca_leap_ws/build/leap_node/prefix_override:/usr/lib/python3/dist-packages/colcon_core/task/python/colcon_distutils_commands:/home/xingyi/ros2_orca_leap/ros2_orca_leap_ws/install/leap_node/lib/python3.10/site-packages:/home/xingyi/ros2_orca_leap/ros2_orca_leap_ws/install/leap_msgs/lib/python3.10/site-packages:/home/xingyi/ros2_orca_leap/ros2_orca_leap_ws/install/orcahand_controller/lib/python3.10/site-packages:/home/xingyi/ros2_orca_leap/ros2_orca_leap_ws/install/orca_core/lib/python3.10/site-packages:/home/xingyi/ros2_orca_leap/ros2_orca_leap_ws/install/ohrc_leap/lib/python3.10/site-packages:/home/xingyi/ros2_orca_leap/ros2_orca_leap_ws/install/leap_node/lib/python3.10/site-packages:/opt/ros/humble/lib/python3.10/site-packages:/opt/ros/humble/local/lib/python3.10/dist-packages VIRTUAL_ENV_PROMPT=(leapc) /usr/bin/python3 -W ignore:setup.py install is deprecated -W ignore:easy_install command is deprecated setup.py egg_info --egg-base ../../build/leap_node build --build-base /home/xingyi/ros2_orca_leap/ros2_orca_leap_ws/build/leap_node/build install --record /home/xingyi/ros2_orca_leap/ros2_orca_leap_ws/build/leap_node/install.log --single-version-externally-managed install_data
[1.860s] Level 1:colcon.colcon_core.environment:checking '/home/xingyi/ros2_orca_leap/ros2_orca_leap_ws/install/leap_node' for CMake module files
[1.861s] DEBUG:colcon.colcon_core.event_handler.log_command:Invoked command in '/home/xingyi/ros2_orca_leap/ros2_orca_leap_ws/src/leap_node' returned '0': CMAKE_PREFIX_PATH=/home/xingyi/ros2_orca_leap/ros2_orca_leap_ws/install/leap_msgs:/home/xingyi/ros2_orca_leap/ros2_orca_leap_ws/install/orcahand_description:/home/xingyi/ros2_orca_leap/ros2_orca_leap_ws/install/leap_to_orcahand PS1=(leapc) PYTHONPATH=/home/xingyi/ros2_orca_leap/ros2_orca_leap_ws/build/leap_node/prefix_override:/usr/lib/python3/dist-packages/colcon_core/task/python/colcon_distutils_commands:/home/xingyi/ros2_orca_leap/ros2_orca_leap_ws/install/leap_node/lib/python3.10/site-packages:/home/xingyi/ros2_orca_leap/ros2_orca_leap_ws/install/leap_msgs/lib/python3.10/site-packages:/home/xingyi/ros2_orca_leap/ros2_orca_leap_ws/install/orcahand_controller/lib/python3.10/site-packages:/home/xingyi/ros2_orca_leap/ros2_orca_leap_ws/install/orca_core/lib/python3.10/site-packages:/home/xingyi/ros2_orca_leap/ros2_orca_leap_ws/install/ohrc_leap/lib/python3.10/site-packages:/home/xingyi/ros2_orca_leap/ros2_orca_leap_ws/install/leap_node/lib/python3.10/site-packages:/opt/ros/humble/lib/python3.10/site-packages:/opt/ros/humble/local/lib/python3.10/dist-packages VIRTUAL_ENV_PROMPT=(leapc) /usr/bin/python3 -W ignore:setup.py install is deprecated -W ignore:easy_install command is deprecated setup.py egg_info --egg-base ../../build/leap_node build --build-base /home/xingyi/ros2_orca_leap/ros2_orca_leap_ws/build/leap_node/build install --record /home/xingyi/ros2_orca_leap/ros2_orca_leap_ws/build/leap_node/install.log --single-version-externally-managed install_data
[1.862s] Level 1:colcon.colcon_core.environment:checking '/home/xingyi/ros2_orca_leap/ros2_orca_leap_ws/install/leap_node' for CMake config files
[1.862s] Level 1:colcon.colcon_core.environment:checking '/home/xingyi/ros2_orca_leap/ros2_orca_leap_ws/install/leap_node/lib'
[1.862s] Level 1:colcon.colcon_core.environment:checking '/home/xingyi/ros2_orca_leap/ros2_orca_leap_ws/install/leap_node/bin'
[1.863s] Level 1:colcon.colcon_core.environment:checking '/home/xingyi/ros2_orca_leap/ros2_orca_leap_ws/install/leap_node/lib/pkgconfig/leap_node.pc'
[1.863s] Level 1:colcon.colcon_core.environment:checking '/home/xingyi/ros2_orca_leap/ros2_orca_leap_ws/install/leap_node/lib/python3.10/site-packages'
[1.863s] Level 1:colcon.colcon_core.shell:create_environment_hook('leap_node', 'pythonpath')
[1.863s] INFO:colcon.colcon_core.shell:Creating environment hook '/home/xingyi/ros2_orca_leap/ros2_orca_leap_ws/install/leap_node/share/leap_node/hook/pythonpath.ps1'
[1.864s] INFO:colcon.colcon_core.shell:Creating environment descriptor '/home/xingyi/ros2_orca_leap/ros2_orca_leap_ws/install/leap_node/share/leap_node/hook/pythonpath.dsv'
[1.864s] INFO:colcon.colcon_core.shell:Creating environment hook '/home/xingyi/ros2_orca_leap/ros2_orca_leap_ws/install/leap_node/share/leap_node/hook/pythonpath.sh'
[1.865s] Level 1:colcon.colcon_core.environment:checking '/home/xingyi/ros2_orca_leap/ros2_orca_leap_ws/install/leap_node/bin'
[1.865s] Level 1:colcon.colcon_core.environment:create_environment_scripts_only(leap_node)
[1.865s] INFO:colcon.colcon_core.shell:Creating package script '/home/xingyi/ros2_orca_leap/ros2_orca_leap_ws/install/leap_node/share/leap_node/package.ps1'
[1.866s] INFO:colcon.colcon_core.shell:Creating package descriptor '/home/xingyi/ros2_orca_leap/ros2_orca_leap_ws/install/leap_node/share/leap_node/package.dsv'
[1.867s] INFO:colcon.colcon_core.shell:Creating package script '/home/xingyi/ros2_orca_leap/ros2_orca_leap_ws/install/leap_node/share/leap_node/package.sh'
[1.867s] INFO:colcon.colcon_core.shell:Creating package script '/home/xingyi/ros2_orca_leap/ros2_orca_leap_ws/install/leap_node/share/leap_node/package.bash'
[1.868s] INFO:colcon.colcon_core.shell:Creating package script '/home/xingyi/ros2_orca_leap/ros2_orca_leap_ws/install/leap_node/share/leap_node/package.zsh'
[1.868s] Level 1:colcon.colcon_core.environment:create_file_with_runtime_dependencies(/home/xingyi/ros2_orca_leap/ros2_orca_leap_ws/install/leap_node/share/colcon-core/packages/leap_node)
[1.868s] DEBUG:colcon.colcon_parallel_executor.executor.parallel:closing loop
[1.869s] DEBUG:colcon.colcon_parallel_executor.executor.parallel:loop closed
[1.869s] DEBUG:colcon.colcon_parallel_executor.executor.parallel:run_until_complete finished with '0'
[1.869s] DEBUG:colcon.colcon_core.event_reactor:joining thread
[1.876s] INFO:colcon.colcon_core.plugin_system:Skipping extension 'colcon_notification.desktop_notification.terminal_notifier': Not used on non-Darwin systems
[1.877s] INFO:colcon.colcon_core.plugin_system:Skipping extension 'colcon_notification.desktop_notification.win32': Not used on non-Windows systems
[1.877s] INFO:colcon.colcon_notification.desktop_notification:Sending desktop notification using 'notify2'
[1.887s] DEBUG:colcon.colcon_core.event_reactor:joined thread
[1.887s] INFO:colcon.colcon_core.shell:Creating prefix script '/home/xingyi/ros2_orca_leap/ros2_orca_leap_ws/install/local_setup.ps1'
[1.888s] INFO:colcon.colcon_core.shell:Creating prefix util module '/home/xingyi/ros2_orca_leap/ros2_orca_leap_ws/install/_local_setup_util_ps1.py'
[1.890s] INFO:colcon.colcon_core.shell:Creating prefix chain script '/home/xingyi/ros2_orca_leap/ros2_orca_leap_ws/install/setup.ps1'
[1.891s] INFO:colcon.colcon_core.shell:Creating prefix script '/home/xingyi/ros2_orca_leap/ros2_orca_leap_ws/install/local_setup.sh'
[1.891s] INFO:colcon.colcon_core.shell:Creating prefix util module '/home/xingyi/ros2_orca_leap/ros2_orca_leap_ws/install/_local_setup_util_sh.py'
[1.892s] INFO:colcon.colcon_core.shell:Creating prefix chain script '/home/xingyi/ros2_orca_leap/ros2_orca_leap_ws/install/setup.sh'
[1.892s] INFO:colcon.colcon_core.shell:Creating prefix script '/home/xingyi/ros2_orca_leap/ros2_orca_leap_ws/install/local_setup.bash'
[1.893s] INFO:colcon.colcon_core.shell:Creating prefix chain script '/home/xingyi/ros2_orca_leap/ros2_orca_leap_ws/install/setup.bash'
[1.894s] INFO:colcon.colcon_core.shell:Creating prefix script '/home/xingyi/ros2_orca_leap/ros2_orca_leap_ws/install/local_setup.zsh'
[1.894s] INFO:colcon.colcon_core.shell:Creating prefix chain script '/home/xingyi/ros2_orca_leap/ros2_orca_leap_ws/install/setup.zsh'
