-- The C compiler identification is GNU 11.4.0
-- The CXX compiler identification is GNU 11.4.0
-- Detecting C compiler ABI info
-- Detecting C compiler ABI info - done
-- Check for working C compiler: /usr/bin/cc - skipped
-- Detecting C compile features
-- Detecting C compile features - done
-- Detecting CXX compiler ABI info
-- Detecting CXX compiler ABI info - done
-- Check for working CXX compiler: /usr/bin/c++ - skipped
-- Detecting CXX compile features
-- Detecting CXX compile features - done
-- Found Python3: /home/xingyi/.venvs/leapc/bin/python (found version "3.10.12") found components: Interpreter Development Development.Module Development.Embed 
-- Found ament_cmake: 1.3.12 (/opt/ros/humble/share/ament_cmake/cmake)
-- Found ament_lint_auto: 0.12.14 (/opt/ros/humble/share/ament_lint_auto/cmake)
-- Added test 'flake8' to check Python code syntax and style conventions
-- Added test 'lint_cmake' to check CMake code style
-- Added test 'pep257' to check Python code against some of the docstring style conventions in PEP 257
-- Added test 'xmllint' to check XML markup files
-- Configuring done
-- Generating done
[33mCMake Warning:
  Manually-specified variables were not used by the project:

    PYTHON_EXECUTABLE

[0m
-- Build files have been written to: /home/xingyi/ros2_orca_leap/ros2_orca_leap_ws/build/leap_to_orcahand
-- Install configuration: ""
-- Installing: /home/xingyi/ros2_orca_leap/ros2_orca_leap_ws/install/leap_to_orcahand/share/leap_to_orcahand/launch
-- Installing: /home/xingyi/ros2_orca_leap/ros2_orca_leap_ws/install/leap_to_orcahand/share/leap_to_orcahand/launch/leap_orcahand.launch.py
-- Installing: /home/xingyi/ros2_orca_leap/ros2_orca_leap_ws/install/leap_to_orcahand/share/ament_index/resource_index/package_run_dependencies/leap_to_orcahand
-- Installing: /home/xingyi/ros2_orca_leap/ros2_orca_leap_ws/install/leap_to_orcahand/share/ament_index/resource_index/parent_prefix_path/leap_to_orcahand
-- Installing: /home/xingyi/ros2_orca_leap/ros2_orca_leap_ws/install/leap_to_orcahand/share/leap_to_orcahand/environment/ament_prefix_path.sh
-- Installing: /home/xingyi/ros2_orca_leap/ros2_orca_leap_ws/install/leap_to_orcahand/share/leap_to_orcahand/environment/ament_prefix_path.dsv
-- Installing: /home/xingyi/ros2_orca_leap/ros2_orca_leap_ws/install/leap_to_orcahand/share/leap_to_orcahand/environment/path.sh
-- Installing: /home/xingyi/ros2_orca_leap/ros2_orca_leap_ws/install/leap_to_orcahand/share/leap_to_orcahand/environment/path.dsv
-- Installing: /home/xingyi/ros2_orca_leap/ros2_orca_leap_ws/install/leap_to_orcahand/share/leap_to_orcahand/local_setup.bash
-- Installing: /home/xingyi/ros2_orca_leap/ros2_orca_leap_ws/install/leap_to_orcahand/share/leap_to_orcahand/local_setup.sh
-- Installing: /home/xingyi/ros2_orca_leap/ros2_orca_leap_ws/install/leap_to_orcahand/share/leap_to_orcahand/local_setup.zsh
-- Installing: /home/xingyi/ros2_orca_leap/ros2_orca_leap_ws/install/leap_to_orcahand/share/leap_to_orcahand/local_setup.dsv
-- Installing: /home/xingyi/ros2_orca_leap/ros2_orca_leap_ws/install/leap_to_orcahand/share/leap_to_orcahand/package.dsv
-- Installing: /home/xingyi/ros2_orca_leap/ros2_orca_leap_ws/install/leap_to_orcahand/share/ament_index/resource_index/packages/leap_to_orcahand
-- Installing: /home/xingyi/ros2_orca_leap/ros2_orca_leap_ws/install/leap_to_orcahand/share/leap_to_orcahand/cmake/leap_to_orcahandConfig.cmake
-- Installing: /home/xingyi/ros2_orca_leap/ros2_orca_leap_ws/install/leap_to_orcahand/share/leap_to_orcahand/cmake/leap_to_orcahandConfig-version.cmake
-- Installing: /home/xingyi/ros2_orca_leap/ros2_orca_leap_ws/install/leap_to_orcahand/share/leap_to_orcahand/package.xml
