[1.130s] Invoking command in '/home/xingyi/ros2_orca_leap/ros2_orca_leap_ws/src/ohrc_leap': PS1=(leapc) PYTHONPATH=/home/xingyi/ros2_orca_leap/ros2_orca_leap_ws/build/ohrc_leap/prefix_override:/usr/lib/python3/dist-packages/colcon_core/task/python/colcon_distutils_commands:/home/xingyi/ros2_orca_leap/ros2_orca_leap_ws/install/ohrc_leap/lib/python3.10/site-packages:${PYTHONPATH} VIRTUAL_ENV_PROMPT=(leapc) /usr/bin/python3 -W ignore:setup.py install is deprecated -W ignore:easy_install command is deprecated setup.py egg_info --egg-base ../../build/ohrc_leap build --build-base /home/xingyi/ros2_orca_leap/ros2_orca_leap_ws/build/ohrc_leap/build install --record /home/xingyi/ros2_orca_leap/ros2_orca_leap_ws/build/ohrc_leap/install.log --single-version-externally-managed install_data
[1.349s] running egg_info
[1.350s] writing ../../build/ohrc_leap/ohrc_leap.egg-info/PKG-INFO
[1.351s] writing dependency_links to ../../build/ohrc_leap/ohrc_leap.egg-info/dependency_links.txt
[1.351s] writing entry points to ../../build/ohrc_leap/ohrc_leap.egg-info/entry_points.txt
[1.351s] writing requirements to ../../build/ohrc_leap/ohrc_leap.egg-info/requires.txt
[1.351s] writing top-level names to ../../build/ohrc_leap/ohrc_leap.egg-info/top_level.txt
[1.351s] reading manifest file '../../build/ohrc_leap/ohrc_leap.egg-info/SOURCES.txt'
[1.353s] writing manifest file '../../build/ohrc_leap/ohrc_leap.egg-info/SOURCES.txt'
[1.353s] running build
[1.353s] running build_py
[1.353s] running install
[1.353s] running install_lib
[1.354s] running install_data
[1.354s] running install_egg_info
[1.357s] removing '/home/xingyi/ros2_orca_leap/ros2_orca_leap_ws/install/ohrc_leap/lib/python3.10/site-packages/ohrc_leap-0.0.0-py3.10.egg-info' (and everything under it)
[1.357s] Copying ../../build/ohrc_leap/ohrc_leap.egg-info to /home/xingyi/ros2_orca_leap/ros2_orca_leap_ws/install/ohrc_leap/lib/python3.10/site-packages/ohrc_leap-0.0.0-py3.10.egg-info
[1.358s] running install_scripts
[1.379s] Installing state_topic_publisher script to /home/xingyi/ros2_orca_leap/ros2_orca_leap_ws/install/ohrc_leap/lib/ohrc_leap
[1.379s] writing list of installed files to '/home/xingyi/ros2_orca_leap/ros2_orca_leap_ws/build/ohrc_leap/install.log'
[1.404s] Invoked command in '/home/xingyi/ros2_orca_leap/ros2_orca_leap_ws/src/ohrc_leap' returned '0': PS1=(leapc) PYTHONPATH=/home/xingyi/ros2_orca_leap/ros2_orca_leap_ws/build/ohrc_leap/prefix_override:/usr/lib/python3/dist-packages/colcon_core/task/python/colcon_distutils_commands:/home/xingyi/ros2_orca_leap/ros2_orca_leap_ws/install/ohrc_leap/lib/python3.10/site-packages:${PYTHONPATH} VIRTUAL_ENV_PROMPT=(leapc) /usr/bin/python3 -W ignore:setup.py install is deprecated -W ignore:easy_install command is deprecated setup.py egg_info --egg-base ../../build/ohrc_leap build --build-base /home/xingyi/ros2_orca_leap/ros2_orca_leap_ws/build/ohrc_leap/build install --record /home/xingyi/ros2_orca_leap/ros2_orca_leap_ws/build/ohrc_leap/install.log --single-version-externally-managed install_data
