[  1%] Built target leap_msgs__cpp
[ 12%] Built target leap_msgs__rosidl_generator_c
[ 12%] Built target ament_cmake_python_copy_leap_msgs
[ 23%] Built target leap_msgs__rosidl_typesupport_cpp
[ 34%] Built target leap_msgs__rosidl_typesupport_c
[ 46%] Built target leap_msgs__rosidl_typesupport_introspection_c
[ 57%] Built target leap_msgs__rosidl_typesupport_fastrtps_cpp
[ 68%] Built target leap_msgs__rosidl_typesupport_introspection_cpp
[ 79%] Built target leap_msgs__rosidl_typesupport_fastrtps_c
[ 79%] Built target leap_msgs
[ 80%] Built target leap_msgs__py
[ 90%] Built target leap_msgs__rosidl_generator_py
[ 93%] Built target leap_msgs__rosidl_typesupport_fastrtps_c__pyext
[100%] Built target leap_msgs__rosidl_typesupport_c__pyext
[100%] Built target leap_msgs__rosidl_typesupport_introspection_c__pyext
running egg_info
writing leap_msgs.egg-info/PKG-INFO
writing dependency_links to leap_msgs.egg-info/dependency_links.txt
writing top-level names to leap_msgs.egg-info/top_level.txt
reading manifest file 'leap_msgs.egg-info/SOURCES.txt'
writing manifest file 'leap_msgs.egg-info/SOURCES.txt'
[100%] Built target ament_cmake_python_build_leap_msgs_egg
-- Install configuration: ""
-- Up-to-date: /home/xingyi/ros2_orca_leap/ros2_orca_leap_ws/install/leap_msgs/share/ament_index/resource_index/rosidl_interfaces/leap_msgs
-- Up-to-date: /home/xingyi/ros2_orca_leap/ros2_orca_leap_ws/install/leap_msgs/include/leap_msgs/leap_msgs
-- Up-to-date: /home/xingyi/ros2_orca_leap/ros2_orca_leap_ws/install/leap_msgs/include/leap_msgs/leap_msgs/msg
-- Up-to-date: /home/xingyi/ros2_orca_leap/ros2_orca_leap_ws/install/leap_msgs/include/leap_msgs/leap_msgs/msg/hand.h
-- Up-to-date: /home/xingyi/ros2_orca_leap/ros2_orca_leap_ws/install/leap_msgs/include/leap_msgs/leap_msgs/msg/bone.h
-- Up-to-date: /home/xingyi/ros2_orca_leap/ros2_orca_leap_ws/install/leap_msgs/include/leap_msgs/leap_msgs/msg/rosidl_generator_c__visibility_control.h
-- Up-to-date: /home/xingyi/ros2_orca_leap/ros2_orca_leap_ws/install/leap_msgs/include/leap_msgs/leap_msgs/msg/detail
-- Up-to-date: /home/xingyi/ros2_orca_leap/ros2_orca_leap_ws/install/leap_msgs/include/leap_msgs/leap_msgs/msg/detail/bone__type_support.h
-- Up-to-date: /home/xingyi/ros2_orca_leap/ros2_orca_leap_ws/install/leap_msgs/include/leap_msgs/leap_msgs/msg/detail/arm__functions.h
-- Up-to-date: /home/xingyi/ros2_orca_leap/ros2_orca_leap_ws/install/leap_msgs/include/leap_msgs/leap_msgs/msg/detail/finger__type_support.h
-- Up-to-date: /home/xingyi/ros2_orca_leap/ros2_orca_leap_ws/install/leap_msgs/include/leap_msgs/leap_msgs/msg/detail/hands__functions.c
-- Up-to-date: /home/xingyi/ros2_orca_leap/ros2_orca_leap_ws/install/leap_msgs/include/leap_msgs/leap_msgs/msg/detail/bone__struct.h
-- Up-to-date: /home/xingyi/ros2_orca_leap/ros2_orca_leap_ws/install/leap_msgs/include/leap_msgs/leap_msgs/msg/detail/finger__functions.c
-- Up-to-date: /home/xingyi/ros2_orca_leap/ros2_orca_leap_ws/install/leap_msgs/include/leap_msgs/leap_msgs/msg/detail/hand__functions.c
-- Up-to-date: /home/xingyi/ros2_orca_leap/ros2_orca_leap_ws/install/leap_msgs/include/leap_msgs/leap_msgs/msg/detail/arm__struct.h
-- Up-to-date: /home/xingyi/ros2_orca_leap/ros2_orca_leap_ws/install/leap_msgs/include/leap_msgs/leap_msgs/msg/detail/finger__functions.h
-- Up-to-date: /home/xingyi/ros2_orca_leap/ros2_orca_leap_ws/install/leap_msgs/include/leap_msgs/leap_msgs/msg/detail/arm__type_support.h
-- Up-to-date: /home/xingyi/ros2_orca_leap/ros2_orca_leap_ws/install/leap_msgs/include/leap_msgs/leap_msgs/msg/detail/arm__functions.c
-- Up-to-date: /home/xingyi/ros2_orca_leap/ros2_orca_leap_ws/install/leap_msgs/include/leap_msgs/leap_msgs/msg/detail/hand__struct.h
-- Up-to-date: /home/xingyi/ros2_orca_leap/ros2_orca_leap_ws/install/leap_msgs/include/leap_msgs/leap_msgs/msg/detail/hand__functions.h
-- Up-to-date: /home/xingyi/ros2_orca_leap/ros2_orca_leap_ws/install/leap_msgs/include/leap_msgs/leap_msgs/msg/detail/hands__functions.h
-- Up-to-date: /home/xingyi/ros2_orca_leap/ros2_orca_leap_ws/install/leap_msgs/include/leap_msgs/leap_msgs/msg/detail/bone__functions.h
-- Up-to-date: /home/xingyi/ros2_orca_leap/ros2_orca_leap_ws/install/leap_msgs/include/leap_msgs/leap_msgs/msg/detail/bone__functions.c
-- Up-to-date: /home/xingyi/ros2_orca_leap/ros2_orca_leap_ws/install/leap_msgs/include/leap_msgs/leap_msgs/msg/detail/finger__struct.h
-- Up-to-date: /home/xingyi/ros2_orca_leap/ros2_orca_leap_ws/install/leap_msgs/include/leap_msgs/leap_msgs/msg/detail/hand__type_support.h
-- Up-to-date: /home/xingyi/ros2_orca_leap/ros2_orca_leap_ws/install/leap_msgs/include/leap_msgs/leap_msgs/msg/detail/hands__type_support.h
-- Up-to-date: /home/xingyi/ros2_orca_leap/ros2_orca_leap_ws/install/leap_msgs/include/leap_msgs/leap_msgs/msg/detail/hands__struct.h
-- Up-to-date: /home/xingyi/ros2_orca_leap/ros2_orca_leap_ws/install/leap_msgs/include/leap_msgs/leap_msgs/msg/finger.h
-- Up-to-date: /home/xingyi/ros2_orca_leap/ros2_orca_leap_ws/install/leap_msgs/include/leap_msgs/leap_msgs/msg/hands.h
-- Up-to-date: /home/xingyi/ros2_orca_leap/ros2_orca_leap_ws/install/leap_msgs/include/leap_msgs/leap_msgs/msg/arm.h
-- Up-to-date: /home/xingyi/ros2_orca_leap/ros2_orca_leap_ws/install/leap_msgs/share/leap_msgs/environment/library_path.sh
-- Up-to-date: /home/xingyi/ros2_orca_leap/ros2_orca_leap_ws/install/leap_msgs/share/leap_msgs/environment/library_path.dsv
-- Up-to-date: /home/xingyi/ros2_orca_leap/ros2_orca_leap_ws/install/leap_msgs/lib/libleap_msgs__rosidl_generator_c.so
-- Up-to-date: /home/xingyi/ros2_orca_leap/ros2_orca_leap_ws/install/leap_msgs/include/leap_msgs/leap_msgs
-- Up-to-date: /home/xingyi/ros2_orca_leap/ros2_orca_leap_ws/install/leap_msgs/include/leap_msgs/leap_msgs/msg
-- Up-to-date: /home/xingyi/ros2_orca_leap/ros2_orca_leap_ws/install/leap_msgs/include/leap_msgs/leap_msgs/msg/rosidl_typesupport_fastrtps_c__visibility_control.h
-- Up-to-date: /home/xingyi/ros2_orca_leap/ros2_orca_leap_ws/install/leap_msgs/include/leap_msgs/leap_msgs/msg/detail
-- Up-to-date: /home/xingyi/ros2_orca_leap/ros2_orca_leap_ws/install/leap_msgs/include/leap_msgs/leap_msgs/msg/detail/hands__rosidl_typesupport_fastrtps_c.h
-- Up-to-date: /home/xingyi/ros2_orca_leap/ros2_orca_leap_ws/install/leap_msgs/include/leap_msgs/leap_msgs/msg/detail/finger__rosidl_typesupport_fastrtps_c.h
-- Up-to-date: /home/xingyi/ros2_orca_leap/ros2_orca_leap_ws/install/leap_msgs/include/leap_msgs/leap_msgs/msg/detail/arm__rosidl_typesupport_fastrtps_c.h
-- Up-to-date: /home/xingyi/ros2_orca_leap/ros2_orca_leap_ws/install/leap_msgs/include/leap_msgs/leap_msgs/msg/detail/hand__rosidl_typesupport_fastrtps_c.h
-- Up-to-date: /home/xingyi/ros2_orca_leap/ros2_orca_leap_ws/install/leap_msgs/include/leap_msgs/leap_msgs/msg/detail/bone__rosidl_typesupport_fastrtps_c.h
-- Up-to-date: /home/xingyi/ros2_orca_leap/ros2_orca_leap_ws/install/leap_msgs/lib/libleap_msgs__rosidl_typesupport_fastrtps_c.so
-- Up-to-date: /home/xingyi/ros2_orca_leap/ros2_orca_leap_ws/install/leap_msgs/include/leap_msgs/leap_msgs
-- Up-to-date: /home/xingyi/ros2_orca_leap/ros2_orca_leap_ws/install/leap_msgs/include/leap_msgs/leap_msgs/msg
-- Up-to-date: /home/xingyi/ros2_orca_leap/ros2_orca_leap_ws/install/leap_msgs/include/leap_msgs/leap_msgs/msg/rosidl_typesupport_introspection_c__visibility_control.h
-- Up-to-date: /home/xingyi/ros2_orca_leap/ros2_orca_leap_ws/install/leap_msgs/include/leap_msgs/leap_msgs/msg/detail
-- Up-to-date: /home/xingyi/ros2_orca_leap/ros2_orca_leap_ws/install/leap_msgs/include/leap_msgs/leap_msgs/msg/detail/finger__rosidl_typesupport_introspection_c.h
-- Up-to-date: /home/xingyi/ros2_orca_leap/ros2_orca_leap_ws/install/leap_msgs/include/leap_msgs/leap_msgs/msg/detail/bone__rosidl_typesupport_introspection_c.h
-- Up-to-date: /home/xingyi/ros2_orca_leap/ros2_orca_leap_ws/install/leap_msgs/include/leap_msgs/leap_msgs/msg/detail/hand__rosidl_typesupport_introspection_c.h
-- Up-to-date: /home/xingyi/ros2_orca_leap/ros2_orca_leap_ws/install/leap_msgs/include/leap_msgs/leap_msgs/msg/detail/hands__type_support.c
-- Up-to-date: /home/xingyi/ros2_orca_leap/ros2_orca_leap_ws/install/leap_msgs/include/leap_msgs/leap_msgs/msg/detail/bone__type_support.c
-- Up-to-date: /home/xingyi/ros2_orca_leap/ros2_orca_leap_ws/install/leap_msgs/include/leap_msgs/leap_msgs/msg/detail/hand__type_support.c
-- Up-to-date: /home/xingyi/ros2_orca_leap/ros2_orca_leap_ws/install/leap_msgs/include/leap_msgs/leap_msgs/msg/detail/hands__rosidl_typesupport_introspection_c.h
-- Up-to-date: /home/xingyi/ros2_orca_leap/ros2_orca_leap_ws/install/leap_msgs/include/leap_msgs/leap_msgs/msg/detail/arm__type_support.c
-- Up-to-date: /home/xingyi/ros2_orca_leap/ros2_orca_leap_ws/install/leap_msgs/include/leap_msgs/leap_msgs/msg/detail/finger__type_support.c
-- Up-to-date: /home/xingyi/ros2_orca_leap/ros2_orca_leap_ws/install/leap_msgs/include/leap_msgs/leap_msgs/msg/detail/arm__rosidl_typesupport_introspection_c.h
-- Up-to-date: /home/xingyi/ros2_orca_leap/ros2_orca_leap_ws/install/leap_msgs/lib/libleap_msgs__rosidl_typesupport_introspection_c.so
-- Up-to-date: /home/xingyi/ros2_orca_leap/ros2_orca_leap_ws/install/leap_msgs/lib/libleap_msgs__rosidl_typesupport_c.so
-- Up-to-date: /home/xingyi/ros2_orca_leap/ros2_orca_leap_ws/install/leap_msgs/include/leap_msgs/leap_msgs
-- Up-to-date: /home/xingyi/ros2_orca_leap/ros2_orca_leap_ws/install/leap_msgs/include/leap_msgs/leap_msgs/msg
-- Up-to-date: /home/xingyi/ros2_orca_leap/ros2_orca_leap_ws/install/leap_msgs/include/leap_msgs/leap_msgs/msg/hand.hpp
-- Up-to-date: /home/xingyi/ros2_orca_leap/ros2_orca_leap_ws/install/leap_msgs/include/leap_msgs/leap_msgs/msg/hands.hpp
-- Up-to-date: /home/xingyi/ros2_orca_leap/ros2_orca_leap_ws/install/leap_msgs/include/leap_msgs/leap_msgs/msg/rosidl_generator_cpp__visibility_control.hpp
-- Up-to-date: /home/xingyi/ros2_orca_leap/ros2_orca_leap_ws/install/leap_msgs/include/leap_msgs/leap_msgs/msg/detail
-- Up-to-date: /home/xingyi/ros2_orca_leap/ros2_orca_leap_ws/install/leap_msgs/include/leap_msgs/leap_msgs/msg/detail/arm__builder.hpp
-- Up-to-date: /home/xingyi/ros2_orca_leap/ros2_orca_leap_ws/install/leap_msgs/include/leap_msgs/leap_msgs/msg/detail/finger__struct.hpp
-- Up-to-date: /home/xingyi/ros2_orca_leap/ros2_orca_leap_ws/install/leap_msgs/include/leap_msgs/leap_msgs/msg/detail/hand__type_support.hpp
-- Up-to-date: /home/xingyi/ros2_orca_leap/ros2_orca_leap_ws/install/leap_msgs/include/leap_msgs/leap_msgs/msg/detail/hands__type_support.hpp
-- Up-to-date: /home/xingyi/ros2_orca_leap/ros2_orca_leap_ws/install/leap_msgs/include/leap_msgs/leap_msgs/msg/detail/hands__builder.hpp
-- Up-to-date: /home/xingyi/ros2_orca_leap/ros2_orca_leap_ws/install/leap_msgs/include/leap_msgs/leap_msgs/msg/detail/hands__struct.hpp
-- Up-to-date: /home/xingyi/ros2_orca_leap/ros2_orca_leap_ws/install/leap_msgs/include/leap_msgs/leap_msgs/msg/detail/finger__builder.hpp
-- Up-to-date: /home/xingyi/ros2_orca_leap/ros2_orca_leap_ws/install/leap_msgs/include/leap_msgs/leap_msgs/msg/detail/bone__traits.hpp
-- Up-to-date: /home/xingyi/ros2_orca_leap/ros2_orca_leap_ws/install/leap_msgs/include/leap_msgs/leap_msgs/msg/detail/hands__traits.hpp
-- Up-to-date: /home/xingyi/ros2_orca_leap/ros2_orca_leap_ws/install/leap_msgs/include/leap_msgs/leap_msgs/msg/detail/finger__traits.hpp
-- Up-to-date: /home/xingyi/ros2_orca_leap/ros2_orca_leap_ws/install/leap_msgs/include/leap_msgs/leap_msgs/msg/detail/bone__type_support.hpp
-- Up-to-date: /home/xingyi/ros2_orca_leap/ros2_orca_leap_ws/install/leap_msgs/include/leap_msgs/leap_msgs/msg/detail/finger__type_support.hpp
-- Up-to-date: /home/xingyi/ros2_orca_leap/ros2_orca_leap_ws/install/leap_msgs/include/leap_msgs/leap_msgs/msg/detail/bone__builder.hpp
-- Up-to-date: /home/xingyi/ros2_orca_leap/ros2_orca_leap_ws/install/leap_msgs/include/leap_msgs/leap_msgs/msg/detail/arm__traits.hpp
-- Up-to-date: /home/xingyi/ros2_orca_leap/ros2_orca_leap_ws/install/leap_msgs/include/leap_msgs/leap_msgs/msg/detail/hand__traits.hpp
-- Up-to-date: /home/xingyi/ros2_orca_leap/ros2_orca_leap_ws/install/leap_msgs/include/leap_msgs/leap_msgs/msg/detail/hand__builder.hpp
-- Up-to-date: /home/xingyi/ros2_orca_leap/ros2_orca_leap_ws/install/leap_msgs/include/leap_msgs/leap_msgs/msg/detail/arm__type_support.hpp
-- Up-to-date: /home/xingyi/ros2_orca_leap/ros2_orca_leap_ws/install/leap_msgs/include/leap_msgs/leap_msgs/msg/detail/hand__struct.hpp
-- Up-to-date: /home/xingyi/ros2_orca_leap/ros2_orca_leap_ws/install/leap_msgs/include/leap_msgs/leap_msgs/msg/detail/bone__struct.hpp
-- Up-to-date: /home/xingyi/ros2_orca_leap/ros2_orca_leap_ws/install/leap_msgs/include/leap_msgs/leap_msgs/msg/detail/arm__struct.hpp
-- Up-to-date: /home/xingyi/ros2_orca_leap/ros2_orca_leap_ws/install/leap_msgs/include/leap_msgs/leap_msgs/msg/finger.hpp
-- Up-to-date: /home/xingyi/ros2_orca_leap/ros2_orca_leap_ws/install/leap_msgs/include/leap_msgs/leap_msgs/msg/arm.hpp
-- Up-to-date: /home/xingyi/ros2_orca_leap/ros2_orca_leap_ws/install/leap_msgs/include/leap_msgs/leap_msgs/msg/bone.hpp
-- Up-to-date: /home/xingyi/ros2_orca_leap/ros2_orca_leap_ws/install/leap_msgs/include/leap_msgs/leap_msgs
-- Up-to-date: /home/xingyi/ros2_orca_leap/ros2_orca_leap_ws/install/leap_msgs/include/leap_msgs/leap_msgs/msg
-- Up-to-date: /home/xingyi/ros2_orca_leap/ros2_orca_leap_ws/install/leap_msgs/include/leap_msgs/leap_msgs/msg/rosidl_typesupport_fastrtps_cpp__visibility_control.h
-- Up-to-date: /home/xingyi/ros2_orca_leap/ros2_orca_leap_ws/install/leap_msgs/include/leap_msgs/leap_msgs/msg/detail
-- Up-to-date: /home/xingyi/ros2_orca_leap/ros2_orca_leap_ws/install/leap_msgs/include/leap_msgs/leap_msgs/msg/detail/dds_fastrtps
-- Up-to-date: /home/xingyi/ros2_orca_leap/ros2_orca_leap_ws/install/leap_msgs/include/leap_msgs/leap_msgs/msg/detail/hand__rosidl_typesupport_fastrtps_cpp.hpp
-- Up-to-date: /home/xingyi/ros2_orca_leap/ros2_orca_leap_ws/install/leap_msgs/include/leap_msgs/leap_msgs/msg/detail/bone__rosidl_typesupport_fastrtps_cpp.hpp
-- Up-to-date: /home/xingyi/ros2_orca_leap/ros2_orca_leap_ws/install/leap_msgs/include/leap_msgs/leap_msgs/msg/detail/finger__rosidl_typesupport_fastrtps_cpp.hpp
-- Up-to-date: /home/xingyi/ros2_orca_leap/ros2_orca_leap_ws/install/leap_msgs/include/leap_msgs/leap_msgs/msg/detail/hands__rosidl_typesupport_fastrtps_cpp.hpp
-- Up-to-date: /home/xingyi/ros2_orca_leap/ros2_orca_leap_ws/install/leap_msgs/include/leap_msgs/leap_msgs/msg/detail/arm__rosidl_typesupport_fastrtps_cpp.hpp
-- Up-to-date: /home/xingyi/ros2_orca_leap/ros2_orca_leap_ws/install/leap_msgs/lib/libleap_msgs__rosidl_typesupport_fastrtps_cpp.so
-- Up-to-date: /home/xingyi/ros2_orca_leap/ros2_orca_leap_ws/install/leap_msgs/include/leap_msgs/leap_msgs
-- Up-to-date: /home/xingyi/ros2_orca_leap/ros2_orca_leap_ws/install/leap_msgs/include/leap_msgs/leap_msgs/msg
-- Up-to-date: /home/xingyi/ros2_orca_leap/ros2_orca_leap_ws/install/leap_msgs/include/leap_msgs/leap_msgs/msg/detail
-- Up-to-date: /home/xingyi/ros2_orca_leap/ros2_orca_leap_ws/install/leap_msgs/include/leap_msgs/leap_msgs/msg/detail/bone__rosidl_typesupport_introspection_cpp.hpp
-- Up-to-date: /home/xingyi/ros2_orca_leap/ros2_orca_leap_ws/install/leap_msgs/include/leap_msgs/leap_msgs/msg/detail/finger__rosidl_typesupport_introspection_cpp.hpp
-- Up-to-date: /home/xingyi/ros2_orca_leap/ros2_orca_leap_ws/install/leap_msgs/include/leap_msgs/leap_msgs/msg/detail/finger__type_support.cpp
-- Up-to-date: /home/xingyi/ros2_orca_leap/ros2_orca_leap_ws/install/leap_msgs/include/leap_msgs/leap_msgs/msg/detail/bone__type_support.cpp
-- Up-to-date: /home/xingyi/ros2_orca_leap/ros2_orca_leap_ws/install/leap_msgs/include/leap_msgs/leap_msgs/msg/detail/hand__rosidl_typesupport_introspection_cpp.hpp
-- Up-to-date: /home/xingyi/ros2_orca_leap/ros2_orca_leap_ws/install/leap_msgs/include/leap_msgs/leap_msgs/msg/detail/hands__type_support.cpp
-- Up-to-date: /home/xingyi/ros2_orca_leap/ros2_orca_leap_ws/install/leap_msgs/include/leap_msgs/leap_msgs/msg/detail/arm__rosidl_typesupport_introspection_cpp.hpp
-- Up-to-date: /home/xingyi/ros2_orca_leap/ros2_orca_leap_ws/install/leap_msgs/include/leap_msgs/leap_msgs/msg/detail/arm__type_support.cpp
-- Up-to-date: /home/xingyi/ros2_orca_leap/ros2_orca_leap_ws/install/leap_msgs/include/leap_msgs/leap_msgs/msg/detail/hands__rosidl_typesupport_introspection_cpp.hpp
-- Up-to-date: /home/xingyi/ros2_orca_leap/ros2_orca_leap_ws/install/leap_msgs/include/leap_msgs/leap_msgs/msg/detail/hand__type_support.cpp
-- Up-to-date: /home/xingyi/ros2_orca_leap/ros2_orca_leap_ws/install/leap_msgs/lib/libleap_msgs__rosidl_typesupport_introspection_cpp.so
-- Up-to-date: /home/xingyi/ros2_orca_leap/ros2_orca_leap_ws/install/leap_msgs/lib/libleap_msgs__rosidl_typesupport_cpp.so
-- Up-to-date: /home/xingyi/ros2_orca_leap/ros2_orca_leap_ws/install/leap_msgs/share/leap_msgs/environment/pythonpath.sh
-- Up-to-date: /home/xingyi/ros2_orca_leap/ros2_orca_leap_ws/install/leap_msgs/share/leap_msgs/environment/pythonpath.dsv
-- Up-to-date: /home/xingyi/ros2_orca_leap/ros2_orca_leap_ws/install/leap_msgs/lib/python3.10/site-packages/leap_msgs-0.1.0-py3.10.egg-info
-- Installing: /home/xingyi/ros2_orca_leap/ros2_orca_leap_ws/install/leap_msgs/lib/python3.10/site-packages/leap_msgs-0.1.0-py3.10.egg-info/dependency_links.txt
-- Installing: /home/xingyi/ros2_orca_leap/ros2_orca_leap_ws/install/leap_msgs/lib/python3.10/site-packages/leap_msgs-0.1.0-py3.10.egg-info/top_level.txt
-- Installing: /home/xingyi/ros2_orca_leap/ros2_orca_leap_ws/install/leap_msgs/lib/python3.10/site-packages/leap_msgs-0.1.0-py3.10.egg-info/SOURCES.txt
-- Installing: /home/xingyi/ros2_orca_leap/ros2_orca_leap_ws/install/leap_msgs/lib/python3.10/site-packages/leap_msgs-0.1.0-py3.10.egg-info/PKG-INFO
-- Up-to-date: /home/xingyi/ros2_orca_leap/ros2_orca_leap_ws/install/leap_msgs/lib/python3.10/site-packages/leap_msgs
-- Up-to-date: /home/xingyi/ros2_orca_leap/ros2_orca_leap_ws/install/leap_msgs/lib/python3.10/site-packages/leap_msgs/leap_msgs_s__rosidl_typesupport_fastrtps_c.cpython-310-x86_64-linux-gnu.so
-- Up-to-date: /home/xingyi/ros2_orca_leap/ros2_orca_leap_ws/install/leap_msgs/lib/python3.10/site-packages/leap_msgs/leap_msgs_s__rosidl_typesupport_introspection_c.cpython-310-x86_64-linux-gnu.so
-- Up-to-date: /home/xingyi/ros2_orca_leap/ros2_orca_leap_ws/install/leap_msgs/lib/python3.10/site-packages/leap_msgs/__init__.py
-- Up-to-date: /home/xingyi/ros2_orca_leap/ros2_orca_leap_ws/install/leap_msgs/lib/python3.10/site-packages/leap_msgs/_leap_msgs_s.ep.rosidl_typesupport_c.c
-- Up-to-date: /home/xingyi/ros2_orca_leap/ros2_orca_leap_ws/install/leap_msgs/lib/python3.10/site-packages/leap_msgs/libleap_msgs__rosidl_generator_py.so
-- Up-to-date: /home/xingyi/ros2_orca_leap/ros2_orca_leap_ws/install/leap_msgs/lib/python3.10/site-packages/leap_msgs/msg
-- Up-to-date: /home/xingyi/ros2_orca_leap/ros2_orca_leap_ws/install/leap_msgs/lib/python3.10/site-packages/leap_msgs/msg/_arm.py
-- Up-to-date: /home/xingyi/ros2_orca_leap/ros2_orca_leap_ws/install/leap_msgs/lib/python3.10/site-packages/leap_msgs/msg/_hands_s.c
-- Up-to-date: /home/xingyi/ros2_orca_leap/ros2_orca_leap_ws/install/leap_msgs/lib/python3.10/site-packages/leap_msgs/msg/_bone.py
-- Up-to-date: /home/xingyi/ros2_orca_leap/ros2_orca_leap_ws/install/leap_msgs/lib/python3.10/site-packages/leap_msgs/msg/_finger_s.c
-- Up-to-date: /home/xingyi/ros2_orca_leap/ros2_orca_leap_ws/install/leap_msgs/lib/python3.10/site-packages/leap_msgs/msg/_bone_s.c
-- Up-to-date: /home/xingyi/ros2_orca_leap/ros2_orca_leap_ws/install/leap_msgs/lib/python3.10/site-packages/leap_msgs/msg/_finger.py
-- Up-to-date: /home/xingyi/ros2_orca_leap/ros2_orca_leap_ws/install/leap_msgs/lib/python3.10/site-packages/leap_msgs/msg/__init__.py
-- Up-to-date: /home/xingyi/ros2_orca_leap/ros2_orca_leap_ws/install/leap_msgs/lib/python3.10/site-packages/leap_msgs/msg/_arm_s.c
-- Up-to-date: /home/xingyi/ros2_orca_leap/ros2_orca_leap_ws/install/leap_msgs/lib/python3.10/site-packages/leap_msgs/msg/_hand_s.c
-- Up-to-date: /home/xingyi/ros2_orca_leap/ros2_orca_leap_ws/install/leap_msgs/lib/python3.10/site-packages/leap_msgs/msg/_hand.py
-- Up-to-date: /home/xingyi/ros2_orca_leap/ros2_orca_leap_ws/install/leap_msgs/lib/python3.10/site-packages/leap_msgs/msg/_hands.py
-- Up-to-date: /home/xingyi/ros2_orca_leap/ros2_orca_leap_ws/install/leap_msgs/lib/python3.10/site-packages/leap_msgs/_leap_msgs_s.ep.rosidl_typesupport_fastrtps_c.c
-- Up-to-date: /home/xingyi/ros2_orca_leap/ros2_orca_leap_ws/install/leap_msgs/lib/python3.10/site-packages/leap_msgs/_leap_msgs_s.ep.rosidl_typesupport_introspection_c.c
-- Up-to-date: /home/xingyi/ros2_orca_leap/ros2_orca_leap_ws/install/leap_msgs/lib/python3.10/site-packages/leap_msgs/leap_msgs_s__rosidl_typesupport_c.cpython-310-x86_64-linux-gnu.so
Listing '/home/xingyi/ros2_orca_leap/ros2_orca_leap_ws/install/leap_msgs/lib/python3.10/site-packages/leap_msgs'...
Listing '/home/xingyi/ros2_orca_leap/ros2_orca_leap_ws/install/leap_msgs/lib/python3.10/site-packages/leap_msgs/msg'...
-- Up-to-date: /home/xingyi/ros2_orca_leap/ros2_orca_leap_ws/install/leap_msgs/lib/python3.10/site-packages/leap_msgs/leap_msgs_s__rosidl_typesupport_fastrtps_c.cpython-310-x86_64-linux-gnu.so
-- Up-to-date: /home/xingyi/ros2_orca_leap/ros2_orca_leap_ws/install/leap_msgs/lib/python3.10/site-packages/leap_msgs/leap_msgs_s__rosidl_typesupport_introspection_c.cpython-310-x86_64-linux-gnu.so
-- Up-to-date: /home/xingyi/ros2_orca_leap/ros2_orca_leap_ws/install/leap_msgs/lib/python3.10/site-packages/leap_msgs/leap_msgs_s__rosidl_typesupport_c.cpython-310-x86_64-linux-gnu.so
-- Up-to-date: /home/xingyi/ros2_orca_leap/ros2_orca_leap_ws/install/leap_msgs/lib/libleap_msgs__rosidl_generator_py.so
-- Up-to-date: /home/xingyi/ros2_orca_leap/ros2_orca_leap_ws/install/leap_msgs/share/leap_msgs/msg/Hand.idl
-- Up-to-date: /home/xingyi/ros2_orca_leap/ros2_orca_leap_ws/install/leap_msgs/share/leap_msgs/msg/Hands.idl
-- Up-to-date: /home/xingyi/ros2_orca_leap/ros2_orca_leap_ws/install/leap_msgs/share/leap_msgs/msg/Finger.idl
-- Up-to-date: /home/xingyi/ros2_orca_leap/ros2_orca_leap_ws/install/leap_msgs/share/leap_msgs/msg/Arm.idl
-- Up-to-date: /home/xingyi/ros2_orca_leap/ros2_orca_leap_ws/install/leap_msgs/share/leap_msgs/msg/Bone.idl
-- Up-to-date: /home/xingyi/ros2_orca_leap/ros2_orca_leap_ws/install/leap_msgs/share/leap_msgs/msg/Hand.msg
-- Up-to-date: /home/xingyi/ros2_orca_leap/ros2_orca_leap_ws/install/leap_msgs/share/leap_msgs/msg/Hands.msg
-- Up-to-date: /home/xingyi/ros2_orca_leap/ros2_orca_leap_ws/install/leap_msgs/share/leap_msgs/msg/Finger.msg
-- Up-to-date: /home/xingyi/ros2_orca_leap/ros2_orca_leap_ws/install/leap_msgs/share/leap_msgs/msg/Arm.msg
-- Up-to-date: /home/xingyi/ros2_orca_leap/ros2_orca_leap_ws/install/leap_msgs/share/leap_msgs/msg/Bone.msg
-- Up-to-date: /home/xingyi/ros2_orca_leap/ros2_orca_leap_ws/install/leap_msgs/share/ament_index/resource_index/package_run_dependencies/leap_msgs
-- Up-to-date: /home/xingyi/ros2_orca_leap/ros2_orca_leap_ws/install/leap_msgs/share/ament_index/resource_index/parent_prefix_path/leap_msgs
-- Up-to-date: /home/xingyi/ros2_orca_leap/ros2_orca_leap_ws/install/leap_msgs/share/leap_msgs/environment/ament_prefix_path.sh
-- Up-to-date: /home/xingyi/ros2_orca_leap/ros2_orca_leap_ws/install/leap_msgs/share/leap_msgs/environment/ament_prefix_path.dsv
-- Up-to-date: /home/xingyi/ros2_orca_leap/ros2_orca_leap_ws/install/leap_msgs/share/leap_msgs/environment/path.sh
-- Up-to-date: /home/xingyi/ros2_orca_leap/ros2_orca_leap_ws/install/leap_msgs/share/leap_msgs/environment/path.dsv
-- Up-to-date: /home/xingyi/ros2_orca_leap/ros2_orca_leap_ws/install/leap_msgs/share/leap_msgs/local_setup.bash
-- Up-to-date: /home/xingyi/ros2_orca_leap/ros2_orca_leap_ws/install/leap_msgs/share/leap_msgs/local_setup.sh
-- Up-to-date: /home/xingyi/ros2_orca_leap/ros2_orca_leap_ws/install/leap_msgs/share/leap_msgs/local_setup.zsh
-- Up-to-date: /home/xingyi/ros2_orca_leap/ros2_orca_leap_ws/install/leap_msgs/share/leap_msgs/local_setup.dsv
-- Installing: /home/xingyi/ros2_orca_leap/ros2_orca_leap_ws/install/leap_msgs/share/leap_msgs/package.dsv
-- Up-to-date: /home/xingyi/ros2_orca_leap/ros2_orca_leap_ws/install/leap_msgs/share/ament_index/resource_index/packages/leap_msgs
-- Up-to-date: /home/xingyi/ros2_orca_leap/ros2_orca_leap_ws/install/leap_msgs/share/leap_msgs/cmake/export_leap_msgs__rosidl_generator_cExport.cmake
-- Up-to-date: /home/xingyi/ros2_orca_leap/ros2_orca_leap_ws/install/leap_msgs/share/leap_msgs/cmake/export_leap_msgs__rosidl_generator_cExport-noconfig.cmake
-- Up-to-date: /home/xingyi/ros2_orca_leap/ros2_orca_leap_ws/install/leap_msgs/share/leap_msgs/cmake/export_leap_msgs__rosidl_typesupport_fastrtps_cExport.cmake
-- Up-to-date: /home/xingyi/ros2_orca_leap/ros2_orca_leap_ws/install/leap_msgs/share/leap_msgs/cmake/export_leap_msgs__rosidl_typesupport_fastrtps_cExport-noconfig.cmake
-- Up-to-date: /home/xingyi/ros2_orca_leap/ros2_orca_leap_ws/install/leap_msgs/share/leap_msgs/cmake/leap_msgs__rosidl_typesupport_introspection_cExport.cmake
-- Up-to-date: /home/xingyi/ros2_orca_leap/ros2_orca_leap_ws/install/leap_msgs/share/leap_msgs/cmake/leap_msgs__rosidl_typesupport_introspection_cExport-noconfig.cmake
-- Up-to-date: /home/xingyi/ros2_orca_leap/ros2_orca_leap_ws/install/leap_msgs/share/leap_msgs/cmake/leap_msgs__rosidl_typesupport_cExport.cmake
-- Up-to-date: /home/xingyi/ros2_orca_leap/ros2_orca_leap_ws/install/leap_msgs/share/leap_msgs/cmake/leap_msgs__rosidl_typesupport_cExport-noconfig.cmake
-- Up-to-date: /home/xingyi/ros2_orca_leap/ros2_orca_leap_ws/install/leap_msgs/share/leap_msgs/cmake/export_leap_msgs__rosidl_generator_cppExport.cmake
-- Up-to-date: /home/xingyi/ros2_orca_leap/ros2_orca_leap_ws/install/leap_msgs/share/leap_msgs/cmake/export_leap_msgs__rosidl_typesupport_fastrtps_cppExport.cmake
-- Up-to-date: /home/xingyi/ros2_orca_leap/ros2_orca_leap_ws/install/leap_msgs/share/leap_msgs/cmake/export_leap_msgs__rosidl_typesupport_fastrtps_cppExport-noconfig.cmake
-- Up-to-date: /home/xingyi/ros2_orca_leap/ros2_orca_leap_ws/install/leap_msgs/share/leap_msgs/cmake/leap_msgs__rosidl_typesupport_introspection_cppExport.cmake
-- Up-to-date: /home/xingyi/ros2_orca_leap/ros2_orca_leap_ws/install/leap_msgs/share/leap_msgs/cmake/leap_msgs__rosidl_typesupport_introspection_cppExport-noconfig.cmake
-- Up-to-date: /home/xingyi/ros2_orca_leap/ros2_orca_leap_ws/install/leap_msgs/share/leap_msgs/cmake/leap_msgs__rosidl_typesupport_cppExport.cmake
-- Up-to-date: /home/xingyi/ros2_orca_leap/ros2_orca_leap_ws/install/leap_msgs/share/leap_msgs/cmake/leap_msgs__rosidl_typesupport_cppExport-noconfig.cmake
-- Up-to-date: /home/xingyi/ros2_orca_leap/ros2_orca_leap_ws/install/leap_msgs/share/leap_msgs/cmake/export_leap_msgs__rosidl_generator_pyExport.cmake
-- Up-to-date: /home/xingyi/ros2_orca_leap/ros2_orca_leap_ws/install/leap_msgs/share/leap_msgs/cmake/export_leap_msgs__rosidl_generator_pyExport-noconfig.cmake
-- Up-to-date: /home/xingyi/ros2_orca_leap/ros2_orca_leap_ws/install/leap_msgs/share/leap_msgs/cmake/rosidl_cmake-extras.cmake
-- Up-to-date: /home/xingyi/ros2_orca_leap/ros2_orca_leap_ws/install/leap_msgs/share/leap_msgs/cmake/ament_cmake_export_dependencies-extras.cmake
-- Up-to-date: /home/xingyi/ros2_orca_leap/ros2_orca_leap_ws/install/leap_msgs/share/leap_msgs/cmake/ament_cmake_export_include_directories-extras.cmake
-- Up-to-date: /home/xingyi/ros2_orca_leap/ros2_orca_leap_ws/install/leap_msgs/share/leap_msgs/cmake/ament_cmake_export_libraries-extras.cmake
-- Up-to-date: /home/xingyi/ros2_orca_leap/ros2_orca_leap_ws/install/leap_msgs/share/leap_msgs/cmake/ament_cmake_export_targets-extras.cmake
-- Up-to-date: /home/xingyi/ros2_orca_leap/ros2_orca_leap_ws/install/leap_msgs/share/leap_msgs/cmake/rosidl_cmake_export_typesupport_targets-extras.cmake
-- Up-to-date: /home/xingyi/ros2_orca_leap/ros2_orca_leap_ws/install/leap_msgs/share/leap_msgs/cmake/rosidl_cmake_export_typesupport_libraries-extras.cmake
-- Up-to-date: /home/xingyi/ros2_orca_leap/ros2_orca_leap_ws/install/leap_msgs/share/leap_msgs/cmake/leap_msgsConfig.cmake
-- Up-to-date: /home/xingyi/ros2_orca_leap/ros2_orca_leap_ws/install/leap_msgs/share/leap_msgs/cmake/leap_msgsConfig-version.cmake
-- Up-to-date: /home/xingyi/ros2_orca_leap/ros2_orca_leap_ws/install/leap_msgs/share/leap_msgs/package.xml
