[0.289s] Invoking command in '/home/xingyi/ros2_orca_leap/ros2_orca_leap_ws/src/leap_node': AMENT_PREFIX_PATH=/home/xingyi/ros2_orca_leap/ros2_orca_leap_ws/install/leap_msgs:${AMENT_PREFIX_PATH} CMAKE_PREFIX_PATH=/home/xingyi/ros2_orca_leap/ros2_orca_leap_ws/install/leap_msgs LD_LIBRARY_PATH=/home/xingyi/ros2_orca_leap/ros2_orca_leap_ws/install/leap_msgs/lib:${LD_LIBRARY_PATH} PS1=(leapc) PYTHONPATH=/home/xingyi/ros2_orca_leap/ros2_orca_leap_ws/build/leap_node/prefix_override:/usr/lib/python3/dist-packages/colcon_core/task/python/colcon_distutils_commands:/home/xingyi/ros2_orca_leap/ros2_orca_leap_ws/install/leap_node/lib/python3.10/site-packages:/home/xingyi/ros2_orca_leap/ros2_orca_leap_ws/install/leap_msgs/lib/python3.10/site-packages:${PYTHONPATH} VIRTUAL_ENV_PROMPT=(leapc) /usr/bin/python3 -W ignore:setup.py install is deprecated -W ignore:easy_install command is deprecated setup.py egg_info --egg-base ../../build/leap_node build --build-base /home/xingyi/ros2_orca_leap/ros2_orca_leap_ws/build/leap_node/build install --record /home/xingyi/ros2_orca_leap/ros2_orca_leap_ws/build/leap_node/install.log --single-version-externally-managed install_data
[0.391s] running egg_info
[0.391s] writing ../../build/leap_node/leap_node.egg-info/PKG-INFO
[0.391s] writing dependency_links to ../../build/leap_node/leap_node.egg-info/dependency_links.txt
[0.391s] writing entry points to ../../build/leap_node/leap_node.egg-info/entry_points.txt
[0.391s] writing requirements to ../../build/leap_node/leap_node.egg-info/requires.txt
[0.391s] writing top-level names to ../../build/leap_node/leap_node.egg-info/top_level.txt
[0.392s] reading manifest file '../../build/leap_node/leap_node.egg-info/SOURCES.txt'
[0.392s] writing manifest file '../../build/leap_node/leap_node.egg-info/SOURCES.txt'
[0.392s] running build
[0.392s] running build_py
[0.393s] running install
[0.393s] running install_lib
[0.393s] running install_data
[0.393s] running install_egg_info
[0.394s] removing '/home/xingyi/ros2_orca_leap/ros2_orca_leap_ws/install/leap_node/lib/python3.10/site-packages/leap_node-0.0.0-py3.10.egg-info' (and everything under it)
[0.394s] Copying ../../build/leap_node/leap_node.egg-info to /home/xingyi/ros2_orca_leap/ros2_orca_leap_ws/install/leap_node/lib/python3.10/site-packages/leap_node-0.0.0-py3.10.egg-info
[0.394s] running install_scripts
[0.404s] Installing all_detector script to /home/xingyi/ros2_orca_leap/ros2_orca_leap_ws/install/leap_node/lib/leap_node
[0.404s] Installing finger_detector script to /home/xingyi/ros2_orca_leap/ros2_orca_leap_ws/install/leap_node/lib/leap_node
[0.404s] Installing gesture_detector script to /home/xingyi/ros2_orca_leap/ros2_orca_leap_ws/install/leap_node/lib/leap_node
[0.404s] Installing hands_publisher script to /home/xingyi/ros2_orca_leap/ros2_orca_leap_ws/install/leap_node/lib/leap_node
[0.404s] Installing position_detector script to /home/xingyi/ros2_orca_leap/ros2_orca_leap_ws/install/leap_node/lib/leap_node
[0.404s] Installing posture_detector script to /home/xingyi/ros2_orca_leap/ros2_orca_leap_ws/install/leap_node/lib/leap_node
[0.404s] Installing rviz_visualizer script to /home/xingyi/ros2_orca_leap/ros2_orca_leap_ws/install/leap_node/lib/leap_node
[0.404s] Installing test_rviz script to /home/xingyi/ros2_orca_leap/ros2_orca_leap_ws/install/leap_node/lib/leap_node
[0.404s] Installing visualizer script to /home/xingyi/ros2_orca_leap/ros2_orca_leap_ws/install/leap_node/lib/leap_node
[0.404s] writing list of installed files to '/home/xingyi/ros2_orca_leap/ros2_orca_leap_ws/build/leap_node/install.log'
[0.414s] Invoked command in '/home/xingyi/ros2_orca_leap/ros2_orca_leap_ws/src/leap_node' returned '0': AMENT_PREFIX_PATH=/home/xingyi/ros2_orca_leap/ros2_orca_leap_ws/install/leap_msgs:${AMENT_PREFIX_PATH} CMAKE_PREFIX_PATH=/home/xingyi/ros2_orca_leap/ros2_orca_leap_ws/install/leap_msgs LD_LIBRARY_PATH=/home/xingyi/ros2_orca_leap/ros2_orca_leap_ws/install/leap_msgs/lib:${LD_LIBRARY_PATH} PS1=(leapc) PYTHONPATH=/home/xingyi/ros2_orca_leap/ros2_orca_leap_ws/build/leap_node/prefix_override:/usr/lib/python3/dist-packages/colcon_core/task/python/colcon_distutils_commands:/home/xingyi/ros2_orca_leap/ros2_orca_leap_ws/install/leap_node/lib/python3.10/site-packages:/home/xingyi/ros2_orca_leap/ros2_orca_leap_ws/install/leap_msgs/lib/python3.10/site-packages:${PYTHONPATH} VIRTUAL_ENV_PROMPT=(leapc) /usr/bin/python3 -W ignore:setup.py install is deprecated -W ignore:easy_install command is deprecated setup.py egg_info --egg-base ../../build/leap_node build --build-base /home/xingyi/ros2_orca_leap/ros2_orca_leap_ws/build/leap_node/build install --record /home/xingyi/ros2_orca_leap/ros2_orca_leap_ws/build/leap_node/install.log --single-version-externally-managed install_data
