[1.038s] Invoking command in '/home/xingyi/ros2_orca_leap/ros2_orca_leap_ws/src/orcahand_controller': PS1=(leapc) PYTHONPATH=/home/xingyi/ros2_orca_leap/ros2_orca_leap_ws/build/orcahand_controller/prefix_override:/usr/lib/python3/dist-packages/colcon_core/task/python/colcon_distutils_commands:/home/xingyi/ros2_orca_leap/ros2_orca_leap_ws/install/orcahand_controller/lib/python3.10/site-packages:${PYTHONPATH} VIRTUAL_ENV_PROMPT=(leapc) /usr/bin/python3 -W ignore:setup.py install is deprecated -W ignore:easy_install command is deprecated setup.py egg_info --egg-base ../../build/orcahand_controller build --build-base /home/xingyi/ros2_orca_leap/ros2_orca_leap_ws/build/orcahand_controller/build install --record /home/xingyi/ros2_orca_leap/ros2_orca_leap_ws/build/orcahand_controller/install.log --single-version-externally-managed install_data
[1.293s] running egg_info
[1.294s] writing ../../build/orcahand_controller/orcahand_controller.egg-info/PKG-INFO
[1.294s] writing dependency_links to ../../build/orcahand_controller/orcahand_controller.egg-info/dependency_links.txt
[1.294s] writing entry points to ../../build/orcahand_controller/orcahand_controller.egg-info/entry_points.txt
[1.294s] writing requirements to ../../build/orcahand_controller/orcahand_controller.egg-info/requires.txt
[1.294s] writing top-level names to ../../build/orcahand_controller/orcahand_controller.egg-info/top_level.txt
[1.296s] reading manifest file '../../build/orcahand_controller/orcahand_controller.egg-info/SOURCES.txt'
[1.297s] writing manifest file '../../build/orcahand_controller/orcahand_controller.egg-info/SOURCES.txt'
[1.297s] running build
[1.297s] running build_py
[1.298s] running install
[1.298s] running install_lib
[1.299s] running install_data
[1.300s] running install_egg_info
[1.301s] removing '/home/xingyi/ros2_orca_leap/ros2_orca_leap_ws/install/orcahand_controller/lib/python3.10/site-packages/orcahand_controller-0.0.0-py3.10.egg-info' (and everything under it)
[1.301s] Copying ../../build/orcahand_controller/orcahand_controller.egg-info to /home/xingyi/ros2_orca_leap/ros2_orca_leap_ws/install/orcahand_controller/lib/python3.10/site-packages/orcahand_controller-0.0.0-py3.10.egg-info
[1.302s] running install_scripts
[1.325s] Installing leap_to_orcahand script to /home/xingyi/ros2_orca_leap/ros2_orca_leap_ws/install/orcahand_controller/lib/orcahand_controller
[1.326s] Installing orcahand_commander script to /home/xingyi/ros2_orca_leap/ros2_orca_leap_ws/install/orcahand_controller/lib/orcahand_controller
[1.326s] Installing orcahand_driver script to /home/xingyi/ros2_orca_leap/ros2_orca_leap_ws/install/orcahand_controller/lib/orcahand_controller
[1.326s] writing list of installed files to '/home/xingyi/ros2_orca_leap/ros2_orca_leap_ws/build/orcahand_controller/install.log'
[1.350s] Invoked command in '/home/xingyi/ros2_orca_leap/ros2_orca_leap_ws/src/orcahand_controller' returned '0': PS1=(leapc) PYTHONPATH=/home/xingyi/ros2_orca_leap/ros2_orca_leap_ws/build/orcahand_controller/prefix_override:/usr/lib/python3/dist-packages/colcon_core/task/python/colcon_distutils_commands:/home/xingyi/ros2_orca_leap/ros2_orca_leap_ws/install/orcahand_controller/lib/python3.10/site-packages:${PYTHONPATH} VIRTUAL_ENV_PROMPT=(leapc) /usr/bin/python3 -W ignore:setup.py install is deprecated -W ignore:easy_install command is deprecated setup.py egg_info --egg-base ../../build/orcahand_controller build --build-base /home/xingyi/ros2_orca_leap/ros2_orca_leap_ws/build/orcahand_controller/build install --record /home/xingyi/ros2_orca_leap/ros2_orca_leap_ws/build/orcahand_controller/install.log --single-version-externally-managed install_data
