running egg_info
writing ../../build/orca_core/orca_core.egg-info/PKG-INFO
writing dependency_links to ../../build/orca_core/orca_core.egg-info/dependency_links.txt
writing entry points to ../../build/orca_core/orca_core.egg-info/entry_points.txt
writing requirements to ../../build/orca_core/orca_core.egg-info/requires.txt
writing top-level names to ../../build/orca_core/orca_core.egg-info/top_level.txt
reading manifest file '../../build/orca_core/orca_core.egg-info/SOURCES.txt'
reading manifest template 'MANIFEST.in'
adding license file 'LICENSE'
writing manifest file '../../build/orca_core/orca_core.egg-info/SOURCES.txt'
running build
running build_py
copying orca_core/models/orcahand_v1_right/calibration.yaml -> /home/xingyi/ros2_orca_leap/ros2_orca_leap_ws/build/orca_core/build/lib/orca_core/models/orcahand_v1_right
running install
running install_lib
running install_data
running install_egg_info
removing '/home/xingyi/ros2_orca_leap/ros2_orca_leap_ws/install/orca_core/lib/python3.10/site-packages/orca_core-0.0.0-py3.10.egg-info' (and everything under it)
Copying ../../build/orca_core/orca_core.egg-info to /home/xingyi/ros2_orca_leap/ros2_orca_leap_ws/install/orca_core/lib/python3.10/site-packages/orca_core-0.0.0-py3.10.egg-info
running install_scripts
writing list of installed files to '/home/xingyi/ros2_orca_leap/ros2_orca_leap_ws/build/orca_core/install.log'
