[0.050s] DEBUG:colcon:Command line arguments: ['/usr/bin/colcon', 'list', '-p', '--base-paths', '/home/xingyi/ros2_orca_leap/ros2_orca_leap_ws', '--log-base', '/dev/null']
[0.050s] DEBUG:colcon:Parsed command line arguments: Namespace(log_base=None, log_level=None, verb_name='list', build_base='build', ignore_user_meta=False, metas=['./colcon.meta'], base_paths=['/home/xingyi/ros2_orca_leap/ros2_orca_leap_ws', '--log-base', '/dev/null'], packages_ignore=None, packages_ignore_regex=None, paths=None, packages_up_to=None, packages_up_to_regex=None, packages_above=None, packages_above_and_dependencies=None, packages_above_depth=None, packages_select_by_dep=None, packages_skip_by_dep=None, packages_skip_up_to=None, packages_select_build_failed=False, packages_skip_build_finished=False, packages_select_test_failures=False, packages_skip_test_passed=False, packages_select=None, packages_skip=None, packages_select_regex=None, packages_skip_regex=None, packages_start=None, packages_end=None, allow_overriding=[], topological_order=False, names_only=False, paths_only=True, topological_graph=False, topological_graph_dot=False, topological_graph_density=False, topological_graph_legend=False, topological_graph_dot_cluster=False, topological_graph_dot_include_skipped=False, verb_parser=<colcon_defaults.argument_parser.defaults.DefaultArgumentsDecorator object at 0x77d49ce5ac80>, verb_extension=<colcon_package_information.verb.list.ListVerb object at 0x77d49ce59120>, main=<bound method ListVerb.main of <colcon_package_information.verb.list.ListVerb object at 0x77d49ce59120>>)
[0.141s] Level 1:colcon.colcon_core.package_discovery:discover_packages(colcon_meta) check parameters
[0.141s] Level 1:colcon.colcon_core.package_discovery:discover_packages(recursive) check parameters
[0.141s] Level 1:colcon.colcon_core.package_discovery:discover_packages(ignore) check parameters
[0.142s] Level 1:colcon.colcon_core.package_discovery:discover_packages(path) check parameters
[0.142s] Level 1:colcon.colcon_core.package_discovery:discover_packages(recursive) discover
[0.142s] INFO:colcon.colcon_core.package_discovery:Crawling recursively for packages in '/home/xingyi/ros2_orca_leap/ros2_orca_leap_ws', '/home/xingyi/ros2_orca_leap/ros2_orca_leap_ws/--log-base', '/dev/null'
[0.142s] Level 1:colcon.colcon_core.package_identification:_identify(/home/xingyi/ros2_orca_leap/ros2_orca_leap_ws) by extensions ['ignore', 'ignore_ament_install']
[0.142s] Level 1:colcon.colcon_core.package_identification:_identify(/home/xingyi/ros2_orca_leap/ros2_orca_leap_ws) by extension 'ignore'
[0.142s] Level 1:colcon.colcon_core.package_identification:_identify(/home/xingyi/ros2_orca_leap/ros2_orca_leap_ws) by extension 'ignore_ament_install'
[0.142s] Level 1:colcon.colcon_core.package_identification:_identify(/home/xingyi/ros2_orca_leap/ros2_orca_leap_ws) by extensions ['colcon_pkg']
[0.142s] Level 1:colcon.colcon_core.package_identification:_identify(/home/xingyi/ros2_orca_leap/ros2_orca_leap_ws) by extension 'colcon_pkg'
[0.142s] Level 1:colcon.colcon_core.package_identification:_identify(/home/xingyi/ros2_orca_leap/ros2_orca_leap_ws) by extensions ['colcon_meta']
[0.142s] Level 1:colcon.colcon_core.package_identification:_identify(/home/xingyi/ros2_orca_leap/ros2_orca_leap_ws) by extension 'colcon_meta'
[0.142s] Level 1:colcon.colcon_core.package_identification:_identify(/home/xingyi/ros2_orca_leap/ros2_orca_leap_ws) by extensions ['ros']
[0.142s] Level 1:colcon.colcon_core.package_identification:_identify(/home/xingyi/ros2_orca_leap/ros2_orca_leap_ws) by extension 'ros'
[0.148s] Level 1:colcon.colcon_core.package_identification:_identify(/home/xingyi/ros2_orca_leap/ros2_orca_leap_ws) by extensions ['cmake', 'python']
[0.148s] Level 1:colcon.colcon_core.package_identification:_identify(/home/xingyi/ros2_orca_leap/ros2_orca_leap_ws) by extension 'cmake'
[0.148s] Level 1:colcon.colcon_core.package_identification:_identify(/home/xingyi/ros2_orca_leap/ros2_orca_leap_ws) by extension 'python'
[0.149s] Level 1:colcon.colcon_core.package_identification:_identify(/home/xingyi/ros2_orca_leap/ros2_orca_leap_ws) by extensions ['python_setup_py']
[0.149s] Level 1:colcon.colcon_core.package_identification:_identify(/home/xingyi/ros2_orca_leap/ros2_orca_leap_ws) by extension 'python_setup_py'
[0.149s] Level 1:colcon.colcon_core.package_identification:_identify(/home/xingyi/ros2_orca_leap/ros2_orca_leap_ws/build) by extensions ['ignore', 'ignore_ament_install']
[0.149s] Level 1:colcon.colcon_core.package_identification:_identify(/home/xingyi/ros2_orca_leap/ros2_orca_leap_ws/build) by extension 'ignore'
[0.149s] Level 1:colcon.colcon_core.package_identification:_identify(/home/xingyi/ros2_orca_leap/ros2_orca_leap_ws/build) ignored
[0.149s] Level 1:colcon.colcon_core.package_identification:_identify(/home/xingyi/ros2_orca_leap/ros2_orca_leap_ws/install) by extensions ['ignore', 'ignore_ament_install']
[0.149s] Level 1:colcon.colcon_core.package_identification:_identify(/home/xingyi/ros2_orca_leap/ros2_orca_leap_ws/install) by extension 'ignore'
[0.149s] Level 1:colcon.colcon_core.package_identification:_identify(/home/xingyi/ros2_orca_leap/ros2_orca_leap_ws/install) ignored
[0.149s] Level 1:colcon.colcon_core.package_identification:_identify(/home/xingyi/ros2_orca_leap/ros2_orca_leap_ws/log) by extensions ['ignore', 'ignore_ament_install']
[0.149s] Level 1:colcon.colcon_core.package_identification:_identify(/home/xingyi/ros2_orca_leap/ros2_orca_leap_ws/log) by extension 'ignore'
[0.149s] Level 1:colcon.colcon_core.package_identification:_identify(/home/xingyi/ros2_orca_leap/ros2_orca_leap_ws/log) ignored
[0.149s] Level 1:colcon.colcon_core.package_identification:_identify(/home/xingyi/ros2_orca_leap/ros2_orca_leap_ws/src) by extensions ['ignore', 'ignore_ament_install']
[0.149s] Level 1:colcon.colcon_core.package_identification:_identify(/home/xingyi/ros2_orca_leap/ros2_orca_leap_ws/src) by extension 'ignore'
[0.149s] Level 1:colcon.colcon_core.package_identification:_identify(/home/xingyi/ros2_orca_leap/ros2_orca_leap_ws/src) by extension 'ignore_ament_install'
[0.149s] Level 1:colcon.colcon_core.package_identification:_identify(/home/xingyi/ros2_orca_leap/ros2_orca_leap_ws/src) by extensions ['colcon_pkg']
[0.149s] Level 1:colcon.colcon_core.package_identification:_identify(/home/xingyi/ros2_orca_leap/ros2_orca_leap_ws/src) by extension 'colcon_pkg'
[0.149s] Level 1:colcon.colcon_core.package_identification:_identify(/home/xingyi/ros2_orca_leap/ros2_orca_leap_ws/src) by extensions ['colcon_meta']
[0.149s] Level 1:colcon.colcon_core.package_identification:_identify(/home/xingyi/ros2_orca_leap/ros2_orca_leap_ws/src) by extension 'colcon_meta'
[0.149s] Level 1:colcon.colcon_core.package_identification:_identify(/home/xingyi/ros2_orca_leap/ros2_orca_leap_ws/src) by extensions ['ros']
[0.149s] Level 1:colcon.colcon_core.package_identification:_identify(/home/xingyi/ros2_orca_leap/ros2_orca_leap_ws/src) by extension 'ros'
[0.149s] Level 1:colcon.colcon_core.package_identification:_identify(/home/xingyi/ros2_orca_leap/ros2_orca_leap_ws/src) by extensions ['cmake', 'python']
[0.149s] Level 1:colcon.colcon_core.package_identification:_identify(/home/xingyi/ros2_orca_leap/ros2_orca_leap_ws/src) by extension 'cmake'
[0.149s] Level 1:colcon.colcon_core.package_identification:_identify(/home/xingyi/ros2_orca_leap/ros2_orca_leap_ws/src) by extension 'python'
[0.149s] Level 1:colcon.colcon_core.package_identification:_identify(/home/xingyi/ros2_orca_leap/ros2_orca_leap_ws/src) by extensions ['python_setup_py']
[0.149s] Level 1:colcon.colcon_core.package_identification:_identify(/home/xingyi/ros2_orca_leap/ros2_orca_leap_ws/src) by extension 'python_setup_py'
[0.149s] Level 1:colcon.colcon_core.package_identification:_identify(/home/xingyi/ros2_orca_leap/ros2_orca_leap_ws/src/leap_msgs) by extensions ['ignore', 'ignore_ament_install']
[0.149s] Level 1:colcon.colcon_core.package_identification:_identify(/home/xingyi/ros2_orca_leap/ros2_orca_leap_ws/src/leap_msgs) by extension 'ignore'
[0.149s] Level 1:colcon.colcon_core.package_identification:_identify(/home/xingyi/ros2_orca_leap/ros2_orca_leap_ws/src/leap_msgs) by extension 'ignore_ament_install'
[0.149s] Level 1:colcon.colcon_core.package_identification:_identify(/home/xingyi/ros2_orca_leap/ros2_orca_leap_ws/src/leap_msgs) by extensions ['colcon_pkg']
[0.149s] Level 1:colcon.colcon_core.package_identification:_identify(/home/xingyi/ros2_orca_leap/ros2_orca_leap_ws/src/leap_msgs) by extension 'colcon_pkg'
[0.149s] Level 1:colcon.colcon_core.package_identification:_identify(/home/xingyi/ros2_orca_leap/ros2_orca_leap_ws/src/leap_msgs) by extensions ['colcon_meta']
[0.150s] Level 1:colcon.colcon_core.package_identification:_identify(/home/xingyi/ros2_orca_leap/ros2_orca_leap_ws/src/leap_msgs) by extension 'colcon_meta'
[0.150s] Level 1:colcon.colcon_core.package_identification:_identify(/home/xingyi/ros2_orca_leap/ros2_orca_leap_ws/src/leap_msgs) by extensions ['ros']
[0.150s] Level 1:colcon.colcon_core.package_identification:_identify(/home/xingyi/ros2_orca_leap/ros2_orca_leap_ws/src/leap_msgs) by extension 'ros'
[0.156s] DEBUG:colcon.colcon_core.package_identification:Package '/home/xingyi/ros2_orca_leap/ros2_orca_leap_ws/src/leap_msgs' with type 'ros.ament_cmake' and name 'leap_msgs'
[0.156s] Level 1:colcon.colcon_core.package_identification:_identify(/home/xingyi/ros2_orca_leap/ros2_orca_leap_ws/src/leap_node) by extensions ['ignore', 'ignore_ament_install']
[0.156s] Level 1:colcon.colcon_core.package_identification:_identify(/home/xingyi/ros2_orca_leap/ros2_orca_leap_ws/src/leap_node) by extension 'ignore'
[0.156s] Level 1:colcon.colcon_core.package_identification:_identify(/home/xingyi/ros2_orca_leap/ros2_orca_leap_ws/src/leap_node) by extension 'ignore_ament_install'
[0.156s] Level 1:colcon.colcon_core.package_identification:_identify(/home/xingyi/ros2_orca_leap/ros2_orca_leap_ws/src/leap_node) by extensions ['colcon_pkg']
[0.156s] Level 1:colcon.colcon_core.package_identification:_identify(/home/xingyi/ros2_orca_leap/ros2_orca_leap_ws/src/leap_node) by extension 'colcon_pkg'
[0.156s] Level 1:colcon.colcon_core.package_identification:_identify(/home/xingyi/ros2_orca_leap/ros2_orca_leap_ws/src/leap_node) by extensions ['colcon_meta']
[0.156s] Level 1:colcon.colcon_core.package_identification:_identify(/home/xingyi/ros2_orca_leap/ros2_orca_leap_ws/src/leap_node) by extension 'colcon_meta'
[0.156s] Level 1:colcon.colcon_core.package_identification:_identify(/home/xingyi/ros2_orca_leap/ros2_orca_leap_ws/src/leap_node) by extensions ['ros']
[0.156s] Level 1:colcon.colcon_core.package_identification:_identify(/home/xingyi/ros2_orca_leap/ros2_orca_leap_ws/src/leap_node) by extension 'ros'
[0.157s] DEBUG:colcon.colcon_core.package_identification:Package '/home/xingyi/ros2_orca_leap/ros2_orca_leap_ws/src/leap_node' with type 'ros.ament_python' and name 'leap_node'
[0.157s] Level 1:colcon.colcon_core.package_identification:_identify(/home/xingyi/ros2_orca_leap/ros2_orca_leap_ws/src/leap_to_orcahand) by extensions ['ignore', 'ignore_ament_install']
[0.157s] Level 1:colcon.colcon_core.package_identification:_identify(/home/xingyi/ros2_orca_leap/ros2_orca_leap_ws/src/leap_to_orcahand) by extension 'ignore'
[0.157s] Level 1:colcon.colcon_core.package_identification:_identify(/home/xingyi/ros2_orca_leap/ros2_orca_leap_ws/src/leap_to_orcahand) by extension 'ignore_ament_install'
[0.157s] Level 1:colcon.colcon_core.package_identification:_identify(/home/xingyi/ros2_orca_leap/ros2_orca_leap_ws/src/leap_to_orcahand) by extensions ['colcon_pkg']
[0.157s] Level 1:colcon.colcon_core.package_identification:_identify(/home/xingyi/ros2_orca_leap/ros2_orca_leap_ws/src/leap_to_orcahand) by extension 'colcon_pkg'
[0.157s] Level 1:colcon.colcon_core.package_identification:_identify(/home/xingyi/ros2_orca_leap/ros2_orca_leap_ws/src/leap_to_orcahand) by extensions ['colcon_meta']
[0.157s] Level 1:colcon.colcon_core.package_identification:_identify(/home/xingyi/ros2_orca_leap/ros2_orca_leap_ws/src/leap_to_orcahand) by extension 'colcon_meta'
[0.157s] Level 1:colcon.colcon_core.package_identification:_identify(/home/xingyi/ros2_orca_leap/ros2_orca_leap_ws/src/leap_to_orcahand) by extensions ['ros']
[0.157s] Level 1:colcon.colcon_core.package_identification:_identify(/home/xingyi/ros2_orca_leap/ros2_orca_leap_ws/src/leap_to_orcahand) by extension 'ros'
[0.157s] DEBUG:colcon.colcon_core.package_identification:Package '/home/xingyi/ros2_orca_leap/ros2_orca_leap_ws/src/leap_to_orcahand' with type 'ros.ament_cmake' and name 'leap_to_orcahand'
[0.157s] Level 1:colcon.colcon_core.package_identification:_identify(/home/xingyi/ros2_orca_leap/ros2_orca_leap_ws/src/ohrc_leap) by extensions ['ignore', 'ignore_ament_install']
[0.157s] Level 1:colcon.colcon_core.package_identification:_identify(/home/xingyi/ros2_orca_leap/ros2_orca_leap_ws/src/ohrc_leap) by extension 'ignore'
[0.157s] Level 1:colcon.colcon_core.package_identification:_identify(/home/xingyi/ros2_orca_leap/ros2_orca_leap_ws/src/ohrc_leap) by extension 'ignore_ament_install'
[0.157s] Level 1:colcon.colcon_core.package_identification:_identify(/home/xingyi/ros2_orca_leap/ros2_orca_leap_ws/src/ohrc_leap) by extensions ['colcon_pkg']
[0.157s] Level 1:colcon.colcon_core.package_identification:_identify(/home/xingyi/ros2_orca_leap/ros2_orca_leap_ws/src/ohrc_leap) by extension 'colcon_pkg'
[0.157s] Level 1:colcon.colcon_core.package_identification:_identify(/home/xingyi/ros2_orca_leap/ros2_orca_leap_ws/src/ohrc_leap) by extensions ['colcon_meta']
[0.157s] Level 1:colcon.colcon_core.package_identification:_identify(/home/xingyi/ros2_orca_leap/ros2_orca_leap_ws/src/ohrc_leap) by extension 'colcon_meta'
[0.157s] Level 1:colcon.colcon_core.package_identification:_identify(/home/xingyi/ros2_orca_leap/ros2_orca_leap_ws/src/ohrc_leap) by extensions ['ros']
[0.157s] Level 1:colcon.colcon_core.package_identification:_identify(/home/xingyi/ros2_orca_leap/ros2_orca_leap_ws/src/ohrc_leap) by extension 'ros'
[0.158s] DEBUG:colcon.colcon_core.package_identification:Package '/home/xingyi/ros2_orca_leap/ros2_orca_leap_ws/src/ohrc_leap' with type 'ros.ament_python' and name 'ohrc_leap'
[0.158s] Level 1:colcon.colcon_core.package_identification:_identify(/home/xingyi/ros2_orca_leap/ros2_orca_leap_ws/src/orca_core) by extensions ['ignore', 'ignore_ament_install']
[0.158s] Level 1:colcon.colcon_core.package_identification:_identify(/home/xingyi/ros2_orca_leap/ros2_orca_leap_ws/src/orca_core) by extension 'ignore'
[0.158s] Level 1:colcon.colcon_core.package_identification:_identify(/home/xingyi/ros2_orca_leap/ros2_orca_leap_ws/src/orca_core) by extension 'ignore_ament_install'
[0.158s] Level 1:colcon.colcon_core.package_identification:_identify(/home/xingyi/ros2_orca_leap/ros2_orca_leap_ws/src/orca_core) by extensions ['colcon_pkg']
[0.158s] Level 1:colcon.colcon_core.package_identification:_identify(/home/xingyi/ros2_orca_leap/ros2_orca_leap_ws/src/orca_core) by extension 'colcon_pkg'
[0.158s] Level 1:colcon.colcon_core.package_identification:_identify(/home/xingyi/ros2_orca_leap/ros2_orca_leap_ws/src/orca_core) by extensions ['colcon_meta']
[0.158s] Level 1:colcon.colcon_core.package_identification:_identify(/home/xingyi/ros2_orca_leap/ros2_orca_leap_ws/src/orca_core) by extension 'colcon_meta'
[0.158s] Level 1:colcon.colcon_core.package_identification:_identify(/home/xingyi/ros2_orca_leap/ros2_orca_leap_ws/src/orca_core) by extensions ['ros']
[0.158s] Level 1:colcon.colcon_core.package_identification:_identify(/home/xingyi/ros2_orca_leap/ros2_orca_leap_ws/src/orca_core) by extension 'ros'
[0.158s] DEBUG:colcon.colcon_core.package_identification:Package '/home/xingyi/ros2_orca_leap/ros2_orca_leap_ws/src/orca_core' with type 'ros.ament_python' and name 'orca_core'
[0.158s] Level 1:colcon.colcon_core.package_identification:_identify(/home/xingyi/ros2_orca_leap/ros2_orca_leap_ws/src/orcahand_controller) by extensions ['ignore', 'ignore_ament_install']
[0.158s] Level 1:colcon.colcon_core.package_identification:_identify(/home/xingyi/ros2_orca_leap/ros2_orca_leap_ws/src/orcahand_controller) by extension 'ignore'
[0.158s] Level 1:colcon.colcon_core.package_identification:_identify(/home/xingyi/ros2_orca_leap/ros2_orca_leap_ws/src/orcahand_controller) by extension 'ignore_ament_install'
[0.158s] Level 1:colcon.colcon_core.package_identification:_identify(/home/xingyi/ros2_orca_leap/ros2_orca_leap_ws/src/orcahand_controller) by extensions ['colcon_pkg']
[0.158s] Level 1:colcon.colcon_core.package_identification:_identify(/home/xingyi/ros2_orca_leap/ros2_orca_leap_ws/src/orcahand_controller) by extension 'colcon_pkg'
[0.158s] Level 1:colcon.colcon_core.package_identification:_identify(/home/xingyi/ros2_orca_leap/ros2_orca_leap_ws/src/orcahand_controller) by extensions ['colcon_meta']
[0.158s] Level 1:colcon.colcon_core.package_identification:_identify(/home/xingyi/ros2_orca_leap/ros2_orca_leap_ws/src/orcahand_controller) by extension 'colcon_meta'
[0.158s] Level 1:colcon.colcon_core.package_identification:_identify(/home/xingyi/ros2_orca_leap/ros2_orca_leap_ws/src/orcahand_controller) by extensions ['ros']
[0.158s] Level 1:colcon.colcon_core.package_identification:_identify(/home/xingyi/ros2_orca_leap/ros2_orca_leap_ws/src/orcahand_controller) by extension 'ros'
[0.159s] DEBUG:colcon.colcon_core.package_identification:Package '/home/xingyi/ros2_orca_leap/ros2_orca_leap_ws/src/orcahand_controller' with type 'ros.ament_python' and name 'orcahand_controller'
[0.159s] Level 1:colcon.colcon_core.package_identification:_identify(/home/xingyi/ros2_orca_leap/ros2_orca_leap_ws/src/orcahand_description) by extensions ['ignore', 'ignore_ament_install']
[0.159s] Level 1:colcon.colcon_core.package_identification:_identify(/home/xingyi/ros2_orca_leap/ros2_orca_leap_ws/src/orcahand_description) by extension 'ignore'
[0.159s] Level 1:colcon.colcon_core.package_identification:_identify(/home/xingyi/ros2_orca_leap/ros2_orca_leap_ws/src/orcahand_description) by extension 'ignore_ament_install'
[0.159s] Level 1:colcon.colcon_core.package_identification:_identify(/home/xingyi/ros2_orca_leap/ros2_orca_leap_ws/src/orcahand_description) by extensions ['colcon_pkg']
[0.159s] Level 1:colcon.colcon_core.package_identification:_identify(/home/xingyi/ros2_orca_leap/ros2_orca_leap_ws/src/orcahand_description) by extension 'colcon_pkg'
[0.159s] Level 1:colcon.colcon_core.package_identification:_identify(/home/xingyi/ros2_orca_leap/ros2_orca_leap_ws/src/orcahand_description) by extensions ['colcon_meta']
[0.159s] Level 1:colcon.colcon_core.package_identification:_identify(/home/xingyi/ros2_orca_leap/ros2_orca_leap_ws/src/orcahand_description) by extension 'colcon_meta'
[0.159s] Level 1:colcon.colcon_core.package_identification:_identify(/home/xingyi/ros2_orca_leap/ros2_orca_leap_ws/src/orcahand_description) by extensions ['ros']
[0.159s] Level 1:colcon.colcon_core.package_identification:_identify(/home/xingyi/ros2_orca_leap/ros2_orca_leap_ws/src/orcahand_description) by extension 'ros'
[0.159s] DEBUG:colcon.colcon_core.package_identification:Package '/home/xingyi/ros2_orca_leap/ros2_orca_leap_ws/src/orcahand_description' with type 'ros.ament_cmake' and name 'orcahand_description'
[0.159s] Level 1:colcon.colcon_core.package_discovery:discover_packages(recursive) using defaults
