/home/xingyi/ros2_orca_leap/ros2_orca_leap_ws/install/orca_core/lib/python3.10/site-packages/tests/test_tension.py
/home/xingyi/ros2_orca_leap/ros2_orca_leap_ws/install/orca_core/lib/python3.10/site-packages/tests/__init__.py
/home/xingyi/ros2_orca_leap/ros2_orca_leap_ws/install/orca_core/lib/python3.10/site-packages/tests/test_core.py
/home/xingyi/ros2_orca_leap/ros2_orca_leap_ws/install/orca_core/lib/python3.10/site-packages/tests/test_calibration.py
/home/xingyi/ros2_orca_leap/ros2_orca_leap_ws/install/orca_core/lib/python3.10/site-packages/tests/test_yaml.py
/home/xingyi/ros2_orca_leap/ros2_orca_leap_ws/install/orca_core/lib/python3.10/site-packages/orca_core/__init__.py
/home/xingyi/ros2_orca_leap/ros2_orca_leap_ws/install/orca_core/lib/python3.10/site-packages/orca_core/core.py
/home/xingyi/ros2_orca_leap/ros2_orca_leap_ws/install/orca_core/lib/python3.10/site-packages/orca_core/hardware/mock_dynamixel_client.py
/home/xingyi/ros2_orca_leap/ros2_orca_leap_ws/install/orca_core/lib/python3.10/site-packages/orca_core/hardware/__init__.py
/home/xingyi/ros2_orca_leap/ros2_orca_leap_ws/install/orca_core/lib/python3.10/site-packages/orca_core/hardware/dynamixel_client.py
/home/xingyi/ros2_orca_leap/ros2_orca_leap_ws/install/orca_core/lib/python3.10/site-packages/orca_core/api/api.py
/home/xingyi/ros2_orca_leap/ros2_orca_leap_ws/install/orca_core/lib/python3.10/site-packages/orca_core/api/__init__.py
/home/xingyi/ros2_orca_leap/ros2_orca_leap_ws/install/orca_core/lib/python3.10/site-packages/orca_core/utils/__init__.py
/home/xingyi/ros2_orca_leap/ros2_orca_leap_ws/install/orca_core/lib/python3.10/site-packages/orca_core/utils/utils.py
/home/xingyi/ros2_orca_leap/ros2_orca_leap_ws/install/orca_core/lib/python3.10/site-packages/orca_core/models/orcahand_v1_right/calibration.yaml
/home/xingyi/ros2_orca_leap/ros2_orca_leap_ws/install/orca_core/lib/python3.10/site-packages/orca_core/models/orcahand_v1_right/config.yaml
/home/xingyi/ros2_orca_leap/ros2_orca_leap_ws/install/orca_core/lib/python3.10/site-packages/tests/__pycache__/test_tension.cpython-310.pyc
/home/xingyi/ros2_orca_leap/ros2_orca_leap_ws/install/orca_core/lib/python3.10/site-packages/tests/__pycache__/__init__.cpython-310.pyc
/home/xingyi/ros2_orca_leap/ros2_orca_leap_ws/install/orca_core/lib/python3.10/site-packages/tests/__pycache__/test_core.cpython-310.pyc
/home/xingyi/ros2_orca_leap/ros2_orca_leap_ws/install/orca_core/lib/python3.10/site-packages/tests/__pycache__/test_calibration.cpython-310.pyc
/home/xingyi/ros2_orca_leap/ros2_orca_leap_ws/install/orca_core/lib/python3.10/site-packages/tests/__pycache__/test_yaml.cpython-310.pyc
/home/xingyi/ros2_orca_leap/ros2_orca_leap_ws/install/orca_core/lib/python3.10/site-packages/orca_core/__pycache__/__init__.cpython-310.pyc
/home/xingyi/ros2_orca_leap/ros2_orca_leap_ws/install/orca_core/lib/python3.10/site-packages/orca_core/__pycache__/core.cpython-310.pyc
/home/xingyi/ros2_orca_leap/ros2_orca_leap_ws/install/orca_core/lib/python3.10/site-packages/orca_core/hardware/__pycache__/mock_dynamixel_client.cpython-310.pyc
/home/xingyi/ros2_orca_leap/ros2_orca_leap_ws/install/orca_core/lib/python3.10/site-packages/orca_core/hardware/__pycache__/__init__.cpython-310.pyc
/home/xingyi/ros2_orca_leap/ros2_orca_leap_ws/install/orca_core/lib/python3.10/site-packages/orca_core/hardware/__pycache__/dynamixel_client.cpython-310.pyc
/home/xingyi/ros2_orca_leap/ros2_orca_leap_ws/install/orca_core/lib/python3.10/site-packages/orca_core/api/__pycache__/api.cpython-310.pyc
/home/xingyi/ros2_orca_leap/ros2_orca_leap_ws/install/orca_core/lib/python3.10/site-packages/orca_core/api/__pycache__/__init__.cpython-310.pyc
/home/xingyi/ros2_orca_leap/ros2_orca_leap_ws/install/orca_core/lib/python3.10/site-packages/orca_core/utils/__pycache__/__init__.cpython-310.pyc
/home/xingyi/ros2_orca_leap/ros2_orca_leap_ws/install/orca_core/lib/python3.10/site-packages/orca_core/utils/__pycache__/utils.cpython-310.pyc
/home/xingyi/ros2_orca_leap/ros2_orca_leap_ws/install/orca_core/share/ament_index/resource_index/packages/orca_core
/home/xingyi/ros2_orca_leap/ros2_orca_leap_ws/install/orca_core/share/orca_core/package.xml
/home/xingyi/ros2_orca_leap/ros2_orca_leap_ws/install/orca_core/lib/python3.10/site-packages/orca_core-0.0.0-py3.10.egg-info/dependency_links.txt
/home/xingyi/ros2_orca_leap/ros2_orca_leap_ws/install/orca_core/lib/python3.10/site-packages/orca_core-0.0.0-py3.10.egg-info/requires.txt
/home/xingyi/ros2_orca_leap/ros2_orca_leap_ws/install/orca_core/lib/python3.10/site-packages/orca_core-0.0.0-py3.10.egg-info/zip-safe
/home/xingyi/ros2_orca_leap/ros2_orca_leap_ws/install/orca_core/lib/python3.10/site-packages/orca_core-0.0.0-py3.10.egg-info/entry_points.txt
/home/xingyi/ros2_orca_leap/ros2_orca_leap_ws/install/orca_core/lib/python3.10/site-packages/orca_core-0.0.0-py3.10.egg-info/top_level.txt
/home/xingyi/ros2_orca_leap/ros2_orca_leap_ws/install/orca_core/lib/python3.10/site-packages/orca_core-0.0.0-py3.10.egg-info/SOURCES.txt
/home/xingyi/ros2_orca_leap/ros2_orca_leap_ws/install/orca_core/lib/python3.10/site-packages/orca_core-0.0.0-py3.10.egg-info/PKG-INFO
