/home/xingyi/ros2_orca_leap/ros2_orca_leap_ws/install/leap_node/lib/python3.10/site-packages/leap_node/hands_publisher.py
/home/xingyi/ros2_orca_leap/ros2_orca_leap_ws/install/leap_node/lib/python3.10/site-packages/leap_node/gesture_detector.py
/home/xingyi/ros2_orca_leap/ros2_orca_leap_ws/install/leap_node/lib/python3.10/site-packages/leap_node/posture_detector.py
/home/xingyi/ros2_orca_leap/ros2_orca_leap_ws/install/leap_node/lib/python3.10/site-packages/leap_node/__init__.py
/home/xingyi/ros2_orca_leap/ros2_orca_leap_ws/install/leap_node/lib/python3.10/site-packages/leap_node/test_rviz.py
/home/xingyi/ros2_orca_leap/ros2_orca_leap_ws/install/leap_node/lib/python3.10/site-packages/leap_node/visualizer.py
/home/xingyi/ros2_orca_leap/ros2_orca_leap_ws/install/leap_node/lib/python3.10/site-packages/leap_node/debug_leap.py
/home/xingyi/ros2_orca_leap/ros2_orca_leap_ws/install/leap_node/lib/python3.10/site-packages/leap_node/rviz_visualizer.py
/home/xingyi/ros2_orca_leap/ros2_orca_leap_ws/install/leap_node/lib/python3.10/site-packages/leap_node/position_detector.py
/home/xingyi/ros2_orca_leap/ros2_orca_leap_ws/install/leap_node/lib/python3.10/site-packages/leap_node/finger_detector.py
/home/xingyi/ros2_orca_leap/ros2_orca_leap_ws/install/leap_node/lib/python3.10/site-packages/leap_node/all_detector.py
/home/xingyi/ros2_orca_leap/ros2_orca_leap_ws/install/leap_node/lib/python3.10/site-packages/leap_node/__pycache__/hands_publisher.cpython-310.pyc
/home/xingyi/ros2_orca_leap/ros2_orca_leap_ws/install/leap_node/lib/python3.10/site-packages/leap_node/__pycache__/gesture_detector.cpython-310.pyc
/home/xingyi/ros2_orca_leap/ros2_orca_leap_ws/install/leap_node/lib/python3.10/site-packages/leap_node/__pycache__/posture_detector.cpython-310.pyc
/home/xingyi/ros2_orca_leap/ros2_orca_leap_ws/install/leap_node/lib/python3.10/site-packages/leap_node/__pycache__/__init__.cpython-310.pyc
/home/xingyi/ros2_orca_leap/ros2_orca_leap_ws/install/leap_node/lib/python3.10/site-packages/leap_node/__pycache__/test_rviz.cpython-310.pyc
/home/xingyi/ros2_orca_leap/ros2_orca_leap_ws/install/leap_node/lib/python3.10/site-packages/leap_node/__pycache__/visualizer.cpython-310.pyc
/home/xingyi/ros2_orca_leap/ros2_orca_leap_ws/install/leap_node/lib/python3.10/site-packages/leap_node/__pycache__/debug_leap.cpython-310.pyc
/home/xingyi/ros2_orca_leap/ros2_orca_leap_ws/install/leap_node/lib/python3.10/site-packages/leap_node/__pycache__/rviz_visualizer.cpython-310.pyc
/home/xingyi/ros2_orca_leap/ros2_orca_leap_ws/install/leap_node/lib/python3.10/site-packages/leap_node/__pycache__/position_detector.cpython-310.pyc
/home/xingyi/ros2_orca_leap/ros2_orca_leap_ws/install/leap_node/lib/python3.10/site-packages/leap_node/__pycache__/finger_detector.cpython-310.pyc
/home/xingyi/ros2_orca_leap/ros2_orca_leap_ws/install/leap_node/lib/python3.10/site-packages/leap_node/__pycache__/all_detector.cpython-310.pyc
/home/xingyi/ros2_orca_leap/ros2_orca_leap_ws/install/leap_node/share/ament_index/resource_index/packages/leap_node
/home/xingyi/ros2_orca_leap/ros2_orca_leap_ws/install/leap_node/share/leap_node/package.xml
/home/xingyi/ros2_orca_leap/ros2_orca_leap_ws/install/leap_node/lib/python3.10/site-packages/leap_node-0.0.0-py3.10.egg-info/dependency_links.txt
/home/xingyi/ros2_orca_leap/ros2_orca_leap_ws/install/leap_node/lib/python3.10/site-packages/leap_node-0.0.0-py3.10.egg-info/requires.txt
/home/xingyi/ros2_orca_leap/ros2_orca_leap_ws/install/leap_node/lib/python3.10/site-packages/leap_node-0.0.0-py3.10.egg-info/zip-safe
/home/xingyi/ros2_orca_leap/ros2_orca_leap_ws/install/leap_node/lib/python3.10/site-packages/leap_node-0.0.0-py3.10.egg-info/entry_points.txt
/home/xingyi/ros2_orca_leap/ros2_orca_leap_ws/install/leap_node/lib/python3.10/site-packages/leap_node-0.0.0-py3.10.egg-info/top_level.txt
/home/xingyi/ros2_orca_leap/ros2_orca_leap_ws/install/leap_node/lib/python3.10/site-packages/leap_node-0.0.0-py3.10.egg-info/SOURCES.txt
/home/xingyi/ros2_orca_leap/ros2_orca_leap_ws/install/leap_node/lib/python3.10/site-packages/leap_node-0.0.0-py3.10.egg-info/PKG-INFO
/home/xingyi/ros2_orca_leap/ros2_orca_leap_ws/install/leap_node/lib/leap_node/all_detector
/home/xingyi/ros2_orca_leap/ros2_orca_leap_ws/install/leap_node/lib/leap_node/finger_detector
/home/xingyi/ros2_orca_leap/ros2_orca_leap_ws/install/leap_node/lib/leap_node/gesture_detector
/home/xingyi/ros2_orca_leap/ros2_orca_leap_ws/install/leap_node/lib/leap_node/hands_publisher
/home/xingyi/ros2_orca_leap/ros2_orca_leap_ws/install/leap_node/lib/leap_node/position_detector
/home/xingyi/ros2_orca_leap/ros2_orca_leap_ws/install/leap_node/lib/leap_node/posture_detector
/home/xingyi/ros2_orca_leap/ros2_orca_leap_ws/install/leap_node/lib/leap_node/rviz_visualizer
/home/xingyi/ros2_orca_leap/ros2_orca_leap_ws/install/leap_node/lib/leap_node/test_rviz
/home/xingyi/ros2_orca_leap/ros2_orca_leap_ws/install/leap_node/lib/leap_node/visualizer
